{ux-F9stqTQi69sCKpspAig}{LpcxOhmGSOCMseOIHBNYjQ}{192.168.56.1}{192.168.56.1:9300}
[2018-04-07T01:07:05,574][INFO ][o.e.c.s.ClusterApplierService] [ux-F9st] new_master {ux-F9st}{ux-F9stqTQi69sCKpspAig}{LpcxOhmGSOCMseOIHBNYjQ}{192.168.56.1}{192.168.56.1:9300}, reason: apply cluster state (from master [master {ux-F9st}{ux-F9stqTQi69sCKpspAig}{LpcxOhmGSOCMseOIHBNYjQ}{192.168.56.1}{192.168.56.1:9300} committed version [1] source [zen-disco-elected-as-master ([0] nodes joined)]])
[2018-04-07T01:07:05,590][INFO ][o.e.h.n.Netty4HttpServerTransport] [ux-F9st] publish_address {192.168.56.1:9200}, bound_addresses {192.168.56.1:9200}
[2018-04-07T01:07:05,591][INFO ][o.e.n.Node               ] [ux-F9st] started
[2018-04-07T01:07:06,236][INFO ][o.e.g.GatewayService     ] [ux-F9st] recovered [5] indices into cluster_state
[2018-04-07T01:21:19,161][WARN ][r.suppressed             ] path: /nxlog-2018.03.31.12.08/in, params: {index=nxlog-2018.03.31.12.08, type=in}
org.elasticsearch.action.UnavailableShardsException: [nxlog-2018.03.31.12.08][0] primary shard is not active Timeout: [1m], request: [BulkShardRequest [[nxlog-2018.03.31.12.08][0]] containing [index {[nxlog-2018.03.31.12.08][in][1LFCnWIB6_8debcRu7_O], source[{"EventTime":"2018-03-31 12:08:51","Hostname":"john-PC","Keywords":0,"EventType":"INFO","SeverityValue":2,"Severity":"INFO","EventID":7,"SourceName":"Microsoft-Windows-Sysmon","ProviderGuid":"{5770385F-C22A-43E0-BF4C-06F5698FFBD9}","Version":3,"Task":7,"OpcodeValue":0,"RecordNumber":57813362,"ExecutionProcessID":1316,"ExecutionThreadID":1824,"Channel":"Microsoft-Windows-Sysmon/Operational","Domain":"NT AUTHORITY","AccountName":"SYSTEM","UserID":"S-1-5-18","AccountType":"User","Message":"Image loaded:\r\nUtcTime: 2018-03-31 10:08:26.914\r\nProcessGuid: {53F35F28-49F1-5ABF-0000-0010F7740100}\r\nProcessId: 1316\r\nImage: C:\\Windows\\Sysmon.exe\r\nImageLoaded: C:\\Windows\\System32\\pcasvc.dll\r\nFileVersion: 6.1.7600.16385 (win7_rtm.090713-1255)\r\nDescription: Servicio de compatibilidad de programas\r\nProduct: Sistema operativo Microsoft® Windows®\r\nCompany: Microsoft Corporation\r\nHashes: MD5=3AEAA8B561E63452C655DC0584922257,SHA256=04C072969B58657602EB0C21CEDF24FCEE14E61B90A0F758F93925EF2C9FC32D\r\nSigned: true\r\nSignature: Microsoft Windows\r\nSignatureStatus: Valid","Category":"Image loaded (rule: ImageLoad)","Opcode":"Información","UtcTime":"2018-03-31 10:08:26","ProcessGuid":"{53F35F28-49F1-5ABF-0000-0010F7740100}","ProcessId":"1316","Image":"C:\\Windows\\Sysmon.exe","ImageLoaded":"C:\\Windows\\System32\\pcasvc.dll","FileVersion":"6.1.7600.16385 (win7_rtm.090713-1255)","Description":"Servicio de compatibilidad de programas","Product":"Sistema operativo Microsoft® Windows®","Company":"Microsoft Corporation","Hashes":"MD5=3AEAA8B561E63452C655DC0584922257,SHA256=04C072969B58657602EB0C21CEDF24FCEE14E61B90A0F758F93925EF2C9FC32D","Signed":"true","Signature":"Microsoft Windows","SignatureStatus":"Valid","SourceModuleName":"in","SourceModuleType":"im_msvistalog"}]}]]
	at org.elasticsearch.action.support.replication.TransportReplicationAction$ReroutePhase.retryBecauseUnavailable(TransportReplicationAction.java:944) [elasticsearch-6.2.3.jar:6.2.3]
	at org.elasticsearch.action.support.replication.TransportReplicationAction$ReroutePhase.retryIfUnavailable(TransportReplicationAction.java:781) [elasticsearch-6.2.3.jar:6.2.3]
	at org.elasticsearch.action.support.replication.TransportReplicationAction$ReroutePhase.doRun(TransportReplicationAction.java:734) [elasticsearch-6.2.3.jar:6.2.3]
	at org.elasticsearch.common.util.concurrent.AbstractRunnable.run(AbstractRunnable.java:37) [elasticsearch-6.2.3.jar:6.2.3]
	at org.elasticsearch.action.support.replication.TransportReplicationAction$ReroutePhase$2.onTimeout(TransportReplicationAction.java:898) [elasticsearch-6.2.3.jar:6.2.3]
	at org.elasticsearch.cluster.ClusterStateObserver$ContextPreservingListener.onTimeout(ClusterStateObserver.java:317) [elasticsearch-6.2.3.jar:6.2.3]
	at org.elasticsearch.cluster.ClusterStateObserver$ObserverClusterStateListener.onTimeout(ClusterStateObserver.java:244) [elasticsearch-6.2.3.jar:6.2.3]
	at org.elasticsearch.cluster.service.ClusterApplierService$NotifyTimeout.run(ClusterApplierService.java:581) [elasticsearch-6.2.3.jar:6.2.3]
	at org.elasticsearch.common.util.concurrent.ThreadContext$ContextPreservingRunnable.run(ThreadContext.java:573) [elasticsearch-6.2.3.jar:6.2.3]
	at java.util.concurrent.ThreadPoolExecutor.runWorker(ThreadPoolExecutor.java:1149) [?:1.8.0_161]
	at java.util.concurrent.ThreadPoolExecutor$Worker.run(ThreadPoolExecutor.java:624) [?:1.8.0_161]
	at java.lang.Thread.run(Thread.java:748) [?:1.8.0_161]
[2018-04-07T01:21:29,179][WARN ][r.suppressed             ] path: /nxlog-2018.03.31.12.08/in, params: {index=nxlog-2018.03.31.12.08, type=in}
org.elasticsearch.action.UnavailableShardsException: [nxlog-2018.03.31.12.08][0] primary shard is not active Timeout: [1m], request: [BulkShardRequest [[nxlog-2018.03.31.12.08][0]] containing [index {[nxlog-2018.03.31.12.08][in][1bFCnWIB6_8debcR4r_5], source[{"EventTime":"2018-03-31 12:08:51","Hostname":"john-PC","Keywords":0,"EventType":"INFO","SeverityValue":2,"Severity":"INFO","EventID":7,"SourceName":"Microsoft-Windows-Sysmon","ProviderGuid":"{5770385F-C22A-43E0-BF4C-06F5698FFBD9}","Version":3,"Task":7,"OpcodeValue":0,"RecordNumber":57813362,"ExecutionProcessID":1316,"ExecutionThreadID":1824,"Channel":"Microsoft-Windows-Sysmon/Operational","Domain":"NT AUTHORITY","AccountName":"SYSTEM","UserID":"S-1-5-18","AccountType":"User","Message":"Image loaded:\r\nUtcTime: 2018-03-31 10:08:26.914\r\nProcessGuid: {53F35F28-49F1-5ABF-0000-0010F7740100}\r\nProcessId: 1316\r\nImage: C:\\Windows\\Sysmon.exe\r\nImageLoaded: C:\\Windows\\System32\\pcasvc.dll\r\nFileVersion: 6.1.7600.16385 (win7_rtm.090713-1255)\r\nDescription: Servicio de compatibilidad de programas\r\nProduct: Sistema operativo Microsoft® Windows®\r\nCompany: Microsoft Corporation\r\nHashes: MD5=3AEAA8B561E63452C655DC0584922257,SHA256=04C072969B58657602EB0C21CEDF24FCEE14E61B90A0F758F93925EF2C9FC32D\r\nSigned: true\r\nSignature: Microsoft Windows\r\nSignatureStatus: Valid","Category":"Image loaded (rule: ImageLoad)","Opcode":"Información","UtcTime":"2018-03-31 10:08:26","ProcessGuid":"{53F35F28-49F1-5ABF-0000-0010F7740100}","ProcessId":"1316","Image":"C:\\Windows\\Sysmon.exe","ImageLoaded":"C:\\Windows\\System32\\pcasvc.dll","FileVersion":"6.1.7600.16385 (win7_rtm.090713-1255)","Description":"Servicio de compatibilidad de programas","Product":"Sistema operativo Microsoft® Windows®","Company":"Microsoft Corporation","Hashes":"MD5=3AEAA8B561E63452C655DC0584922257,SHA256=04C072969B58657602EB0C21CEDF24FCEE14E61B90A0F758F93925EF2C9FC32D","Signed":"true","Signature":"Microsoft Windows","SignatureStatus":"Valid","SourceModuleName":"in","SourceModuleType":"im_msvistalog"}]}]]
	at org.elasticsearch.action.support.replication.TransportReplicationAction$ReroutePhase.retryBecauseUnavailable(TransportReplicationAction.java:944) [elasticsearch-6.2.3.jar:6.2.3]
	at org.elasticsearch.action.support.replication.TransportReplicationAction$ReroutePhase.retryIfUnavailable(TransportReplicationAction.java:781) [elasticsearch-6.2.3.jar:6.2.3]
	at org.elasticsearch.action.support.replication.TransportReplicationAction$ReroutePhase.doRun(TransportReplicationAction.java:734) [elasticsearch-6.2.3.jar:6.2.3]
	at org.elasticsearch.common.util.concurrent.AbstractRunnable.run(AbstractRunnable.java:37) [elasticsearch-6.2.3.jar:6.2.3]
	at org.elasticsearch.action.support.replication.TransportReplicationAction$ReroutePhase$2.onTimeout(TransportReplicationAction.java:898) [elasticsearch-6.2.3.jar:6.2.3]
	at org.elasticsearch.cluster.ClusterStateObserver$ContextPreservingListener.onTimeout(ClusterStateObserver.java:317) [elasticsearch-6.2.3.jar:6.2.3]
	at org.elasticsearch.cluster.ClusterStateObserver$ObserverClusterStateListener.onTimeout(ClusterStateObserver.java:244) [elasticsearch-6.2.3.jar:6.2.3]
	at org.elasticsearch.cluster.service.ClusterApplierService$NotifyTimeout.run(ClusterApplierService.java:581) [elasticsearch-6.2.3.jar:6.2.3]
	at org.elasticsearch.common.util.concurrent.ThreadContext$ContextPreservingRunnable.run(ThreadContext.java:573) [elasticsearch-6.2.3.jar:6.2.3]
	at java.util.concurrent.ThreadPoolExecutor.runWorker(ThreadPoolExecutor.java:1149) [?:1.8.0_161]
	at java.util.concurrent.ThreadPoolExecutor$Worker.run(ThreadPoolExecutor.java:624) [?:1.8.0_161]
	at java.lang.Thread.run(Thread.java:748) [?:1.8.0_161]
[2018-04-07T01:21:39,213][WARN ][r.suppressed             ] path: /nxlog-2018.03.31.12.08/in, params: {index=nxlog-2018.03.31.12.08, type=in}
org.elasticsearch.action.UnavailableShardsException: [nxlog-2018.03.31.12.08][0] primary shard is not active Timeout: [1m], request: [BulkShardRequest [[nxlog-2018.03.31.12.08][0]] containing [index {[nxlog-2018.03.31.12.08][in][1rFDnWIB6_8debcRCr8s], source[{"EventTime":"2018-03-31 12:08:51","Hostname":"john-PC","Keywords":0,"EventType":"INFO","SeverityValue":2,"Severity":"INFO","EventID":7,"SourceName":"Microsoft-Windows-Sysmon","ProviderGuid":"{5770385F-C22A-43E0-BF4C-06F5698FFBD9}","Version":3,"Task":7,"OpcodeValue":0,"RecordNumber":57813362,"ExecutionProcessID":1316,"ExecutionThreadID":1824,"Channel":"Microsoft-Windows-Sysmon/Operational","Domain":"NT AUTHORITY","AccountName":"SYSTEM","UserID":"S-1-5-18","AccountType":"User","Message":"Image loaded:\r\nUtcTime: 2018-03-31 10:08:26.914\r\nProcessGuid: {53F35F28-49F1-5ABF-0000-0010F7740100}\r\nProcessId: 1316\r\nImage: C:\\Windows\\Sysmon.exe\r\nImageLoaded: C:\\Windows\\System32\\pcasvc.dll\r\nFileVersion: 6.1.7600.16385 (win7_rtm.090713-1255)\r\nDescription: Servicio de compatibilidad de programas\r\nProduct: Sistema operativo Microsoft® Windows®\r\nCompany: Microsoft Corporation\r\nHashes: MD5=3AEAA8B561E63452C655DC0584922257,SHA256=04C072969B58657602EB0C21CEDF24FCEE14E61B90A0F758F93925EF2C9FC32D\r\nSigned: true\r\nSignature: Microsoft Windows\r\nSignatureStatus: Valid","Category":"Image loaded (rule: ImageLoad)","Opcode":"Información","UtcTime":"2018-03-31 10:08:26","ProcessGuid":"{53F35F28-49F1-5ABF-0000-0010F7740100}","ProcessId":"1316","Image":"C:\\Windows\\Sysmon.exe","ImageLoaded":"C:\\Windows\\System32\\pcasvc.dll","FileVersion":"6.1.7600.16385 (win7_rtm.090713-1255)","Description":"Servicio de compatibilidad de programas","Product":"Sistema operativo Microsoft® Windows®","Company":"Microsoft Corporation","Hashes":"MD5=3AEAA8B561E63452C655DC0584922257,SHA256=04C072969B58657602EB0C21CEDF24FCEE14E61B90A0F758F93925EF2C9FC32D","Signed":"true","Signature":"Microsoft Windows","SignatureStatus":"Valid","SourceModuleName":"in","SourceModuleType":"im_msvistalog"}]}]]
	at org.elasticsearch.action.support.replication.TransportReplicationAction$ReroutePhase.retryBecauseUnavailable(TransportReplicationAction.java:944) [elasticsearch-6.2.3.jar:6.2.3]
	at org.elasticsearch.action.support.replication.TransportReplicationAction$ReroutePhase.retryIfUnavailable(TransportReplicationAction.java:781) [elasticsearch-6.2.3.jar:6.2.3]
	at org.elasticsearch.action.support.replication.TransportReplicationAction$ReroutePhase.doRun(TransportReplicationAction.java:734) [elasticsearch-6.2.3.jar:6.2.3]
	at org.elasticsearch.common.util.concurrent.AbstractRunnable.run(AbstractRunnable.java:37) [elasticsearch-6.2.3.jar:6.2.3]
	at org.elasticsearch.action.support.replication.TransportReplicationAction$ReroutePhase$2.onTimeout(TransportReplicationAction.java:898) [elasticsearch-6.2.3.jar:6.2.3]
	at org.elasticsearch.cluster.ClusterStateObserver$ContextPreservingListener.onTimeout(ClusterStateObserver.java:317) [elasticsearch-6.2.3.jar:6.2.3]
	at org.elasticsearch.cluster.ClusterStateObserver$ObserverClusterStateListener.onTimeout(ClusterStateObserver.java:244) [elasticsearch-6.2.3.jar:6.2.3]
	at org.elasticsearch.cluster.service.ClusterApplierService$NotifyTimeout.run(ClusterApplierService.java:581) [elasticsearch-6.2.3.jar:6.2.3]
	at org.elasticsearch.common.util.concurrent.ThreadContext$ContextPreservingRunnable.run(ThreadContext.java:573) [elasticsearch-6.2.3.jar:6.2.3]
	at java.util.concurrent.ThreadPoolExecutor.runWorker(ThreadPoolExecutor.java:1149) [?:1.8.0_161]
	at java.util.concurrent.ThreadPoolExecutor$Worker.run(ThreadPoolExecutor.java:624) [?:1.8.0_161]
	at java.lang.Thread.run(Thread.java:748) [?:1.8.0_161]
[2018-04-07T01:21:49,243][WARN ][r.suppressed             ] path: /nxlog-2018.03.31.12.08/in, params: {index=nxlog-2018.03.31.12.08, type=in}
org.elasticsearch.action.UnavailableShardsException: [nxlog-2018.03.31.12.08][0] primary shard is not active Timeout: [1m], request: [BulkShardRequest [[nxlog-2018.03.31.12.08][0]] containing [index {[nxlog-2018.03.31.12.08][in][17FDnWIB6_8debcRMb9Z], source[{"EventTime":"2018-03-31 12:08:51","Hostname":"john-PC","Keywords":0,"EventType":"INFO","SeverityValue":2,"Severity":"INFO","EventID":7,"SourceName":"Microsoft-Windows-Sysmon","ProviderGuid":"{5770385F-C22A-43E0-BF4C-06F5698FFBD9}","Version":3,"Task":7,"OpcodeValue":0,"RecordNumber":57813362,"ExecutionProcessID":1316,"ExecutionThreadID":1824,"Channel":"Microsoft-Windows-Sysmon/Operational","Domain":"NT AUTHORITY","AccountName":"SYSTEM","UserID":"S-1-5-18","AccountType":"User","Message":"Image loaded:\r\nUtcTime: 2018-03-31 10:08:26.914\r\nProcessGuid: {53F35F28-49F1-5ABF-0000-0010F7740100}\r\nProcessId: 1316\r\nImage: C:\\Windows\\Sysmon.exe\r\nImageLoaded: C:\\Windows\\System32\\pcasvc.dll\r\nFileVersion: 6.1.7600.16385 (win7_rtm.090713-1255)\r\nDescription: Servicio de compatibilidad de programas\r\nProduct: Sistema operativo Microsoft® Windows®\r\nCompany: Microsoft Corporation\r\nHashes: MD5=3AEAA8B561E63452C655DC0584922257,SHA256=04C072969B58657602EB0C21CEDF24FCEE14E61B90A0F758F93925EF2C9FC32D\r\nSigned: true\r\nSignature: Microsoft Windows\r\nSignatureStatus: Valid","Category":"Image loaded (rule: ImageLoad)","Opcode":"Información","UtcTime":"2018-03-31 10:08:26","ProcessGuid":"{53F35F28-49F1-5ABF-0000-0010F7740100}","ProcessId":"1316","Image":"C:\\Windows\\Sysmon.exe","ImageLoaded":"C:\\Windows\\System32\\pcasvc.dll","FileVersion":"6.1.7600.16385 (win7_rtm.090713-1255)","Description":"Servicio de compatibilidad de programas","Product":"Sistema operativo Microsoft® Windows®","Company":"Microsoft Corporation","Hashes":"MD5=3AEAA8B561E63452C655DC0584922257,SHA256=04C072969B58657602EB0C21CEDF24FCEE14E61B90A0F758F93925EF2C9FC32D","Signed":"true","Signature":"Microsoft Windows","SignatureStatus":"Valid","SourceModuleName":"in","SourceModuleType":"im_msvistalog"}]}]]
	at org.elasticsearch.action.support.replication.TransportReplicationAction$ReroutePhase.retryBecauseUnavailable(TransportReplicationAction.java:944) [elasticsearch-6.2.3.jar:6.2.3]
	at org.elasticsearch.action.support.replication.TransportReplicationAction$ReroutePhase.retryIfUnavailable(TransportReplicationAction.java:781) [elasticsearch-6.2.3.jar:6.2.3]
	at org.elasticsearch.action.support.replication.TransportReplicationAction$ReroutePhase.doRun(TransportReplicationAction.java:734) [elasticsearch-6.2.3.jar:6.2.3]
	at org.elasticsearch.common.util.concurrent.AbstractRunnable.run(AbstractRunnable.java:37) [elasticsearch-6.2.3.jar:6.2.3]
	at org.elasticsearch.action.support.replication.TransportReplicationAction$ReroutePhase$2.onTimeout(TransportReplicationAction.java:898) [elasticsearch-6.2.3.jar:6.2.3]
	at org.elasticsearch.cluster.ClusterStateObserver$ContextPreservingListener.onTimeout(ClusterStateObserver.java:317) [elasticsearch-6.2.3.jar:6.2.3]
	at org.elasticsearch.cluster.ClusterStateObserver$ObserverClusterStateListener.onTimeout(ClusterStateObserver.java:244) [elasticsearch-6.2.3.jar:6.2.3]
	at org.elasticsearch.cluster.service.ClusterApplierService$NotifyTimeout.run(ClusterApplierService.java:581) [elasticsearch-6.2.3.jar:6.2.3]
	at org.elasticsearch.common.util.concurrent.ThreadContext$ContextPreservingRunnable.run(ThreadContext.java:573) [elasticsearch-6.2.3.jar:6.2.3]
	at java.util.concurrent.ThreadPoolExecutor.runWorker(ThreadPoolExecutor.java:1149) [?:1.8.0_161]
	at java.util.concurrent.ThreadPoolExecutor$Worker.run(ThreadPoolExecutor.java:624) [?:1.8.0_161]
	at java.lang.Thread.run(Thread.java:748) [?:1.8.0_161]
[2018-04-07T01:21:59,287][WARN ][r.suppressed             ] path: /nxlog-2018.03.31.12.08/in, params: {index=nxlog-2018.03.31.12.08, type=in}
org.elasticsearch.action.UnavailableShardsException: [nxlog-2018.03.31.12.08][0] primary shard is not active Timeout: [1m], request: [BulkShardRequest [[nxlog-2018.03.31.12.08][0]] containing [index {[nxlog-2018.03.31.12.08][in][2LFDnWIB6_8debcRWL-V], source[{"EventTime":"2018-03-31 12:08:51","Hostname":"john-PC","Keywords":0,"EventType":"INFO","SeverityValue":2,"Severity":"INFO","EventID":7,"SourceName":"Microsoft-Windows-Sysmon","ProviderGuid":"{5770385F-C22A-43E0-BF4C-06F5698FFBD9}","Version":3,"Task":7,"OpcodeValue":0,"RecordNumber":57813362,"ExecutionProcessID":1316,"ExecutionThreadID":1824,"Channel":"Microsoft-Windows-Sysmon/Operational","Domain":"NT AUTHORITY","AccountName":"SYSTEM","UserID":"S-1-5-18","AccountType":"User","Message":"Image loaded:\r\nUtcTime: 2018-03-31 10:08:26.914\r\nProcessGuid: {53F35F28-49F1-5ABF-0000-0010F7740100}\r\nProcessId: 1316\r\nImage: C:\\Windows\\Sysmon.exe\r\nImageLoaded: C:\\Windows\\System32\\pcasvc.dll\r\nFileVersion: 6.1.7600.16385 (win7_rtm.090713-1255)\r\nDescription: Servicio de compatibilidad de programas\r\nProduct: Sistema operativo Microsoft® Windows®\r\nCompany: Microsoft Corporation\r\nHashes: MD5=3AEAA8B561E63452C655DC0584922257,SHA256=04C072969B58657602EB0C21CEDF24FCEE14E61B90A0F758F93925EF2C9FC32D\r\nSigned: true\r\nSignature: Microsoft Windows\r\nSignatureStatus: Valid","Category":"Image loaded (rule: ImageLoad)","Opcode":"Información","UtcTime":"2018-03-31 10:08:26","ProcessGuid":"{53F35F28-49F1-5ABF-0000-0010F7740100}","ProcessId":"1316","Image":"C:\\Windows\\Sysmon.exe","ImageLoaded":"C:\\Windows\\System32\\pcasvc.dll","FileVersion":"6.1.7600.16385 (win7_rtm.090713-1255)","Description":"Servicio de compatibilidad de programas","Product":"Sistema operativo Microsoft® Windows®","Company":"Microsoft Corporation","Hashes":"MD5=3AEAA8B561E63452C655DC0584922257,SHA256=04C072969B58657602EB0C21CEDF24FCEE14E61B90A0F758F93925EF2C9FC32D","Signed":"true","Signature":"Microsoft Windows","SignatureStatus":"Valid","SourceModuleName":"in","SourceModuleType":"im_msvistalog"}]}]]
	at org.elasticsearch.action.support.replication.TransportReplicationAction$ReroutePhase.retryBecauseUnavailable(TransportReplicationAction.java:944) [elasticsearch-6.2.3.jar:6.2.3]
	at org.elasticsearch.action.support.replication.TransportReplicationAction$ReroutePhase.retryIfUnavailable(TransportReplicationAction.java:781) [elasticsearch-6.2.3.jar:6.2.3]
	at org.elasticsearch.action.support.replication.TransportReplicationAction$ReroutePhase.doRun(TransportReplicationAction.java:734) [elasticsearch-6.2.3.jar:6.2.3]
	at org.elasticsearch.common.util.concurrent.AbstractRunnable.run(AbstractRunnable.java:37) [elasticsearch-6.2.3.jar:6.2.3]
	at org.elasticsearch.action.support.replication.TransportReplicationAction$ReroutePhase$2.onTimeout(TransportReplicationAction.java:898) [elasticsearch-6.2.3.jar:6.2.3]
	at org.elasticsearch.cluster.ClusterStateObserver$ContextPreservingListener.onTimeout(ClusterStateObserver.java:317) [elasticsearch-6.2.3.jar:6.2.3]
	at org.elasticsearch.cluster.ClusterStateObserver$ObserverClusterStateListener.onTimeout(ClusterStateObserver.java:244) [elasticsearch-6.2.3.jar:6.2.3]
	at org.elasticsearch.cluster.service.ClusterApplierService$NotifyTimeout.run(ClusterApplierService.java:581) [elasticsearch-6.2.3.jar:6.2.3]
	at org.elasticsearch.common.util.concurrent.ThreadContext$ContextPreservingRunnable.run(ThreadContext.java:573) [elasticsearch-6.2.3.jar:6.2.3]
	at java.util.concurrent.ThreadPoolExecutor.runWorker(ThreadPoolExecutor.java:1149) [?:1.8.0_161]
	at java.util.concurrent.ThreadPoolExecutor$Worker.run(ThreadPoolExecutor.java:624) [?:1.8.0_161]
	at java.lang.Thread.run(Thread.java:748) [?:1.8.0_161]
[2018-04-07T01:22:09,326][WARN ][r.suppressed             ] path: /nxlog-2018.03.31.12.08/in, params: {index=nxlog-2018.03.31.12.08, type=in}
org.elasticsearch.action.UnavailableShardsException: [nxlog-2018.03.31.12.08][0] primary shard is not active Timeout: [1m], request: [BulkShardRequest [[nxlog-2018.03.31.12.08][0]] containing [index {[nxlog-2018.03.31.12.08][in][2bFDnWIB6_8debcRf7_N], source[{"EventTime":"2018-03-31 12:08:51","Hostname":"john-PC","Keywords":0,"EventType":"INFO","SeverityValue":2,"Severity":"INFO","EventID":7,"SourceName":"Microsoft-Windows-Sysmon","ProviderGuid":"{5770385F-C22A-43E0-BF4C-06F5698FFBD9}","Version":3,"Task":7,"OpcodeValue":0,"RecordNumber":57813362,"ExecutionProcessID":1316,"ExecutionThreadID":1824,"Channel":"Microsoft-Windows-Sysmon/Operational","Domain":"NT AUTHORITY","AccountName":"SYSTEM","UserID":"S-1-5-18","AccountType":"User","Message":"Image loaded:\r\nUtcTime: 2018-03-31 10:08:26.914\r\nProcessGuid: {53F35F28-49F1-5ABF-0000-0010F7740100}\r\nProcessId: 1316\r\nImage: C:\\Windows\\Sysmon.exe\r\nImageLoaded: C:\\Windows\\System32\\pcasvc.dll\r\nFileVersion: 6.1.7600.16385 (win7_rtm.090713-1255)\r\nDescription: Servicio de compatibilidad de programas\r\nProduct: Sistema operativo Microsoft® Windows®\r\nCompany: Microsoft Corporation\r\nHashes: MD5=3AEAA8B561E63452C655DC0584922257,SHA256=04C072969B58657602EB0C21CEDF24FCEE14E61B90A0F758F93925EF2C9FC32D\r\nSigned: true\r\nSignature: Microsoft Windows\r\nSignatureStatus: Valid","Category":"Image loaded (rule: ImageLoad)","Opcode":"Información","UtcTime":"2018-03-31 10:08:26","ProcessGuid":"{53F35F28-49F1-5ABF-0000-0010F7740100}","ProcessId":"1316","Image":"C:\\Windows\\Sysmon.exe","ImageLoaded":"C:\\Windows\\System32\\pcasvc.dll","FileVersion":"6.1.7600.16385 (win7_rtm.090713-1255)","Description":"Servicio de compatibilidad de programas","Product":"Sistema operativo Microsoft® Windows®","Company":"Microsoft Corporation","Hashes":"MD5=3AEAA8B561E63452C655DC0584922257,SHA256=04C072969B58657602EB0C21CEDF24FCEE14E61B90A0F758F93925EF2C9FC32D","Signed":"true","Signature":"Microsoft Windows","SignatureStatus":"Valid","SourceModuleName":"in","SourceModuleType":"im_msvistalog"}]}]]
	at org.elasticsearch.action.support.replication.TransportReplicationAction$ReroutePhase.retryBecauseUnavailable(TransportReplicationAction.java:944) [elasticsearch-6.2.3.jar:6.2.3]
	at org.elasticsearch.action.support.replication.TransportReplicationAction$ReroutePhase.retryIfUnavailable(TransportReplicationAction.java:781) [elasticsearch-6.2.3.jar:6.2.3]
	at org.elasticsearch.action.support.replication.TransportReplicationAction$ReroutePhase.doRun(TransportReplicationAction.java:734) [elasticsearch-6.2.3.jar:6.2.3]
	at org.elasticsearch.common.util.concurrent.AbstractRunnable.run(AbstractRunnable.java:37) [elasticsearch-6.2.3.jar:6.2.3]
	at org.elasticsearch.action.support.replication.TransportReplicationAction$ReroutePhase$2.onTimeout(TransportReplicationAction.java:898) [elasticsearch-6.2.3.jar:6.2.3]
	at org.elasticsearch.cluster.ClusterStateObserver$ContextPreservingListener.onTimeout(ClusterStateObserver.java:317) [elasticsearch-6.2.3.jar:6.2.3]
	at org.elasticsearch.cluster.ClusterStateObserver$ObserverClusterStateListener.onTimeout(ClusterStateObserver.java:244) [elasticsearch-6.2.3.jar:6.2.3]
	at org.elasticsearch.cluster.service.ClusterApplierService$NotifyTimeout.run(ClusterApplierService.java:581) [elasticsearch-6.2.3.jar:6.2.3]
	at org.elasticsearch.common.util.concurrent.ThreadContext$ContextPreservingRunnable.run(ThreadContext.java:573) [elasticsearch-6.2.3.jar:6.2.3]
	at java.util.concurrent.ThreadPoolExecutor.runWorker(ThreadPoolExecutor.java:1149) [?:1.8.0_161]
	at java.util.concurrent.ThreadPoolExecutor$Worker.run(ThreadPoolExecutor.java:624) [?:1.8.0_161]
	at java.lang.Thread.run(Thread.java:748) [?:1.8.0_161]
[2018-04-07T01:22:19,370][WARN ][r.suppressed             ] path: /nxlog-2018.03.31.12.08/in, params: {index=nxlog-2018.03.31.12.08, type=in}
org.elasticsearch.action.UnavailableShardsException: [nxlog-2018.03.31.12.08][0] primary shard is not active Timeout: [1m], request: [BulkShardRequest [[nxlog-2018.03.31.12.08][0]] containing [index {[nxlog-2018.03.31.12.08][in][2rFDnWIB6_8debcRp78J], source[{"EventTime":"2018-03-31 12:08:51","Hostname":"john-PC","Keywords":0,"EventType":"INFO","SeverityValue":2,"Severity":"INFO","EventID":7,"SourceName":"Microsoft-Windows-Sysmon","ProviderGuid":"{5770385F-C22A-43E0-BF4C-06F5698FFBD9}","Version":3,"Task":7,"OpcodeValue":0,"RecordNumber":57813362,"ExecutionProcessID":1316,"ExecutionThreadID":1824,"Channel":"Microsoft-Windows-Sysmon/Operational","Domain":"NT AUTHORITY","AccountName":"SYSTEM","UserID":"S-1-5-18","AccountType":"User","Message":"Image loaded:\r\nUtcTime: 2018-03-31 10:08:26.914\r\nProcessGuid: {53F35F28-49F1-5ABF-0000-0010F7740100}\r\nProcessId: 1316\r\nImage: C:\\Windows\\Sysmon.exe\r\nImageLoaded: C:\\Windows\\System32\\pcasvc.dll\r\nFileVersion: 6.1.7600.16385 (win7_rtm.090713-1255)\r\nDescription: Servicio de compatibilidad de programas\r\nProduct: Sistema operativo Microsoft® Windows®\r\nCompany: Microsoft Corporation\r\nHashes: MD5=3AEAA8B561E63452C655DC0584922257,SHA256=04C072969B58657602EB0C21CEDF24FCEE14E61B90A0F758F93925EF2C9FC32D\r\nSigned: true\r\nSignature: Microsoft Windows\r\nSignatureStatus: Valid","Category":"Image loaded (rule: ImageLoad)","Opcode":"Información","UtcTime":"2018-03-31 10:08:26","ProcessGuid":"{53F35F28-49F1-5ABF-0000-0010F7740100}","ProcessId":"1316","Image":"C:\\Windows\\Sysmon.exe","ImageLoaded":"C:\\Windows\\System32\\pcasvc.dll","FileVersion":"6.1.7600.16385 (win7_rtm.090713-1255)","Description":"Servicio de compatibilidad de programas","Product":"Sistema operativo Microsoft® Windows®","Company":"Microsoft Corporation","Hashes":"MD5=3AEAA8B561E63452C655DC0584922257,SHA256=04C072969B58657602EB0C21CEDF24FCEE14E61B90A0F758F93925EF2C9FC32D","Signed":"true","Signature":"Microsoft Windows","SignatureStatus":"Valid","SourceModuleName":"in","SourceModuleType":"im_msvistalog"}]}]]
	at org.elasticsearch.action.support.replication.TransportReplicationAction$ReroutePhase.retryBecauseUnavailable(TransportReplicationAction.java:944) [elasticsearch-6.2.3.jar:6.2.3]
	at org.elasticsearch.action.support.replication.TransportReplicationAction$ReroutePhase.retryIfUnavailable(TransportReplicationAction.java:781) [elasticsearch-6.2.3.jar:6.2.3]
	at org.elasticsearch.action.support.replication.TransportReplicationAction$ReroutePhase.doRun(TransportReplicationAction.java:734) [elasticsearch-6.2.3.jar:6.2.3]
	at org.elasticsearch.common.util.concurrent.AbstractRunnable.run(AbstractRunnable.java:37) [elasticsearch-6.2.3.jar:6.2.3]
	at org.elasticsearch.action.support.replication.TransportReplicationAction$ReroutePhase$2.onTimeout(TransportReplicationAction.java:898) [elasticsearch-6.2.3.jar:6.2.3]
	at org.elasticsearch.cluster.ClusterStateObserver$ContextPreservingListener.onTimeout(ClusterStateObserver.java:317) [elasticsearch-6.2.3.jar:6.2.3]
	at org.elasticsearch.cluster.ClusterStateObserver$ObserverClusterStateListener.onTimeout(ClusterStateObserver.java:244) [elasticsearch-6.2.3.jar:6.2.3]
	at org.elasticsearch.cluster.service.ClusterApplierService$NotifyTimeout.run(ClusterApplierService.java:581) [elasticsearch-6.2.3.jar:6.2.3]
	at org.elasticsearch.common.util.concurrent.ThreadContext$ContextPreservingRunnable.run(ThreadContext.java:573) [elasticsearch-6.2.3.jar:6.2.3]
	at java.util.concurrent.ThreadPoolExecutor.runWorker(ThreadPoolExecutor.java:1149) [?:1.8.0_161]
	at java.util.concurrent.ThreadPoolExecutor$Worker.run(ThreadPoolExecutor.java:624) [?:1.8.0_161]
	at java.lang.Thread.run(Thread.java:748) [?:1.8.0_161]
[2018-04-07T01:22:29,398][WARN ][r.suppressed             ] path: /nxlog-2018.03.31.12.08/in, params: {index=nxlog-2018.03.31.12.08, type=in}
org.elasticsearch.action.UnavailableShardsException: [nxlog-2018.03.31.12.08][0] primary shard is not active Timeout: [1m], request: [BulkShardRequest [[nxlog-2018.03.31.12.08][0]] containing [index {[nxlog-2018.03.31.12.08][in][27FDnWIB6_8debcRzr81], source[{"EventTime":"2018-03-31 12:08:51","Hostname":"john-PC","Keywords":0,"EventType":"INFO","SeverityValue":2,"Severity":"INFO","EventID":7,"SourceName":"Microsoft-Windows-Sysmon","ProviderGuid":"{5770385F-C22A-43E0-BF4C-06F5698FFBD9}","Version":3,"Task":7,"OpcodeValue":0,"RecordNumber":57813362,"ExecutionProcessID":1316,"ExecutionThreadID":1824,"Channel":"Microsoft-Windows-Sysmon/Operational","Domain":"NT AUTHORITY","AccountName":"SYSTEM","UserID":"S-1-5-18","AccountType":"User","Message":"Image loaded:\r\nUtcTime: 2018-03-31 10:08:26.914\r\nProcessGuid: {53F35F28-49F1-5ABF-0000-0010F7740100}\r\nProcessId: 1316\r\nImage: C:\\Windows\\Sysmon.exe\r\nImageLoaded: C:\\Windows\\System32\\pcasvc.dll\r\nFileVersion: 6.1.7600.16385 (win7_rtm.090713-1255)\r\nDescription: Servicio de compatibilidad de programas\r\nProduct: Sistema operativo Microsoft® Windows®\r\nCompany: Microsoft Corporation\r\nHashes: MD5=3AEAA8B561E63452C655DC0584922257,SHA256=04C072969B58657602EB0C21CEDF24FCEE14E61B90A0F758F93925EF2C9FC32D\r\nSigned: true\r\nSignature: Microsoft Windows\r\nSignatureStatus: Valid","Category":"Image loaded (rule: ImageLoad)","Opcode":"Información","UtcTime":"2018-03-31 10:08:26","ProcessGuid":"{53F35F28-49F1-5ABF-0000-0010F7740100}","ProcessId":"1316","Image":"C:\\Windows\\Sysmon.exe","ImageLoaded":"C:\\Windows\\System32\\pcasvc.dll","FileVersion":"6.1.7600.16385 (win7_rtm.090713-1255)","Description":"Servicio de compatibilidad de programas","Product":"Sistema operativo Microsoft® Windows®","Company":"Microsoft Corporation","Hashes":"MD5=3AEAA8B561E63452C655DC0584922257,SHA256=04C072969B58657602EB0C21CEDF24FCEE14E61B90A0F758F93925EF2C9FC32D","Signed":"true","Signature":"Microsoft Windows","SignatureStatus":"Valid","SourceModuleName":"in","SourceModuleType":"im_msvistalog"}]}]]
	at org.elasticsearch.action.support.replication.TransportReplicationAction$ReroutePhase.retryBecauseUnavailable(TransportReplicationAction.java:944) [elasticsearch-6.2.3.jar:6.2.3]
	at org.elasticsearch.action.support.replication.TransportReplicationAction$ReroutePhase.retryIfUnavailable(TransportReplicationAction.java:781) [elasticsearch-6.2.3.jar:6.2.3]
	at org.elasticsearch.action.support.replication.TransportReplicationAction$ReroutePhase.doRun(TransportReplicationAction.java:734) [elasticsearch-6.2.3.jar:6.2.3]
	at org.elasticsearch.common.util.concurrent.AbstractRunnable.run(AbstractRunnable.java:37) [elasticsearch-6.2.3.jar:6.2.3]
	at org.elasticsearch.action.support.replication.TransportReplicationAction$ReroutePhase$2.onTimeout(TransportReplicationAction.java:898) [elasticsearch-6.2.3.jar:6.2.3]
	at org.elasticsearch.cluster.ClusterStateObserver$ContextPreservingListener.onTimeout(ClusterStateObserver.java:317) [elasticsearch-6.2.3.jar:6.2.3]
	at org.elasticsearch.cluster.ClusterStateObserver$ObserverClusterStateListener.onTimeout(ClusterStateObserver.java:244) [elasticsearch-6.2.3.jar:6.2.3]
	at org.elasticsearch.cluster.service.ClusterApplierService$NotifyTimeout.run(ClusterApplierService.java:581) [elasticsearch-6.2.3.jar:6.2.3]
	at org.elasticsearch.common.util.concurrent.ThreadContext$ContextPreservingRunnable.run(ThreadContext.java:573) [elasticsearch-6.2.3.jar:6.2.3]
	at java.util.concurrent.ThreadPoolExecutor.runWorker(ThreadPoolExecutor.java:1149) [?:1.8.0_161]
	at java.util.concurrent.ThreadPoolExecutor$Worker.run(ThreadPoolExecutor.java:624) [?:1.8.0_161]
	at java.lang.Thread.run(Thread.java:748) [?:1.8.0_161]
[2018-04-07T01:22:39,416][WARN ][r.suppressed             ] path: /nxlog-2018.03.31.12.08/in, params: {index=nxlog-2018.03.31.12.08, type=in}
org.elasticsearch.action.UnavailableShardsException: [nxlog-2018.03.31.12.08][0] primary shard is not active Timeout: [1m], request: [BulkShardRequest [[nxlog-2018.03.31.12.08][0]] containing [index {[nxlog-2018.03.31.12.08][in][3LFDnWIB6_8debcR9b9X], source[{"EventTime":"2018-03-31 12:08:51","Hostname":"john-PC","Keywords":0,"EventType":"INFO","SeverityValue":2,"Severity":"INFO","EventID":7,"SourceName":"Microsoft-Windows-Sysmon","ProviderGuid":"{5770385F-C22A-43E0-BF4C-06F5698FFBD9}","Version":3,"Task":7,"OpcodeValue":0,"RecordNumber":57813362,"ExecutionProcessID":1316,"ExecutionThreadID":1824,"Channel":"Microsoft-Windows-Sysmon/Operational","Domain":"NT AUTHORITY","AccountName":"SYSTEM","UserID":"S-1-5-18","AccountType":"User","Message":"Image loaded:\r\nUtcTime: 2018-03-31 10:08:26.914\r\nProcessGuid: {53F35F28-49F1-5ABF-0000-0010F7740100}\r\nProcessId: 1316\r\nImage: C:\\Windows\\Sysmon.exe\r\nImageLoaded: C:\\Windows\\System32\\pcasvc.dll\r\nFileVersion: 6.1.7600.16385 (win7_rtm.090713-1255)\r\nDescription: Servicio de compatibilidad de programas\r\nProduct: Sistema operativo Microsoft® Windows®\r\nCompany: Microsoft Corporation\r\nHashes: MD5=3AEAA8B561E63452C655DC0584922257,SHA256=04C072969B58657602EB0C21CEDF24FCEE14E61B90A0F758F93925EF2C9FC32D\r\nSigned: true\r\nSignature: Microsoft Windows\r\nSignatureStatus: Valid","Category":"Image loaded (rule: ImageLoad)","Opcode":"Información","UtcTime":"2018-03-31 10:08:26","ProcessGuid":"{53F35F28-49F1-5ABF-0000-0010F7740100}","ProcessId":"1316","Image":"C:\\Windows\\Sysmon.exe","ImageLoaded":"C:\\Windows\\System32\\pcasvc.dll","FileVersion":"6.1.7600.16385 (win7_rtm.090713-1255)","Description":"Servicio de compatibilidad de programas","Product":"Sistema operativo Microsoft® Windows®","Company":"Microsoft Corporation","Hashes":"MD5=3AEAA8B561E63452C655DC0584922257,SHA256=04C072969B58657602EB0C21CEDF24FCEE14E61B90A0F758F93925EF2C9FC32D","Signed":"true","Signature":"Microsoft Windows","SignatureStatus":"Valid","SourceModuleName":"in","SourceModuleType":"im_msvistalog"}]}]]
	at org.elasticsearch.action.support.replication.TransportReplicationAction$ReroutePhase.retryBecauseUnavailable(TransportReplicationAction.java:944) [elasticsearch-6.2.3.jar:6.2.3]
	at org.elasticsearch.action.support.replication.TransportReplicationAction$ReroutePhase.retryIfUnavailable(TransportReplicationAction.java:781) [elasticsearch-6.2.3.jar:6.2.3]
	at org.elasticsearch.action.support.replication.TransportReplicationAction$ReroutePhase.doRun(TransportReplicationAction.java:734) [elasticsearch-6.2.3.jar:6.2.3]
	at org.elasticsearch.common.util.concurrent.AbstractRunnable.run(AbstractRunnable.java:37) [elasticsearch-6.2.3.jar:6.2.3]
	at org.elasticsearch.action.support.replication.TransportReplicationAction$ReroutePhase$2.onTimeout(TransportReplicationAction.java:898) [elasticsearch-6.2.3.jar:6.2.3]
	at org.elasticsearch.cluster.ClusterStateObserver$ContextPreservingListener.onTimeout(ClusterStateObserver.java:317) [elasticsearch-6.2.3.jar:6.2.3]
	at org.elasticsearch.cluster.ClusterStateObserver$ObserverClusterStateListener.onTimeout(ClusterStateObserver.java:244) [elasticsearch-6.2.3.jar:6.2.3]
	at org.elasticsearch.cluster.service.ClusterApplierService$NotifyTimeout.run(ClusterApplierService.java:581) [elasticsearch-6.2.3.jar:6.2.3]
	at org.elasticsearch.common.util.concurrent.ThreadContext$ContextPreservingRunnable.run(ThreadContext.java:573) [elasticsearch-6.2.3.jar:6.2.3]
	at java.util.concurrent.ThreadPoolExecutor.runWorker(ThreadPoolExecutor.java:1149) [?:1.8.0_161]
	at java.util.concurrent.ThreadPoolExecutor$Worker.run(ThreadPoolExecutor.java:624) [?:1.8.0_161]
	at java.lang.Thread.run(Thread.java:748) [?:1.8.0_161]
[2018-04-07T01:22:49,427][WARN ][r.suppressed             ] path: /nxlog-2018.03.31.12.08/in, params: {index=nxlog-2018.03.31.12.08, type=in}
org.elasticsearch.action.UnavailableShardsException: [nxlog-2018.03.31.12.08][0] primary shard is not active Timeout: [1m], request: [BulkShardRequest [[nxlog-2018.03.31.12.08][0]] containing [index {[nxlog-2018.03.31.12.08][in][3bFEnWIB6_8debcRHL9y], source[{"EventTime":"2018-03-31 12:08:51","Hostname":"john-PC","Keywords":0,"EventType":"INFO","SeverityValue":2,"Severity":"INFO","EventID":7,"SourceName":"Microsoft-Windows-Sysmon","ProviderGuid":"{5770385F-C22A-43E0-BF4C-06F5698FFBD9}","Version":3,"Task":7,"OpcodeValue":0,"RecordNumber":57813362,"ExecutionProcessID":1316,"ExecutionThreadID":1824,"Channel":"Microsoft-Windows-Sysmon/Operational","Domain":"NT AUTHORITY","AccountName":"SYSTEM","UserID":"S-1-5-18","AccountType":"User","Message":"Image loaded:\r\nUtcTime: 2018-03-31 10:08:26.914\r\nProcessGuid: {53F35F28-49F1-5ABF-0000-0010F7740100}\r\nProcessId: 1316\r\nImage: C:\\Windows\\Sysmon.exe\r\nImageLoaded: C:\\Windows\\System32\\pcasvc.dll\r\nFileVersion: 6.1.7600.16385 (win7_rtm.090713-1255)\r\nDescription: Servicio de compatibilidad de programas\r\nProduct: Sistema operativo Microsoft® Windows®\r\nCompany: Microsoft Corporation\r\nHashes: MD5=3AEAA8B561E63452C655DC0584922257,SHA256=04C072969B58657602EB0C21CEDF24FCEE14E61B90A0F758F93925EF2C9FC32D\r\nSigned: true\r\nSignature: Microsoft Windows\r\nSignatureStatus: Valid","Category":"Image loaded (rule: ImageLoad)","Opcode":"Información","UtcTime":"2018-03-31 10:08:26","ProcessGuid":"{53F35F28-49F1-5ABF-0000-0010F7740100}","ProcessId":"1316","Image":"C:\\Windows\\Sysmon.exe","ImageLoaded":"C:\\Windows\\System32\\pcasvc.dll","FileVersion":"6.1.7600.16385 (win7_rtm.090713-1255)","Description":"Servicio de compatibilidad de programas","Product":"Sistema operativo Microsoft® Windows®","Company":"Microsoft Corporation","Hashes":"MD5=3AEAA8B561E63452C655DC0584922257,SHA256=04C072969B58657602EB0C21CEDF24FCEE14E61B90A0F758F93925EF2C9FC32D","Signed":"true","Signature":"Microsoft Windows","SignatureStatus":"Valid","SourceModuleName":"in","SourceModuleType":"im_msvistalog"}]}]]
	at org.elasticsearch.action.support.replication.TransportReplicationAction$ReroutePhase.retryBecauseUnavailable(TransportReplicationAction.java:944) [elasticsearch-6.2.3.jar:6.2.3]
	at org.elasticsearch.action.support.replication.TransportReplicationAction$ReroutePhase.retryIfUnavailable(TransportReplicationAction.java:781) [elasticsearch-6.2.3.jar:6.2.3]
	at org.elasticsearch.action.support.replication.TransportReplicationAction$ReroutePhase.doRun(TransportReplicationAction.java:734) [elasticsearch-6.2.3.jar:6.2.3]
	at org.elasticsearch.common.util.concurrent.AbstractRunnable.run(AbstractRunnable.java:37) [elasticsearch-6.2.3.jar:6.2.3]
	at org.elasticsearch.action.support.replication.TransportReplicationAction$ReroutePhase$2.onTimeout(TransportReplicationAction.java:898) [elasticsearch-6.2.3.jar:6.2.3]
	at org.elasticsearch.cluster.ClusterStateObserver$ContextPreservingListener.onTimeout(ClusterStateObserver.java:317) [elasticsearch-6.2.3.jar:6.2.3]
	at org.elasticsearch.cluster.ClusterStateObserver$ObserverClusterStateListener.onTimeout(ClusterStateObserver.java:244) [elasticsearch-6.2.3.jar:6.2.3]
	at org.elasticsearch.cluster.service.ClusterApplierService$NotifyTimeout.run(ClusterApplierService.java:581) [elasticsearch-6.2.3.jar:6.2.3]
	at org.elasticsearch.common.util.concurrent.ThreadContext$ContextPreservingRunnable.run(ThreadContext.java:573) [elasticsearch-6.2.3.jar:6.2.3]
	at java.util.concurrent.ThreadPoolExecutor.runWorker(ThreadPoolExecutor.java:1149) [?:1.8.0_161]
	at java.util.concurrent.ThreadPoolExecutor$Worker.run(ThreadPoolExecutor.java:624) [?:1.8.0_161]
	at java.lang.Thread.run(Thread.java:748) [?:1.8.0_161]
[2018-04-07T01:22:59,455][WARN ][r.suppressed             ] path: /nxlog-2018.03.31.12.08/in, params: {index=nxlog-2018.03.31.12.08, type=in}
org.elasticsearch.action.UnavailableShardsException: [nxlog-2018.03.31.12.08][0] primary shard is not active Timeout: [1m], request: [BulkShardRequest [[nxlog-2018.03.31.12.08][0]] containing [index {[nxlog-2018.03.31.12.08][in][3rFEnWIB6_8debcRQ7-e], source[{"EventTime":"2018-03-31 12:08:51","Hostname":"john-PC","Keywords":0,"EventType":"INFO","SeverityValue":2,"Severity":"INFO","EventID":7,"SourceName":"Microsoft-Windows-Sysmon","ProviderGuid":"{5770385F-C22A-43E0-BF4C-06F5698FFBD9}","Version":3,"Task":7,"OpcodeValue":0,"RecordNumber":57813362,"ExecutionProcessID":1316,"ExecutionThreadID":1824,"Channel":"Microsoft-Windows-Sysmon/Operational","Domain":"NT AUTHORITY","AccountName":"SYSTEM","UserID":"S-1-5-18","AccountType":"User","Message":"Image loaded:\r\nUtcTime: 2018-03-31 10:08:26.914\r\nProcessGuid: {53F35F28-49F1-5ABF-0000-0010F7740100}\r\nProcessId: 1316\r\nImage: C:\\Windows\\Sysmon.exe\r\nImageLoaded: C:\\Windows\\System32\\pcasvc.dll\r\nFileVersion: 6.1.7600.16385 (win7_rtm.090713-1255)\r\nDescription: Servicio de compatibilidad de programas\r\nProduct: Sistema operativo Microsoft® Windows®\r\nCompany: Microsoft Corporation\r\nHashes: MD5=3AEAA8B561E63452C655DC0584922257,SHA256=04C072969B58657602EB0C21CEDF24FCEE14E61B90A0F758F93925EF2C9FC32D\r\nSigned: true\r\nSignature: Microsoft Windows\r\nSignatureStatus: Valid","Category":"Image loaded (rule: ImageLoad)","Opcode":"Información","UtcTime":"2018-03-31 10:08:26","ProcessGuid":"{53F35F28-49F1-5ABF-0000-0010F7740100}","ProcessId":"1316","Image":"C:\\Windows\\Sysmon.exe","ImageLoaded":"C:\\Windows\\System32\\pcasvc.dll","FileVersion":"6.1.7600.16385 (win7_rtm.090713-1255)","Description":"Servicio de compatibilidad de programas","Product":"Sistema operativo Microsoft® Windows®","Company":"Microsoft Corporation","Hashes":"MD5=3AEAA8B561E63452C655DC0584922257,SHA256=04C072969B58657602EB0C21CEDF24FCEE14E61B90A0F758F93925EF2C9FC32D","Signed":"true","Signature":"Microsoft Windows","SignatureStatus":"Valid","SourceModuleName":"in","SourceModuleType":"im_msvistalog"}]}]]
	at org.elasticsearch.action.support.replication.TransportReplicationAction$ReroutePhase.retryBecauseUnavailable(TransportReplicationAction.java:944) [elasticsearch-6.2.3.jar:6.2.3]
	at org.elasticsearch.action.support.replication.TransportReplicationAction$ReroutePhase.retryIfUnavailable(TransportReplicationAction.java:781) [elasticsearch-6.2.3.jar:6.2.3]
	at org.elasticsearch.action.support.replication.TransportReplicationAction$ReroutePhase.doRun(TransportReplicationAction.java:734) [elasticsearch-6.2.3.jar:6.2.3]
	at org.elasticsearch.common.util.concurrent.AbstractRunnable.run(AbstractRunnable.java:37) [elasticsearch-6.2.3.jar:6.2.3]
	at org.elasticsearch.action.support.replication.TransportReplicationAction$ReroutePhase$2.onTimeout(TransportReplicationAction.java:898) [elasticsearch-6.2.3.jar:6.2.3]
	at org.elasticsearch.cluster.ClusterStateObserver$ContextPreservingListener.onTimeout(ClusterStateObserver.java:317) [elasticsearch-6.2.3.jar:6.2.3]
	at org.elasticsearch.cluster.ClusterStateObserver$ObserverClusterStateListener.onTimeout(ClusterStateObserver.java:244) [elasticsearch-6.2.3.jar:6.2.3]
	at org.elasticsearch.cluster.service.ClusterApplierService$NotifyTimeout.run(ClusterApplierService.java:581) [elasticsearch-6.2.3.jar:6.2.3]
	at org.elasticsearch.common.util.concurrent.ThreadContext$ContextPreservingRunnable.run(ThreadContext.java:573) [elasticsearch-6.2.3.jar:6.2.3]
	at java.util.concurrent.ThreadPoolExecutor.runWorker(ThreadPoolExecutor.java:1149) [?:1.8.0_161]
	at java.util.concurrent.ThreadPoolExecutor$Worker.run(ThreadPoolExecutor.java:624) [?:1.8.0_161]
	at java.lang.Thread.run(Thread.java:748) [?:1.8.0_161]
[2018-04-07T01:23:09,500][WARN ][r.suppressed             ] path: /nxlog-2018.03.31.12.08/in, params: {index=nxlog-2018.03.31.12.08, type=in}
org.elasticsearch.action.UnavailableShardsException: [nxlog-2018.03.31.12.08][0] primary shard is not active Timeout: [1m], request: [BulkShardRequest [[nxlog-2018.03.31.12.08][0]] containing [index {[nxlog-2018.03.31.12.08][in][37FEnWIB6_8debcRar_b], source[{"EventTime":"2018-03-31 12:08:51","Hostname":"john-PC","Keywords":0,"EventType":"INFO","SeverityValue":2,"Severity":"INFO","EventID":7,"SourceName":"Microsoft-Windows-Sysmon","ProviderGuid":"{5770385F-C22A-43E0-BF4C-06F5698FFBD9}","Version":3,"Task":7,"OpcodeValue":0,"RecordNumber":57813362,"ExecutionProcessID":1316,"ExecutionThreadID":1824,"Channel":"Microsoft-Windows-Sysmon/Operational","Domain":"NT AUTHORITY","AccountName":"SYSTEM","UserID":"S-1-5-18","AccountType":"User","Message":"Image loaded:\r\nUtcTime: 2018-03-31 10:08:26.914\r\nProcessGuid: {53F35F28-49F1-5ABF-0000-0010F7740100}\r\nProcessId: 1316\r\nImage: C:\\Windows\\Sysmon.exe\r\nImageLoaded: C:\\Windows\\System32\\pcasvc.dll\r\nFileVersion: 6.1.7600.16385 (win7_rtm.090713-1255)\r\nDescription: Servicio de compatibilidad de programas\r\nProduct: Sistema operativo Microsoft® Windows®\r\nCompany: Microsoft Corporation\r\nHashes: MD5=3AEAA8B561E63452C655DC0584922257,SHA256=04C072969B58657602EB0C21CEDF24FCEE14E61B90A0F758F93925EF2C9FC32D\r\nSigned: true\r\nSignature: Microsoft Windows\r\nSignatureStatus: Valid","Category":"Image loaded (rule: ImageLoad)","Opcode":"Información","UtcTime":"2018-03-31 10:08:26","ProcessGuid":"{53F35F28-49F1-5ABF-0000-0010F7740100}","ProcessId":"1316","Image":"C:\\Windows\\Sysmon.exe","ImageLoaded":"C:\\Windows\\System32\\pcasvc.dll","FileVersion":"6.1.7600.16385 (win7_rtm.090713-1255)","Description":"Servicio de compatibilidad de programas","Product":"Sistema operativo Microsoft® Windows®","Company":"Microsoft Corporation","Hashes":"MD5=3AEAA8B561E63452C655DC0584922257,SHA256=04C072969B58657602EB0C21CEDF24FCEE14E61B90A0F758F93925EF2C9FC32D","Signed":"true","Signature":"Microsoft Windows","SignatureStatus":"Valid","SourceModuleName":"in","SourceModuleType":"im_msvistalog"}]}]]
	at org.elasticsearch.action.support.replication.TransportReplicationAction$ReroutePhase.retryBecauseUnavailable(TransportReplicationAction.java:944) [elasticsearch-6.2.3.jar:6.2.3]
	at org.elasticsearch.action.support.replication.TransportReplicationAction$ReroutePhase.retryIfUnavailable(TransportReplicationAction.java:781) [elasticsearch-6.2.3.jar:6.2.3]
	at org.elasticsearch.action.support.replication.TransportReplicationAction$ReroutePhase.doRun(TransportReplicationAction.java:734) [elasticsearch-6.2.3.jar:6.2.3]
	at org.elasticsearch.common.util.concurrent.AbstractRunnable.run(AbstractRunnable.java:37) [elasticsearch-6.2.3.jar:6.2.3]
	at org.elasticsearch.action.support.replication.TransportReplicationAction$ReroutePhase$2.onTimeout(TransportReplicationAction.java:898) [elasticsearch-6.2.3.jar:6.2.3]
	at org.elasticsearch.cluster.ClusterStateObserver$ContextPreservingListener.onTimeout(ClusterStateObserver.java:317) [elasticsearch-6.2.3.jar:6.2.3]
	at org.elasticsearch.cluster.ClusterStateObserver$ObserverClusterStateListener.onTimeout(ClusterStateObserver.java:244) [elasticsearch-6.2.3.jar:6.2.3]
	at org.elasticsearch.cluster.service.ClusterApplierService$NotifyTimeout.run(ClusterApplierService.java:581) [elasticsearch-6.2.3.jar:6.2.3]
	at org.elasticsearch.common.util.concurrent.ThreadContext$ContextPreservingRunnable.run(ThreadContext.java:573) [elasticsearch-6.2.3.jar:6.2.3]
	at java.util.concurrent.ThreadPoolExecutor.runWorker(ThreadPoolExecutor.java:1149) [?:1.8.0_161]
	at java.util.concurrent.ThreadPoolExecutor$Worker.run(ThreadPoolExecutor.java:624) [?:1.8.0_161]
	at java.lang.Thread.run(Thread.java:748) [?:1.8.0_161]
