[2018-04-07T00:02:43,490][INFO ][o.e.n.Node               ] [] initializing ...
[2018-04-07T00:02:44,744][INFO ][o.e.e.NodeEnvironment    ] [ux-F9st] using [1] data paths, mounts [[/ (/dev/sda8)]], net usable_space [11.7gb], net total_space [30.6gb], types [ext4]
[2018-04-07T00:02:44,745][INFO ][o.e.e.NodeEnvironment    ] [ux-F9st] heap size [989.8mb], compressed ordinary object pointers [true]
[2018-04-07T00:02:44,806][INFO ][o.e.n.Node               ] node name [ux-F9st] derived from node ID [ux-F9stqTQi69sCKpspAig]; set [node.name] to override
[2018-04-07T00:02:44,807][INFO ][o.e.n.Node               ] version[6.2.3], pid[1752], build[c59ff00/2018-03-13T10:06:29.741383Z], OS[Linux/4.13.0-36-generic/amd64], JVM[Oracle Corporation/Java HotSpot(TM) 64-Bit Server VM/1.8.0_161/25.161-b12]
[2018-04-07T00:02:44,807][INFO ][o.e.n.Node               ] JVM arguments [-Xms1g, -Xmx1g, -XX:+UseConcMarkSweepGC, -XX:CMSInitiatingOccupancyFraction=75, -XX:+UseCMSInitiatingOccupancyOnly, -XX:+AlwaysPreTouch, -Xss1m, -Djava.awt.headless=true, -Dfile.encoding=UTF-8, -Djna.nosys=true, -XX:-OmitStackTraceInFastThrow, -Dio.netty.noUnsafe=true, -Dio.netty.noKeySetOptimization=true, -Dio.netty.recycler.maxCapacityPerThread=0, -Dlog4j.shutdownHookEnabled=false, -Dlog4j2.disable.jmx=true, -Djava.io.tmpdir=/tmp/elasticsearch.iBQ8Ggt1, -XX:+HeapDumpOnOutOfMemoryError, -XX:+PrintGCDetails, -XX:+PrintGCDateStamps, -XX:+PrintTenuringDistribution, -XX:+PrintGCApplicationStoppedTime, -Xloggc:logs/gc.log, -XX:+UseGCLogFileRotation, -XX:NumberOfGCLogFiles=32, -XX:GCLogFileSize=64m, -Des.path.home=/home/cuckoo/elasticsearch, -Des.path.conf=/home/cuckoo/elasticsearch/config]
[2018-04-07T00:02:46,847][INFO ][o.e.p.PluginsService     ] [ux-F9st] loaded module [aggs-matrix-stats]
[2018-04-07T00:02:46,848][INFO ][o.e.p.PluginsService     ] [ux-F9st] loaded module [analysis-common]
[2018-04-07T00:02:46,848][INFO ][o.e.p.PluginsService     ] [ux-F9st] loaded module [ingest-common]
[2018-04-07T00:02:46,848][INFO ][o.e.p.PluginsService     ] [ux-F9st] loaded module [lang-expression]
[2018-04-07T00:02:46,848][INFO ][o.e.p.PluginsService     ] [ux-F9st] loaded module [lang-mustache]
[2018-04-07T00:02:46,848][INFO ][o.e.p.PluginsService     ] [ux-F9st] loaded module [lang-painless]
[2018-04-07T00:02:46,848][INFO ][o.e.p.PluginsService     ] [ux-F9st] loaded module [mapper-extras]
[2018-04-07T00:02:46,848][INFO ][o.e.p.PluginsService     ] [ux-F9st] loaded module [parent-join]
[2018-04-07T00:02:46,848][INFO ][o.e.p.PluginsService     ] [ux-F9st] loaded module [percolator]
[2018-04-07T00:02:46,849][INFO ][o.e.p.PluginsService     ] [ux-F9st] loaded module [rank-eval]
[2018-04-07T00:02:46,849][INFO ][o.e.p.PluginsService     ] [ux-F9st] loaded module [reindex]
[2018-04-07T00:02:46,849][INFO ][o.e.p.PluginsService     ] [ux-F9st] loaded module [repository-url]
[2018-04-07T00:02:46,849][INFO ][o.e.p.PluginsService     ] [ux-F9st] loaded module [transport-netty4]
[2018-04-07T00:02:46,849][INFO ][o.e.p.PluginsService     ] [ux-F9st] loaded module [tribe]
[2018-04-07T00:02:46,850][INFO ][o.e.p.PluginsService     ] [ux-F9st] no plugins loaded
[2018-04-07T00:02:52,779][INFO ][o.e.d.DiscoveryModule    ] [ux-F9st] using discovery type [zen]
[2018-04-07T00:02:53,361][INFO ][o.e.n.Node               ] initialized
[2018-04-07T00:02:53,361][INFO ][o.e.n.Node               ] [ux-F9st] starting ...
[2018-04-07T00:02:53,584][INFO ][o.e.t.TransportService   ] [ux-F9st] publish_address {192.168.56.1:9300}, bound_addresses {192.168.56.1:9300}
[2018-04-07T00:02:53,602][INFO ][o.e.b.BootstrapChecks    ] [ux-F9st] bound or publishing to a non-loopback address, enforcing bootstrap checks
[2018-04-07T00:02:56,689][INFO ][o.e.c.s.MasterService    ] [ux-F9st] zen-disco-elected-as-master ([0] nodes joined), reason: new_master {ux-F9st}{ux-F9stqTQi69sCKpspAig}{WgrC67IJSMOXfKcp9AfhiQ}{192.168.56.1}{192.168.56.1:9300}
[2018-04-07T00:02:56,694][INFO ][o.e.c.s.ClusterApplierService] [ux-F9st] new_master {ux-F9st}{ux-F9stqTQi69sCKpspAig}{WgrC67IJSMOXfKcp9AfhiQ}{192.168.56.1}{192.168.56.1:9300}, reason: apply cluster state (from master [master {ux-F9st}{ux-F9stqTQi69sCKpspAig}{WgrC67IJSMOXfKcp9AfhiQ}{192.168.56.1}{192.168.56.1:9300} committed version [1] source [zen-disco-elected-as-master ([0] nodes joined)]])
[2018-04-07T00:02:56,795][INFO ][o.e.h.n.Netty4HttpServerTransport] [ux-F9st] publish_address {192.168.56.1:9200}, bound_addresses {192.168.56.1:9200}
[2018-04-07T00:02:56,795][INFO ][o.e.n.Node               ] [ux-F9st] started
[2018-04-07T00:02:57,330][INFO ][o.e.g.GatewayService     ] [ux-F9st] recovered [3] indices into cluster_state
[2018-04-07T00:04:03,292][INFO ][o.e.c.m.MetaDataDeleteIndexService] [ux-F9st] [.kibana/xLnRkMXASOaRNoFhkAsBlg] deleting index
[2018-04-07T00:04:03,293][INFO ][o.e.c.m.MetaDataDeleteIndexService] [ux-F9st] [logstash-2018.03.31/NjiCAmQOTIqhSQj2QVwrrw] deleting index
[2018-04-07T00:04:03,293][INFO ][o.e.c.m.MetaDataDeleteIndexService] [ux-F9st] [logstash-2018.04.06/WdT-mYujTkq-XMzQTWZnsw] deleting index
[2018-04-07T00:05:33,851][INFO ][o.e.c.m.MetaDataCreateIndexService] [ux-F9st] [logstash-20180331] creating index, cause [auto(bulk api)], templates [logstash], shards [1]/[1], mappings [_default_]
[2018-04-07T00:05:33,852][INFO ][o.e.c.r.a.AllocationService] [ux-F9st] Cluster health status changed from [YELLOW] to [RED] (reason: [index [logstash-20180331] created]).
[2018-04-07T00:07:33,045][INFO ][o.e.c.m.MetaDataCreateIndexService] [ux-F9st] [nxlog-2018.03.31.12.08] creating index, cause [auto(bulk api)], templates [nxlog], shards [5]/[1], mappings [_default_]
[2018-04-07T00:07:34,844][INFO ][o.e.c.m.MetaDataMappingService] [ux-F9st] [nxlog-2018.03.31.12.08/N32x-bssThe9SwOBRPtHCg] create_mapping [in]
[2018-04-07T00:07:40,214][INFO ][o.e.c.m.MetaDataCreateIndexService] [ux-F9st] [nxlog-2018.03.31.12.09] creating index, cause [auto(bulk api)], templates [nxlog], shards [5]/[1], mappings [_default_]
[2018-04-07T00:07:42,095][INFO ][o.e.c.m.MetaDataMappingService] [ux-F9st] [nxlog-2018.03.31.12.09/TgBv_P7KSZeapl7r4ghc4A] create_mapping [in]
[2018-04-07T00:07:43,255][INFO ][o.e.c.m.MetaDataCreateIndexService] [ux-F9st] [nxlog-2018.03.31.14.00] creating index, cause [auto(bulk api)], templates [nxlog], shards [5]/[1], mappings [_default_]
[2018-04-07T00:07:46,366][INFO ][o.e.c.m.MetaDataMappingService] [ux-F9st] [nxlog-2018.03.31.14.00/IBCScz2JRpm8oCebyDIVgg] create_mapping [in]
[2018-04-07T00:07:53,622][INFO ][o.e.c.m.MetaDataCreateIndexService] [ux-F9st] [.kibana] creating index, cause [auto(bulk api)], templates [kibana_index_template:.kibana], shards [1]/[1], mappings [doc]
[2018-04-07T00:07:53,886][INFO ][o.e.c.m.MetaDataUpdateSettingsService] [ux-F9st] updating number_of_replicas to [0] for indices [.kibana]
[2018-04-07T00:07:53,898][INFO ][o.e.c.m.MetaDataUpdateSettingsService] [ux-F9st] [.kibana/dIENvXAvQmySPjDn89Fl0g] auto expanded replicas to [0]
[2018-04-07T00:09:25,217][INFO ][o.e.c.m.MetaDataCreateIndexService] [ux-F9st] [nxlog-2018.03.31.14.02] creating index, cause [auto(bulk api)], templates [nxlog], shards [5]/[1], mappings [_default_]
[2018-04-07T00:09:26,936][INFO ][o.e.c.m.MetaDataMappingService] [ux-F9st] [nxlog-2018.03.31.14.02/EIOP0JV3Qf2wnTaYWNuY7A] create_mapping [in]
[2018-04-07T00:10:22,361][INFO ][o.e.c.m.MetaDataCreateIndexService] [ux-F9st] [nxlog-2018.03.31.14.03] creating index, cause [auto(bulk api)], templates [nxlog], shards [5]/[1], mappings [_default_]
[2018-04-07T00:10:23,965][INFO ][o.e.c.m.MetaDataMappingService] [ux-F9st] [nxlog-2018.03.31.14.03/sU2xLBfjRfSN0ypVgQZ9-Q] create_mapping [in]
[2018-04-07T00:11:33,891][INFO ][o.e.c.m.MetaDataCreateIndexService] [ux-F9st] [nxlog-2018.03.31.14.04] creating index, cause [auto(bulk api)], templates [nxlog], shards [5]/[1], mappings [_default_]
[2018-04-07T00:11:35,944][INFO ][o.e.c.m.MetaDataMappingService] [ux-F9st] [nxlog-2018.03.31.14.04/uuYedkaUQnGWF0SeWAcmPg] create_mapping [in]
[2018-04-07T00:13:30,027][INFO ][o.e.c.m.MetaDataCreateIndexService] [ux-F9st] [nxlog-2018.03.31.14.06] creating index, cause [auto(bulk api)], templates [nxlog], shards [5]/[1], mappings [_default_]
[2018-04-07T00:13:31,475][INFO ][o.e.c.m.MetaDataMappingService] [ux-F9st] [nxlog-2018.03.31.14.06/p2iIro9ERmGql2wG1p1hIg] create_mapping [in]
[2018-04-07T00:13:44,049][INFO ][o.e.c.m.MetaDataMappingService] [ux-F9st] [nxlog-2018.03.31.14.06/p2iIro9ERmGql2wG1p1hIg] update_mapping [in]
[2018-04-07T00:14:25,070][INFO ][o.e.c.m.MetaDataMappingService] [ux-F9st] [.kibana/dIENvXAvQmySPjDn89Fl0g] update_mapping [doc]
[2018-04-07T00:14:30,114][INFO ][o.e.c.m.MetaDataCreateIndexService] [ux-F9st] [nxlog-2018.03.31.14.07] creating index, cause [auto(bulk api)], templates [nxlog], shards [5]/[1], mappings [_default_]
[2018-04-07T00:14:31,932][INFO ][o.e.c.m.MetaDataMappingService] [ux-F9st] [nxlog-2018.03.31.14.07/6MA89ytKS26VS-OzMEou7A] create_mapping [in]
[2018-04-07T00:18:35,516][INFO ][o.e.c.m.MetaDataCreateIndexService] [ux-F9st] [nxlog-2018.03.31.14.11] creating index, cause [auto(bulk api)], templates [nxlog], shards [1]/[1], mappings [_default_]
[2018-04-07T00:19:45,538][WARN ][r.suppressed             ] path: /nxlog-2018.03.31.14.11/in, params: {index=nxlog-2018.03.31.14.11, type=in}
org.elasticsearch.action.UnavailableShardsException: [nxlog-2018.03.31.14.11][0] primary shard is not active Timeout: [1m], request: [BulkShardRequest [[nxlog-2018.03.31.14.11][0]] containing [index {[nxlog-2018.03.31.14.11][in][pE4KnWIBZOTYwWd_Xxqd], source[{"EventTime":"2018-03-31 14:11:25","Hostname":"john-PC","Keywords":-9223372036854775808,"EventType":"INFO","SeverityValue":2,"Severity":"INFO","EventID":3,"SourceName":"Microsoft-Windows-Sysmon","ProviderGuid":"{5770385F-C22A-43E0-BF4C-06F5698FFBD9}","Version":5,"Task":3,"OpcodeValue":0,"RecordNumber":60865500,"ExecutionProcessID":1660,"ExecutionThreadID":1864,"Channel":"Microsoft-Windows-Sysmon/Operational","Domain":"NT AUTHORITY","AccountName":"SYSTEM","UserID":"S-1-5-18","AccountType":"User","Message":"Network connection detected:\r\nUtcTime: 2018-03-31 12:11:31.442\r\nProcessGuid: {53F35F28-68A0-5ABF-0000-0010D47E1610}\r\nProcessId: 2488\r\nImage: C:\\Users\\john\\Downloads\\GoogleChromePortable\\App\\Chrome-bin\\chrome.exe\r\nUser: john-PC\\john\r\nProtocol: udp\r\nInitiated: true\r\nSourceIsIpv6: false\r\nSourceIp: 192.168.56.102\r\nSourceHostname: john-PC\r\nSourcePort: 55384\r\nSourcePortName: \r\nDestinationIsIpv6: false\r\nDestinationIp: 216.58.210.142\r\nDestinationHostname: mad06s09-in-f142.1e100.net\r\nDestinationPort: 443\r\nDestinationPortName: https","Category":"Network connection detected (rule: NetworkConnect)","Opcode":"InformaciĂłn","UtcTime":"2018-03-31 12:11:31.442","ProcessGuid":"{53F35F28-68A0-5ABF-0000-0010D47E1610}","ProcessId":"2488","Image":"C:\\Users\\john\\Downloads\\GoogleChromePortable\\App\\Chrome-bin\\chrome.exe","User":"john-PC\\john","Protocol":"udp","Initiated":"true","SourceIsIpv6":"false","SourceIp":"192.168.56.102","SourceHostname":"john-PC","SourcePort":"55384","DestinationIsIpv6":"false","DestinationIp":"216.58.210.142","DestinationHostname":"mad06s09-in-f142.1e100.net","DestinationPort":"443","DestinationPortName":"https","SourceModuleName":"in","SourceModuleType":"im_msvistalog"}]}]]
	at org.elasticsearch.action.support.replication.TransportReplicationAction$ReroutePhase.retryBecauseUnavailable(TransportReplicationAction.java:944) [elasticsearch-6.2.3.jar:6.2.3]
	at org.elasticsearch.action.support.replication.TransportReplicationAction$ReroutePhase.retryIfUnavailable(TransportReplicationAction.java:781) [elasticsearch-6.2.3.jar:6.2.3]
	at org.elasticsearch.action.support.replication.TransportReplicationAction$ReroutePhase.doRun(TransportReplicationAction.java:734) [elasticsearch-6.2.3.jar:6.2.3]
	at org.elasticsearch.common.util.concurrent.AbstractRunnable.run(AbstractRunnable.java:37) [elasticsearch-6.2.3.jar:6.2.3]
	at org.elasticsearch.action.support.replication.TransportReplicationAction$ReroutePhase$2.onTimeout(TransportReplicationAction.java:898) [elasticsearch-6.2.3.jar:6.2.3]
	at org.elasticsearch.cluster.ClusterStateObserver$ContextPreservingListener.onTimeout(ClusterStateObserver.java:317) [elasticsearch-6.2.3.jar:6.2.3]
	at org.elasticsearch.cluster.ClusterStateObserver$ObserverClusterStateListener.onTimeout(ClusterStateObserver.java:244) [elasticsearch-6.2.3.jar:6.2.3]
	at org.elasticsearch.cluster.service.ClusterApplierService$NotifyTimeout.run(ClusterApplierService.java:581) [elasticsearch-6.2.3.jar:6.2.3]
	at org.elasticsearch.common.util.concurrent.ThreadContext$ContextPreservingRunnable.run(ThreadContext.java:573) [elasticsearch-6.2.3.jar:6.2.3]
	at java.util.concurrent.ThreadPoolExecutor.runWorker(ThreadPoolExecutor.java:1149) [?:1.8.0_161]
	at java.util.concurrent.ThreadPoolExecutor$Worker.run(ThreadPoolExecutor.java:624) [?:1.8.0_161]
	at java.lang.Thread.run(Thread.java:748) [?:1.8.0_161]
[2018-04-07T00:19:55,556][WARN ][r.suppressed             ] path: /nxlog-2018.03.31.14.11/in, params: {index=nxlog-2018.03.31.14.11, type=in}
org.elasticsearch.action.UnavailableShardsException: [nxlog-2018.03.31.14.11][0] primary shard is not active Timeout: [1m], request: [BulkShardRequest [[nxlog-2018.03.31.14.11][0]] containing [index {[nxlog-2018.03.31.14.11][in][pU4KnWIBZOTYwWd_hhrC], source[{"EventTime":"2018-03-31 14:11:25","Hostname":"john-PC","Keywords":-9223372036854775808,"EventType":"INFO","SeverityValue":2,"Severity":"INFO","EventID":3,"SourceName":"Microsoft-Windows-Sysmon","ProviderGuid":"{5770385F-C22A-43E0-BF4C-06F5698FFBD9}","Version":5,"Task":3,"OpcodeValue":0,"RecordNumber":60865500,"ExecutionProcessID":1660,"ExecutionThreadID":1864,"Channel":"Microsoft-Windows-Sysmon/Operational","Domain":"NT AUTHORITY","AccountName":"SYSTEM","UserID":"S-1-5-18","AccountType":"User","Message":"Network connection detected:\r\nUtcTime: 2018-03-31 12:11:31.442\r\nProcessGuid: {53F35F28-68A0-5ABF-0000-0010D47E1610}\r\nProcessId: 2488\r\nImage: C:\\Users\\john\\Downloads\\GoogleChromePortable\\App\\Chrome-bin\\chrome.exe\r\nUser: john-PC\\john\r\nProtocol: udp\r\nInitiated: true\r\nSourceIsIpv6: false\r\nSourceIp: 192.168.56.102\r\nSourceHostname: john-PC\r\nSourcePort: 55384\r\nSourcePortName: \r\nDestinationIsIpv6: false\r\nDestinationIp: 216.58.210.142\r\nDestinationHostname: mad06s09-in-f142.1e100.net\r\nDestinationPort: 443\r\nDestinationPortName: https","Category":"Network connection detected (rule: NetworkConnect)","Opcode":"InformaciĂłn","UtcTime":"2018-03-31 12:11:31.442","ProcessGuid":"{53F35F28-68A0-5ABF-0000-0010D47E1610}","ProcessId":"2488","Image":"C:\\Users\\john\\Downloads\\GoogleChromePortable\\App\\Chrome-bin\\chrome.exe","User":"john-PC\\john","Protocol":"udp","Initiated":"true","SourceIsIpv6":"false","SourceIp":"192.168.56.102","SourceHostname":"john-PC","SourcePort":"55384","DestinationIsIpv6":"false","DestinationIp":"216.58.210.142","DestinationHostname":"mad06s09-in-f142.1e100.net","DestinationPort":"443","DestinationPortName":"https","SourceModuleName":"in","SourceModuleType":"im_msvistalog"}]}]]
	at org.elasticsearch.action.support.replication.TransportReplicationAction$ReroutePhase.retryBecauseUnavailable(TransportReplicationAction.java:944) [elasticsearch-6.2.3.jar:6.2.3]
	at org.elasticsearch.action.support.replication.TransportReplicationAction$ReroutePhase.retryIfUnavailable(TransportReplicationAction.java:781) [elasticsearch-6.2.3.jar:6.2.3]
	at org.elasticsearch.action.support.replication.TransportReplicationAction$ReroutePhase.doRun(TransportReplicationAction.java:734) [elasticsearch-6.2.3.jar:6.2.3]
	at org.elasticsearch.common.util.concurrent.AbstractRunnable.run(AbstractRunnable.java:37) [elasticsearch-6.2.3.jar:6.2.3]
	at org.elasticsearch.action.support.replication.TransportReplicationAction$ReroutePhase$2.onTimeout(TransportReplicationAction.java:898) [elasticsearch-6.2.3.jar:6.2.3]
	at org.elasticsearch.cluster.ClusterStateObserver$ContextPreservingListener.onTimeout(ClusterStateObserver.java:317) [elasticsearch-6.2.3.jar:6.2.3]
	at org.elasticsearch.cluster.ClusterStateObserver$ObserverClusterStateListener.onTimeout(ClusterStateObserver.java:244) [elasticsearch-6.2.3.jar:6.2.3]
	at org.elasticsearch.cluster.service.ClusterApplierService$NotifyTimeout.run(ClusterApplierService.java:581) [elasticsearch-6.2.3.jar:6.2.3]
	at org.elasticsearch.common.util.concurrent.ThreadContext$ContextPreservingRunnable.run(ThreadContext.java:573) [elasticsearch-6.2.3.jar:6.2.3]
	at java.util.concurrent.ThreadPoolExecutor.runWorker(ThreadPoolExecutor.java:1149) [?:1.8.0_161]
	at java.util.concurrent.ThreadPoolExecutor$Worker.run(ThreadPoolExecutor.java:624) [?:1.8.0_161]
	at java.lang.Thread.run(Thread.java:748) [?:1.8.0_161]
[2018-04-07T00:20:05,573][WARN ][r.suppressed             ] path: /nxlog-2018.03.31.14.11/in, params: {index=nxlog-2018.03.31.14.11, type=in}
org.elasticsearch.action.UnavailableShardsException: [nxlog-2018.03.31.14.11][0] primary shard is not active Timeout: [1m], request: [BulkShardRequest [[nxlog-2018.03.31.14.11][0]] containing [index {[nxlog-2018.03.31.14.11][in][pk4KnWIBZOTYwWd_rRrk], source[{"EventTime":"2018-03-31 14:11:25","Hostname":"john-PC","Keywords":-9223372036854775808,"EventType":"INFO","SeverityValue":2,"Severity":"INFO","EventID":3,"SourceName":"Microsoft-Windows-Sysmon","ProviderGuid":"{5770385F-C22A-43E0-BF4C-06F5698FFBD9}","Version":5,"Task":3,"OpcodeValue":0,"RecordNumber":60865500,"ExecutionProcessID":1660,"ExecutionThreadID":1864,"Channel":"Microsoft-Windows-Sysmon/Operational","Domain":"NT AUTHORITY","AccountName":"SYSTEM","UserID":"S-1-5-18","AccountType":"User","Message":"Network connection detected:\r\nUtcTime: 2018-03-31 12:11:31.442\r\nProcessGuid: {53F35F28-68A0-5ABF-0000-0010D47E1610}\r\nProcessId: 2488\r\nImage: C:\\Users\\john\\Downloads\\GoogleChromePortable\\App\\Chrome-bin\\chrome.exe\r\nUser: john-PC\\john\r\nProtocol: udp\r\nInitiated: true\r\nSourceIsIpv6: false\r\nSourceIp: 192.168.56.102\r\nSourceHostname: john-PC\r\nSourcePort: 55384\r\nSourcePortName: \r\nDestinationIsIpv6: false\r\nDestinationIp: 216.58.210.142\r\nDestinationHostname: mad06s09-in-f142.1e100.net\r\nDestinationPort: 443\r\nDestinationPortName: https","Category":"Network connection detected (rule: NetworkConnect)","Opcode":"InformaciĂłn","UtcTime":"2018-03-31 12:11:31.442","ProcessGuid":"{53F35F28-68A0-5ABF-0000-0010D47E1610}","ProcessId":"2488","Image":"C:\\Users\\john\\Downloads\\GoogleChromePortable\\App\\Chrome-bin\\chrome.exe","User":"john-PC\\john","Protocol":"udp","Initiated":"true","SourceIsIpv6":"false","SourceIp":"192.168.56.102","SourceHostname":"john-PC","SourcePort":"55384","DestinationIsIpv6":"false","DestinationIp":"216.58.210.142","DestinationHostname":"mad06s09-in-f142.1e100.net","DestinationPort":"443","DestinationPortName":"https","SourceModuleName":"in","SourceModuleType":"im_msvistalog"}]}]]
	at org.elasticsearch.action.support.replication.TransportReplicationAction$ReroutePhase.retryBecauseUnavailable(TransportReplicationAction.java:944) [elasticsearch-6.2.3.jar:6.2.3]
	at org.elasticsearch.action.support.replication.TransportReplicationAction$ReroutePhase.retryIfUnavailable(TransportReplicationAction.java:781) [elasticsearch-6.2.3.jar:6.2.3]
	at org.elasticsearch.action.support.replication.TransportReplicationAction$ReroutePhase.doRun(TransportReplicationAction.java:734) [elasticsearch-6.2.3.jar:6.2.3]
	at org.elasticsearch.common.util.concurrent.AbstractRunnable.run(AbstractRunnable.java:37) [elasticsearch-6.2.3.jar:6.2.3]
	at org.elasticsearch.action.support.replication.TransportReplicationAction$ReroutePhase$2.onTimeout(TransportReplicationAction.java:898) [elasticsearch-6.2.3.jar:6.2.3]
	at org.elasticsearch.cluster.ClusterStateObserver$ContextPreservingListener.onTimeout(ClusterStateObserver.java:317) [elasticsearch-6.2.3.jar:6.2.3]
	at org.elasticsearch.cluster.ClusterStateObserver$ObserverClusterStateListener.onTimeout(ClusterStateObserver.java:244) [elasticsearch-6.2.3.jar:6.2.3]
	at org.elasticsearch.cluster.service.ClusterApplierService$NotifyTimeout.run(ClusterApplierService.java:581) [elasticsearch-6.2.3.jar:6.2.3]
	at org.elasticsearch.common.util.concurrent.ThreadContext$ContextPreservingRunnable.run(ThreadContext.java:573) [elasticsearch-6.2.3.jar:6.2.3]
	at java.util.concurrent.ThreadPoolExecutor.runWorker(ThreadPoolExecutor.java:1149) [?:1.8.0_161]
	at java.util.concurrent.ThreadPoolExecutor$Worker.run(ThreadPoolExecutor.java:624) [?:1.8.0_161]
	at java.lang.Thread.run(Thread.java:748) [?:1.8.0_161]
[2018-04-07T00:20:05,609][WARN ][r.suppressed             ] path: /nxlog-2018.03.31.14.11/in, params: {index=nxlog-2018.03.31.14.11, type=in}
org.elasticsearch.action.UnavailableShardsException: [nxlog-2018.03.31.14.11][0] primary shard is not active Timeout: [1m], request: [BulkShardRequest [[nxlog-2018.03.31.14.11][0]] containing [index {[nxlog-2018.03.31.14.11][in][p04KnWIBZOTYwWd_rhoI], source[{"EventTime":"2018-03-31 14:11:25","Hostname":"john-PC","Keywords":-9223372036854775808,"EventType":"INFO","SeverityValue":2,"Severity":"INFO","EventID":3,"SourceName":"Microsoft-Windows-Sysmon","ProviderGuid":"{5770385F-C22A-43E0-BF4C-06F5698FFBD9}","Version":5,"Task":3,"OpcodeValue":0,"RecordNumber":60865500,"ExecutionProcessID":1660,"ExecutionThreadID":1864,"Channel":"Microsoft-Windows-Sysmon/Operational","Domain":"NT AUTHORITY","AccountName":"SYSTEM","UserID":"S-1-5-18","AccountType":"User","Message":"Network connection detected:\r\nUtcTime: 2018-03-31 12:11:31.442\r\nProcessGuid: {53F35F28-68A0-5ABF-0000-0010D47E1610}\r\nProcessId: 2488\r\nImage: C:\\Users\\john\\Downloads\\GoogleChromePortable\\App\\Chrome-bin\\chrome.exe\r\nUser: john-PC\\john\r\nProtocol: udp\r\nInitiated: true\r\nSourceIsIpv6: false\r\nSourceIp: 192.168.56.102\r\nSourceHostname: john-PC\r\nSourcePort: 55384\r\nSourcePortName: \r\nDestinationIsIpv6: false\r\nDestinationIp: 216.58.210.142\r\nDestinationHostname: mad06s09-in-f142.1e100.net\r\nDestinationPort: 443\r\nDestinationPortName: https","Category":"Network connection detected (rule: NetworkConnect)","Opcode":"InformaciĂłn","UtcTime":"2018-03-31 12:11:31.442","ProcessGuid":"{53F35F28-68A0-5ABF-0000-0010D47E1610}","ProcessId":"2488","Image":"C:\\Users\\john\\Downloads\\GoogleChromePortable\\App\\Chrome-bin\\chrome.exe","User":"john-PC\\john","Protocol":"udp","Initiated":"true","SourceIsIpv6":"false","SourceIp":"192.168.56.102","SourceHostname":"john-PC","SourcePort":"55384","DestinationIsIpv6":"false","DestinationIp":"216.58.210.142","DestinationHostname":"mad06s09-in-f142.1e100.net","DestinationPort":"443","DestinationPortName":"https","SourceModuleName":"in","SourceModuleType":"im_msvistalog"}]}]]
	at org.elasticsearch.action.support.replication.TransportReplicationAction$ReroutePhase.retryBecauseUnavailable(TransportReplicationAction.java:944) [elasticsearch-6.2.3.jar:6.2.3]
	at org.elasticsearch.action.support.replication.TransportReplicationAction$ReroutePhase.retryIfUnavailable(TransportReplicationAction.java:781) [elasticsearch-6.2.3.jar:6.2.3]
	at org.elasticsearch.action.support.replication.TransportReplicationAction$ReroutePhase.doRun(TransportReplicationAction.java:734) [elasticsearch-6.2.3.jar:6.2.3]
	at org.elasticsearch.common.util.concurrent.AbstractRunnable.run(AbstractRunnable.java:37) [elasticsearch-6.2.3.jar:6.2.3]
	at org.elasticsearch.action.support.replication.TransportReplicationAction$ReroutePhase$2.onTimeout(TransportReplicationAction.java:898) [elasticsearch-6.2.3.jar:6.2.3]
	at org.elasticsearch.cluster.ClusterStateObserver$ContextPreservingListener.onTimeout(ClusterStateObserver.java:317) [elasticsearch-6.2.3.jar:6.2.3]
	at org.elasticsearch.cluster.ClusterStateObserver$ObserverClusterStateListener.onTimeout(ClusterStateObserver.java:244) [elasticsearch-6.2.3.jar:6.2.3]
	at org.elasticsearch.cluster.service.ClusterApplierService$NotifyTimeout.run(ClusterApplierService.java:581) [elasticsearch-6.2.3.jar:6.2.3]
	at org.elasticsearch.common.util.concurrent.ThreadContext$ContextPreservingRunnable.run(ThreadContext.java:573) [elasticsearch-6.2.3.jar:6.2.3]
	at java.util.concurrent.ThreadPoolExecutor.runWorker(ThreadPoolExecutor.java:1149) [?:1.8.0_161]
	at java.util.concurrent.ThreadPoolExecutor$Worker.run(ThreadPoolExecutor.java:624) [?:1.8.0_161]
	at java.lang.Thread.run(Thread.java:748) [?:1.8.0_161]
[2018-04-07T00:20:15,593][WARN ][r.suppressed             ] path: /nxlog-2018.03.31.14.11/in, params: {index=nxlog-2018.03.31.14.11, type=in}
org.elasticsearch.action.UnavailableShardsException: [nxlog-2018.03.31.14.11][0] primary shard is not active Timeout: [1m], request: [BulkShardRequest [[nxlog-2018.03.31.14.11][0]] containing [index {[nxlog-2018.03.31.14.11][in][qE4KnWIBZOTYwWd_1RoI], source[{"EventTime":"2018-03-31 14:11:25","Hostname":"john-PC","Keywords":-9223372036854775808,"EventType":"INFO","SeverityValue":2,"Severity":"INFO","EventID":3,"SourceName":"Microsoft-Windows-Sysmon","ProviderGuid":"{5770385F-C22A-43E0-BF4C-06F5698FFBD9}","Version":5,"Task":3,"OpcodeValue":0,"RecordNumber":60865500,"ExecutionProcessID":1660,"ExecutionThreadID":1864,"Channel":"Microsoft-Windows-Sysmon/Operational","Domain":"NT AUTHORITY","AccountName":"SYSTEM","UserID":"S-1-5-18","AccountType":"User","Message":"Network connection detected:\r\nUtcTime: 2018-03-31 12:11:31.442\r\nProcessGuid: {53F35F28-68A0-5ABF-0000-0010D47E1610}\r\nProcessId: 2488\r\nImage: C:\\Users\\john\\Downloads\\GoogleChromePortable\\App\\Chrome-bin\\chrome.exe\r\nUser: john-PC\\john\r\nProtocol: udp\r\nInitiated: true\r\nSourceIsIpv6: false\r\nSourceIp: 192.168.56.102\r\nSourceHostname: john-PC\r\nSourcePort: 55384\r\nSourcePortName: \r\nDestinationIsIpv6: false\r\nDestinationIp: 216.58.210.142\r\nDestinationHostname: mad06s09-in-f142.1e100.net\r\nDestinationPort: 443\r\nDestinationPortName: https","Category":"Network connection detected (rule: NetworkConnect)","Opcode":"InformaciĂłn","UtcTime":"2018-03-31 12:11:31.442","ProcessGuid":"{53F35F28-68A0-5ABF-0000-0010D47E1610}","ProcessId":"2488","Image":"C:\\Users\\john\\Downloads\\GoogleChromePortable\\App\\Chrome-bin\\chrome.exe","User":"john-PC\\john","Protocol":"udp","Initiated":"true","SourceIsIpv6":"false","SourceIp":"192.168.56.102","SourceHostname":"john-PC","SourcePort":"55384","DestinationIsIpv6":"false","DestinationIp":"216.58.210.142","DestinationHostname":"mad06s09-in-f142.1e100.net","DestinationPort":"443","DestinationPortName":"https","SourceModuleName":"in","SourceModuleType":"im_msvistalog"}]}]]
	at org.elasticsearch.action.support.replication.TransportReplicationAction$ReroutePhase.retryBecauseUnavailable(TransportReplicationAction.java:944) [elasticsearch-6.2.3.jar:6.2.3]
	at org.elasticsearch.action.support.replication.TransportReplicationAction$ReroutePhase.retryIfUnavailable(TransportReplicationAction.java:781) [elasticsearch-6.2.3.jar:6.2.3]
	at org.elasticsearch.action.support.replication.TransportReplicationAction$ReroutePhase.doRun(TransportReplicationAction.java:734) [elasticsearch-6.2.3.jar:6.2.3]
	at org.elasticsearch.common.util.concurrent.AbstractRunnable.run(AbstractRunnable.java:37) [elasticsearch-6.2.3.jar:6.2.3]
	at org.elasticsearch.action.support.replication.TransportReplicationAction$ReroutePhase$2.onTimeout(TransportReplicationAction.java:898) [elasticsearch-6.2.3.jar:6.2.3]
	at org.elasticsearch.cluster.ClusterStateObserver$ContextPreservingListener.onTimeout(ClusterStateObserver.java:317) [elasticsearch-6.2.3.jar:6.2.3]
	at org.elasticsearch.cluster.ClusterStateObserver$ObserverClusterStateListener.onTimeout(ClusterStateObserver.java:244) [elasticsearch-6.2.3.jar:6.2.3]
	at org.elasticsearch.cluster.service.ClusterApplierService$NotifyTimeout.run(ClusterApplierService.java:581) [elasticsearch-6.2.3.jar:6.2.3]
	at org.elasticsearch.common.util.concurrent.ThreadContext$ContextPreservingRunnable.run(ThreadContext.java:573) [elasticsearch-6.2.3.jar:6.2.3]
	at java.util.concurrent.ThreadPoolExecutor.runWorker(ThreadPoolExecutor.java:1149) [?:1.8.0_161]
	at java.util.concurrent.ThreadPoolExecutor$Worker.run(ThreadPoolExecutor.java:624) [?:1.8.0_161]
	at java.lang.Thread.run(Thread.java:748) [?:1.8.0_161]
[2018-04-07T00:20:25,611][WARN ][r.suppressed             ] path: /nxlog-2018.03.31.14.11/in, params: {index=nxlog-2018.03.31.14.11, type=in}
org.elasticsearch.action.UnavailableShardsException: [nxlog-2018.03.31.14.11][0] primary shard is not active Timeout: [1m], request: [BulkShardRequest [[nxlog-2018.03.31.14.11][0]] containing [index {[nxlog-2018.03.31.14.11][in][qU4KnWIBZOTYwWd__Boq], source[{"EventTime":"2018-03-31 14:11:25","Hostname":"john-PC","Keywords":-9223372036854775808,"EventType":"INFO","SeverityValue":2,"Severity":"INFO","EventID":3,"SourceName":"Microsoft-Windows-Sysmon","ProviderGuid":"{5770385F-C22A-43E0-BF4C-06F5698FFBD9}","Version":5,"Task":3,"OpcodeValue":0,"RecordNumber":60865500,"ExecutionProcessID":1660,"ExecutionThreadID":1864,"Channel":"Microsoft-Windows-Sysmon/Operational","Domain":"NT AUTHORITY","AccountName":"SYSTEM","UserID":"S-1-5-18","AccountType":"User","Message":"Network connection detected:\r\nUtcTime: 2018-03-31 12:11:31.442\r\nProcessGuid: {53F35F28-68A0-5ABF-0000-0010D47E1610}\r\nProcessId: 2488\r\nImage: C:\\Users\\john\\Downloads\\GoogleChromePortable\\App\\Chrome-bin\\chrome.exe\r\nUser: john-PC\\john\r\nProtocol: udp\r\nInitiated: true\r\nSourceIsIpv6: false\r\nSourceIp: 192.168.56.102\r\nSourceHostname: john-PC\r\nSourcePort: 55384\r\nSourcePortName: \r\nDestinationIsIpv6: false\r\nDestinationIp: 216.58.210.142\r\nDestinationHostname: mad06s09-in-f142.1e100.net\r\nDestinationPort: 443\r\nDestinationPortName: https","Category":"Network connection detected (rule: NetworkConnect)","Opcode":"InformaciĂłn","UtcTime":"2018-03-31 12:11:31.442","ProcessGuid":"{53F35F28-68A0-5ABF-0000-0010D47E1610}","ProcessId":"2488","Image":"C:\\Users\\john\\Downloads\\GoogleChromePortable\\App\\Chrome-bin\\chrome.exe","User":"john-PC\\john","Protocol":"udp","Initiated":"true","SourceIsIpv6":"false","SourceIp":"192.168.56.102","SourceHostname":"john-PC","SourcePort":"55384","DestinationIsIpv6":"false","DestinationIp":"216.58.210.142","DestinationHostname":"mad06s09-in-f142.1e100.net","DestinationPort":"443","DestinationPortName":"https","SourceModuleName":"in","SourceModuleType":"im_msvistalog"}]}]]
	at org.elasticsearch.action.support.replication.TransportReplicationAction$ReroutePhase.retryBecauseUnavailable(TransportReplicationAction.java:944) [elasticsearch-6.2.3.jar:6.2.3]
	at org.elasticsearch.action.support.replication.TransportReplicationAction$ReroutePhase.retryIfUnavailable(TransportReplicationAction.java:781) [elasticsearch-6.2.3.jar:6.2.3]
	at org.elasticsearch.action.support.replication.TransportReplicationAction$ReroutePhase.doRun(TransportReplicationAction.java:734) [elasticsearch-6.2.3.jar:6.2.3]
	at org.elasticsearch.common.util.concurrent.AbstractRunnable.run(AbstractRunnable.java:37) [elasticsearch-6.2.3.jar:6.2.3]
	at org.elasticsearch.action.support.replication.TransportReplicationAction$ReroutePhase$2.onTimeout(TransportReplicationAction.java:898) [elasticsearch-6.2.3.jar:6.2.3]
	at org.elasticsearch.cluster.ClusterStateObserver$ContextPreservingListener.onTimeout(ClusterStateObserver.java:317) [elasticsearch-6.2.3.jar:6.2.3]
	at org.elasticsearch.cluster.ClusterStateObserver$ObserverClusterStateListener.onTimeout(ClusterStateObserver.java:244) [elasticsearch-6.2.3.jar:6.2.3]
	at org.elasticsearch.cluster.service.ClusterApplierService$NotifyTimeout.run(ClusterApplierService.java:581) [elasticsearch-6.2.3.jar:6.2.3]
	at org.elasticsearch.common.util.concurrent.ThreadContext$ContextPreservingRunnable.run(ThreadContext.java:573) [elasticsearch-6.2.3.jar:6.2.3]
	at java.util.concurrent.ThreadPoolExecutor.runWorker(ThreadPoolExecutor.java:1149) [?:1.8.0_161]
	at java.util.concurrent.ThreadPoolExecutor$Worker.run(ThreadPoolExecutor.java:624) [?:1.8.0_161]
	at java.lang.Thread.run(Thread.java:748) [?:1.8.0_161]
[2018-04-07T00:20:35,635][WARN ][r.suppressed             ] path: /nxlog-2018.03.31.14.11/in, params: {index=nxlog-2018.03.31.14.11, type=in}
org.elasticsearch.action.UnavailableShardsException: [nxlog-2018.03.31.14.11][0] primary shard is not active Timeout: [1m], request: [BulkShardRequest [[nxlog-2018.03.31.14.11][0]] containing [index {[nxlog-2018.03.31.14.11][in][qk4LnWIBZOTYwWd_IxpS], source[{"EventTime":"2018-03-31 14:11:25","Hostname":"john-PC","Keywords":-9223372036854775808,"EventType":"INFO","SeverityValue":2,"Severity":"INFO","EventID":3,"SourceName":"Microsoft-Windows-Sysmon","ProviderGuid":"{5770385F-C22A-43E0-BF4C-06F5698FFBD9}","Version":5,"Task":3,"OpcodeValue":0,"RecordNumber":60865500,"ExecutionProcessID":1660,"ExecutionThreadID":1864,"Channel":"Microsoft-Windows-Sysmon/Operational","Domain":"NT AUTHORITY","AccountName":"SYSTEM","UserID":"S-1-5-18","AccountType":"User","Message":"Network connection detected:\r\nUtcTime: 2018-03-31 12:11:31.442\r\nProcessGuid: {53F35F28-68A0-5ABF-0000-0010D47E1610}\r\nProcessId: 2488\r\nImage: C:\\Users\\john\\Downloads\\GoogleChromePortable\\App\\Chrome-bin\\chrome.exe\r\nUser: john-PC\\john\r\nProtocol: udp\r\nInitiated: true\r\nSourceIsIpv6: false\r\nSourceIp: 192.168.56.102\r\nSourceHostname: john-PC\r\nSourcePort: 55384\r\nSourcePortName: \r\nDestinationIsIpv6: false\r\nDestinationIp: 216.58.210.142\r\nDestinationHostname: mad06s09-in-f142.1e100.net\r\nDestinationPort: 443\r\nDestinationPortName: https","Category":"Network connection detected (rule: NetworkConnect)","Opcode":"InformaciĂłn","UtcTime":"2018-03-31 12:11:31.442","ProcessGuid":"{53F35F28-68A0-5ABF-0000-0010D47E1610}","ProcessId":"2488","Image":"C:\\Users\\john\\Downloads\\GoogleChromePortable\\App\\Chrome-bin\\chrome.exe","User":"john-PC\\john","Protocol":"udp","Initiated":"true","SourceIsIpv6":"false","SourceIp":"192.168.56.102","SourceHostname":"john-PC","SourcePort":"55384","DestinationIsIpv6":"false","DestinationIp":"216.58.210.142","DestinationHostname":"mad06s09-in-f142.1e100.net","DestinationPort":"443","DestinationPortName":"https","SourceModuleName":"in","SourceModuleType":"im_msvistalog"}]}]]
	at org.elasticsearch.action.support.replication.TransportReplicationAction$ReroutePhase.retryBecauseUnavailable(TransportReplicationAction.java:944) [elasticsearch-6.2.3.jar:6.2.3]
	at org.elasticsearch.action.support.replication.TransportReplicationAction$ReroutePhase.retryIfUnavailable(TransportReplicationAction.java:781) [elasticsearch-6.2.3.jar:6.2.3]
	at org.elasticsearch.action.support.replication.TransportReplicationAction$ReroutePhase.doRun(TransportReplicationAction.java:734) [elasticsearch-6.2.3.jar:6.2.3]
	at org.elasticsearch.common.util.concurrent.AbstractRunnable.run(AbstractRunnable.java:37) [elasticsearch-6.2.3.jar:6.2.3]
	at org.elasticsearch.action.support.replication.TransportReplicationAction$ReroutePhase$2.onTimeout(TransportReplicationAction.java:898) [elasticsearch-6.2.3.jar:6.2.3]
	at org.elasticsearch.cluster.ClusterStateObserver$ContextPreservingListener.onTimeout(ClusterStateObserver.java:317) [elasticsearch-6.2.3.jar:6.2.3]
	at org.elasticsearch.cluster.ClusterStateObserver$ObserverClusterStateListener.onTimeout(ClusterStateObserver.java:244) [elasticsearch-6.2.3.jar:6.2.3]
	at org.elasticsearch.cluster.service.ClusterApplierService$NotifyTimeout.run(ClusterApplierService.java:581) [elasticsearch-6.2.3.jar:6.2.3]
	at org.elasticsearch.common.util.concurrent.ThreadContext$ContextPreservingRunnable.run(ThreadContext.java:573) [elasticsearch-6.2.3.jar:6.2.3]
	at java.util.concurrent.ThreadPoolExecutor.runWorker(ThreadPoolExecutor.java:1149) [?:1.8.0_161]
	at java.util.concurrent.ThreadPoolExecutor$Worker.run(ThreadPoolExecutor.java:624) [?:1.8.0_161]
	at java.lang.Thread.run(Thread.java:748) [?:1.8.0_161]
[2018-04-07T00:20:45,650][WARN ][r.suppressed             ] path: /nxlog-2018.03.31.14.11/in, params: {index=nxlog-2018.03.31.14.11, type=in}
org.elasticsearch.action.UnavailableShardsException: [nxlog-2018.03.31.14.11][0] primary shard is not active Timeout: [1m], request: [BulkShardRequest [[nxlog-2018.03.31.14.11][0]] containing [index {[nxlog-2018.03.31.14.11][in][q04LnWIBZOTYwWd_Shpx], source[{"EventTime":"2018-03-31 14:11:25","Hostname":"john-PC","Keywords":-9223372036854775808,"EventType":"INFO","SeverityValue":2,"Severity":"INFO","EventID":3,"SourceName":"Microsoft-Windows-Sysmon","ProviderGuid":"{5770385F-C22A-43E0-BF4C-06F5698FFBD9}","Version":5,"Task":3,"OpcodeValue":0,"RecordNumber":60865500,"ExecutionProcessID":1660,"ExecutionThreadID":1864,"Channel":"Microsoft-Windows-Sysmon/Operational","Domain":"NT AUTHORITY","AccountName":"SYSTEM","UserID":"S-1-5-18","AccountType":"User","Message":"Network connection detected:\r\nUtcTime: 2018-03-31 12:11:31.442\r\nProcessGuid: {53F35F28-68A0-5ABF-0000-0010D47E1610}\r\nProcessId: 2488\r\nImage: C:\\Users\\john\\Downloads\\GoogleChromePortable\\App\\Chrome-bin\\chrome.exe\r\nUser: john-PC\\john\r\nProtocol: udp\r\nInitiated: true\r\nSourceIsIpv6: false\r\nSourceIp: 192.168.56.102\r\nSourceHostname: john-PC\r\nSourcePort: 55384\r\nSourcePortName: \r\nDestinationIsIpv6: false\r\nDestinationIp: 216.58.210.142\r\nDestinationHostname: mad06s09-in-f142.1e100.net\r\nDestinationPort: 443\r\nDestinationPortName: https","Category":"Network connection detected (rule: NetworkConnect)","Opcode":"InformaciĂłn","UtcTime":"2018-03-31 12:11:31.442","ProcessGuid":"{53F35F28-68A0-5ABF-0000-0010D47E1610}","ProcessId":"2488","Image":"C:\\Users\\john\\Downloads\\GoogleChromePortable\\App\\Chrome-bin\\chrome.exe","User":"john-PC\\john","Protocol":"udp","Initiated":"true","SourceIsIpv6":"false","SourceIp":"192.168.56.102","SourceHostname":"john-PC","SourcePort":"55384","DestinationIsIpv6":"false","DestinationIp":"216.58.210.142","DestinationHostname":"mad06s09-in-f142.1e100.net","DestinationPort":"443","DestinationPortName":"https","SourceModuleName":"in","SourceModuleType":"im_msvistalog"}]}]]
	at org.elasticsearch.action.support.replication.TransportReplicationAction$ReroutePhase.retryBecauseUnavailable(TransportReplicationAction.java:944) [elasticsearch-6.2.3.jar:6.2.3]
	at org.elasticsearch.action.support.replication.TransportReplicationAction$ReroutePhase.retryIfUnavailable(TransportReplicationAction.java:781) [elasticsearch-6.2.3.jar:6.2.3]
	at org.elasticsearch.action.support.replication.TransportReplicationAction$ReroutePhase.doRun(TransportReplicationAction.java:734) [elasticsearch-6.2.3.jar:6.2.3]
	at org.elasticsearch.common.util.concurrent.AbstractRunnable.run(AbstractRunnable.java:37) [elasticsearch-6.2.3.jar:6.2.3]
	at org.elasticsearch.action.support.replication.TransportReplicationAction$ReroutePhase$2.onTimeout(TransportReplicationAction.java:898) [elasticsearch-6.2.3.jar:6.2.3]
	at org.elasticsearch.cluster.ClusterStateObserver$ContextPreservingListener.onTimeout(ClusterStateObserver.java:317) [elasticsearch-6.2.3.jar:6.2.3]
	at org.elasticsearch.cluster.ClusterStateObserver$ObserverClusterStateListener.onTimeout(ClusterStateObserver.java:244) [elasticsearch-6.2.3.jar:6.2.3]
	at org.elasticsearch.cluster.service.ClusterApplierService$NotifyTimeout.run(ClusterApplierService.java:581) [elasticsearch-6.2.3.jar:6.2.3]
	at org.elasticsearch.common.util.concurrent.ThreadContext$ContextPreservingRunnable.run(ThreadContext.java:573) [elasticsearch-6.2.3.jar:6.2.3]
	at java.util.concurrent.ThreadPoolExecutor.runWorker(ThreadPoolExecutor.java:1149) [?:1.8.0_161]
	at java.util.concurrent.ThreadPoolExecutor$Worker.run(ThreadPoolExecutor.java:624) [?:1.8.0_161]
	at java.lang.Thread.run(Thread.java:748) [?:1.8.0_161]
[2018-04-07T00:20:55,665][WARN ][r.suppressed             ] path: /nxlog-2018.03.31.14.11/in, params: {index=nxlog-2018.03.31.14.11, type=in}
org.elasticsearch.action.UnavailableShardsException: [nxlog-2018.03.31.14.11][0] primary shard is not active Timeout: [1m], request: [BulkShardRequest [[nxlog-2018.03.31.14.11][0]] containing [index {[nxlog-2018.03.31.14.11][in][rE4LnWIBZOTYwWd_cRqQ], source[{"EventTime":"2018-03-31 14:11:25","Hostname":"john-PC","Keywords":-9223372036854775808,"EventType":"INFO","SeverityValue":2,"Severity":"INFO","EventID":3,"SourceName":"Microsoft-Windows-Sysmon","ProviderGuid":"{5770385F-C22A-43E0-BF4C-06F5698FFBD9}","Version":5,"Task":3,"OpcodeValue":0,"RecordNumber":60865500,"ExecutionProcessID":1660,"ExecutionThreadID":1864,"Channel":"Microsoft-Windows-Sysmon/Operational","Domain":"NT AUTHORITY","AccountName":"SYSTEM","UserID":"S-1-5-18","AccountType":"User","Message":"Network connection detected:\r\nUtcTime: 2018-03-31 12:11:31.442\r\nProcessGuid: {53F35F28-68A0-5ABF-0000-0010D47E1610}\r\nProcessId: 2488\r\nImage: C:\\Users\\john\\Downloads\\GoogleChromePortable\\App\\Chrome-bin\\chrome.exe\r\nUser: john-PC\\john\r\nProtocol: udp\r\nInitiated: true\r\nSourceIsIpv6: false\r\nSourceIp: 192.168.56.102\r\nSourceHostname: john-PC\r\nSourcePort: 55384\r\nSourcePortName: \r\nDestinationIsIpv6: false\r\nDestinationIp: 216.58.210.142\r\nDestinationHostname: mad06s09-in-f142.1e100.net\r\nDestinationPort: 443\r\nDestinationPortName: https","Category":"Network connection detected (rule: NetworkConnect)","Opcode":"InformaciĂłn","UtcTime":"2018-03-31 12:11:31.442","ProcessGuid":"{53F35F28-68A0-5ABF-0000-0010D47E1610}","ProcessId":"2488","Image":"C:\\Users\\john\\Downloads\\GoogleChromePortable\\App\\Chrome-bin\\chrome.exe","User":"john-PC\\john","Protocol":"udp","Initiated":"true","SourceIsIpv6":"false","SourceIp":"192.168.56.102","SourceHostname":"john-PC","SourcePort":"55384","DestinationIsIpv6":"false","DestinationIp":"216.58.210.142","DestinationHostname":"mad06s09-in-f142.1e100.net","DestinationPort":"443","DestinationPortName":"https","SourceModuleName":"in","SourceModuleType":"im_msvistalog"}]}]]
	at org.elasticsearch.action.support.replication.TransportReplicationAction$ReroutePhase.retryBecauseUnavailable(TransportReplicationAction.java:944) [elasticsearch-6.2.3.jar:6.2.3]
	at org.elasticsearch.action.support.replication.TransportReplicationAction$ReroutePhase.retryIfUnavailable(TransportReplicationAction.java:781) [elasticsearch-6.2.3.jar:6.2.3]
	at org.elasticsearch.action.support.replication.TransportReplicationAction$ReroutePhase.doRun(TransportReplicationAction.java:734) [elasticsearch-6.2.3.jar:6.2.3]
	at org.elasticsearch.common.util.concurrent.AbstractRunnable.run(AbstractRunnable.java:37) [elasticsearch-6.2.3.jar:6.2.3]
	at org.elasticsearch.action.support.replication.TransportReplicationAction$ReroutePhase$2.onTimeout(TransportReplicationAction.java:898) [elasticsearch-6.2.3.jar:6.2.3]
	at org.elasticsearch.cluster.ClusterStateObserver$ContextPreservingListener.onTimeout(ClusterStateObserver.java:317) [elasticsearch-6.2.3.jar:6.2.3]
	at org.elasticsearch.cluster.ClusterStateObserver$ObserverClusterStateListener.onTimeout(ClusterStateObserver.java:244) [elasticsearch-6.2.3.jar:6.2.3]
	at org.elasticsearch.cluster.service.ClusterApplierService$NotifyTimeout.run(ClusterApplierService.java:581) [elasticsearch-6.2.3.jar:6.2.3]
	at org.elasticsearch.common.util.concurrent.ThreadContext$ContextPreservingRunnable.run(ThreadContext.java:573) [elasticsearch-6.2.3.jar:6.2.3]
	at java.util.concurrent.ThreadPoolExecutor.runWorker(ThreadPoolExecutor.java:1149) [?:1.8.0_161]
	at java.util.concurrent.ThreadPoolExecutor$Worker.run(ThreadPoolExecutor.java:624) [?:1.8.0_161]
	at java.lang.Thread.run(Thread.java:748) [?:1.8.0_161]
[2018-04-07T00:21:05,693][WARN ][r.suppressed             ] path: /nxlog-2018.03.31.14.11/in, params: {index=nxlog-2018.03.31.14.11, type=in}
org.elasticsearch.action.UnavailableShardsException: [nxlog-2018.03.31.14.11][0] primary shard is not active Timeout: [1m], request: [BulkShardRequest [[nxlog-2018.03.31.14.11][0]] containing [index {[nxlog-2018.03.31.14.11][in][rU4LnWIBZOTYwWd_mBq8], source[{"EventTime":"2018-03-31 14:11:25","Hostname":"john-PC","Keywords":-9223372036854775808,"EventType":"INFO","SeverityValue":2,"Severity":"INFO","EventID":3,"SourceName":"Microsoft-Windows-Sysmon","ProviderGuid":"{5770385F-C22A-43E0-BF4C-06F5698FFBD9}","Version":5,"Task":3,"OpcodeValue":0,"RecordNumber":60865500,"ExecutionProcessID":1660,"ExecutionThreadID":1864,"Channel":"Microsoft-Windows-Sysmon/Operational","Domain":"NT AUTHORITY","AccountName":"SYSTEM","UserID":"S-1-5-18","AccountType":"User","Message":"Network connection detected:\r\nUtcTime: 2018-03-31 12:11:31.442\r\nProcessGuid: {53F35F28-68A0-5ABF-0000-0010D47E1610}\r\nProcessId: 2488\r\nImage: C:\\Users\\john\\Downloads\\GoogleChromePortable\\App\\Chrome-bin\\chrome.exe\r\nUser: john-PC\\john\r\nProtocol: udp\r\nInitiated: true\r\nSourceIsIpv6: false\r\nSourceIp: 192.168.56.102\r\nSourceHostname: john-PC\r\nSourcePort: 55384\r\nSourcePortName: \r\nDestinationIsIpv6: false\r\nDestinationIp: 216.58.210.142\r\nDestinationHostname: mad06s09-in-f142.1e100.net\r\nDestinationPort: 443\r\nDestinationPortName: https","Category":"Network connection detected (rule: NetworkConnect)","Opcode":"InformaciĂłn","UtcTime":"2018-03-31 12:11:31.442","ProcessGuid":"{53F35F28-68A0-5ABF-0000-0010D47E1610}","ProcessId":"2488","Image":"C:\\Users\\john\\Downloads\\GoogleChromePortable\\App\\Chrome-bin\\chrome.exe","User":"john-PC\\john","Protocol":"udp","Initiated":"true","SourceIsIpv6":"false","SourceIp":"192.168.56.102","SourceHostname":"john-PC","SourcePort":"55384","DestinationIsIpv6":"false","DestinationIp":"216.58.210.142","DestinationHostname":"mad06s09-in-f142.1e100.net","DestinationPort":"443","DestinationPortName":"https","SourceModuleName":"in","SourceModuleType":"im_msvistalog"}]}]]
	at org.elasticsearch.action.support.replication.TransportReplicationAction$ReroutePhase.retryBecauseUnavailable(TransportReplicationAction.java:944) [elasticsearch-6.2.3.jar:6.2.3]
	at org.elasticsearch.action.support.replication.TransportReplicationAction$ReroutePhase.retryIfUnavailable(TransportReplicationAction.java:781) [elasticsearch-6.2.3.jar:6.2.3]
	at org.elasticsearch.action.support.replication.TransportReplicationAction$ReroutePhase.doRun(TransportReplicationAction.java:734) [elasticsearch-6.2.3.jar:6.2.3]
	at org.elasticsearch.common.util.concurrent.AbstractRunnable.run(AbstractRunnable.java:37) [elasticsearch-6.2.3.jar:6.2.3]
	at org.elasticsearch.action.support.replication.TransportReplicationAction$ReroutePhase$2.onTimeout(TransportReplicationAction.java:898) [elasticsearch-6.2.3.jar:6.2.3]
	at org.elasticsearch.cluster.ClusterStateObserver$ContextPreservingListener.onTimeout(ClusterStateObserver.java:317) [elasticsearch-6.2.3.jar:6.2.3]
	at org.elasticsearch.cluster.ClusterStateObserver$ObserverClusterStateListener.onTimeout(ClusterStateObserver.java:244) [elasticsearch-6.2.3.jar:6.2.3]
	at org.elasticsearch.cluster.service.ClusterApplierService$NotifyTimeout.run(ClusterApplierService.java:581) [elasticsearch-6.2.3.jar:6.2.3]
	at org.elasticsearch.common.util.concurrent.ThreadContext$ContextPreservingRunnable.run(ThreadContext.java:573) [elasticsearch-6.2.3.jar:6.2.3]
	at java.util.concurrent.ThreadPoolExecutor.runWorker(ThreadPoolExecutor.java:1149) [?:1.8.0_161]
	at java.util.concurrent.ThreadPoolExecutor$Worker.run(ThreadPoolExecutor.java:624) [?:1.8.0_161]
	at java.lang.Thread.run(Thread.java:748) [?:1.8.0_161]
