[2018-04-07T00:21:15,715][WARN ][r.suppressed             ] path: /nxlog-2018.03.31.14.11/in, params: {index=nxlog-2018.03.31.14.11, type=in}
org.elasticsearch.action.UnavailableShardsException: [nxlog-2018.03.31.14.11][0] primary shard is not active Timeout: [1m], request: [BulkShardRequest [[nxlog-2018.03.31.14.11][0]] containing [index {[nxlog-2018.03.31.14.11][in][rk4LnWIBZOTYwWd_vxrh], source[{"EventTime":"2018-03-31 14:11:25","Hostname":"john-PC","Keywords":-9223372036854775808,"EventType":"INFO","SeverityValue":2,"Severity":"INFO","EventID":3,"SourceName":"Microsoft-Windows-Sysmon","ProviderGuid":"{5770385F-C22A-43E0-BF4C-06F5698FFBD9}","Version":5,"Task":3,"OpcodeValue":0,"RecordNumber":60865500,"ExecutionProcessID":1660,"ExecutionThreadID":1864,"Channel":"Microsoft-Windows-Sysmon/Operational","Domain":"NT AUTHORITY","AccountName":"SYSTEM","UserID":"S-1-5-18","AccountType":"User","Message":"Network connection detected:\r\nUtcTime: 2018-03-31 12:11:31.442\r\nProcessGuid: {53F35F28-68A0-5ABF-0000-0010D47E1610}\r\nProcessId: 2488\r\nImage: C:\\Users\\john\\Downloads\\GoogleChromePortable\\App\\Chrome-bin\\chrome.exe\r\nUser: john-PC\\john\r\nProtocol: udp\r\nInitiated: true\r\nSourceIsIpv6: false\r\nSourceIp: 192.168.56.102\r\nSourceHostname: john-PC\r\nSourcePort: 55384\r\nSourcePortName: \r\nDestinationIsIpv6: false\r\nDestinationIp: 216.58.210.142\r\nDestinationHostname: mad06s09-in-f142.1e100.net\r\nDestinationPort: 443\r\nDestinationPortName: https","Category":"Network connection detected (rule: NetworkConnect)","Opcode":"InformaciĂłn","UtcTime":"2018-03-31 12:11:31.442","ProcessGuid":"{53F35F28-68A0-5ABF-0000-0010D47E1610}","ProcessId":"2488","Image":"C:\\Users\\john\\Downloads\\GoogleChromePortable\\App\\Chrome-bin\\chrome.exe","User":"john-PC\\john","Protocol":"udp","Initiated":"true","SourceIsIpv6":"false","SourceIp":"192.168.56.102","SourceHostname":"john-PC","SourcePort":"55384","DestinationIsIpv6":"false","DestinationIp":"216.58.210.142","DestinationHostname":"mad06s09-in-f142.1e100.net","DestinationPort":"443","DestinationPortName":"https","SourceModuleName":"in","SourceModuleType":"im_msvistalog"}]}]]
	at org.elasticsearch.action.support.replication.TransportReplicationAction$ReroutePhase.retryBecauseUnavailable(TransportReplicationAction.java:944) [elasticsearch-6.2.3.jar:6.2.3]
	at org.elasticsearch.action.support.replication.TransportReplicationAction$ReroutePhase.retryIfUnavailable(TransportReplicationAction.java:781) [elasticsearch-6.2.3.jar:6.2.3]
	at org.elasticsearch.action.support.replication.TransportReplicationAction$ReroutePhase.doRun(TransportReplicationAction.java:734) [elasticsearch-6.2.3.jar:6.2.3]
	at org.elasticsearch.common.util.concurrent.AbstractRunnable.run(AbstractRunnable.java:37) [elasticsearch-6.2.3.jar:6.2.3]
	at org.elasticsearch.action.support.replication.TransportReplicationAction$ReroutePhase$2.onTimeout(TransportReplicationAction.java:898) [elasticsearch-6.2.3.jar:6.2.3]
	at org.elasticsearch.cluster.ClusterStateObserver$ContextPreservingListener.onTimeout(ClusterStateObserver.java:317) [elasticsearch-6.2.3.jar:6.2.3]
	at org.elasticsearch.cluster.ClusterStateObserver$ObserverClusterStateListener.onTimeout(ClusterStateObserver.java:244) [elasticsearch-6.2.3.jar:6.2.3]
	at org.elasticsearch.cluster.service.ClusterApplierService$NotifyTimeout.run(ClusterApplierService.java:581) [elasticsearch-6.2.3.jar:6.2.3]
	at org.elasticsearch.common.util.concurrent.ThreadContext$ContextPreservingRunnable.run(ThreadContext.java:573) [elasticsearch-6.2.3.jar:6.2.3]
	at java.util.concurrent.ThreadPoolExecutor.runWorker(ThreadPoolExecutor.java:1149) [?:1.8.0_161]
	at java.util.concurrent.ThreadPoolExecutor$Worker.run(ThreadPoolExecutor.java:624) [?:1.8.0_161]
	at java.lang.Thread.run(Thread.java:748) [?:1.8.0_161]
[2018-04-07T00:21:25,736][WARN ][r.suppressed             ] path: /nxlog-2018.03.31.14.11/in, params: {index=nxlog-2018.03.31.14.11, type=in}
org.elasticsearch.action.UnavailableShardsException: [nxlog-2018.03.31.14.11][0] primary shard is not active Timeout: [1m], request: [BulkShardRequest [[nxlog-2018.03.31.14.11][0]] containing [index {[nxlog-2018.03.31.14.11][in][r04LnWIBZOTYwWd_5xoH], source[{"EventTime":"2018-03-31 14:11:25","Hostname":"john-PC","Keywords":-9223372036854775808,"EventType":"INFO","SeverityValue":2,"Severity":"INFO","EventID":3,"SourceName":"Microsoft-Windows-Sysmon","ProviderGuid":"{5770385F-C22A-43E0-BF4C-06F5698FFBD9}","Version":5,"Task":3,"OpcodeValue":0,"RecordNumber":60865500,"ExecutionProcessID":1660,"ExecutionThreadID":1864,"Channel":"Microsoft-Windows-Sysmon/Operational","Domain":"NT AUTHORITY","AccountName":"SYSTEM","UserID":"S-1-5-18","AccountType":"User","Message":"Network connection detected:\r\nUtcTime: 2018-03-31 12:11:31.442\r\nProcessGuid: {53F35F28-68A0-5ABF-0000-0010D47E1610}\r\nProcessId: 2488\r\nImage: C:\\Users\\john\\Downloads\\GoogleChromePortable\\App\\Chrome-bin\\chrome.exe\r\nUser: john-PC\\john\r\nProtocol: udp\r\nInitiated: true\r\nSourceIsIpv6: false\r\nSourceIp: 192.168.56.102\r\nSourceHostname: john-PC\r\nSourcePort: 55384\r\nSourcePortName: \r\nDestinationIsIpv6: false\r\nDestinationIp: 216.58.210.142\r\nDestinationHostname: mad06s09-in-f142.1e100.net\r\nDestinationPort: 443\r\nDestinationPortName: https","Category":"Network connection detected (rule: NetworkConnect)","Opcode":"InformaciĂłn","UtcTime":"2018-03-31 12:11:31.442","ProcessGuid":"{53F35F28-68A0-5ABF-0000-0010D47E1610}","ProcessId":"2488","Image":"C:\\Users\\john\\Downloads\\GoogleChromePortable\\App\\Chrome-bin\\chrome.exe","User":"john-PC\\john","Protocol":"udp","Initiated":"true","SourceIsIpv6":"false","SourceIp":"192.168.56.102","SourceHostname":"john-PC","SourcePort":"55384","DestinationIsIpv6":"false","DestinationIp":"216.58.210.142","DestinationHostname":"mad06s09-in-f142.1e100.net","DestinationPort":"443","DestinationPortName":"https","SourceModuleName":"in","SourceModuleType":"im_msvistalog"}]}]]
	at org.elasticsearch.action.support.replication.TransportReplicationAction$ReroutePhase.retryBecauseUnavailable(TransportReplicationAction.java:944) [elasticsearch-6.2.3.jar:6.2.3]
	at org.elasticsearch.action.support.replication.TransportReplicationAction$ReroutePhase.retryIfUnavailable(TransportReplicationAction.java:781) [elasticsearch-6.2.3.jar:6.2.3]
	at org.elasticsearch.action.support.replication.TransportReplicationAction$ReroutePhase.doRun(TransportReplicationAction.java:734) [elasticsearch-6.2.3.jar:6.2.3]
	at org.elasticsearch.common.util.concurrent.AbstractRunnable.run(AbstractRunnable.java:37) [elasticsearch-6.2.3.jar:6.2.3]
	at org.elasticsearch.action.support.replication.TransportReplicationAction$ReroutePhase$2.onTimeout(TransportReplicationAction.java:898) [elasticsearch-6.2.3.jar:6.2.3]
	at org.elasticsearch.cluster.ClusterStateObserver$ContextPreservingListener.onTimeout(ClusterStateObserver.java:317) [elasticsearch-6.2.3.jar:6.2.3]
	at org.elasticsearch.cluster.ClusterStateObserver$ObserverClusterStateListener.onTimeout(ClusterStateObserver.java:244) [elasticsearch-6.2.3.jar:6.2.3]
	at org.elasticsearch.cluster.service.ClusterApplierService$NotifyTimeout.run(ClusterApplierService.java:581) [elasticsearch-6.2.3.jar:6.2.3]
	at org.elasticsearch.common.util.concurrent.ThreadContext$ContextPreservingRunnable.run(ThreadContext.java:573) [elasticsearch-6.2.3.jar:6.2.3]
	at java.util.concurrent.ThreadPoolExecutor.runWorker(ThreadPoolExecutor.java:1149) [?:1.8.0_161]
	at java.util.concurrent.ThreadPoolExecutor$Worker.run(ThreadPoolExecutor.java:624) [?:1.8.0_161]
	at java.lang.Thread.run(Thread.java:748) [?:1.8.0_161]
[2018-04-07T00:21:35,759][WARN ][r.suppressed             ] path: /nxlog-2018.03.31.14.11/in, params: {index=nxlog-2018.03.31.14.11, type=in}
org.elasticsearch.action.UnavailableShardsException: [nxlog-2018.03.31.14.11][0] primary shard is not active Timeout: [1m], request: [BulkShardRequest [[nxlog-2018.03.31.14.11][0]] containing [index {[nxlog-2018.03.31.14.11][in][sE4MnWIBZOTYwWd_Dhou], source[{"EventTime":"2018-03-31 14:11:25","Hostname":"john-PC","Keywords":-9223372036854775808,"EventType":"INFO","SeverityValue":2,"Severity":"INFO","EventID":3,"SourceName":"Microsoft-Windows-Sysmon","ProviderGuid":"{5770385F-C22A-43E0-BF4C-06F5698FFBD9}","Version":5,"Task":3,"OpcodeValue":0,"RecordNumber":60865500,"ExecutionProcessID":1660,"ExecutionThreadID":1864,"Channel":"Microsoft-Windows-Sysmon/Operational","Domain":"NT AUTHORITY","AccountName":"SYSTEM","UserID":"S-1-5-18","AccountType":"User","Message":"Network connection detected:\r\nUtcTime: 2018-03-31 12:11:31.442\r\nProcessGuid: {53F35F28-68A0-5ABF-0000-0010D47E1610}\r\nProcessId: 2488\r\nImage: C:\\Users\\john\\Downloads\\GoogleChromePortable\\App\\Chrome-bin\\chrome.exe\r\nUser: john-PC\\john\r\nProtocol: udp\r\nInitiated: true\r\nSourceIsIpv6: false\r\nSourceIp: 192.168.56.102\r\nSourceHostname: john-PC\r\nSourcePort: 55384\r\nSourcePortName: \r\nDestinationIsIpv6: false\r\nDestinationIp: 216.58.210.142\r\nDestinationHostname: mad06s09-in-f142.1e100.net\r\nDestinationPort: 443\r\nDestinationPortName: https","Category":"Network connection detected (rule: NetworkConnect)","Opcode":"InformaciĂłn","UtcTime":"2018-03-31 12:11:31.442","ProcessGuid":"{53F35F28-68A0-5ABF-0000-0010D47E1610}","ProcessId":"2488","Image":"C:\\Users\\john\\Downloads\\GoogleChromePortable\\App\\Chrome-bin\\chrome.exe","User":"john-PC\\john","Protocol":"udp","Initiated":"true","SourceIsIpv6":"false","SourceIp":"192.168.56.102","SourceHostname":"john-PC","SourcePort":"55384","DestinationIsIpv6":"false","DestinationIp":"216.58.210.142","DestinationHostname":"mad06s09-in-f142.1e100.net","DestinationPort":"443","DestinationPortName":"https","SourceModuleName":"in","SourceModuleType":"im_msvistalog"}]}]]
	at org.elasticsearch.action.support.replication.TransportReplicationAction$ReroutePhase.retryBecauseUnavailable(TransportReplicationAction.java:944) [elasticsearch-6.2.3.jar:6.2.3]
	at org.elasticsearch.action.support.replication.TransportReplicationAction$ReroutePhase.retryIfUnavailable(TransportReplicationAction.java:781) [elasticsearch-6.2.3.jar:6.2.3]
	at org.elasticsearch.action.support.replication.TransportReplicationAction$ReroutePhase.doRun(TransportReplicationAction.java:734) [elasticsearch-6.2.3.jar:6.2.3]
	at org.elasticsearch.common.util.concurrent.AbstractRunnable.run(AbstractRunnable.java:37) [elasticsearch-6.2.3.jar:6.2.3]
	at org.elasticsearch.action.support.replication.TransportReplicationAction$ReroutePhase$2.onTimeout(TransportReplicationAction.java:898) [elasticsearch-6.2.3.jar:6.2.3]
	at org.elasticsearch.cluster.ClusterStateObserver$ContextPreservingListener.onTimeout(ClusterStateObserver.java:317) [elasticsearch-6.2.3.jar:6.2.3]
	at org.elasticsearch.cluster.ClusterStateObserver$ObserverClusterStateListener.onTimeout(ClusterStateObserver.java:244) [elasticsearch-6.2.3.jar:6.2.3]
	at org.elasticsearch.cluster.service.ClusterApplierService$NotifyTimeout.run(ClusterApplierService.java:581) [elasticsearch-6.2.3.jar:6.2.3]
	at org.elasticsearch.common.util.concurrent.ThreadContext$ContextPreservingRunnable.run(ThreadContext.java:573) [elasticsearch-6.2.3.jar:6.2.3]
	at java.util.concurrent.ThreadPoolExecutor.runWorker(ThreadPoolExecutor.java:1149) [?:1.8.0_161]
	at java.util.concurrent.ThreadPoolExecutor$Worker.run(ThreadPoolExecutor.java:624) [?:1.8.0_161]
	at java.lang.Thread.run(Thread.java:748) [?:1.8.0_161]
[2018-04-07T00:21:45,775][WARN ][r.suppressed             ] path: /nxlog-2018.03.31.14.11/in, params: {index=nxlog-2018.03.31.14.11, type=in}
org.elasticsearch.action.UnavailableShardsException: [nxlog-2018.03.31.14.11][0] primary shard is not active Timeout: [1m], request: [BulkShardRequest [[nxlog-2018.03.31.14.11][0]] containing [index {[nxlog-2018.03.31.14.11][in][sU4MnWIBZOTYwWd_NRpP], source[{"EventTime":"2018-03-31 14:11:25","Hostname":"john-PC","Keywords":-9223372036854775808,"EventType":"INFO","SeverityValue":2,"Severity":"INFO","EventID":3,"SourceName":"Microsoft-Windows-Sysmon","ProviderGuid":"{5770385F-C22A-43E0-BF4C-06F5698FFBD9}","Version":5,"Task":3,"OpcodeValue":0,"RecordNumber":60865500,"ExecutionProcessID":1660,"ExecutionThreadID":1864,"Channel":"Microsoft-Windows-Sysmon/Operational","Domain":"NT AUTHORITY","AccountName":"SYSTEM","UserID":"S-1-5-18","AccountType":"User","Message":"Network connection detected:\r\nUtcTime: 2018-03-31 12:11:31.442\r\nProcessGuid: {53F35F28-68A0-5ABF-0000-0010D47E1610}\r\nProcessId: 2488\r\nImage: C:\\Users\\john\\Downloads\\GoogleChromePortable\\App\\Chrome-bin\\chrome.exe\r\nUser: john-PC\\john\r\nProtocol: udp\r\nInitiated: true\r\nSourceIsIpv6: false\r\nSourceIp: 192.168.56.102\r\nSourceHostname: john-PC\r\nSourcePort: 55384\r\nSourcePortName: \r\nDestinationIsIpv6: false\r\nDestinationIp: 216.58.210.142\r\nDestinationHostname: mad06s09-in-f142.1e100.net\r\nDestinationPort: 443\r\nDestinationPortName: https","Category":"Network connection detected (rule: NetworkConnect)","Opcode":"InformaciĂłn","UtcTime":"2018-03-31 12:11:31.442","ProcessGuid":"{53F35F28-68A0-5ABF-0000-0010D47E1610}","ProcessId":"2488","Image":"C:\\Users\\john\\Downloads\\GoogleChromePortable\\App\\Chrome-bin\\chrome.exe","User":"john-PC\\john","Protocol":"udp","Initiated":"true","SourceIsIpv6":"false","SourceIp":"192.168.56.102","SourceHostname":"john-PC","SourcePort":"55384","DestinationIsIpv6":"false","DestinationIp":"216.58.210.142","DestinationHostname":"mad06s09-in-f142.1e100.net","DestinationPort":"443","DestinationPortName":"https","SourceModuleName":"in","SourceModuleType":"im_msvistalog"}]}]]
	at org.elasticsearch.action.support.replication.TransportReplicationAction$ReroutePhase.retryBecauseUnavailable(TransportReplicationAction.java:944) [elasticsearch-6.2.3.jar:6.2.3]
	at org.elasticsearch.action.support.replication.TransportReplicationAction$ReroutePhase.retryIfUnavailable(TransportReplicationAction.java:781) [elasticsearch-6.2.3.jar:6.2.3]
	at org.elasticsearch.action.support.replication.TransportReplicationAction$ReroutePhase.doRun(TransportReplicationAction.java:734) [elasticsearch-6.2.3.jar:6.2.3]
	at org.elasticsearch.common.util.concurrent.AbstractRunnable.run(AbstractRunnable.java:37) [elasticsearch-6.2.3.jar:6.2.3]
	at org.elasticsearch.action.support.replication.TransportReplicationAction$ReroutePhase$2.onTimeout(TransportReplicationAction.java:898) [elasticsearch-6.2.3.jar:6.2.3]
	at org.elasticsearch.cluster.ClusterStateObserver$ContextPreservingListener.onTimeout(ClusterStateObserver.java:317) [elasticsearch-6.2.3.jar:6.2.3]
	at org.elasticsearch.cluster.ClusterStateObserver$ObserverClusterStateListener.onTimeout(ClusterStateObserver.java:244) [elasticsearch-6.2.3.jar:6.2.3]
	at org.elasticsearch.cluster.service.ClusterApplierService$NotifyTimeout.run(ClusterApplierService.java:581) [elasticsearch-6.2.3.jar:6.2.3]
	at org.elasticsearch.common.util.concurrent.ThreadContext$ContextPreservingRunnable.run(ThreadContext.java:573) [elasticsearch-6.2.3.jar:6.2.3]
	at java.util.concurrent.ThreadPoolExecutor.runWorker(ThreadPoolExecutor.java:1149) [?:1.8.0_161]
	at java.util.concurrent.ThreadPoolExecutor$Worker.run(ThreadPoolExecutor.java:624) [?:1.8.0_161]
	at java.lang.Thread.run(Thread.java:748) [?:1.8.0_161]
[2018-04-07T00:21:55,788][WARN ][r.suppressed             ] path: /nxlog-2018.03.31.14.11/in, params: {index=nxlog-2018.03.31.14.11, type=in}
org.elasticsearch.action.UnavailableShardsException: [nxlog-2018.03.31.14.11][0] primary shard is not active Timeout: [1m], request: [BulkShardRequest [[nxlog-2018.03.31.14.11][0]] containing [index {[nxlog-2018.03.31.14.11][in][sk4MnWIBZOTYwWd_XBpr], source[{"EventTime":"2018-03-31 14:11:25","Hostname":"john-PC","Keywords":-9223372036854775808,"EventType":"INFO","SeverityValue":2,"Severity":"INFO","EventID":3,"SourceName":"Microsoft-Windows-Sysmon","ProviderGuid":"{5770385F-C22A-43E0-BF4C-06F5698FFBD9}","Version":5,"Task":3,"OpcodeValue":0,"RecordNumber":60865500,"ExecutionProcessID":1660,"ExecutionThreadID":1864,"Channel":"Microsoft-Windows-Sysmon/Operational","Domain":"NT AUTHORITY","AccountName":"SYSTEM","UserID":"S-1-5-18","AccountType":"User","Message":"Network connection detected:\r\nUtcTime: 2018-03-31 12:11:31.442\r\nProcessGuid: {53F35F28-68A0-5ABF-0000-0010D47E1610}\r\nProcessId: 2488\r\nImage: C:\\Users\\john\\Downloads\\GoogleChromePortable\\App\\Chrome-bin\\chrome.exe\r\nUser: john-PC\\john\r\nProtocol: udp\r\nInitiated: true\r\nSourceIsIpv6: false\r\nSourceIp: 192.168.56.102\r\nSourceHostname: john-PC\r\nSourcePort: 55384\r\nSourcePortName: \r\nDestinationIsIpv6: false\r\nDestinationIp: 216.58.210.142\r\nDestinationHostname: mad06s09-in-f142.1e100.net\r\nDestinationPort: 443\r\nDestinationPortName: https","Category":"Network connection detected (rule: NetworkConnect)","Opcode":"InformaciĂłn","UtcTime":"2018-03-31 12:11:31.442","ProcessGuid":"{53F35F28-68A0-5ABF-0000-0010D47E1610}","ProcessId":"2488","Image":"C:\\Users\\john\\Downloads\\GoogleChromePortable\\App\\Chrome-bin\\chrome.exe","User":"john-PC\\john","Protocol":"udp","Initiated":"true","SourceIsIpv6":"false","SourceIp":"192.168.56.102","SourceHostname":"john-PC","SourcePort":"55384","DestinationIsIpv6":"false","DestinationIp":"216.58.210.142","DestinationHostname":"mad06s09-in-f142.1e100.net","DestinationPort":"443","DestinationPortName":"https","SourceModuleName":"in","SourceModuleType":"im_msvistalog"}]}]]
	at org.elasticsearch.action.support.replication.TransportReplicationAction$ReroutePhase.retryBecauseUnavailable(TransportReplicationAction.java:944) [elasticsearch-6.2.3.jar:6.2.3]
	at org.elasticsearch.action.support.replication.TransportReplicationAction$ReroutePhase.retryIfUnavailable(TransportReplicationAction.java:781) [elasticsearch-6.2.3.jar:6.2.3]
	at org.elasticsearch.action.support.replication.TransportReplicationAction$ReroutePhase.doRun(TransportReplicationAction.java:734) [elasticsearch-6.2.3.jar:6.2.3]
	at org.elasticsearch.common.util.concurrent.AbstractRunnable.run(AbstractRunnable.java:37) [elasticsearch-6.2.3.jar:6.2.3]
	at org.elasticsearch.action.support.replication.TransportReplicationAction$ReroutePhase$2.onTimeout(TransportReplicationAction.java:898) [elasticsearch-6.2.3.jar:6.2.3]
	at org.elasticsearch.cluster.ClusterStateObserver$ContextPreservingListener.onTimeout(ClusterStateObserver.java:317) [elasticsearch-6.2.3.jar:6.2.3]
	at org.elasticsearch.cluster.ClusterStateObserver$ObserverClusterStateListener.onTimeout(ClusterStateObserver.java:244) [elasticsearch-6.2.3.jar:6.2.3]
	at org.elasticsearch.cluster.service.ClusterApplierService$NotifyTimeout.run(ClusterApplierService.java:581) [elasticsearch-6.2.3.jar:6.2.3]
	at org.elasticsearch.common.util.concurrent.ThreadContext$ContextPreservingRunnable.run(ThreadContext.java:573) [elasticsearch-6.2.3.jar:6.2.3]
	at java.util.concurrent.ThreadPoolExecutor.runWorker(ThreadPoolExecutor.java:1149) [?:1.8.0_161]
	at java.util.concurrent.ThreadPoolExecutor$Worker.run(ThreadPoolExecutor.java:624) [?:1.8.0_161]
	at java.lang.Thread.run(Thread.java:748) [?:1.8.0_161]
[2018-04-07T00:22:05,802][WARN ][r.suppressed             ] path: /nxlog-2018.03.31.14.11/in, params: {index=nxlog-2018.03.31.14.11, type=in}
org.elasticsearch.action.UnavailableShardsException: [nxlog-2018.03.31.14.11][0] primary shard is not active Timeout: [1m], request: [BulkShardRequest [[nxlog-2018.03.31.14.11][0]] containing [index {[nxlog-2018.03.31.14.11][in][s04MnWIBZOTYwWd_gxqJ], source[{"EventTime":"2018-03-31 14:11:25","Hostname":"john-PC","Keywords":-9223372036854775808,"EventType":"INFO","SeverityValue":2,"Severity":"INFO","EventID":3,"SourceName":"Microsoft-Windows-Sysmon","ProviderGuid":"{5770385F-C22A-43E0-BF4C-06F5698FFBD9}","Version":5,"Task":3,"OpcodeValue":0,"RecordNumber":60865500,"ExecutionProcessID":1660,"ExecutionThreadID":1864,"Channel":"Microsoft-Windows-Sysmon/Operational","Domain":"NT AUTHORITY","AccountName":"SYSTEM","UserID":"S-1-5-18","AccountType":"User","Message":"Network connection detected:\r\nUtcTime: 2018-03-31 12:11:31.442\r\nProcessGuid: {53F35F28-68A0-5ABF-0000-0010D47E1610}\r\nProcessId: 2488\r\nImage: C:\\Users\\john\\Downloads\\GoogleChromePortable\\App\\Chrome-bin\\chrome.exe\r\nUser: john-PC\\john\r\nProtocol: udp\r\nInitiated: true\r\nSourceIsIpv6: false\r\nSourceIp: 192.168.56.102\r\nSourceHostname: john-PC\r\nSourcePort: 55384\r\nSourcePortName: \r\nDestinationIsIpv6: false\r\nDestinationIp: 216.58.210.142\r\nDestinationHostname: mad06s09-in-f142.1e100.net\r\nDestinationPort: 443\r\nDestinationPortName: https","Category":"Network connection detected (rule: NetworkConnect)","Opcode":"InformaciĂłn","UtcTime":"2018-03-31 12:11:31.442","ProcessGuid":"{53F35F28-68A0-5ABF-0000-0010D47E1610}","ProcessId":"2488","Image":"C:\\Users\\john\\Downloads\\GoogleChromePortable\\App\\Chrome-bin\\chrome.exe","User":"john-PC\\john","Protocol":"udp","Initiated":"true","SourceIsIpv6":"false","SourceIp":"192.168.56.102","SourceHostname":"john-PC","SourcePort":"55384","DestinationIsIpv6":"false","DestinationIp":"216.58.210.142","DestinationHostname":"mad06s09-in-f142.1e100.net","DestinationPort":"443","DestinationPortName":"https","SourceModuleName":"in","SourceModuleType":"im_msvistalog"}]}]]
	at org.elasticsearch.action.support.replication.TransportReplicationAction$ReroutePhase.retryBecauseUnavailable(TransportReplicationAction.java:944) [elasticsearch-6.2.3.jar:6.2.3]
	at org.elasticsearch.action.support.replication.TransportReplicationAction$ReroutePhase.retryIfUnavailable(TransportReplicationAction.java:781) [elasticsearch-6.2.3.jar:6.2.3]
	at org.elasticsearch.action.support.replication.TransportReplicationAction$ReroutePhase.doRun(TransportReplicationAction.java:734) [elasticsearch-6.2.3.jar:6.2.3]
	at org.elasticsearch.common.util.concurrent.AbstractRunnable.run(AbstractRunnable.java:37) [elasticsearch-6.2.3.jar:6.2.3]
	at org.elasticsearch.action.support.replication.TransportReplicationAction$ReroutePhase$2.onTimeout(TransportReplicationAction.java:898) [elasticsearch-6.2.3.jar:6.2.3]
	at org.elasticsearch.cluster.ClusterStateObserver$ContextPreservingListener.onTimeout(ClusterStateObserver.java:317) [elasticsearch-6.2.3.jar:6.2.3]
	at org.elasticsearch.cluster.ClusterStateObserver$ObserverClusterStateListener.onTimeout(ClusterStateObserver.java:244) [elasticsearch-6.2.3.jar:6.2.3]
	at org.elasticsearch.cluster.service.ClusterApplierService$NotifyTimeout.run(ClusterApplierService.java:581) [elasticsearch-6.2.3.jar:6.2.3]
	at org.elasticsearch.common.util.concurrent.ThreadContext$ContextPreservingRunnable.run(ThreadContext.java:573) [elasticsearch-6.2.3.jar:6.2.3]
	at java.util.concurrent.ThreadPoolExecutor.runWorker(ThreadPoolExecutor.java:1149) [?:1.8.0_161]
	at java.util.concurrent.ThreadPoolExecutor$Worker.run(ThreadPoolExecutor.java:624) [?:1.8.0_161]
	at java.lang.Thread.run(Thread.java:748) [?:1.8.0_161]
[2018-04-07T00:22:15,821][WARN ][r.suppressed             ] path: /nxlog-2018.03.31.14.11/in, params: {index=nxlog-2018.03.31.14.11, type=in}
org.elasticsearch.action.UnavailableShardsException: [nxlog-2018.03.31.14.11][0] primary shard is not active Timeout: [1m], request: [BulkShardRequest [[nxlog-2018.03.31.14.11][0]] containing [index {[nxlog-2018.03.31.14.11][in][tE4MnWIBZOTYwWd_qhqs], source[{"EventTime":"2018-03-31 14:11:25","Hostname":"john-PC","Keywords":-9223372036854775808,"EventType":"INFO","SeverityValue":2,"Severity":"INFO","EventID":3,"SourceName":"Microsoft-Windows-Sysmon","ProviderGuid":"{5770385F-C22A-43E0-BF4C-06F5698FFBD9}","Version":5,"Task":3,"OpcodeValue":0,"RecordNumber":60865500,"ExecutionProcessID":1660,"ExecutionThreadID":1864,"Channel":"Microsoft-Windows-Sysmon/Operational","Domain":"NT AUTHORITY","AccountName":"SYSTEM","UserID":"S-1-5-18","AccountType":"User","Message":"Network connection detected:\r\nUtcTime: 2018-03-31 12:11:31.442\r\nProcessGuid: {53F35F28-68A0-5ABF-0000-0010D47E1610}\r\nProcessId: 2488\r\nImage: C:\\Users\\john\\Downloads\\GoogleChromePortable\\App\\Chrome-bin\\chrome.exe\r\nUser: john-PC\\john\r\nProtocol: udp\r\nInitiated: true\r\nSourceIsIpv6: false\r\nSourceIp: 192.168.56.102\r\nSourceHostname: john-PC\r\nSourcePort: 55384\r\nSourcePortName: \r\nDestinationIsIpv6: false\r\nDestinationIp: 216.58.210.142\r\nDestinationHostname: mad06s09-in-f142.1e100.net\r\nDestinationPort: 443\r\nDestinationPortName: https","Category":"Network connection detected (rule: NetworkConnect)","Opcode":"InformaciĂłn","UtcTime":"2018-03-31 12:11:31.442","ProcessGuid":"{53F35F28-68A0-5ABF-0000-0010D47E1610}","ProcessId":"2488","Image":"C:\\Users\\john\\Downloads\\GoogleChromePortable\\App\\Chrome-bin\\chrome.exe","User":"john-PC\\john","Protocol":"udp","Initiated":"true","SourceIsIpv6":"false","SourceIp":"192.168.56.102","SourceHostname":"john-PC","SourcePort":"55384","DestinationIsIpv6":"false","DestinationIp":"216.58.210.142","DestinationHostname":"mad06s09-in-f142.1e100.net","DestinationPort":"443","DestinationPortName":"https","SourceModuleName":"in","SourceModuleType":"im_msvistalog"}]}]]
	at org.elasticsearch.action.support.replication.TransportReplicationAction$ReroutePhase.retryBecauseUnavailable(TransportReplicationAction.java:944) [elasticsearch-6.2.3.jar:6.2.3]
	at org.elasticsearch.action.support.replication.TransportReplicationAction$ReroutePhase.retryIfUnavailable(TransportReplicationAction.java:781) [elasticsearch-6.2.3.jar:6.2.3]
	at org.elasticsearch.action.support.replication.TransportReplicationAction$ReroutePhase.doRun(TransportReplicationAction.java:734) [elasticsearch-6.2.3.jar:6.2.3]
	at org.elasticsearch.common.util.concurrent.AbstractRunnable.run(AbstractRunnable.java:37) [elasticsearch-6.2.3.jar:6.2.3]
	at org.elasticsearch.action.support.replication.TransportReplicationAction$ReroutePhase$2.onTimeout(TransportReplicationAction.java:898) [elasticsearch-6.2.3.jar:6.2.3]
	at org.elasticsearch.cluster.ClusterStateObserver$ContextPreservingListener.onTimeout(ClusterStateObserver.java:317) [elasticsearch-6.2.3.jar:6.2.3]
	at org.elasticsearch.cluster.ClusterStateObserver$ObserverClusterStateListener.onTimeout(ClusterStateObserver.java:244) [elasticsearch-6.2.3.jar:6.2.3]
	at org.elasticsearch.cluster.service.ClusterApplierService$NotifyTimeout.run(ClusterApplierService.java:581) [elasticsearch-6.2.3.jar:6.2.3]
	at org.elasticsearch.common.util.concurrent.ThreadContext$ContextPreservingRunnable.run(ThreadContext.java:573) [elasticsearch-6.2.3.jar:6.2.3]
	at java.util.concurrent.ThreadPoolExecutor.runWorker(ThreadPoolExecutor.java:1149) [?:1.8.0_161]
	at java.util.concurrent.ThreadPoolExecutor$Worker.run(ThreadPoolExecutor.java:624) [?:1.8.0_161]
	at java.lang.Thread.run(Thread.java:748) [?:1.8.0_161]
[2018-04-07T00:22:25,832][WARN ][r.suppressed             ] path: /nxlog-2018.03.31.14.11/in, params: {index=nxlog-2018.03.31.14.11, type=in}
org.elasticsearch.action.UnavailableShardsException: [nxlog-2018.03.31.14.11][0] primary shard is not active Timeout: [1m], request: [BulkShardRequest [[nxlog-2018.03.31.14.11][0]] containing [index {[nxlog-2018.03.31.14.11][in][tU4MnWIBZOTYwWd_0RrH], source[{"EventTime":"2018-03-31 14:11:25","Hostname":"john-PC","Keywords":-9223372036854775808,"EventType":"INFO","SeverityValue":2,"Severity":"INFO","EventID":3,"SourceName":"Microsoft-Windows-Sysmon","ProviderGuid":"{5770385F-C22A-43E0-BF4C-06F5698FFBD9}","Version":5,"Task":3,"OpcodeValue":0,"RecordNumber":60865500,"ExecutionProcessID":1660,"ExecutionThreadID":1864,"Channel":"Microsoft-Windows-Sysmon/Operational","Domain":"NT AUTHORITY","AccountName":"SYSTEM","UserID":"S-1-5-18","AccountType":"User","Message":"Network connection detected:\r\nUtcTime: 2018-03-31 12:11:31.442\r\nProcessGuid: {53F35F28-68A0-5ABF-0000-0010D47E1610}\r\nProcessId: 2488\r\nImage: C:\\Users\\john\\Downloads\\GoogleChromePortable\\App\\Chrome-bin\\chrome.exe\r\nUser: john-PC\\john\r\nProtocol: udp\r\nInitiated: true\r\nSourceIsIpv6: false\r\nSourceIp: 192.168.56.102\r\nSourceHostname: john-PC\r\nSourcePort: 55384\r\nSourcePortName: \r\nDestinationIsIpv6: false\r\nDestinationIp: 216.58.210.142\r\nDestinationHostname: mad06s09-in-f142.1e100.net\r\nDestinationPort: 443\r\nDestinationPortName: https","Category":"Network connection detected (rule: NetworkConnect)","Opcode":"InformaciĂłn","UtcTime":"2018-03-31 12:11:31.442","ProcessGuid":"{53F35F28-68A0-5ABF-0000-0010D47E1610}","ProcessId":"2488","Image":"C:\\Users\\john\\Downloads\\GoogleChromePortable\\App\\Chrome-bin\\chrome.exe","User":"john-PC\\john","Protocol":"udp","Initiated":"true","SourceIsIpv6":"false","SourceIp":"192.168.56.102","SourceHostname":"john-PC","SourcePort":"55384","DestinationIsIpv6":"false","DestinationIp":"216.58.210.142","DestinationHostname":"mad06s09-in-f142.1e100.net","DestinationPort":"443","DestinationPortName":"https","SourceModuleName":"in","SourceModuleType":"im_msvistalog"}]}]]
	at org.elasticsearch.action.support.replication.TransportReplicationAction$ReroutePhase.retryBecauseUnavailable(TransportReplicationAction.java:944) [elasticsearch-6.2.3.jar:6.2.3]
	at org.elasticsearch.action.support.replication.TransportReplicationAction$ReroutePhase.retryIfUnavailable(TransportReplicationAction.java:781) [elasticsearch-6.2.3.jar:6.2.3]
	at org.elasticsearch.action.support.replication.TransportReplicationAction$ReroutePhase.doRun(TransportReplicationAction.java:734) [elasticsearch-6.2.3.jar:6.2.3]
	at org.elasticsearch.common.util.concurrent.AbstractRunnable.run(AbstractRunnable.java:37) [elasticsearch-6.2.3.jar:6.2.3]
	at org.elasticsearch.action.support.replication.TransportReplicationAction$ReroutePhase$2.onTimeout(TransportReplicationAction.java:898) [elasticsearch-6.2.3.jar:6.2.3]
	at org.elasticsearch.cluster.ClusterStateObserver$ContextPreservingListener.onTimeout(ClusterStateObserver.java:317) [elasticsearch-6.2.3.jar:6.2.3]
	at org.elasticsearch.cluster.ClusterStateObserver$ObserverClusterStateListener.onTimeout(ClusterStateObserver.java:244) [elasticsearch-6.2.3.jar:6.2.3]
	at org.elasticsearch.cluster.service.ClusterApplierService$NotifyTimeout.run(ClusterApplierService.java:581) [elasticsearch-6.2.3.jar:6.2.3]
	at org.elasticsearch.common.util.concurrent.ThreadContext$ContextPreservingRunnable.run(ThreadContext.java:573) [elasticsearch-6.2.3.jar:6.2.3]
	at java.util.concurrent.ThreadPoolExecutor.runWorker(ThreadPoolExecutor.java:1149) [?:1.8.0_161]
	at java.util.concurrent.ThreadPoolExecutor$Worker.run(ThreadPoolExecutor.java:624) [?:1.8.0_161]
	at java.lang.Thread.run(Thread.java:748) [?:1.8.0_161]
[2018-04-07T00:22:35,854][WARN ][r.suppressed             ] path: /nxlog-2018.03.31.14.11/in, params: {index=nxlog-2018.03.31.14.11, type=in}
org.elasticsearch.action.UnavailableShardsException: [nxlog-2018.03.31.14.11][0] primary shard is not active Timeout: [1m], request: [BulkShardRequest [[nxlog-2018.03.31.14.11][0]] containing [index {[nxlog-2018.03.31.14.11][in][tk4MnWIBZOTYwWd_-Brt], source[{"EventTime":"2018-03-31 14:11:25","Hostname":"john-PC","Keywords":-9223372036854775808,"EventType":"INFO","SeverityValue":2,"Severity":"INFO","EventID":3,"SourceName":"Microsoft-Windows-Sysmon","ProviderGuid":"{5770385F-C22A-43E0-BF4C-06F5698FFBD9}","Version":5,"Task":3,"OpcodeValue":0,"RecordNumber":60865500,"ExecutionProcessID":1660,"ExecutionThreadID":1864,"Channel":"Microsoft-Windows-Sysmon/Operational","Domain":"NT AUTHORITY","AccountName":"SYSTEM","UserID":"S-1-5-18","AccountType":"User","Message":"Network connection detected:\r\nUtcTime: 2018-03-31 12:11:31.442\r\nProcessGuid: {53F35F28-68A0-5ABF-0000-0010D47E1610}\r\nProcessId: 2488\r\nImage: C:\\Users\\john\\Downloads\\GoogleChromePortable\\App\\Chrome-bin\\chrome.exe\r\nUser: john-PC\\john\r\nProtocol: udp\r\nInitiated: true\r\nSourceIsIpv6: false\r\nSourceIp: 192.168.56.102\r\nSourceHostname: john-PC\r\nSourcePort: 55384\r\nSourcePortName: \r\nDestinationIsIpv6: false\r\nDestinationIp: 216.58.210.142\r\nDestinationHostname: mad06s09-in-f142.1e100.net\r\nDestinationPort: 443\r\nDestinationPortName: https","Category":"Network connection detected (rule: NetworkConnect)","Opcode":"InformaciĂłn","UtcTime":"2018-03-31 12:11:31.442","ProcessGuid":"{53F35F28-68A0-5ABF-0000-0010D47E1610}","ProcessId":"2488","Image":"C:\\Users\\john\\Downloads\\GoogleChromePortable\\App\\Chrome-bin\\chrome.exe","User":"john-PC\\john","Protocol":"udp","Initiated":"true","SourceIsIpv6":"false","SourceIp":"192.168.56.102","SourceHostname":"john-PC","SourcePort":"55384","DestinationIsIpv6":"false","DestinationIp":"216.58.210.142","DestinationHostname":"mad06s09-in-f142.1e100.net","DestinationPort":"443","DestinationPortName":"https","SourceModuleName":"in","SourceModuleType":"im_msvistalog"}]}]]
	at org.elasticsearch.action.support.replication.TransportReplicationAction$ReroutePhase.retryBecauseUnavailable(TransportReplicationAction.java:944) [elasticsearch-6.2.3.jar:6.2.3]
	at org.elasticsearch.action.support.replication.TransportReplicationAction$ReroutePhase.retryIfUnavailable(TransportReplicationAction.java:781) [elasticsearch-6.2.3.jar:6.2.3]
	at org.elasticsearch.action.support.replication.TransportReplicationAction$ReroutePhase.doRun(TransportReplicationAction.java:734) [elasticsearch-6.2.3.jar:6.2.3]
	at org.elasticsearch.common.util.concurrent.AbstractRunnable.run(AbstractRunnable.java:37) [elasticsearch-6.2.3.jar:6.2.3]
	at org.elasticsearch.action.support.replication.TransportReplicationAction$ReroutePhase$2.onTimeout(TransportReplicationAction.java:898) [elasticsearch-6.2.3.jar:6.2.3]
	at org.elasticsearch.cluster.ClusterStateObserver$ContextPreservingListener.onTimeout(ClusterStateObserver.java:317) [elasticsearch-6.2.3.jar:6.2.3]
	at org.elasticsearch.cluster.ClusterStateObserver$ObserverClusterStateListener.onTimeout(ClusterStateObserver.java:244) [elasticsearch-6.2.3.jar:6.2.3]
	at org.elasticsearch.cluster.service.ClusterApplierService$NotifyTimeout.run(ClusterApplierService.java:581) [elasticsearch-6.2.3.jar:6.2.3]
	at org.elasticsearch.common.util.concurrent.ThreadContext$ContextPreservingRunnable.run(ThreadContext.java:573) [elasticsearch-6.2.3.jar:6.2.3]
	at java.util.concurrent.ThreadPoolExecutor.runWorker(ThreadPoolExecutor.java:1149) [?:1.8.0_161]
	at java.util.concurrent.ThreadPoolExecutor$Worker.run(ThreadPoolExecutor.java:624) [?:1.8.0_161]
	at java.lang.Thread.run(Thread.java:748) [?:1.8.0_161]
[2018-04-07T00:22:45,878][WARN ][r.suppressed             ] path: /nxlog-2018.03.31.14.11/in, params: {index=nxlog-2018.03.31.14.11, type=in}
org.elasticsearch.action.UnavailableShardsException: [nxlog-2018.03.31.14.11][0] primary shard is not active Timeout: [1m], request: [BulkShardRequest [[nxlog-2018.03.31.14.11][0]] containing [index {[nxlog-2018.03.31.14.11][in][t04NnWIBZOTYwWd_IBoV], source[{"EventTime":"2018-03-31 14:11:25","Hostname":"john-PC","Keywords":-9223372036854775808,"EventType":"INFO","SeverityValue":2,"Severity":"INFO","EventID":3,"SourceName":"Microsoft-Windows-Sysmon","ProviderGuid":"{5770385F-C22A-43E0-BF4C-06F5698FFBD9}","Version":5,"Task":3,"OpcodeValue":0,"RecordNumber":60865500,"ExecutionProcessID":1660,"ExecutionThreadID":1864,"Channel":"Microsoft-Windows-Sysmon/Operational","Domain":"NT AUTHORITY","AccountName":"SYSTEM","UserID":"S-1-5-18","AccountType":"User","Message":"Network connection detected:\r\nUtcTime: 2018-03-31 12:11:31.442\r\nProcessGuid: {53F35F28-68A0-5ABF-0000-0010D47E1610}\r\nProcessId: 2488\r\nImage: C:\\Users\\john\\Downloads\\GoogleChromePortable\\App\\Chrome-bin\\chrome.exe\r\nUser: john-PC\\john\r\nProtocol: udp\r\nInitiated: true\r\nSourceIsIpv6: false\r\nSourceIp: 192.168.56.102\r\nSourceHostname: john-PC\r\nSourcePort: 55384\r\nSourcePortName: \r\nDestinationIsIpv6: false\r\nDestinationIp: 216.58.210.142\r\nDestinationHostname: mad06s09-in-f142.1e100.net\r\nDestinationPort: 443\r\nDestinationPortName: https","Category":"Network connection detected (rule: NetworkConnect)","Opcode":"InformaciĂłn","UtcTime":"2018-03-31 12:11:31.442","ProcessGuid":"{53F35F28-68A0-5ABF-0000-0010D47E1610}","ProcessId":"2488","Image":"C:\\Users\\john\\Downloads\\GoogleChromePortable\\App\\Chrome-bin\\chrome.exe","User":"john-PC\\john","Protocol":"udp","Initiated":"true","SourceIsIpv6":"false","SourceIp":"192.168.56.102","SourceHostname":"john-PC","SourcePort":"55384","DestinationIsIpv6":"false","DestinationIp":"216.58.210.142","DestinationHostname":"mad06s09-in-f142.1e100.net","DestinationPort":"443","DestinationPortName":"https","SourceModuleName":"in","SourceModuleType":"im_msvistalog"}]}]]
	at org.elasticsearch.action.support.replication.TransportReplicationAction$ReroutePhase.retryBecauseUnavailable(TransportReplicationAction.java:944) [elasticsearch-6.2.3.jar:6.2.3]
	at org.elasticsearch.action.support.replication.TransportReplicationAction$ReroutePhase.retryIfUnavailable(TransportReplicationAction.java:781) [elasticsearch-6.2.3.jar:6.2.3]
	at org.elasticsearch.action.support.replication.TransportReplicationAction$ReroutePhase.doRun(TransportReplicationAction.java:734) [elasticsearch-6.2.3.jar:6.2.3]
	at org.elasticsearch.common.util.concurrent.AbstractRunnable.run(AbstractRunnable.java:37) [elasticsearch-6.2.3.jar:6.2.3]
	at org.elasticsearch.action.support.replication.TransportReplicationAction$ReroutePhase$2.onTimeout(TransportReplicationAction.java:898) [elasticsearch-6.2.3.jar:6.2.3]
	at org.elasticsearch.cluster.ClusterStateObserver$ContextPreservingListener.onTimeout(ClusterStateObserver.java:317) [elasticsearch-6.2.3.jar:6.2.3]
	at org.elasticsearch.cluster.ClusterStateObserver$ObserverClusterStateListener.onTimeout(ClusterStateObserver.java:244) [elasticsearch-6.2.3.jar:6.2.3]
	at org.elasticsearch.cluster.service.ClusterApplierService$NotifyTimeout.run(ClusterApplierService.java:581) [elasticsearch-6.2.3.jar:6.2.3]
	at org.elasticsearch.common.util.concurrent.ThreadContext$ContextPreservingRunnable.run(ThreadContext.java:573) [elasticsearch-6.2.3.jar:6.2.3]
	at java.util.concurrent.ThreadPoolExecutor.runWorker(ThreadPoolExecutor.java:1149) [?:1.8.0_161]
	at java.util.concurrent.ThreadPoolExecutor$Worker.run(ThreadPoolExecutor.java:624) [?:1.8.0_161]
	at java.lang.Thread.run(Thread.java:748) [?:1.8.0_161]
[2018-04-07T00:22:55,896][WARN ][r.suppressed             ] path: /nxlog-2018.03.31.14.11/in, params: {index=nxlog-2018.03.31.14.11, type=in}
org.elasticsearch.action.UnavailableShardsException: [nxlog-2018.03.31.14.11][0] primary shard is not active Timeout: [1m], request: [BulkShardRequest [[nxlog-2018.03.31.14.11][0]] containing [index {[nxlog-2018.03.31.14.11][in][uE4NnWIBZOTYwWd_Rxo3], source[{"EventTime":"2018-03-31 14:11:25","Hostname":"john-PC","Keywords":-9223372036854775808,"EventType":"INFO","SeverityValue":2,"Severity":"INFO","EventID":3,"SourceName":"Microsoft-Windows-Sysmon","ProviderGuid":"{5770385F-C22A-43E0-BF4C-06F5698FFBD9}","Version":5,"Task":3,"OpcodeValue":0,"RecordNumber":60865500,"ExecutionProcessID":1660,"ExecutionThreadID":1864,"Channel":"Microsoft-Windows-Sysmon/Operational","Domain":"NT AUTHORITY","AccountName":"SYSTEM","UserID":"S-1-5-18","AccountType":"User","Message":"Network connection detected:\r\nUtcTime: 2018-03-31 12:11:31.442\r\nProcessGuid: {53F35F28-68A0-5ABF-0000-0010D47E1610}\r\nProcessId: 2488\r\nImage: C:\\Users\\john\\Downloads\\GoogleChromePortable\\App\\Chrome-bin\\chrome.exe\r\nUser: john-PC\\john\r\nProtocol: udp\r\nInitiated: true\r\nSourceIsIpv6: false\r\nSourceIp: 192.168.56.102\r\nSourceHostname: john-PC\r\nSourcePort: 55384\r\nSourcePortName: \r\nDestinationIsIpv6: false\r\nDestinationIp: 216.58.210.142\r\nDestinationHostname: mad06s09-in-f142.1e100.net\r\nDestinationPort: 443\r\nDestinationPortName: https","Category":"Network connection detected (rule: NetworkConnect)","Opcode":"InformaciĂłn","UtcTime":"2018-03-31 12:11:31.442","ProcessGuid":"{53F35F28-68A0-5ABF-0000-0010D47E1610}","ProcessId":"2488","Image":"C:\\Users\\john\\Downloads\\GoogleChromePortable\\App\\Chrome-bin\\chrome.exe","User":"john-PC\\john","Protocol":"udp","Initiated":"true","SourceIsIpv6":"false","SourceIp":"192.168.56.102","SourceHostname":"john-PC","SourcePort":"55384","DestinationIsIpv6":"false","DestinationIp":"216.58.210.142","DestinationHostname":"mad06s09-in-f142.1e100.net","DestinationPort":"443","DestinationPortName":"https","SourceModuleName":"in","SourceModuleType":"im_msvistalog"}]}]]
	at org.elasticsearch.action.support.replication.TransportReplicationAction$ReroutePhase.retryBecauseUnavailable(TransportReplicationAction.java:944) [elasticsearch-6.2.3.jar:6.2.3]
	at org.elasticsearch.action.support.replication.TransportReplicationAction$ReroutePhase.retryIfUnavailable(TransportReplicationAction.java:781) [elasticsearch-6.2.3.jar:6.2.3]
	at org.elasticsearch.action.support.replication.TransportReplicationAction$ReroutePhase.doRun(TransportReplicationAction.java:734) [elasticsearch-6.2.3.jar:6.2.3]
	at org.elasticsearch.common.util.concurrent.AbstractRunnable.run(AbstractRunnable.java:37) [elasticsearch-6.2.3.jar:6.2.3]
	at org.elasticsearch.action.support.replication.TransportReplicationAction$ReroutePhase$2.onTimeout(TransportReplicationAction.java:898) [elasticsearch-6.2.3.jar:6.2.3]
	at org.elasticsearch.cluster.ClusterStateObserver$ContextPreservingListener.onTimeout(ClusterStateObserver.java:317) [elasticsearch-6.2.3.jar:6.2.3]
	at org.elasticsearch.cluster.ClusterStateObserver$ObserverClusterStateListener.onTimeout(ClusterStateObserver.java:244) [elasticsearch-6.2.3.jar:6.2.3]
	at org.elasticsearch.cluster.service.ClusterApplierService$NotifyTimeout.run(ClusterApplierService.java:581) [elasticsearch-6.2.3.jar:6.2.3]
	at org.elasticsearch.common.util.concurrent.ThreadContext$ContextPreservingRunnable.run(ThreadContext.java:573) [elasticsearch-6.2.3.jar:6.2.3]
	at java.util.concurrent.ThreadPoolExecutor.runWorker(ThreadPoolExecutor.java:1149) [?:1.8.0_161]
	at java.util.concurrent.ThreadPoolExecutor$Worker.run(ThreadPoolExecutor.java:624) [?:1.8.0_161]
	at java.lang.Thread.run(Thread.java:748) [?:1.8.0_161]
[2018-04-07T00:23:05,915][WARN ][r.suppressed             ] path: /nxlog-2018.03.31.14.11/in, params: {index=nxlog-2018.03.31.14.11, type=in}
org.elasticsearch.action.UnavailableShardsException: [nxlog-2018.03.31.14.11][0] primary shard is not active Timeout: [1m], request: [BulkShardRequest [[nxlog-2018.03.31.14.11][0]] containing [index {[nxlog-2018.03.31.14.11][in][uU4NnWIBZOTYwWd_bhpa], source[{"EventTime":"2018-03-31 14:11:25","Hostname":"john-PC","Keywords":-9223372036854775808,"EventType":"INFO","SeverityValue":2,"Severity":"INFO","EventID":3,"SourceName":"Microsoft-Windows-Sysmon","ProviderGuid":"{5770385F-C22A-43E0-BF4C-06F5698FFBD9}","Version":5,"Task":3,"OpcodeValue":0,"RecordNumber":60865500,"ExecutionProcessID":1660,"ExecutionThreadID":1864,"Channel":"Microsoft-Windows-Sysmon/Operational","Domain":"NT AUTHORITY","AccountName":"SYSTEM","UserID":"S-1-5-18","AccountType":"User","Message":"Network connection detected:\r\nUtcTime: 2018-03-31 12:11:31.442\r\nProcessGuid: {53F35F28-68A0-5ABF-0000-0010D47E1610}\r\nProcessId: 2488\r\nImage: C:\\Users\\john\\Downloads\\GoogleChromePortable\\App\\Chrome-bin\\chrome.exe\r\nUser: john-PC\\john\r\nProtocol: udp\r\nInitiated: true\r\nSourceIsIpv6: false\r\nSourceIp: 192.168.56.102\r\nSourceHostname: john-PC\r\nSourcePort: 55384\r\nSourcePortName: \r\nDestinationIsIpv6: false\r\nDestinationIp: 216.58.210.142\r\nDestinationHostname: mad06s09-in-f142.1e100.net\r\nDestinationPort: 443\r\nDestinationPortName: https","Category":"Network connection detected (rule: NetworkConnect)","Opcode":"InformaciĂłn","UtcTime":"2018-03-31 12:11:31.442","ProcessGuid":"{53F35F28-68A0-5ABF-0000-0010D47E1610}","ProcessId":"2488","Image":"C:\\Users\\john\\Downloads\\GoogleChromePortable\\App\\Chrome-bin\\chrome.exe","User":"john-PC\\john","Protocol":"udp","Initiated":"true","SourceIsIpv6":"false","SourceIp":"192.168.56.102","SourceHostname":"john-PC","SourcePort":"55384","DestinationIsIpv6":"false","DestinationIp":"216.58.210.142","DestinationHostname":"mad06s09-in-f142.1e100.net","DestinationPort":"443","DestinationPortName":"https","SourceModuleName":"in","SourceModuleType":"im_msvistalog"}]}]]
	at org.elasticsearch.action.support.replication.TransportReplicationAction$ReroutePhase.retryBecauseUnavailable(TransportReplicationAction.java:944) [elasticsearch-6.2.3.jar:6.2.3]
	at org.elasticsearch.action.support.replication.TransportReplicationAction$ReroutePhase.retryIfUnavailable(TransportReplicationAction.java:781) [elasticsearch-6.2.3.jar:6.2.3]
	at org.elasticsearch.action.support.replication.TransportReplicationAction$ReroutePhase.doRun(TransportReplicationAction.java:734) [elasticsearch-6.2.3.jar:6.2.3]
	at org.elasticsearch.common.util.concurrent.AbstractRunnable.run(AbstractRunnable.java:37) [elasticsearch-6.2.3.jar:6.2.3]
	at org.elasticsearch.action.support.replication.TransportReplicationAction$ReroutePhase$2.onTimeout(TransportReplicationAction.java:898) [elasticsearch-6.2.3.jar:6.2.3]
	at org.elasticsearch.cluster.ClusterStateObserver$ContextPreservingListener.onTimeout(ClusterStateObserver.java:317) [elasticsearch-6.2.3.jar:6.2.3]
	at org.elasticsearch.cluster.ClusterStateObserver$ObserverClusterStateListener.onTimeout(ClusterStateObserver.java:244) [elasticsearch-6.2.3.jar:6.2.3]
	at org.elasticsearch.cluster.service.ClusterApplierService$NotifyTimeout.run(ClusterApplierService.java:581) [elasticsearch-6.2.3.jar:6.2.3]
	at org.elasticsearch.common.util.concurrent.ThreadContext$ContextPreservingRunnable.run(ThreadContext.java:573) [elasticsearch-6.2.3.jar:6.2.3]
	at java.util.concurrent.ThreadPoolExecutor.runWorker(ThreadPoolExecutor.java:1149) [?:1.8.0_161]
	at java.util.concurrent.ThreadPoolExecutor$Worker.run(ThreadPoolExecutor.java:624) [?:1.8.0_161]
	at java.lang.Thread.run(Thread.java:748) [?:1.8.0_161]
[2018-04-07T00:23:15,930][WARN ][r.suppressed             ] path: /nxlog-2018.03.31.14.11/in, params: {index=nxlog-2018.03.31.14.11, type=in}
org.elasticsearch.action.UnavailableShardsException: [nxlog-2018.03.31.14.11][0] primary shard is not active Timeout: [1m], request: [BulkShardRequest [[nxlog-2018.03.31.14.11][0]] containing [index {[nxlog-2018.03.31.14.11][in][uk4NnWIBZOTYwWd_lRp5], source[{"EventTime":"2018-03-31 14:11:25","Hostname":"john-PC","Keywords":-9223372036854775808,"EventType":"INFO","SeverityValue":2,"Severity":"INFO","EventID":3,"SourceName":"Microsoft-Windows-Sysmon","ProviderGuid":"{5770385F-C22A-43E0-BF4C-06F5698FFBD9}","Version":5,"Task":3,"OpcodeValue":0,"RecordNumber":60865500,"ExecutionProcessID":1660,"ExecutionThreadID":1864,"Channel":"Microsoft-Windows-Sysmon/Operational","Domain":"NT AUTHORITY","AccountName":"SYSTEM","UserID":"S-1-5-18","AccountType":"User","Message":"Network connection detected:\r\nUtcTime: 2018-03-31 12:11:31.442\r\nProcessGuid: {53F35F28-68A0-5ABF-0000-0010D47E1610}\r\nProcessId: 2488\r\nImage: C:\\Users\\john\\Downloads\\GoogleChromePortable\\App\\Chrome-bin\\chrome.exe\r\nUser: john-PC\\john\r\nProtocol: udp\r\nInitiated: true\r\nSourceIsIpv6: false\r\nSourceIp: 192.168.56.102\r\nSourceHostname: john-PC\r\nSourcePort: 55384\r\nSourcePortName: \r\nDestinationIsIpv6: false\r\nDestinationIp: 216.58.210.142\r\nDestinationHostname: mad06s09-in-f142.1e100.net\r\nDestinationPort: 443\r\nDestinationPortName: https","Category":"Network connection detected (rule: NetworkConnect)","Opcode":"InformaciĂłn","UtcTime":"2018-03-31 12:11:31.442","ProcessGuid":"{53F35F28-68A0-5ABF-0000-0010D47E1610}","ProcessId":"2488","Image":"C:\\Users\\john\\Downloads\\GoogleChromePortable\\App\\Chrome-bin\\chrome.exe","User":"john-PC\\john","Protocol":"udp","Initiated":"true","SourceIsIpv6":"false","SourceIp":"192.168.56.102","SourceHostname":"john-PC","SourcePort":"55384","DestinationIsIpv6":"false","DestinationIp":"216.58.210.142","DestinationHostname":"mad06s09-in-f142.1e100.net","DestinationPort":"443","DestinationPortName":"https","SourceModuleName":"in","SourceModuleType":"im_msvistalog"}]}]]
	at org.elasticsearch.action.support.replication.TransportReplicationAction$ReroutePhase.retryBecauseUnavailable(TransportReplicationAction.java:944) [elasticsearch-6.2.3.jar:6.2.3]
	at org.elasticsearch.action.support.replication.TransportReplicationAction$ReroutePhase.retryIfUnavailable(TransportReplicationAction.java:781) [elasticsearch-6.2.3.jar:6.2.3]
	at org.elasticsearch.action.support.replication.TransportReplicationAction$ReroutePhase.doRun(TransportReplicationAction.java:734) [elasticsearch-6.2.3.jar:6.2.3]
	at org.elasticsearch.common.util.concurrent.AbstractRunnable.run(AbstractRunnable.java:37) [elasticsearch-6.2.3.jar:6.2.3]
	at org.elasticsearch.action.support.replication.TransportReplicationAction$ReroutePhase$2.onTimeout(TransportReplicationAction.java:898) [elasticsearch-6.2.3.jar:6.2.3]
	at org.elasticsearch.cluster.ClusterStateObserver$ContextPreservingListener.onTimeout(ClusterStateObserver.java:317) [elasticsearch-6.2.3.jar:6.2.3]
	at org.elasticsearch.cluster.ClusterStateObserver$ObserverClusterStateListener.onTimeout(ClusterStateObserver.java:244) [elasticsearch-6.2.3.jar:6.2.3]
	at org.elasticsearch.cluster.service.ClusterApplierService$NotifyTimeout.run(ClusterApplierService.java:581) [elasticsearch-6.2.3.jar:6.2.3]
	at org.elasticsearch.common.util.concurrent.ThreadContext$ContextPreservingRunnable.run(ThreadContext.java:573) [elasticsearch-6.2.3.jar:6.2.3]
	at java.util.concurrent.ThreadPoolExecutor.runWorker(ThreadPoolExecutor.java:1149) [?:1.8.0_161]
	at java.util.concurrent.ThreadPoolExecutor$Worker.run(ThreadPoolExecutor.java:624) [?:1.8.0_161]
	at java.lang.Thread.run(Thread.java:748) [?:1.8.0_161]
