[2018-04-07T00:27:46,528][WARN ][r.suppressed             ] path: /nxlog-2018.03.31.14.11/in, params: {index=nxlog-2018.03.31.14.11, type=in}
org.elasticsearch.action.UnavailableShardsException: [nxlog-2018.03.31.14.11][0] primary shard is not active Timeout: [1m], request: [BulkShardRequest [[nxlog-2018.03.31.14.11][0]] containing [index {[nxlog-2018.03.31.14.11][in][1U4RnWIBZOTYwWd_thp_], source[{"EventTime":"2018-03-31 14:11:25","Hostname":"john-PC","Keywords":-9223372036854775808,"EventType":"INFO","SeverityValue":2,"Severity":"INFO","EventID":3,"SourceName":"Microsoft-Windows-Sysmon","ProviderGuid":"{5770385F-C22A-43E0-BF4C-06F5698FFBD9}","Version":5,"Task":3,"OpcodeValue":0,"RecordNumber":60865500,"ExecutionProcessID":1660,"ExecutionThreadID":1864,"Channel":"Microsoft-Windows-Sysmon/Operational","Domain":"NT AUTHORITY","AccountName":"SYSTEM","UserID":"S-1-5-18","AccountType":"User","Message":"Network connection detected:\r\nUtcTime: 2018-03-31 12:11:31.442\r\nProcessGuid: {53F35F28-68A0-5ABF-0000-0010D47E1610}\r\nProcessId: 2488\r\nImage: C:\\Users\\john\\Downloads\\GoogleChromePortable\\App\\Chrome-bin\\chrome.exe\r\nUser: john-PC\\john\r\nProtocol: udp\r\nInitiated: true\r\nSourceIsIpv6: false\r\nSourceIp: 192.168.56.102\r\nSourceHostname: john-PC\r\nSourcePort: 55384\r\nSourcePortName: \r\nDestinationIsIpv6: false\r\nDestinationIp: 216.58.210.142\r\nDestinationHostname: mad06s09-in-f142.1e100.net\r\nDestinationPort: 443\r\nDestinationPortName: https","Category":"Network connection detected (rule: NetworkConnect)","Opcode":"InformaciĂłn","UtcTime":"2018-03-31 12:11:31.442","ProcessGuid":"{53F35F28-68A0-5ABF-0000-0010D47E1610}","ProcessId":"2488","Image":"C:\\Users\\john\\Downloads\\GoogleChromePortable\\App\\Chrome-bin\\chrome.exe","User":"john-PC\\john","Protocol":"udp","Initiated":"true","SourceIsIpv6":"false","SourceIp":"192.168.56.102","SourceHostname":"john-PC","SourcePort":"55384","DestinationIsIpv6":"false","DestinationIp":"216.58.210.142","DestinationHostname":"mad06s09-in-f142.1e100.net","DestinationPort":"443","DestinationPortName":"https","SourceModuleName":"in","SourceModuleType":"im_msvistalog"}]}]]
	at org.elasticsearch.action.support.replication.TransportReplicationAction$ReroutePhase.retryBecauseUnavailable(TransportReplicationAction.java:944) [elasticsearch-6.2.3.jar:6.2.3]
	at org.elasticsearch.action.support.replication.TransportReplicationAction$ReroutePhase.retryIfUnavailable(TransportReplicationAction.java:781) [elasticsearch-6.2.3.jar:6.2.3]
	at org.elasticsearch.action.support.replication.TransportReplicationAction$ReroutePhase.doRun(TransportReplicationAction.java:734) [elasticsearch-6.2.3.jar:6.2.3]
	at org.elasticsearch.common.util.concurrent.AbstractRunnable.run(AbstractRunnable.java:37) [elasticsearch-6.2.3.jar:6.2.3]
	at org.elasticsearch.action.support.replication.TransportReplicationAction$ReroutePhase$2.onTimeout(TransportReplicationAction.java:898) [elasticsearch-6.2.3.jar:6.2.3]
	at org.elasticsearch.cluster.ClusterStateObserver$ContextPreservingListener.onTimeout(ClusterStateObserver.java:317) [elasticsearch-6.2.3.jar:6.2.3]
	at org.elasticsearch.cluster.ClusterStateObserver$ObserverClusterStateListener.onTimeout(ClusterStateObserver.java:244) [elasticsearch-6.2.3.jar:6.2.3]
	at org.elasticsearch.cluster.service.ClusterApplierService$NotifyTimeout.run(ClusterApplierService.java:581) [elasticsearch-6.2.3.jar:6.2.3]
	at org.elasticsearch.common.util.concurrent.ThreadContext$ContextPreservingRunnable.run(ThreadContext.java:573) [elasticsearch-6.2.3.jar:6.2.3]
	at java.util.concurrent.ThreadPoolExecutor.runWorker(ThreadPoolExecutor.java:1149) [?:1.8.0_161]
	at java.util.concurrent.ThreadPoolExecutor$Worker.run(ThreadPoolExecutor.java:624) [?:1.8.0_161]
	at java.lang.Thread.run(Thread.java:748) [?:1.8.0_161]
[2018-04-07T00:27:56,554][WARN ][r.suppressed             ] path: /nxlog-2018.03.31.14.11/in, params: {index=nxlog-2018.03.31.14.11, type=in}
org.elasticsearch.action.UnavailableShardsException: [nxlog-2018.03.31.14.11][0] primary shard is not active Timeout: [1m], request: [BulkShardRequest [[nxlog-2018.03.31.14.11][0]] containing [index {[nxlog-2018.03.31.14.11][in][1k4RnWIBZOTYwWd_3Rqp], source[{"EventTime":"2018-03-31 14:11:25","Hostname":"john-PC","Keywords":-9223372036854775808,"EventType":"INFO","SeverityValue":2,"Severity":"INFO","EventID":3,"SourceName":"Microsoft-Windows-Sysmon","ProviderGuid":"{5770385F-C22A-43E0-BF4C-06F5698FFBD9}","Version":5,"Task":3,"OpcodeValue":0,"RecordNumber":60865500,"ExecutionProcessID":1660,"ExecutionThreadID":1864,"Channel":"Microsoft-Windows-Sysmon/Operational","Domain":"NT AUTHORITY","AccountName":"SYSTEM","UserID":"S-1-5-18","AccountType":"User","Message":"Network connection detected:\r\nUtcTime: 2018-03-31 12:11:31.442\r\nProcessGuid: {53F35F28-68A0-5ABF-0000-0010D47E1610}\r\nProcessId: 2488\r\nImage: C:\\Users\\john\\Downloads\\GoogleChromePortable\\App\\Chrome-bin\\chrome.exe\r\nUser: john-PC\\john\r\nProtocol: udp\r\nInitiated: true\r\nSourceIsIpv6: false\r\nSourceIp: 192.168.56.102\r\nSourceHostname: john-PC\r\nSourcePort: 55384\r\nSourcePortName: \r\nDestinationIsIpv6: false\r\nDestinationIp: 216.58.210.142\r\nDestinationHostname: mad06s09-in-f142.1e100.net\r\nDestinationPort: 443\r\nDestinationPortName: https","Category":"Network connection detected (rule: NetworkConnect)","Opcode":"InformaciĂłn","UtcTime":"2018-03-31 12:11:31.442","ProcessGuid":"{53F35F28-68A0-5ABF-0000-0010D47E1610}","ProcessId":"2488","Image":"C:\\Users\\john\\Downloads\\GoogleChromePortable\\App\\Chrome-bin\\chrome.exe","User":"john-PC\\john","Protocol":"udp","Initiated":"true","SourceIsIpv6":"false","SourceIp":"192.168.56.102","SourceHostname":"john-PC","SourcePort":"55384","DestinationIsIpv6":"false","DestinationIp":"216.58.210.142","DestinationHostname":"mad06s09-in-f142.1e100.net","DestinationPort":"443","DestinationPortName":"https","SourceModuleName":"in","SourceModuleType":"im_msvistalog"}]}]]
	at org.elasticsearch.action.support.replication.TransportReplicationAction$ReroutePhase.retryBecauseUnavailable(TransportReplicationAction.java:944) [elasticsearch-6.2.3.jar:6.2.3]
	at org.elasticsearch.action.support.replication.TransportReplicationAction$ReroutePhase.retryIfUnavailable(TransportReplicationAction.java:781) [elasticsearch-6.2.3.jar:6.2.3]
	at org.elasticsearch.action.support.replication.TransportReplicationAction$ReroutePhase.doRun(TransportReplicationAction.java:734) [elasticsearch-6.2.3.jar:6.2.3]
	at org.elasticsearch.common.util.concurrent.AbstractRunnable.run(AbstractRunnable.java:37) [elasticsearch-6.2.3.jar:6.2.3]
	at org.elasticsearch.action.support.replication.TransportReplicationAction$ReroutePhase$2.onTimeout(TransportReplicationAction.java:898) [elasticsearch-6.2.3.jar:6.2.3]
	at org.elasticsearch.cluster.ClusterStateObserver$ContextPreservingListener.onTimeout(ClusterStateObserver.java:317) [elasticsearch-6.2.3.jar:6.2.3]
	at org.elasticsearch.cluster.ClusterStateObserver$ObserverClusterStateListener.onTimeout(ClusterStateObserver.java:244) [elasticsearch-6.2.3.jar:6.2.3]
	at org.elasticsearch.cluster.service.ClusterApplierService$NotifyTimeout.run(ClusterApplierService.java:581) [elasticsearch-6.2.3.jar:6.2.3]
	at org.elasticsearch.common.util.concurrent.ThreadContext$ContextPreservingRunnable.run(ThreadContext.java:573) [elasticsearch-6.2.3.jar:6.2.3]
	at java.util.concurrent.ThreadPoolExecutor.runWorker(ThreadPoolExecutor.java:1149) [?:1.8.0_161]
	at java.util.concurrent.ThreadPoolExecutor$Worker.run(ThreadPoolExecutor.java:624) [?:1.8.0_161]
	at java.lang.Thread.run(Thread.java:748) [?:1.8.0_161]
[2018-04-07T00:28:06,584][WARN ][r.suppressed             ] path: /nxlog-2018.03.31.14.11/in, params: {index=nxlog-2018.03.31.14.11, type=in}
org.elasticsearch.action.UnavailableShardsException: [nxlog-2018.03.31.14.11][0] primary shard is not active Timeout: [1m], request: [BulkShardRequest [[nxlog-2018.03.31.14.11][0]] containing [index {[nxlog-2018.03.31.14.11][in][104SnWIBZOTYwWd_BBrX], source[{"EventTime":"2018-03-31 14:11:25","Hostname":"john-PC","Keywords":-9223372036854775808,"EventType":"INFO","SeverityValue":2,"Severity":"INFO","EventID":3,"SourceName":"Microsoft-Windows-Sysmon","ProviderGuid":"{5770385F-C22A-43E0-BF4C-06F5698FFBD9}","Version":5,"Task":3,"OpcodeValue":0,"RecordNumber":60865500,"ExecutionProcessID":1660,"ExecutionThreadID":1864,"Channel":"Microsoft-Windows-Sysmon/Operational","Domain":"NT AUTHORITY","AccountName":"SYSTEM","UserID":"S-1-5-18","AccountType":"User","Message":"Network connection detected:\r\nUtcTime: 2018-03-31 12:11:31.442\r\nProcessGuid: {53F35F28-68A0-5ABF-0000-0010D47E1610}\r\nProcessId: 2488\r\nImage: C:\\Users\\john\\Downloads\\GoogleChromePortable\\App\\Chrome-bin\\chrome.exe\r\nUser: john-PC\\john\r\nProtocol: udp\r\nInitiated: true\r\nSourceIsIpv6: false\r\nSourceIp: 192.168.56.102\r\nSourceHostname: john-PC\r\nSourcePort: 55384\r\nSourcePortName: \r\nDestinationIsIpv6: false\r\nDestinationIp: 216.58.210.142\r\nDestinationHostname: mad06s09-in-f142.1e100.net\r\nDestinationPort: 443\r\nDestinationPortName: https","Category":"Network connection detected (rule: NetworkConnect)","Opcode":"InformaciĂłn","UtcTime":"2018-03-31 12:11:31.442","ProcessGuid":"{53F35F28-68A0-5ABF-0000-0010D47E1610}","ProcessId":"2488","Image":"C:\\Users\\john\\Downloads\\GoogleChromePortable\\App\\Chrome-bin\\chrome.exe","User":"john-PC\\john","Protocol":"udp","Initiated":"true","SourceIsIpv6":"false","SourceIp":"192.168.56.102","SourceHostname":"john-PC","SourcePort":"55384","DestinationIsIpv6":"false","DestinationIp":"216.58.210.142","DestinationHostname":"mad06s09-in-f142.1e100.net","DestinationPort":"443","DestinationPortName":"https","SourceModuleName":"in","SourceModuleType":"im_msvistalog"}]}]]
	at org.elasticsearch.action.support.replication.TransportReplicationAction$ReroutePhase.retryBecauseUnavailable(TransportReplicationAction.java:944) [elasticsearch-6.2.3.jar:6.2.3]
	at org.elasticsearch.action.support.replication.TransportReplicationAction$ReroutePhase.retryIfUnavailable(TransportReplicationAction.java:781) [elasticsearch-6.2.3.jar:6.2.3]
	at org.elasticsearch.action.support.replication.TransportReplicationAction$ReroutePhase.doRun(TransportReplicationAction.java:734) [elasticsearch-6.2.3.jar:6.2.3]
	at org.elasticsearch.common.util.concurrent.AbstractRunnable.run(AbstractRunnable.java:37) [elasticsearch-6.2.3.jar:6.2.3]
	at org.elasticsearch.action.support.replication.TransportReplicationAction$ReroutePhase$2.onTimeout(TransportReplicationAction.java:898) [elasticsearch-6.2.3.jar:6.2.3]
	at org.elasticsearch.cluster.ClusterStateObserver$ContextPreservingListener.onTimeout(ClusterStateObserver.java:317) [elasticsearch-6.2.3.jar:6.2.3]
	at org.elasticsearch.cluster.ClusterStateObserver$ObserverClusterStateListener.onTimeout(ClusterStateObserver.java:244) [elasticsearch-6.2.3.jar:6.2.3]
	at org.elasticsearch.cluster.service.ClusterApplierService$NotifyTimeout.run(ClusterApplierService.java:581) [elasticsearch-6.2.3.jar:6.2.3]
	at org.elasticsearch.common.util.concurrent.ThreadContext$ContextPreservingRunnable.run(ThreadContext.java:573) [elasticsearch-6.2.3.jar:6.2.3]
	at java.util.concurrent.ThreadPoolExecutor.runWorker(ThreadPoolExecutor.java:1149) [?:1.8.0_161]
	at java.util.concurrent.ThreadPoolExecutor$Worker.run(ThreadPoolExecutor.java:624) [?:1.8.0_161]
	at java.lang.Thread.run(Thread.java:748) [?:1.8.0_161]
[2018-04-07T00:28:12,250][INFO ][o.e.c.m.MetaDataDeleteIndexService] [ux-F9st] [nxlog-2018.03.31.14.06/p2iIro9ERmGql2wG1p1hIg] deleting index
[2018-04-07T00:28:12,250][INFO ][o.e.c.m.MetaDataDeleteIndexService] [ux-F9st] [nxlog-2018.03.31.12.09/TgBv_P7KSZeapl7r4ghc4A] deleting index
[2018-04-07T00:28:12,250][INFO ][o.e.c.m.MetaDataDeleteIndexService] [ux-F9st] [nxlog-2018.03.31.14.07/6MA89ytKS26VS-OzMEou7A] deleting index
[2018-04-07T00:28:12,251][INFO ][o.e.c.m.MetaDataDeleteIndexService] [ux-F9st] [nxlog-2018.03.31.14.04/uuYedkaUQnGWF0SeWAcmPg] deleting index
[2018-04-07T00:28:12,251][INFO ][o.e.c.m.MetaDataDeleteIndexService] [ux-F9st] [nxlog-2018.03.31.14.02/EIOP0JV3Qf2wnTaYWNuY7A] deleting index
[2018-04-07T00:28:12,251][INFO ][o.e.c.m.MetaDataDeleteIndexService] [ux-F9st] [nxlog-2018.03.31.14.11/kjqMv1E5QXWhQed5zYvHMg] deleting index
[2018-04-07T00:28:12,251][INFO ][o.e.c.m.MetaDataDeleteIndexService] [ux-F9st] [nxlog-2018.03.31.12.08/N32x-bssThe9SwOBRPtHCg] deleting index
[2018-04-07T00:28:12,251][INFO ][o.e.c.m.MetaDataDeleteIndexService] [ux-F9st] [nxlog-2018.03.31.14.03/sU2xLBfjRfSN0ypVgQZ9-Q] deleting index
[2018-04-07T00:28:12,251][INFO ][o.e.c.m.MetaDataDeleteIndexService] [ux-F9st] [nxlog-2018.03.31.14.00/IBCScz2JRpm8oCebyDIVgg] deleting index
[2018-04-07T00:43:34,064][INFO ][o.e.c.m.MetaDataCreateIndexService] [ux-F9st] [nxlog-2018.03.31.14.11] creating index, cause [auto(bulk api)], templates [nxlog], shards [1]/[1], mappings [_default_]
[2018-04-07T00:44:44,123][WARN ][r.suppressed             ] path: /nxlog-2018.03.31.14.11/in, params: {index=nxlog-2018.03.31.14.11, type=in}
org.elasticsearch.action.UnavailableShardsException: [nxlog-2018.03.31.14.11][0] primary shard is not active Timeout: [1m], request: [BulkShardRequest [[nxlog-2018.03.31.14.11][0]] containing [index {[nxlog-2018.03.31.14.11][in][204hnWIBZOTYwWd_PRp6], source[{"EventTime":"2018-03-31 14:11:25","Hostname":"john-PC","Keywords":-9223372036854775808,"EventType":"INFO","SeverityValue":2,"Severity":"INFO","EventID":3,"SourceName":"Microsoft-Windows-Sysmon","ProviderGuid":"{5770385F-C22A-43E0-BF4C-06F5698FFBD9}","Version":5,"Task":3,"OpcodeValue":0,"RecordNumber":60865500,"ExecutionProcessID":1660,"ExecutionThreadID":1864,"Channel":"Microsoft-Windows-Sysmon/Operational","Domain":"NT AUTHORITY","AccountName":"SYSTEM","UserID":"S-1-5-18","AccountType":"User","Message":"Network connection detected:\r\nUtcTime: 2018-03-31 12:11:31.442\r\nProcessGuid: {53F35F28-68A0-5ABF-0000-0010D47E1610}\r\nProcessId: 2488\r\nImage: C:\\Users\\john\\Downloads\\GoogleChromePortable\\App\\Chrome-bin\\chrome.exe\r\nUser: john-PC\\john\r\nProtocol: udp\r\nInitiated: true\r\nSourceIsIpv6: false\r\nSourceIp: 192.168.56.102\r\nSourceHostname: john-PC\r\nSourcePort: 55384\r\nSourcePortName: \r\nDestinationIsIpv6: false\r\nDestinationIp: 216.58.210.142\r\nDestinationHostname: mad06s09-in-f142.1e100.net\r\nDestinationPort: 443\r\nDestinationPortName: https","Category":"Network connection detected (rule: NetworkConnect)","Opcode":"InformaciĂłn","UtcTime":"2018-03-31 12:11:31.442","ProcessGuid":"{53F35F28-68A0-5ABF-0000-0010D47E1610}","ProcessId":"2488","Image":"C:\\Users\\john\\Downloads\\GoogleChromePortable\\App\\Chrome-bin\\chrome.exe","User":"john-PC\\john","Protocol":"udp","Initiated":"true","SourceIsIpv6":"false","SourceIp":"192.168.56.102","SourceHostname":"john-PC","SourcePort":"55384","DestinationIsIpv6":"false","DestinationIp":"216.58.210.142","DestinationHostname":"mad06s09-in-f142.1e100.net","DestinationPort":"443","DestinationPortName":"https","SourceModuleName":"in","SourceModuleType":"im_msvistalog"}]}]]
	at org.elasticsearch.action.support.replication.TransportReplicationAction$ReroutePhase.retryBecauseUnavailable(TransportReplicationAction.java:944) [elasticsearch-6.2.3.jar:6.2.3]
	at org.elasticsearch.action.support.replication.TransportReplicationAction$ReroutePhase.retryIfUnavailable(TransportReplicationAction.java:781) [elasticsearch-6.2.3.jar:6.2.3]
	at org.elasticsearch.action.support.replication.TransportReplicationAction$ReroutePhase.doRun(TransportReplicationAction.java:734) [elasticsearch-6.2.3.jar:6.2.3]
	at org.elasticsearch.common.util.concurrent.AbstractRunnable.run(AbstractRunnable.java:37) [elasticsearch-6.2.3.jar:6.2.3]
	at org.elasticsearch.action.support.replication.TransportReplicationAction$ReroutePhase$2.onTimeout(TransportReplicationAction.java:898) [elasticsearch-6.2.3.jar:6.2.3]
	at org.elasticsearch.cluster.ClusterStateObserver$ContextPreservingListener.onTimeout(ClusterStateObserver.java:317) [elasticsearch-6.2.3.jar:6.2.3]
	at org.elasticsearch.cluster.ClusterStateObserver$ObserverClusterStateListener.onTimeout(ClusterStateObserver.java:244) [elasticsearch-6.2.3.jar:6.2.3]
	at org.elasticsearch.cluster.service.ClusterApplierService$NotifyTimeout.run(ClusterApplierService.java:581) [elasticsearch-6.2.3.jar:6.2.3]
	at org.elasticsearch.common.util.concurrent.ThreadContext$ContextPreservingRunnable.run(ThreadContext.java:573) [elasticsearch-6.2.3.jar:6.2.3]
	at java.util.concurrent.ThreadPoolExecutor.runWorker(ThreadPoolExecutor.java:1149) [?:1.8.0_161]
	at java.util.concurrent.ThreadPoolExecutor$Worker.run(ThreadPoolExecutor.java:624) [?:1.8.0_161]
	at java.lang.Thread.run(Thread.java:748) [?:1.8.0_161]
[2018-04-07T00:44:54,143][WARN ][r.suppressed             ] path: /nxlog-2018.03.31.14.11/in, params: {index=nxlog-2018.03.31.14.11, type=in}
org.elasticsearch.action.UnavailableShardsException: [nxlog-2018.03.31.14.11][0] primary shard is not active Timeout: [1m], request: [BulkShardRequest [[nxlog-2018.03.31.14.11][0]] containing [index {[nxlog-2018.03.31.14.11][in][3E4hnWIBZOTYwWd_ZBqe], source[{"EventTime":"2018-03-31 14:11:25","Hostname":"john-PC","Keywords":-9223372036854775808,"EventType":"INFO","SeverityValue":2,"Severity":"INFO","EventID":3,"SourceName":"Microsoft-Windows-Sysmon","ProviderGuid":"{5770385F-C22A-43E0-BF4C-06F5698FFBD9}","Version":5,"Task":3,"OpcodeValue":0,"RecordNumber":60865500,"ExecutionProcessID":1660,"ExecutionThreadID":1864,"Channel":"Microsoft-Windows-Sysmon/Operational","Domain":"NT AUTHORITY","AccountName":"SYSTEM","UserID":"S-1-5-18","AccountType":"User","Message":"Network connection detected:\r\nUtcTime: 2018-03-31 12:11:31.442\r\nProcessGuid: {53F35F28-68A0-5ABF-0000-0010D47E1610}\r\nProcessId: 2488\r\nImage: C:\\Users\\john\\Downloads\\GoogleChromePortable\\App\\Chrome-bin\\chrome.exe\r\nUser: john-PC\\john\r\nProtocol: udp\r\nInitiated: true\r\nSourceIsIpv6: false\r\nSourceIp: 192.168.56.102\r\nSourceHostname: john-PC\r\nSourcePort: 55384\r\nSourcePortName: \r\nDestinationIsIpv6: false\r\nDestinationIp: 216.58.210.142\r\nDestinationHostname: mad06s09-in-f142.1e100.net\r\nDestinationPort: 443\r\nDestinationPortName: https","Category":"Network connection detected (rule: NetworkConnect)","Opcode":"InformaciĂłn","UtcTime":"2018-03-31 12:11:31.442","ProcessGuid":"{53F35F28-68A0-5ABF-0000-0010D47E1610}","ProcessId":"2488","Image":"C:\\Users\\john\\Downloads\\GoogleChromePortable\\App\\Chrome-bin\\chrome.exe","User":"john-PC\\john","Protocol":"udp","Initiated":"true","SourceIsIpv6":"false","SourceIp":"192.168.56.102","SourceHostname":"john-PC","SourcePort":"55384","DestinationIsIpv6":"false","DestinationIp":"216.58.210.142","DestinationHostname":"mad06s09-in-f142.1e100.net","DestinationPort":"443","DestinationPortName":"https","SourceModuleName":"in","SourceModuleType":"im_msvistalog"}]}]]
	at org.elasticsearch.action.support.replication.TransportReplicationAction$ReroutePhase.retryBecauseUnavailable(TransportReplicationAction.java:944) [elasticsearch-6.2.3.jar:6.2.3]
	at org.elasticsearch.action.support.replication.TransportReplicationAction$ReroutePhase.retryIfUnavailable(TransportReplicationAction.java:781) [elasticsearch-6.2.3.jar:6.2.3]
	at org.elasticsearch.action.support.replication.TransportReplicationAction$ReroutePhase.doRun(TransportReplicationAction.java:734) [elasticsearch-6.2.3.jar:6.2.3]
	at org.elasticsearch.common.util.concurrent.AbstractRunnable.run(AbstractRunnable.java:37) [elasticsearch-6.2.3.jar:6.2.3]
	at org.elasticsearch.action.support.replication.TransportReplicationAction$ReroutePhase$2.onTimeout(TransportReplicationAction.java:898) [elasticsearch-6.2.3.jar:6.2.3]
	at org.elasticsearch.cluster.ClusterStateObserver$ContextPreservingListener.onTimeout(ClusterStateObserver.java:317) [elasticsearch-6.2.3.jar:6.2.3]
	at org.elasticsearch.cluster.ClusterStateObserver$ObserverClusterStateListener.onTimeout(ClusterStateObserver.java:244) [elasticsearch-6.2.3.jar:6.2.3]
	at org.elasticsearch.cluster.service.ClusterApplierService$NotifyTimeout.run(ClusterApplierService.java:581) [elasticsearch-6.2.3.jar:6.2.3]
	at org.elasticsearch.common.util.concurrent.ThreadContext$ContextPreservingRunnable.run(ThreadContext.java:573) [elasticsearch-6.2.3.jar:6.2.3]
	at java.util.concurrent.ThreadPoolExecutor.runWorker(ThreadPoolExecutor.java:1149) [?:1.8.0_161]
	at java.util.concurrent.ThreadPoolExecutor$Worker.run(ThreadPoolExecutor.java:624) [?:1.8.0_161]
	at java.lang.Thread.run(Thread.java:748) [?:1.8.0_161]
[2018-04-07T00:45:04,164][WARN ][r.suppressed             ] path: /nxlog-2018.03.31.14.11/in, params: {index=nxlog-2018.03.31.14.11, type=in}
org.elasticsearch.action.UnavailableShardsException: [nxlog-2018.03.31.14.11][0] primary shard is not active Timeout: [1m], request: [BulkShardRequest [[nxlog-2018.03.31.14.11][0]] containing [index {[nxlog-2018.03.31.14.11][in][3U4hnWIBZOTYwWd_ixrC], source[{"EventTime":"2018-03-31 14:11:25","Hostname":"john-PC","Keywords":-9223372036854775808,"EventType":"INFO","SeverityValue":2,"Severity":"INFO","EventID":3,"SourceName":"Microsoft-Windows-Sysmon","ProviderGuid":"{5770385F-C22A-43E0-BF4C-06F5698FFBD9}","Version":5,"Task":3,"OpcodeValue":0,"RecordNumber":60865500,"ExecutionProcessID":1660,"ExecutionThreadID":1864,"Channel":"Microsoft-Windows-Sysmon/Operational","Domain":"NT AUTHORITY","AccountName":"SYSTEM","UserID":"S-1-5-18","AccountType":"User","Message":"Network connection detected:\r\nUtcTime: 2018-03-31 12:11:31.442\r\nProcessGuid: {53F35F28-68A0-5ABF-0000-0010D47E1610}\r\nProcessId: 2488\r\nImage: C:\\Users\\john\\Downloads\\GoogleChromePortable\\App\\Chrome-bin\\chrome.exe\r\nUser: john-PC\\john\r\nProtocol: udp\r\nInitiated: true\r\nSourceIsIpv6: false\r\nSourceIp: 192.168.56.102\r\nSourceHostname: john-PC\r\nSourcePort: 55384\r\nSourcePortName: \r\nDestinationIsIpv6: false\r\nDestinationIp: 216.58.210.142\r\nDestinationHostname: mad06s09-in-f142.1e100.net\r\nDestinationPort: 443\r\nDestinationPortName: https","Category":"Network connection detected (rule: NetworkConnect)","Opcode":"InformaciĂłn","UtcTime":"2018-03-31 12:11:31.442","ProcessGuid":"{53F35F28-68A0-5ABF-0000-0010D47E1610}","ProcessId":"2488","Image":"C:\\Users\\john\\Downloads\\GoogleChromePortable\\App\\Chrome-bin\\chrome.exe","User":"john-PC\\john","Protocol":"udp","Initiated":"true","SourceIsIpv6":"false","SourceIp":"192.168.56.102","SourceHostname":"john-PC","SourcePort":"55384","DestinationIsIpv6":"false","DestinationIp":"216.58.210.142","DestinationHostname":"mad06s09-in-f142.1e100.net","DestinationPort":"443","DestinationPortName":"https","SourceModuleName":"in","SourceModuleType":"im_msvistalog"}]}]]
	at org.elasticsearch.action.support.replication.TransportReplicationAction$ReroutePhase.retryBecauseUnavailable(TransportReplicationAction.java:944) [elasticsearch-6.2.3.jar:6.2.3]
	at org.elasticsearch.action.support.replication.TransportReplicationAction$ReroutePhase.retryIfUnavailable(TransportReplicationAction.java:781) [elasticsearch-6.2.3.jar:6.2.3]
	at org.elasticsearch.action.support.replication.TransportReplicationAction$ReroutePhase.doRun(TransportReplicationAction.java:734) [elasticsearch-6.2.3.jar:6.2.3]
	at org.elasticsearch.common.util.concurrent.AbstractRunnable.run(AbstractRunnable.java:37) [elasticsearch-6.2.3.jar:6.2.3]
	at org.elasticsearch.action.support.replication.TransportReplicationAction$ReroutePhase$2.onTimeout(TransportReplicationAction.java:898) [elasticsearch-6.2.3.jar:6.2.3]
	at org.elasticsearch.cluster.ClusterStateObserver$ContextPreservingListener.onTimeout(ClusterStateObserver.java:317) [elasticsearch-6.2.3.jar:6.2.3]
	at org.elasticsearch.cluster.ClusterStateObserver$ObserverClusterStateListener.onTimeout(ClusterStateObserver.java:244) [elasticsearch-6.2.3.jar:6.2.3]
	at org.elasticsearch.cluster.service.ClusterApplierService$NotifyTimeout.run(ClusterApplierService.java:581) [elasticsearch-6.2.3.jar:6.2.3]
	at org.elasticsearch.common.util.concurrent.ThreadContext$ContextPreservingRunnable.run(ThreadContext.java:573) [elasticsearch-6.2.3.jar:6.2.3]
	at java.util.concurrent.ThreadPoolExecutor.runWorker(ThreadPoolExecutor.java:1149) [?:1.8.0_161]
	at java.util.concurrent.ThreadPoolExecutor$Worker.run(ThreadPoolExecutor.java:624) [?:1.8.0_161]
	at java.lang.Thread.run(Thread.java:748) [?:1.8.0_161]
[2018-04-07T00:45:04,173][WARN ][r.suppressed             ] path: /nxlog-2018.03.31.14.11/in, params: {index=nxlog-2018.03.31.14.11, type=in}
org.elasticsearch.action.UnavailableShardsException: [nxlog-2018.03.31.14.11][0] primary shard is not active Timeout: [1m], request: [BulkShardRequest [[nxlog-2018.03.31.14.11][0]] containing [index {[nxlog-2018.03.31.14.11][in][3k4hnWIBZOTYwWd_ixrL], source[{"EventTime":"2018-03-31 14:11:25","Hostname":"john-PC","Keywords":-9223372036854775808,"EventType":"INFO","SeverityValue":2,"Severity":"INFO","EventID":3,"SourceName":"Microsoft-Windows-Sysmon","ProviderGuid":"{5770385F-C22A-43E0-BF4C-06F5698FFBD9}","Version":5,"Task":3,"OpcodeValue":0,"RecordNumber":60865500,"ExecutionProcessID":1660,"ExecutionThreadID":1864,"Channel":"Microsoft-Windows-Sysmon/Operational","Domain":"NT AUTHORITY","AccountName":"SYSTEM","UserID":"S-1-5-18","AccountType":"User","Message":"Network connection detected:\r\nUtcTime: 2018-03-31 12:11:31.442\r\nProcessGuid: {53F35F28-68A0-5ABF-0000-0010D47E1610}\r\nProcessId: 2488\r\nImage: C:\\Users\\john\\Downloads\\GoogleChromePortable\\App\\Chrome-bin\\chrome.exe\r\nUser: john-PC\\john\r\nProtocol: udp\r\nInitiated: true\r\nSourceIsIpv6: false\r\nSourceIp: 192.168.56.102\r\nSourceHostname: john-PC\r\nSourcePort: 55384\r\nSourcePortName: \r\nDestinationIsIpv6: false\r\nDestinationIp: 216.58.210.142\r\nDestinationHostname: mad06s09-in-f142.1e100.net\r\nDestinationPort: 443\r\nDestinationPortName: https","Category":"Network connection detected (rule: NetworkConnect)","Opcode":"InformaciĂłn","UtcTime":"2018-03-31 12:11:31.442","ProcessGuid":"{53F35F28-68A0-5ABF-0000-0010D47E1610}","ProcessId":"2488","Image":"C:\\Users\\john\\Downloads\\GoogleChromePortable\\App\\Chrome-bin\\chrome.exe","User":"john-PC\\john","Protocol":"udp","Initiated":"true","SourceIsIpv6":"false","SourceIp":"192.168.56.102","SourceHostname":"john-PC","SourcePort":"55384","DestinationIsIpv6":"false","DestinationIp":"216.58.210.142","DestinationHostname":"mad06s09-in-f142.1e100.net","DestinationPort":"443","DestinationPortName":"https","SourceModuleName":"in","SourceModuleType":"im_msvistalog"}]}]]
	at org.elasticsearch.action.support.replication.TransportReplicationAction$ReroutePhase.retryBecauseUnavailable(TransportReplicationAction.java:944) [elasticsearch-6.2.3.jar:6.2.3]
	at org.elasticsearch.action.support.replication.TransportReplicationAction$ReroutePhase.retryIfUnavailable(TransportReplicationAction.java:781) [elasticsearch-6.2.3.jar:6.2.3]
	at org.elasticsearch.action.support.replication.TransportReplicationAction$ReroutePhase.doRun(TransportReplicationAction.java:734) [elasticsearch-6.2.3.jar:6.2.3]
	at org.elasticsearch.common.util.concurrent.AbstractRunnable.run(AbstractRunnable.java:37) [elasticsearch-6.2.3.jar:6.2.3]
	at org.elasticsearch.action.support.replication.TransportReplicationAction$ReroutePhase$2.onTimeout(TransportReplicationAction.java:898) [elasticsearch-6.2.3.jar:6.2.3]
	at org.elasticsearch.cluster.ClusterStateObserver$ContextPreservingListener.onTimeout(ClusterStateObserver.java:317) [elasticsearch-6.2.3.jar:6.2.3]
	at org.elasticsearch.cluster.ClusterStateObserver$ObserverClusterStateListener.onTimeout(ClusterStateObserver.java:244) [elasticsearch-6.2.3.jar:6.2.3]
	at org.elasticsearch.cluster.service.ClusterApplierService$NotifyTimeout.run(ClusterApplierService.java:581) [elasticsearch-6.2.3.jar:6.2.3]
	at org.elasticsearch.common.util.concurrent.ThreadContext$ContextPreservingRunnable.run(ThreadContext.java:573) [elasticsearch-6.2.3.jar:6.2.3]
	at java.util.concurrent.ThreadPoolExecutor.runWorker(ThreadPoolExecutor.java:1149) [?:1.8.0_161]
	at java.util.concurrent.ThreadPoolExecutor$Worker.run(ThreadPoolExecutor.java:624) [?:1.8.0_161]
	at java.lang.Thread.run(Thread.java:748) [?:1.8.0_161]
[2018-04-07T00:45:14,187][WARN ][r.suppressed             ] path: /nxlog-2018.03.31.14.11/in, params: {index=nxlog-2018.03.31.14.11, type=in}
org.elasticsearch.action.UnavailableShardsException: [nxlog-2018.03.31.14.11][0] primary shard is not active Timeout: [1m], request: [BulkShardRequest [[nxlog-2018.03.31.14.11][0]] containing [index {[nxlog-2018.03.31.14.11][in][304hnWIBZOTYwWd_shrq], source[{"EventTime":"2018-03-31 14:11:25","Hostname":"john-PC","Keywords":-9223372036854775808,"EventType":"INFO","SeverityValue":2,"Severity":"INFO","EventID":3,"SourceName":"Microsoft-Windows-Sysmon","ProviderGuid":"{5770385F-C22A-43E0-BF4C-06F5698FFBD9}","Version":5,"Task":3,"OpcodeValue":0,"RecordNumber":60865500,"ExecutionProcessID":1660,"ExecutionThreadID":1864,"Channel":"Microsoft-Windows-Sysmon/Operational","Domain":"NT AUTHORITY","AccountName":"SYSTEM","UserID":"S-1-5-18","AccountType":"User","Message":"Network connection detected:\r\nUtcTime: 2018-03-31 12:11:31.442\r\nProcessGuid: {53F35F28-68A0-5ABF-0000-0010D47E1610}\r\nProcessId: 2488\r\nImage: C:\\Users\\john\\Downloads\\GoogleChromePortable\\App\\Chrome-bin\\chrome.exe\r\nUser: john-PC\\john\r\nProtocol: udp\r\nInitiated: true\r\nSourceIsIpv6: false\r\nSourceIp: 192.168.56.102\r\nSourceHostname: john-PC\r\nSourcePort: 55384\r\nSourcePortName: \r\nDestinationIsIpv6: false\r\nDestinationIp: 216.58.210.142\r\nDestinationHostname: mad06s09-in-f142.1e100.net\r\nDestinationPort: 443\r\nDestinationPortName: https","Category":"Network connection detected (rule: NetworkConnect)","Opcode":"InformaciĂłn","UtcTime":"2018-03-31 12:11:31.442","ProcessGuid":"{53F35F28-68A0-5ABF-0000-0010D47E1610}","ProcessId":"2488","Image":"C:\\Users\\john\\Downloads\\GoogleChromePortable\\App\\Chrome-bin\\chrome.exe","User":"john-PC\\john","Protocol":"udp","Initiated":"true","SourceIsIpv6":"false","SourceIp":"192.168.56.102","SourceHostname":"john-PC","SourcePort":"55384","DestinationIsIpv6":"false","DestinationIp":"216.58.210.142","DestinationHostname":"mad06s09-in-f142.1e100.net","DestinationPort":"443","DestinationPortName":"https","SourceModuleName":"in","SourceModuleType":"im_msvistalog"}]}]]
	at org.elasticsearch.action.support.replication.TransportReplicationAction$ReroutePhase.retryBecauseUnavailable(TransportReplicationAction.java:944) [elasticsearch-6.2.3.jar:6.2.3]
	at org.elasticsearch.action.support.replication.TransportReplicationAction$ReroutePhase.retryIfUnavailable(TransportReplicationAction.java:781) [elasticsearch-6.2.3.jar:6.2.3]
	at org.elasticsearch.action.support.replication.TransportReplicationAction$ReroutePhase.doRun(TransportReplicationAction.java:734) [elasticsearch-6.2.3.jar:6.2.3]
	at org.elasticsearch.common.util.concurrent.AbstractRunnable.run(AbstractRunnable.java:37) [elasticsearch-6.2.3.jar:6.2.3]
	at org.elasticsearch.action.support.replication.TransportReplicationAction$ReroutePhase$2.onTimeout(TransportReplicationAction.java:898) [elasticsearch-6.2.3.jar:6.2.3]
	at org.elasticsearch.cluster.ClusterStateObserver$ContextPreservingListener.onTimeout(ClusterStateObserver.java:317) [elasticsearch-6.2.3.jar:6.2.3]
	at org.elasticsearch.cluster.ClusterStateObserver$ObserverClusterStateListener.onTimeout(ClusterStateObserver.java:244) [elasticsearch-6.2.3.jar:6.2.3]
	at org.elasticsearch.cluster.service.ClusterApplierService$NotifyTimeout.run(ClusterApplierService.java:581) [elasticsearch-6.2.3.jar:6.2.3]
	at org.elasticsearch.common.util.concurrent.ThreadContext$ContextPreservingRunnable.run(ThreadContext.java:573) [elasticsearch-6.2.3.jar:6.2.3]
	at java.util.concurrent.ThreadPoolExecutor.runWorker(ThreadPoolExecutor.java:1149) [?:1.8.0_161]
	at java.util.concurrent.ThreadPoolExecutor$Worker.run(ThreadPoolExecutor.java:624) [?:1.8.0_161]
	at java.lang.Thread.run(Thread.java:748) [?:1.8.0_161]
[2018-04-07T00:45:24,194][WARN ][r.suppressed             ] path: /nxlog-2018.03.31.14.11/in, params: {index=nxlog-2018.03.31.14.11, type=in}
org.elasticsearch.action.UnavailableShardsException: [nxlog-2018.03.31.14.11][0] primary shard is not active Timeout: [1m], request: [BulkShardRequest [[nxlog-2018.03.31.14.11][0]] containing [index {[nxlog-2018.03.31.14.11][in][4E4hnWIBZOTYwWd_2hoB], source[{"EventTime":"2018-03-31 14:11:25","Hostname":"john-PC","Keywords":-9223372036854775808,"EventType":"INFO","SeverityValue":2,"Severity":"INFO","EventID":3,"SourceName":"Microsoft-Windows-Sysmon","ProviderGuid":"{5770385F-C22A-43E0-BF4C-06F5698FFBD9}","Version":5,"Task":3,"OpcodeValue":0,"RecordNumber":60865500,"ExecutionProcessID":1660,"ExecutionThreadID":1864,"Channel":"Microsoft-Windows-Sysmon/Operational","Domain":"NT AUTHORITY","AccountName":"SYSTEM","UserID":"S-1-5-18","AccountType":"User","Message":"Network connection detected:\r\nUtcTime: 2018-03-31 12:11:31.442\r\nProcessGuid: {53F35F28-68A0-5ABF-0000-0010D47E1610}\r\nProcessId: 2488\r\nImage: C:\\Users\\john\\Downloads\\GoogleChromePortable\\App\\Chrome-bin\\chrome.exe\r\nUser: john-PC\\john\r\nProtocol: udp\r\nInitiated: true\r\nSourceIsIpv6: false\r\nSourceIp: 192.168.56.102\r\nSourceHostname: john-PC\r\nSourcePort: 55384\r\nSourcePortName: \r\nDestinationIsIpv6: false\r\nDestinationIp: 216.58.210.142\r\nDestinationHostname: mad06s09-in-f142.1e100.net\r\nDestinationPort: 443\r\nDestinationPortName: https","Category":"Network connection detected (rule: NetworkConnect)","Opcode":"InformaciĂłn","UtcTime":"2018-03-31 12:11:31.442","ProcessGuid":"{53F35F28-68A0-5ABF-0000-0010D47E1610}","ProcessId":"2488","Image":"C:\\Users\\john\\Downloads\\GoogleChromePortable\\App\\Chrome-bin\\chrome.exe","User":"john-PC\\john","Protocol":"udp","Initiated":"true","SourceIsIpv6":"false","SourceIp":"192.168.56.102","SourceHostname":"john-PC","SourcePort":"55384","DestinationIsIpv6":"false","DestinationIp":"216.58.210.142","DestinationHostname":"mad06s09-in-f142.1e100.net","DestinationPort":"443","DestinationPortName":"https","SourceModuleName":"in","SourceModuleType":"im_msvistalog"}]}]]
	at org.elasticsearch.action.support.replication.TransportReplicationAction$ReroutePhase.retryBecauseUnavailable(TransportReplicationAction.java:944) [elasticsearch-6.2.3.jar:6.2.3]
	at org.elasticsearch.action.support.replication.TransportReplicationAction$ReroutePhase.retryIfUnavailable(TransportReplicationAction.java:781) [elasticsearch-6.2.3.jar:6.2.3]
	at org.elasticsearch.action.support.replication.TransportReplicationAction$ReroutePhase.doRun(TransportReplicationAction.java:734) [elasticsearch-6.2.3.jar:6.2.3]
	at org.elasticsearch.common.util.concurrent.AbstractRunnable.run(AbstractRunnable.java:37) [elasticsearch-6.2.3.jar:6.2.3]
	at org.elasticsearch.action.support.replication.TransportReplicationAction$ReroutePhase$2.onTimeout(TransportReplicationAction.java:898) [elasticsearch-6.2.3.jar:6.2.3]
	at org.elasticsearch.cluster.ClusterStateObserver$ContextPreservingListener.onTimeout(ClusterStateObserver.java:317) [elasticsearch-6.2.3.jar:6.2.3]
	at org.elasticsearch.cluster.ClusterStateObserver$ObserverClusterStateListener.onTimeout(ClusterStateObserver.java:244) [elasticsearch-6.2.3.jar:6.2.3]
	at org.elasticsearch.cluster.service.ClusterApplierService$NotifyTimeout.run(ClusterApplierService.java:581) [elasticsearch-6.2.3.jar:6.2.3]
	at org.elasticsearch.common.util.concurrent.ThreadContext$ContextPreservingRunnable.run(ThreadContext.java:573) [elasticsearch-6.2.3.jar:6.2.3]
	at java.util.concurrent.ThreadPoolExecutor.runWorker(ThreadPoolExecutor.java:1149) [?:1.8.0_161]
	at java.util.concurrent.ThreadPoolExecutor$Worker.run(ThreadPoolExecutor.java:624) [?:1.8.0_161]
	at java.lang.Thread.run(Thread.java:748) [?:1.8.0_161]
[2018-04-07T00:45:34,209][WARN ][r.suppressed             ] path: /nxlog-2018.03.31.14.11/in, params: {index=nxlog-2018.03.31.14.11, type=in}
org.elasticsearch.action.UnavailableShardsException: [nxlog-2018.03.31.14.11][0] primary shard is not active Timeout: [1m], request: [BulkShardRequest [[nxlog-2018.03.31.14.11][0]] containing [index {[nxlog-2018.03.31.14.11][in][4U4inWIBZOTYwWd_ARog], source[{"EventTime":"2018-03-31 14:11:25","Hostname":"john-PC","Keywords":-9223372036854775808,"EventType":"INFO","SeverityValue":2,"Severity":"INFO","EventID":3,"SourceName":"Microsoft-Windows-Sysmon","ProviderGuid":"{5770385F-C22A-43E0-BF4C-06F5698FFBD9}","Version":5,"Task":3,"OpcodeValue":0,"RecordNumber":60865500,"ExecutionProcessID":1660,"ExecutionThreadID":1864,"Channel":"Microsoft-Windows-Sysmon/Operational","Domain":"NT AUTHORITY","AccountName":"SYSTEM","UserID":"S-1-5-18","AccountType":"User","Message":"Network connection detected:\r\nUtcTime: 2018-03-31 12:11:31.442\r\nProcessGuid: {53F35F28-68A0-5ABF-0000-0010D47E1610}\r\nProcessId: 2488\r\nImage: C:\\Users\\john\\Downloads\\GoogleChromePortable\\App\\Chrome-bin\\chrome.exe\r\nUser: john-PC\\john\r\nProtocol: udp\r\nInitiated: true\r\nSourceIsIpv6: false\r\nSourceIp: 192.168.56.102\r\nSourceHostname: john-PC\r\nSourcePort: 55384\r\nSourcePortName: \r\nDestinationIsIpv6: false\r\nDestinationIp: 216.58.210.142\r\nDestinationHostname: mad06s09-in-f142.1e100.net\r\nDestinationPort: 443\r\nDestinationPortName: https","Category":"Network connection detected (rule: NetworkConnect)","Opcode":"InformaciĂłn","UtcTime":"2018-03-31 12:11:31.442","ProcessGuid":"{53F35F28-68A0-5ABF-0000-0010D47E1610}","ProcessId":"2488","Image":"C:\\Users\\john\\Downloads\\GoogleChromePortable\\App\\Chrome-bin\\chrome.exe","User":"john-PC\\john","Protocol":"udp","Initiated":"true","SourceIsIpv6":"false","SourceIp":"192.168.56.102","SourceHostname":"john-PC","SourcePort":"55384","DestinationIsIpv6":"false","DestinationIp":"216.58.210.142","DestinationHostname":"mad06s09-in-f142.1e100.net","DestinationPort":"443","DestinationPortName":"https","SourceModuleName":"in","SourceModuleType":"im_msvistalog"}]}]]
	at org.elasticsearch.action.support.replication.TransportReplicationAction$ReroutePhase.retryBecauseUnavailable(TransportReplicationAction.java:944) [elasticsearch-6.2.3.jar:6.2.3]
	at org.elasticsearch.action.support.replication.TransportReplicationAction$ReroutePhase.retryIfUnavailable(TransportReplicationAction.java:781) [elasticsearch-6.2.3.jar:6.2.3]
	at org.elasticsearch.action.support.replication.TransportReplicationAction$ReroutePhase.doRun(TransportReplicationAction.java:734) [elasticsearch-6.2.3.jar:6.2.3]
	at org.elasticsearch.common.util.concurrent.AbstractRunnable.run(AbstractRunnable.java:37) [elasticsearch-6.2.3.jar:6.2.3]
	at org.elasticsearch.action.support.replication.TransportReplicationAction$ReroutePhase$2.onTimeout(TransportReplicationAction.java:898) [elasticsearch-6.2.3.jar:6.2.3]
	at org.elasticsearch.cluster.ClusterStateObserver$ContextPreservingListener.onTimeout(ClusterStateObserver.java:317) [elasticsearch-6.2.3.jar:6.2.3]
	at org.elasticsearch.cluster.ClusterStateObserver$ObserverClusterStateListener.onTimeout(ClusterStateObserver.java:244) [elasticsearch-6.2.3.jar:6.2.3]
	at org.elasticsearch.cluster.service.ClusterApplierService$NotifyTimeout.run(ClusterApplierService.java:581) [elasticsearch-6.2.3.jar:6.2.3]
	at org.elasticsearch.common.util.concurrent.ThreadContext$ContextPreservingRunnable.run(ThreadContext.java:573) [elasticsearch-6.2.3.jar:6.2.3]
	at java.util.concurrent.ThreadPoolExecutor.runWorker(ThreadPoolExecutor.java:1149) [?:1.8.0_161]
	at java.util.concurrent.ThreadPoolExecutor$Worker.run(ThreadPoolExecutor.java:624) [?:1.8.0_161]
	at java.lang.Thread.run(Thread.java:748) [?:1.8.0_161]
[2018-04-07T00:45:44,228][WARN ][r.suppressed             ] path: /nxlog-2018.03.31.14.11/in, params: {index=nxlog-2018.03.31.14.11, type=in}
org.elasticsearch.action.UnavailableShardsException: [nxlog-2018.03.31.14.11][0] primary shard is not active Timeout: [1m], request: [BulkShardRequest [[nxlog-2018.03.31.14.11][0]] containing [index {[nxlog-2018.03.31.14.11][in][4k4inWIBZOTYwWd_KBpD], source[{"EventTime":"2018-03-31 14:11:25","Hostname":"john-PC","Keywords":-9223372036854775808,"EventType":"INFO","SeverityValue":2,"Severity":"INFO","EventID":3,"SourceName":"Microsoft-Windows-Sysmon","ProviderGuid":"{5770385F-C22A-43E0-BF4C-06F5698FFBD9}","Version":5,"Task":3,"OpcodeValue":0,"RecordNumber":60865500,"ExecutionProcessID":1660,"ExecutionThreadID":1864,"Channel":"Microsoft-Windows-Sysmon/Operational","Domain":"NT AUTHORITY","AccountName":"SYSTEM","UserID":"S-1-5-18","AccountType":"User","Message":"Network connection detected:\r\nUtcTime: 2018-03-31 12:11:31.442\r\nProcessGuid: {53F35F28-68A0-5ABF-0000-0010D47E1610}\r\nProcessId: 2488\r\nImage: C:\\Users\\john\\Downloads\\GoogleChromePortable\\App\\Chrome-bin\\chrome.exe\r\nUser: john-PC\\john\r\nProtocol: udp\r\nInitiated: true\r\nSourceIsIpv6: false\r\nSourceIp: 192.168.56.102\r\nSourceHostname: john-PC\r\nSourcePort: 55384\r\nSourcePortName: \r\nDestinationIsIpv6: false\r\nDestinationIp: 216.58.210.142\r\nDestinationHostname: mad06s09-in-f142.1e100.net\r\nDestinationPort: 443\r\nDestinationPortName: https","Category":"Network connection detected (rule: NetworkConnect)","Opcode":"InformaciĂłn","UtcTime":"2018-03-31 12:11:31.442","ProcessGuid":"{53F35F28-68A0-5ABF-0000-0010D47E1610}","ProcessId":"2488","Image":"C:\\Users\\john\\Downloads\\GoogleChromePortable\\App\\Chrome-bin\\chrome.exe","User":"john-PC\\john","Protocol":"udp","Initiated":"true","SourceIsIpv6":"false","SourceIp":"192.168.56.102","SourceHostname":"john-PC","SourcePort":"55384","DestinationIsIpv6":"false","DestinationIp":"216.58.210.142","DestinationHostname":"mad06s09-in-f142.1e100.net","DestinationPort":"443","DestinationPortName":"https","SourceModuleName":"in","SourceModuleType":"im_msvistalog"}]}]]
	at org.elasticsearch.action.support.replication.TransportReplicationAction$ReroutePhase.retryBecauseUnavailable(TransportReplicationAction.java:944) [elasticsearch-6.2.3.jar:6.2.3]
	at org.elasticsearch.action.support.replication.TransportReplicationAction$ReroutePhase.retryIfUnavailable(TransportReplicationAction.java:781) [elasticsearch-6.2.3.jar:6.2.3]
	at org.elasticsearch.action.support.replication.TransportReplicationAction$ReroutePhase.doRun(TransportReplicationAction.java:734) [elasticsearch-6.2.3.jar:6.2.3]
	at org.elasticsearch.common.util.concurrent.AbstractRunnable.run(AbstractRunnable.java:37) [elasticsearch-6.2.3.jar:6.2.3]
	at org.elasticsearch.action.support.replication.TransportReplicationAction$ReroutePhase$2.onTimeout(TransportReplicationAction.java:898) [elasticsearch-6.2.3.jar:6.2.3]
	at org.elasticsearch.cluster.ClusterStateObserver$ContextPreservingListener.onTimeout(ClusterStateObserver.java:317) [elasticsearch-6.2.3.jar:6.2.3]
	at org.elasticsearch.cluster.ClusterStateObserver$ObserverClusterStateListener.onTimeout(ClusterStateObserver.java:244) [elasticsearch-6.2.3.jar:6.2.3]
	at org.elasticsearch.cluster.service.ClusterApplierService$NotifyTimeout.run(ClusterApplierService.java:581) [elasticsearch-6.2.3.jar:6.2.3]
	at org.elasticsearch.common.util.concurrent.ThreadContext$ContextPreservingRunnable.run(ThreadContext.java:573) [elasticsearch-6.2.3.jar:6.2.3]
	at java.util.concurrent.ThreadPoolExecutor.runWorker(ThreadPoolExecutor.java:1149) [?:1.8.0_161]
	at java.util.concurrent.ThreadPoolExecutor$Worker.run(ThreadPoolExecutor.java:624) [?:1.8.0_161]
	at java.lang.Thread.run(Thread.java:748) [?:1.8.0_161]
[2018-04-07T00:45:54,246][WARN ][r.suppressed             ] path: /nxlog-2018.03.31.14.11/in, params: {index=nxlog-2018.03.31.14.11, type=in}
org.elasticsearch.action.UnavailableShardsException: [nxlog-2018.03.31.14.11][0] primary shard is not active Timeout: [1m], request: [BulkShardRequest [[nxlog-2018.03.31.14.11][0]] containing [index {[nxlog-2018.03.31.14.11][in][404inWIBZOTYwWd_Txpl], source[{"EventTime":"2018-03-31 14:11:25","Hostname":"john-PC","Keywords":-9223372036854775808,"EventType":"INFO","SeverityValue":2,"Severity":"INFO","EventID":3,"SourceName":"Microsoft-Windows-Sysmon","ProviderGuid":"{5770385F-C22A-43E0-BF4C-06F5698FFBD9}","Version":5,"Task":3,"OpcodeValue":0,"RecordNumber":60865500,"ExecutionProcessID":1660,"ExecutionThreadID":1864,"Channel":"Microsoft-Windows-Sysmon/Operational","Domain":"NT AUTHORITY","AccountName":"SYSTEM","UserID":"S-1-5-18","AccountType":"User","Message":"Network connection detected:\r\nUtcTime: 2018-03-31 12:11:31.442\r\nProcessGuid: {53F35F28-68A0-5ABF-0000-0010D47E1610}\r\nProcessId: 2488\r\nImage: C:\\Users\\john\\Downloads\\GoogleChromePortable\\App\\Chrome-bin\\chrome.exe\r\nUser: john-PC\\john\r\nProtocol: udp\r\nInitiated: true\r\nSourceIsIpv6: false\r\nSourceIp: 192.168.56.102\r\nSourceHostname: john-PC\r\nSourcePort: 55384\r\nSourcePortName: \r\nDestinationIsIpv6: false\r\nDestinationIp: 216.58.210.142\r\nDestinationHostname: mad06s09-in-f142.1e100.net\r\nDestinationPort: 443\r\nDestinationPortName: https","Category":"Network connection detected (rule: NetworkConnect)","Opcode":"InformaciĂłn","UtcTime":"2018-03-31 12:11:31.442","ProcessGuid":"{53F35F28-68A0-5ABF-0000-0010D47E1610}","ProcessId":"2488","Image":"C:\\Users\\john\\Downloads\\GoogleChromePortable\\App\\Chrome-bin\\chrome.exe","User":"john-PC\\john","Protocol":"udp","Initiated":"true","SourceIsIpv6":"false","SourceIp":"192.168.56.102","SourceHostname":"john-PC","SourcePort":"55384","DestinationIsIpv6":"false","DestinationIp":"216.58.210.142","DestinationHostname":"mad06s09-in-f142.1e100.net","DestinationPort":"443","DestinationPortName":"https","SourceModuleName":"in","SourceModuleType":"im_msvistalog"}]}]]
	at org.elasticsearch.action.support.replication.TransportReplicationAction$ReroutePhase.retryBecauseUnavailable(TransportReplicationAction.java:944) [elasticsearch-6.2.3.jar:6.2.3]
	at org.elasticsearch.action.support.replication.TransportReplicationAction$ReroutePhase.retryIfUnavailable(TransportReplicationAction.java:781) [elasticsearch-6.2.3.jar:6.2.3]
	at org.elasticsearch.action.support.replication.TransportReplicationAction$ReroutePhase.doRun(TransportReplicationAction.java:734) [elasticsearch-6.2.3.jar:6.2.3]
	at org.elasticsearch.common.util.concurrent.AbstractRunnable.run(AbstractRunnable.java:37) [elasticsearch-6.2.3.jar:6.2.3]
	at org.elasticsearch.action.support.replication.TransportReplicationAction$ReroutePhase$2.onTimeout(TransportReplicationAction.java:898) [elasticsearch-6.2.3.jar:6.2.3]
	at org.elasticsearch.cluster.ClusterStateObserver$ContextPreservingListener.onTimeout(ClusterStateObserver.java:317) [elasticsearch-6.2.3.jar:6.2.3]
	at org.elasticsearch.cluster.ClusterStateObserver$ObserverClusterStateListener.onTimeout(ClusterStateObserver.java:244) [elasticsearch-6.2.3.jar:6.2.3]
	at org.elasticsearch.cluster.service.ClusterApplierService$NotifyTimeout.run(ClusterApplierService.java:581) [elasticsearch-6.2.3.jar:6.2.3]
	at org.elasticsearch.common.util.concurrent.ThreadContext$ContextPreservingRunnable.run(ThreadContext.java:573) [elasticsearch-6.2.3.jar:6.2.3]
	at java.util.concurrent.ThreadPoolExecutor.runWorker(ThreadPoolExecutor.java:1149) [?:1.8.0_161]
	at java.util.concurrent.ThreadPoolExecutor$Worker.run(ThreadPoolExecutor.java:624) [?:1.8.0_161]
	at java.lang.Thread.run(Thread.java:748) [?:1.8.0_161]
