[2018-04-07T01:23:19,523][WARN ][r.suppressed             ] path: /nxlog-2018.03.31.12.08/in, params: {index=nxlog-2018.03.31.12.08, type=in}
org.elasticsearch.action.UnavailableShardsException: [nxlog-2018.03.31.12.08][0] primary shard is not active Timeout: [1m], request: [BulkShardRequest [[nxlog-2018.03.31.12.08][0]] containing [index {[nxlog-2018.03.31.12.08][in][4LFEnWIB6_8debcRkr8B], source[{"EventTime":"2018-03-31 12:08:51","Hostname":"john-PC","Keywords":0,"EventType":"INFO","SeverityValue":2,"Severity":"INFO","EventID":7,"SourceName":"Microsoft-Windows-Sysmon","ProviderGuid":"{5770385F-C22A-43E0-BF4C-06F5698FFBD9}","Version":3,"Task":7,"OpcodeValue":0,"RecordNumber":57813362,"ExecutionProcessID":1316,"ExecutionThreadID":1824,"Channel":"Microsoft-Windows-Sysmon/Operational","Domain":"NT AUTHORITY","AccountName":"SYSTEM","UserID":"S-1-5-18","AccountType":"User","Message":"Image loaded:\r\nUtcTime: 2018-03-31 10:08:26.914\r\nProcessGuid: {53F35F28-49F1-5ABF-0000-0010F7740100}\r\nProcessId: 1316\r\nImage: C:\\Windows\\Sysmon.exe\r\nImageLoaded: C:\\Windows\\System32\\pcasvc.dll\r\nFileVersion: 6.1.7600.16385 (win7_rtm.090713-1255)\r\nDescription: Servicio de compatibilidad de programas\r\nProduct: Sistema operativo Microsoft® Windows®\r\nCompany: Microsoft Corporation\r\nHashes: MD5=3AEAA8B561E63452C655DC0584922257,SHA256=04C072969B58657602EB0C21CEDF24FCEE14E61B90A0F758F93925EF2C9FC32D\r\nSigned: true\r\nSignature: Microsoft Windows\r\nSignatureStatus: Valid","Category":"Image loaded (rule: ImageLoad)","Opcode":"Información","UtcTime":"2018-03-31 10:08:26","ProcessGuid":"{53F35F28-49F1-5ABF-0000-0010F7740100}","ProcessId":"1316","Image":"C:\\Windows\\Sysmon.exe","ImageLoaded":"C:\\Windows\\System32\\pcasvc.dll","FileVersion":"6.1.7600.16385 (win7_rtm.090713-1255)","Description":"Servicio de compatibilidad de programas","Product":"Sistema operativo Microsoft® Windows®","Company":"Microsoft Corporation","Hashes":"MD5=3AEAA8B561E63452C655DC0584922257,SHA256=04C072969B58657602EB0C21CEDF24FCEE14E61B90A0F758F93925EF2C9FC32D","Signed":"true","Signature":"Microsoft Windows","SignatureStatus":"Valid","SourceModuleName":"in","SourceModuleType":"im_msvistalog"}]}]]
	at org.elasticsearch.action.support.replication.TransportReplicationAction$ReroutePhase.retryBecauseUnavailable(TransportReplicationAction.java:944) [elasticsearch-6.2.3.jar:6.2.3]
	at org.elasticsearch.action.support.replication.TransportReplicationAction$ReroutePhase.retryIfUnavailable(TransportReplicationAction.java:781) [elasticsearch-6.2.3.jar:6.2.3]
	at org.elasticsearch.action.support.replication.TransportReplicationAction$ReroutePhase.doRun(TransportReplicationAction.java:734) [elasticsearch-6.2.3.jar:6.2.3]
	at org.elasticsearch.common.util.concurrent.AbstractRunnable.run(AbstractRunnable.java:37) [elasticsearch-6.2.3.jar:6.2.3]
	at org.elasticsearch.action.support.replication.TransportReplicationAction$ReroutePhase$2.onTimeout(TransportReplicationAction.java:898) [elasticsearch-6.2.3.jar:6.2.3]
	at org.elasticsearch.cluster.ClusterStateObserver$ContextPreservingListener.onTimeout(ClusterStateObserver.java:317) [elasticsearch-6.2.3.jar:6.2.3]
	at org.elasticsearch.cluster.ClusterStateObserver$ObserverClusterStateListener.onTimeout(ClusterStateObserver.java:244) [elasticsearch-6.2.3.jar:6.2.3]
	at org.elasticsearch.cluster.service.ClusterApplierService$NotifyTimeout.run(ClusterApplierService.java:581) [elasticsearch-6.2.3.jar:6.2.3]
	at org.elasticsearch.common.util.concurrent.ThreadContext$ContextPreservingRunnable.run(ThreadContext.java:573) [elasticsearch-6.2.3.jar:6.2.3]
	at java.util.concurrent.ThreadPoolExecutor.runWorker(ThreadPoolExecutor.java:1149) [?:1.8.0_161]
	at java.util.concurrent.ThreadPoolExecutor$Worker.run(ThreadPoolExecutor.java:624) [?:1.8.0_161]
	at java.lang.Thread.run(Thread.java:748) [?:1.8.0_161]
[2018-04-07T01:23:29,558][WARN ][r.suppressed             ] path: /nxlog-2018.03.31.12.08/in, params: {index=nxlog-2018.03.31.12.08, type=in}
org.elasticsearch.action.UnavailableShardsException: [nxlog-2018.03.31.12.08][0] primary shard is not active Timeout: [1m], request: [BulkShardRequest [[nxlog-2018.03.31.12.08][0]] containing [index {[nxlog-2018.03.31.12.08][in][4bFEnWIB6_8debcRub81], source[{"EventTime":"2018-03-31 12:08:51","Hostname":"john-PC","Keywords":0,"EventType":"INFO","SeverityValue":2,"Severity":"INFO","EventID":7,"SourceName":"Microsoft-Windows-Sysmon","ProviderGuid":"{5770385F-C22A-43E0-BF4C-06F5698FFBD9}","Version":3,"Task":7,"OpcodeValue":0,"RecordNumber":57813362,"ExecutionProcessID":1316,"ExecutionThreadID":1824,"Channel":"Microsoft-Windows-Sysmon/Operational","Domain":"NT AUTHORITY","AccountName":"SYSTEM","UserID":"S-1-5-18","AccountType":"User","Message":"Image loaded:\r\nUtcTime: 2018-03-31 10:08:26.914\r\nProcessGuid: {53F35F28-49F1-5ABF-0000-0010F7740100}\r\nProcessId: 1316\r\nImage: C:\\Windows\\Sysmon.exe\r\nImageLoaded: C:\\Windows\\System32\\pcasvc.dll\r\nFileVersion: 6.1.7600.16385 (win7_rtm.090713-1255)\r\nDescription: Servicio de compatibilidad de programas\r\nProduct: Sistema operativo Microsoft® Windows®\r\nCompany: Microsoft Corporation\r\nHashes: MD5=3AEAA8B561E63452C655DC0584922257,SHA256=04C072969B58657602EB0C21CEDF24FCEE14E61B90A0F758F93925EF2C9FC32D\r\nSigned: true\r\nSignature: Microsoft Windows\r\nSignatureStatus: Valid","Category":"Image loaded (rule: ImageLoad)","Opcode":"Información","UtcTime":"2018-03-31 10:08:26","ProcessGuid":"{53F35F28-49F1-5ABF-0000-0010F7740100}","ProcessId":"1316","Image":"C:\\Windows\\Sysmon.exe","ImageLoaded":"C:\\Windows\\System32\\pcasvc.dll","FileVersion":"6.1.7600.16385 (win7_rtm.090713-1255)","Description":"Servicio de compatibilidad de programas","Product":"Sistema operativo Microsoft® Windows®","Company":"Microsoft Corporation","Hashes":"MD5=3AEAA8B561E63452C655DC0584922257,SHA256=04C072969B58657602EB0C21CEDF24FCEE14E61B90A0F758F93925EF2C9FC32D","Signed":"true","Signature":"Microsoft Windows","SignatureStatus":"Valid","SourceModuleName":"in","SourceModuleType":"im_msvistalog"}]}]]
	at org.elasticsearch.action.support.replication.TransportReplicationAction$ReroutePhase.retryBecauseUnavailable(TransportReplicationAction.java:944) [elasticsearch-6.2.3.jar:6.2.3]
	at org.elasticsearch.action.support.replication.TransportReplicationAction$ReroutePhase.retryIfUnavailable(TransportReplicationAction.java:781) [elasticsearch-6.2.3.jar:6.2.3]
	at org.elasticsearch.action.support.replication.TransportReplicationAction$ReroutePhase.doRun(TransportReplicationAction.java:734) [elasticsearch-6.2.3.jar:6.2.3]
	at org.elasticsearch.common.util.concurrent.AbstractRunnable.run(AbstractRunnable.java:37) [elasticsearch-6.2.3.jar:6.2.3]
	at org.elasticsearch.action.support.replication.TransportReplicationAction$ReroutePhase$2.onTimeout(TransportReplicationAction.java:898) [elasticsearch-6.2.3.jar:6.2.3]
	at org.elasticsearch.cluster.ClusterStateObserver$ContextPreservingListener.onTimeout(ClusterStateObserver.java:317) [elasticsearch-6.2.3.jar:6.2.3]
	at org.elasticsearch.cluster.ClusterStateObserver$ObserverClusterStateListener.onTimeout(ClusterStateObserver.java:244) [elasticsearch-6.2.3.jar:6.2.3]
	at org.elasticsearch.cluster.service.ClusterApplierService$NotifyTimeout.run(ClusterApplierService.java:581) [elasticsearch-6.2.3.jar:6.2.3]
	at org.elasticsearch.common.util.concurrent.ThreadContext$ContextPreservingRunnable.run(ThreadContext.java:573) [elasticsearch-6.2.3.jar:6.2.3]
	at java.util.concurrent.ThreadPoolExecutor.runWorker(ThreadPoolExecutor.java:1149) [?:1.8.0_161]
	at java.util.concurrent.ThreadPoolExecutor$Worker.run(ThreadPoolExecutor.java:624) [?:1.8.0_161]
	at java.lang.Thread.run(Thread.java:748) [?:1.8.0_161]
[2018-04-07T01:23:39,579][WARN ][r.suppressed             ] path: /nxlog-2018.03.31.12.08/in, params: {index=nxlog-2018.03.31.12.08, type=in}
org.elasticsearch.action.UnavailableShardsException: [nxlog-2018.03.31.12.08][0] primary shard is not active Timeout: [1m], request: [BulkShardRequest [[nxlog-2018.03.31.12.08][0]] containing [index {[nxlog-2018.03.31.12.08][in][4rFEnWIB6_8debcR4L9Z], source[{"EventTime":"2018-03-31 12:08:51","Hostname":"john-PC","Keywords":0,"EventType":"INFO","SeverityValue":2,"Severity":"INFO","EventID":7,"SourceName":"Microsoft-Windows-Sysmon","ProviderGuid":"{5770385F-C22A-43E0-BF4C-06F5698FFBD9}","Version":3,"Task":7,"OpcodeValue":0,"RecordNumber":57813362,"ExecutionProcessID":1316,"ExecutionThreadID":1824,"Channel":"Microsoft-Windows-Sysmon/Operational","Domain":"NT AUTHORITY","AccountName":"SYSTEM","UserID":"S-1-5-18","AccountType":"User","Message":"Image loaded:\r\nUtcTime: 2018-03-31 10:08:26.914\r\nProcessGuid: {53F35F28-49F1-5ABF-0000-0010F7740100}\r\nProcessId: 1316\r\nImage: C:\\Windows\\Sysmon.exe\r\nImageLoaded: C:\\Windows\\System32\\pcasvc.dll\r\nFileVersion: 6.1.7600.16385 (win7_rtm.090713-1255)\r\nDescription: Servicio de compatibilidad de programas\r\nProduct: Sistema operativo Microsoft® Windows®\r\nCompany: Microsoft Corporation\r\nHashes: MD5=3AEAA8B561E63452C655DC0584922257,SHA256=04C072969B58657602EB0C21CEDF24FCEE14E61B90A0F758F93925EF2C9FC32D\r\nSigned: true\r\nSignature: Microsoft Windows\r\nSignatureStatus: Valid","Category":"Image loaded (rule: ImageLoad)","Opcode":"Información","UtcTime":"2018-03-31 10:08:26","ProcessGuid":"{53F35F28-49F1-5ABF-0000-0010F7740100}","ProcessId":"1316","Image":"C:\\Windows\\Sysmon.exe","ImageLoaded":"C:\\Windows\\System32\\pcasvc.dll","FileVersion":"6.1.7600.16385 (win7_rtm.090713-1255)","Description":"Servicio de compatibilidad de programas","Product":"Sistema operativo Microsoft® Windows®","Company":"Microsoft Corporation","Hashes":"MD5=3AEAA8B561E63452C655DC0584922257,SHA256=04C072969B58657602EB0C21CEDF24FCEE14E61B90A0F758F93925EF2C9FC32D","Signed":"true","Signature":"Microsoft Windows","SignatureStatus":"Valid","SourceModuleName":"in","SourceModuleType":"im_msvistalog"}]}]]
	at org.elasticsearch.action.support.replication.TransportReplicationAction$ReroutePhase.retryBecauseUnavailable(TransportReplicationAction.java:944) [elasticsearch-6.2.3.jar:6.2.3]
	at org.elasticsearch.action.support.replication.TransportReplicationAction$ReroutePhase.retryIfUnavailable(TransportReplicationAction.java:781) [elasticsearch-6.2.3.jar:6.2.3]
	at org.elasticsearch.action.support.replication.TransportReplicationAction$ReroutePhase.doRun(TransportReplicationAction.java:734) [elasticsearch-6.2.3.jar:6.2.3]
	at org.elasticsearch.common.util.concurrent.AbstractRunnable.run(AbstractRunnable.java:37) [elasticsearch-6.2.3.jar:6.2.3]
	at org.elasticsearch.action.support.replication.TransportReplicationAction$ReroutePhase$2.onTimeout(TransportReplicationAction.java:898) [elasticsearch-6.2.3.jar:6.2.3]
	at org.elasticsearch.cluster.ClusterStateObserver$ContextPreservingListener.onTimeout(ClusterStateObserver.java:317) [elasticsearch-6.2.3.jar:6.2.3]
	at org.elasticsearch.cluster.ClusterStateObserver$ObserverClusterStateListener.onTimeout(ClusterStateObserver.java:244) [elasticsearch-6.2.3.jar:6.2.3]
	at org.elasticsearch.cluster.service.ClusterApplierService$NotifyTimeout.run(ClusterApplierService.java:581) [elasticsearch-6.2.3.jar:6.2.3]
	at org.elasticsearch.common.util.concurrent.ThreadContext$ContextPreservingRunnable.run(ThreadContext.java:573) [elasticsearch-6.2.3.jar:6.2.3]
	at java.util.concurrent.ThreadPoolExecutor.runWorker(ThreadPoolExecutor.java:1149) [?:1.8.0_161]
	at java.util.concurrent.ThreadPoolExecutor$Worker.run(ThreadPoolExecutor.java:624) [?:1.8.0_161]
	at java.lang.Thread.run(Thread.java:748) [?:1.8.0_161]
[2018-04-07T01:23:49,604][WARN ][r.suppressed             ] path: /nxlog-2018.03.31.12.08/in, params: {index=nxlog-2018.03.31.12.08, type=in}
org.elasticsearch.action.UnavailableShardsException: [nxlog-2018.03.31.12.08][0] primary shard is not active Timeout: [1m], request: [BulkShardRequest [[nxlog-2018.03.31.12.08][0]] containing [index {[nxlog-2018.03.31.12.08][in][47FFnWIB6_8debcRB7-D], source[{"EventTime":"2018-03-31 12:08:51","Hostname":"john-PC","Keywords":0,"EventType":"INFO","SeverityValue":2,"Severity":"INFO","EventID":7,"SourceName":"Microsoft-Windows-Sysmon","ProviderGuid":"{5770385F-C22A-43E0-BF4C-06F5698FFBD9}","Version":3,"Task":7,"OpcodeValue":0,"RecordNumber":57813362,"ExecutionProcessID":1316,"ExecutionThreadID":1824,"Channel":"Microsoft-Windows-Sysmon/Operational","Domain":"NT AUTHORITY","AccountName":"SYSTEM","UserID":"S-1-5-18","AccountType":"User","Message":"Image loaded:\r\nUtcTime: 2018-03-31 10:08:26.914\r\nProcessGuid: {53F35F28-49F1-5ABF-0000-0010F7740100}\r\nProcessId: 1316\r\nImage: C:\\Windows\\Sysmon.exe\r\nImageLoaded: C:\\Windows\\System32\\pcasvc.dll\r\nFileVersion: 6.1.7600.16385 (win7_rtm.090713-1255)\r\nDescription: Servicio de compatibilidad de programas\r\nProduct: Sistema operativo Microsoft® Windows®\r\nCompany: Microsoft Corporation\r\nHashes: MD5=3AEAA8B561E63452C655DC0584922257,SHA256=04C072969B58657602EB0C21CEDF24FCEE14E61B90A0F758F93925EF2C9FC32D\r\nSigned: true\r\nSignature: Microsoft Windows\r\nSignatureStatus: Valid","Category":"Image loaded (rule: ImageLoad)","Opcode":"Información","UtcTime":"2018-03-31 10:08:26","ProcessGuid":"{53F35F28-49F1-5ABF-0000-0010F7740100}","ProcessId":"1316","Image":"C:\\Windows\\Sysmon.exe","ImageLoaded":"C:\\Windows\\System32\\pcasvc.dll","FileVersion":"6.1.7600.16385 (win7_rtm.090713-1255)","Description":"Servicio de compatibilidad de programas","Product":"Sistema operativo Microsoft® Windows®","Company":"Microsoft Corporation","Hashes":"MD5=3AEAA8B561E63452C655DC0584922257,SHA256=04C072969B58657602EB0C21CEDF24FCEE14E61B90A0F758F93925EF2C9FC32D","Signed":"true","Signature":"Microsoft Windows","SignatureStatus":"Valid","SourceModuleName":"in","SourceModuleType":"im_msvistalog"}]}]]
	at org.elasticsearch.action.support.replication.TransportReplicationAction$ReroutePhase.retryBecauseUnavailable(TransportReplicationAction.java:944) [elasticsearch-6.2.3.jar:6.2.3]
	at org.elasticsearch.action.support.replication.TransportReplicationAction$ReroutePhase.retryIfUnavailable(TransportReplicationAction.java:781) [elasticsearch-6.2.3.jar:6.2.3]
	at org.elasticsearch.action.support.replication.TransportReplicationAction$ReroutePhase.doRun(TransportReplicationAction.java:734) [elasticsearch-6.2.3.jar:6.2.3]
	at org.elasticsearch.common.util.concurrent.AbstractRunnable.run(AbstractRunnable.java:37) [elasticsearch-6.2.3.jar:6.2.3]
	at org.elasticsearch.action.support.replication.TransportReplicationAction$ReroutePhase$2.onTimeout(TransportReplicationAction.java:898) [elasticsearch-6.2.3.jar:6.2.3]
	at org.elasticsearch.cluster.ClusterStateObserver$ContextPreservingListener.onTimeout(ClusterStateObserver.java:317) [elasticsearch-6.2.3.jar:6.2.3]
	at org.elasticsearch.cluster.ClusterStateObserver$ObserverClusterStateListener.onTimeout(ClusterStateObserver.java:244) [elasticsearch-6.2.3.jar:6.2.3]
	at org.elasticsearch.cluster.service.ClusterApplierService$NotifyTimeout.run(ClusterApplierService.java:581) [elasticsearch-6.2.3.jar:6.2.3]
	at org.elasticsearch.common.util.concurrent.ThreadContext$ContextPreservingRunnable.run(ThreadContext.java:573) [elasticsearch-6.2.3.jar:6.2.3]
	at java.util.concurrent.ThreadPoolExecutor.runWorker(ThreadPoolExecutor.java:1149) [?:1.8.0_161]
	at java.util.concurrent.ThreadPoolExecutor$Worker.run(ThreadPoolExecutor.java:624) [?:1.8.0_161]
	at java.lang.Thread.run(Thread.java:748) [?:1.8.0_161]
[2018-04-07T01:23:59,621][WARN ][r.suppressed             ] path: /nxlog-2018.03.31.12.08/in, params: {index=nxlog-2018.03.31.12.08, type=in}
org.elasticsearch.action.UnavailableShardsException: [nxlog-2018.03.31.12.08][0] primary shard is not active Timeout: [1m], request: [BulkShardRequest [[nxlog-2018.03.31.12.08][0]] containing [index {[nxlog-2018.03.31.12.08][in][5LFFnWIB6_8debcRLr-k], source[{"EventTime":"2018-03-31 12:08:51","Hostname":"john-PC","Keywords":0,"EventType":"INFO","SeverityValue":2,"Severity":"INFO","EventID":7,"SourceName":"Microsoft-Windows-Sysmon","ProviderGuid":"{5770385F-C22A-43E0-BF4C-06F5698FFBD9}","Version":3,"Task":7,"OpcodeValue":0,"RecordNumber":57813362,"ExecutionProcessID":1316,"ExecutionThreadID":1824,"Channel":"Microsoft-Windows-Sysmon/Operational","Domain":"NT AUTHORITY","AccountName":"SYSTEM","UserID":"S-1-5-18","AccountType":"User","Message":"Image loaded:\r\nUtcTime: 2018-03-31 10:08:26.914\r\nProcessGuid: {53F35F28-49F1-5ABF-0000-0010F7740100}\r\nProcessId: 1316\r\nImage: C:\\Windows\\Sysmon.exe\r\nImageLoaded: C:\\Windows\\System32\\pcasvc.dll\r\nFileVersion: 6.1.7600.16385 (win7_rtm.090713-1255)\r\nDescription: Servicio de compatibilidad de programas\r\nProduct: Sistema operativo Microsoft® Windows®\r\nCompany: Microsoft Corporation\r\nHashes: MD5=3AEAA8B561E63452C655DC0584922257,SHA256=04C072969B58657602EB0C21CEDF24FCEE14E61B90A0F758F93925EF2C9FC32D\r\nSigned: true\r\nSignature: Microsoft Windows\r\nSignatureStatus: Valid","Category":"Image loaded (rule: ImageLoad)","Opcode":"Información","UtcTime":"2018-03-31 10:08:26","ProcessGuid":"{53F35F28-49F1-5ABF-0000-0010F7740100}","ProcessId":"1316","Image":"C:\\Windows\\Sysmon.exe","ImageLoaded":"C:\\Windows\\System32\\pcasvc.dll","FileVersion":"6.1.7600.16385 (win7_rtm.090713-1255)","Description":"Servicio de compatibilidad de programas","Product":"Sistema operativo Microsoft® Windows®","Company":"Microsoft Corporation","Hashes":"MD5=3AEAA8B561E63452C655DC0584922257,SHA256=04C072969B58657602EB0C21CEDF24FCEE14E61B90A0F758F93925EF2C9FC32D","Signed":"true","Signature":"Microsoft Windows","SignatureStatus":"Valid","SourceModuleName":"in","SourceModuleType":"im_msvistalog"}]}]]
	at org.elasticsearch.action.support.replication.TransportReplicationAction$ReroutePhase.retryBecauseUnavailable(TransportReplicationAction.java:944) [elasticsearch-6.2.3.jar:6.2.3]
	at org.elasticsearch.action.support.replication.TransportReplicationAction$ReroutePhase.retryIfUnavailable(TransportReplicationAction.java:781) [elasticsearch-6.2.3.jar:6.2.3]
	at org.elasticsearch.action.support.replication.TransportReplicationAction$ReroutePhase.doRun(TransportReplicationAction.java:734) [elasticsearch-6.2.3.jar:6.2.3]
	at org.elasticsearch.common.util.concurrent.AbstractRunnable.run(AbstractRunnable.java:37) [elasticsearch-6.2.3.jar:6.2.3]
	at org.elasticsearch.action.support.replication.TransportReplicationAction$ReroutePhase$2.onTimeout(TransportReplicationAction.java:898) [elasticsearch-6.2.3.jar:6.2.3]
	at org.elasticsearch.cluster.ClusterStateObserver$ContextPreservingListener.onTimeout(ClusterStateObserver.java:317) [elasticsearch-6.2.3.jar:6.2.3]
	at org.elasticsearch.cluster.ClusterStateObserver$ObserverClusterStateListener.onTimeout(ClusterStateObserver.java:244) [elasticsearch-6.2.3.jar:6.2.3]
	at org.elasticsearch.cluster.service.ClusterApplierService$NotifyTimeout.run(ClusterApplierService.java:581) [elasticsearch-6.2.3.jar:6.2.3]
	at org.elasticsearch.common.util.concurrent.ThreadContext$ContextPreservingRunnable.run(ThreadContext.java:573) [elasticsearch-6.2.3.jar:6.2.3]
	at java.util.concurrent.ThreadPoolExecutor.runWorker(ThreadPoolExecutor.java:1149) [?:1.8.0_161]
	at java.util.concurrent.ThreadPoolExecutor$Worker.run(ThreadPoolExecutor.java:624) [?:1.8.0_161]
	at java.lang.Thread.run(Thread.java:748) [?:1.8.0_161]
[2018-04-07T01:24:09,640][WARN ][r.suppressed             ] path: /nxlog-2018.03.31.12.08/in, params: {index=nxlog-2018.03.31.12.08, type=in}
org.elasticsearch.action.UnavailableShardsException: [nxlog-2018.03.31.12.08][0] primary shard is not active Timeout: [1m], request: [BulkShardRequest [[nxlog-2018.03.31.12.08][0]] containing [index {[nxlog-2018.03.31.12.08][in][5bFFnWIB6_8debcRVb_H], source[{"EventTime":"2018-03-31 12:08:51","Hostname":"john-PC","Keywords":0,"EventType":"INFO","SeverityValue":2,"Severity":"INFO","EventID":7,"SourceName":"Microsoft-Windows-Sysmon","ProviderGuid":"{5770385F-C22A-43E0-BF4C-06F5698FFBD9}","Version":3,"Task":7,"OpcodeValue":0,"RecordNumber":57813362,"ExecutionProcessID":1316,"ExecutionThreadID":1824,"Channel":"Microsoft-Windows-Sysmon/Operational","Domain":"NT AUTHORITY","AccountName":"SYSTEM","UserID":"S-1-5-18","AccountType":"User","Message":"Image loaded:\r\nUtcTime: 2018-03-31 10:08:26.914\r\nProcessGuid: {53F35F28-49F1-5ABF-0000-0010F7740100}\r\nProcessId: 1316\r\nImage: C:\\Windows\\Sysmon.exe\r\nImageLoaded: C:\\Windows\\System32\\pcasvc.dll\r\nFileVersion: 6.1.7600.16385 (win7_rtm.090713-1255)\r\nDescription: Servicio de compatibilidad de programas\r\nProduct: Sistema operativo Microsoft® Windows®\r\nCompany: Microsoft Corporation\r\nHashes: MD5=3AEAA8B561E63452C655DC0584922257,SHA256=04C072969B58657602EB0C21CEDF24FCEE14E61B90A0F758F93925EF2C9FC32D\r\nSigned: true\r\nSignature: Microsoft Windows\r\nSignatureStatus: Valid","Category":"Image loaded (rule: ImageLoad)","Opcode":"Información","UtcTime":"2018-03-31 10:08:26","ProcessGuid":"{53F35F28-49F1-5ABF-0000-0010F7740100}","ProcessId":"1316","Image":"C:\\Windows\\Sysmon.exe","ImageLoaded":"C:\\Windows\\System32\\pcasvc.dll","FileVersion":"6.1.7600.16385 (win7_rtm.090713-1255)","Description":"Servicio de compatibilidad de programas","Product":"Sistema operativo Microsoft® Windows®","Company":"Microsoft Corporation","Hashes":"MD5=3AEAA8B561E63452C655DC0584922257,SHA256=04C072969B58657602EB0C21CEDF24FCEE14E61B90A0F758F93925EF2C9FC32D","Signed":"true","Signature":"Microsoft Windows","SignatureStatus":"Valid","SourceModuleName":"in","SourceModuleType":"im_msvistalog"}]}]]
	at org.elasticsearch.action.support.replication.TransportReplicationAction$ReroutePhase.retryBecauseUnavailable(TransportReplicationAction.java:944) [elasticsearch-6.2.3.jar:6.2.3]
	at org.elasticsearch.action.support.replication.TransportReplicationAction$ReroutePhase.retryIfUnavailable(TransportReplicationAction.java:781) [elasticsearch-6.2.3.jar:6.2.3]
	at org.elasticsearch.action.support.replication.TransportReplicationAction$ReroutePhase.doRun(TransportReplicationAction.java:734) [elasticsearch-6.2.3.jar:6.2.3]
	at org.elasticsearch.common.util.concurrent.AbstractRunnable.run(AbstractRunnable.java:37) [elasticsearch-6.2.3.jar:6.2.3]
	at org.elasticsearch.action.support.replication.TransportReplicationAction$ReroutePhase$2.onTimeout(TransportReplicationAction.java:898) [elasticsearch-6.2.3.jar:6.2.3]
	at org.elasticsearch.cluster.ClusterStateObserver$ContextPreservingListener.onTimeout(ClusterStateObserver.java:317) [elasticsearch-6.2.3.jar:6.2.3]
	at org.elasticsearch.cluster.ClusterStateObserver$ObserverClusterStateListener.onTimeout(ClusterStateObserver.java:244) [elasticsearch-6.2.3.jar:6.2.3]
	at org.elasticsearch.cluster.service.ClusterApplierService$NotifyTimeout.run(ClusterApplierService.java:581) [elasticsearch-6.2.3.jar:6.2.3]
	at org.elasticsearch.common.util.concurrent.ThreadContext$ContextPreservingRunnable.run(ThreadContext.java:573) [elasticsearch-6.2.3.jar:6.2.3]
	at java.util.concurrent.ThreadPoolExecutor.runWorker(ThreadPoolExecutor.java:1149) [?:1.8.0_161]
	at java.util.concurrent.ThreadPoolExecutor$Worker.run(ThreadPoolExecutor.java:624) [?:1.8.0_161]
	at java.lang.Thread.run(Thread.java:748) [?:1.8.0_161]
[2018-04-07T01:24:19,668][WARN ][r.suppressed             ] path: /nxlog-2018.03.31.12.08/in, params: {index=nxlog-2018.03.31.12.08, type=in}
org.elasticsearch.action.UnavailableShardsException: [nxlog-2018.03.31.12.08][0] primary shard is not active Timeout: [1m], request: [BulkShardRequest [[nxlog-2018.03.31.12.08][0]] containing [index {[nxlog-2018.03.31.12.08][in][5rFFnWIB6_8debcRfL_z], source[{"EventTime":"2018-03-31 12:08:51","Hostname":"john-PC","Keywords":0,"EventType":"INFO","SeverityValue":2,"Severity":"INFO","EventID":7,"SourceName":"Microsoft-Windows-Sysmon","ProviderGuid":"{5770385F-C22A-43E0-BF4C-06F5698FFBD9}","Version":3,"Task":7,"OpcodeValue":0,"RecordNumber":57813362,"ExecutionProcessID":1316,"ExecutionThreadID":1824,"Channel":"Microsoft-Windows-Sysmon/Operational","Domain":"NT AUTHORITY","AccountName":"SYSTEM","UserID":"S-1-5-18","AccountType":"User","Message":"Image loaded:\r\nUtcTime: 2018-03-31 10:08:26.914\r\nProcessGuid: {53F35F28-49F1-5ABF-0000-0010F7740100}\r\nProcessId: 1316\r\nImage: C:\\Windows\\Sysmon.exe\r\nImageLoaded: C:\\Windows\\System32\\pcasvc.dll\r\nFileVersion: 6.1.7600.16385 (win7_rtm.090713-1255)\r\nDescription: Servicio de compatibilidad de programas\r\nProduct: Sistema operativo Microsoft® Windows®\r\nCompany: Microsoft Corporation\r\nHashes: MD5=3AEAA8B561E63452C655DC0584922257,SHA256=04C072969B58657602EB0C21CEDF24FCEE14E61B90A0F758F93925EF2C9FC32D\r\nSigned: true\r\nSignature: Microsoft Windows\r\nSignatureStatus: Valid","Category":"Image loaded (rule: ImageLoad)","Opcode":"Información","UtcTime":"2018-03-31 10:08:26","ProcessGuid":"{53F35F28-49F1-5ABF-0000-0010F7740100}","ProcessId":"1316","Image":"C:\\Windows\\Sysmon.exe","ImageLoaded":"C:\\Windows\\System32\\pcasvc.dll","FileVersion":"6.1.7600.16385 (win7_rtm.090713-1255)","Description":"Servicio de compatibilidad de programas","Product":"Sistema operativo Microsoft® Windows®","Company":"Microsoft Corporation","Hashes":"MD5=3AEAA8B561E63452C655DC0584922257,SHA256=04C072969B58657602EB0C21CEDF24FCEE14E61B90A0F758F93925EF2C9FC32D","Signed":"true","Signature":"Microsoft Windows","SignatureStatus":"Valid","SourceModuleName":"in","SourceModuleType":"im_msvistalog"}]}]]
	at org.elasticsearch.action.support.replication.TransportReplicationAction$ReroutePhase.retryBecauseUnavailable(TransportReplicationAction.java:944) [elasticsearch-6.2.3.jar:6.2.3]
	at org.elasticsearch.action.support.replication.TransportReplicationAction$ReroutePhase.retryIfUnavailable(TransportReplicationAction.java:781) [elasticsearch-6.2.3.jar:6.2.3]
	at org.elasticsearch.action.support.replication.TransportReplicationAction$ReroutePhase.doRun(TransportReplicationAction.java:734) [elasticsearch-6.2.3.jar:6.2.3]
	at org.elasticsearch.common.util.concurrent.AbstractRunnable.run(AbstractRunnable.java:37) [elasticsearch-6.2.3.jar:6.2.3]
	at org.elasticsearch.action.support.replication.TransportReplicationAction$ReroutePhase$2.onTimeout(TransportReplicationAction.java:898) [elasticsearch-6.2.3.jar:6.2.3]
	at org.elasticsearch.cluster.ClusterStateObserver$ContextPreservingListener.onTimeout(ClusterStateObserver.java:317) [elasticsearch-6.2.3.jar:6.2.3]
	at org.elasticsearch.cluster.ClusterStateObserver$ObserverClusterStateListener.onTimeout(ClusterStateObserver.java:244) [elasticsearch-6.2.3.jar:6.2.3]
	at org.elasticsearch.cluster.service.ClusterApplierService$NotifyTimeout.run(ClusterApplierService.java:581) [elasticsearch-6.2.3.jar:6.2.3]
	at org.elasticsearch.common.util.concurrent.ThreadContext$ContextPreservingRunnable.run(ThreadContext.java:573) [elasticsearch-6.2.3.jar:6.2.3]
	at java.util.concurrent.ThreadPoolExecutor.runWorker(ThreadPoolExecutor.java:1149) [?:1.8.0_161]
	at java.util.concurrent.ThreadPoolExecutor$Worker.run(ThreadPoolExecutor.java:624) [?:1.8.0_161]
	at java.lang.Thread.run(Thread.java:748) [?:1.8.0_161]
[2018-04-07T01:24:29,697][WARN ][r.suppressed             ] path: /nxlog-2018.03.31.12.08/in, params: {index=nxlog-2018.03.31.12.08, type=in}
org.elasticsearch.action.UnavailableShardsException: [nxlog-2018.03.31.12.08][0] primary shard is not active Timeout: [1m], request: [BulkShardRequest [[nxlog-2018.03.31.12.08][0]] containing [index {[nxlog-2018.03.31.12.08][in][57FFnWIB6_8debcRpL8g], source[{"EventTime":"2018-03-31 12:08:51","Hostname":"john-PC","Keywords":0,"EventType":"INFO","SeverityValue":2,"Severity":"INFO","EventID":7,"SourceName":"Microsoft-Windows-Sysmon","ProviderGuid":"{5770385F-C22A-43E0-BF4C-06F5698FFBD9}","Version":3,"Task":7,"OpcodeValue":0,"RecordNumber":57813362,"ExecutionProcessID":1316,"ExecutionThreadID":1824,"Channel":"Microsoft-Windows-Sysmon/Operational","Domain":"NT AUTHORITY","AccountName":"SYSTEM","UserID":"S-1-5-18","AccountType":"User","Message":"Image loaded:\r\nUtcTime: 2018-03-31 10:08:26.914\r\nProcessGuid: {53F35F28-49F1-5ABF-0000-0010F7740100}\r\nProcessId: 1316\r\nImage: C:\\Windows\\Sysmon.exe\r\nImageLoaded: C:\\Windows\\System32\\pcasvc.dll\r\nFileVersion: 6.1.7600.16385 (win7_rtm.090713-1255)\r\nDescription: Servicio de compatibilidad de programas\r\nProduct: Sistema operativo Microsoft® Windows®\r\nCompany: Microsoft Corporation\r\nHashes: MD5=3AEAA8B561E63452C655DC0584922257,SHA256=04C072969B58657602EB0C21CEDF24FCEE14E61B90A0F758F93925EF2C9FC32D\r\nSigned: true\r\nSignature: Microsoft Windows\r\nSignatureStatus: Valid","Category":"Image loaded (rule: ImageLoad)","Opcode":"Información","UtcTime":"2018-03-31 10:08:26","ProcessGuid":"{53F35F28-49F1-5ABF-0000-0010F7740100}","ProcessId":"1316","Image":"C:\\Windows\\Sysmon.exe","ImageLoaded":"C:\\Windows\\System32\\pcasvc.dll","FileVersion":"6.1.7600.16385 (win7_rtm.090713-1255)","Description":"Servicio de compatibilidad de programas","Product":"Sistema operativo Microsoft® Windows®","Company":"Microsoft Corporation","Hashes":"MD5=3AEAA8B561E63452C655DC0584922257,SHA256=04C072969B58657602EB0C21CEDF24FCEE14E61B90A0F758F93925EF2C9FC32D","Signed":"true","Signature":"Microsoft Windows","SignatureStatus":"Valid","SourceModuleName":"in","SourceModuleType":"im_msvistalog"}]}]]
	at org.elasticsearch.action.support.replication.TransportReplicationAction$ReroutePhase.retryBecauseUnavailable(TransportReplicationAction.java:944) [elasticsearch-6.2.3.jar:6.2.3]
	at org.elasticsearch.action.support.replication.TransportReplicationAction$ReroutePhase.retryIfUnavailable(TransportReplicationAction.java:781) [elasticsearch-6.2.3.jar:6.2.3]
	at org.elasticsearch.action.support.replication.TransportReplicationAction$ReroutePhase.doRun(TransportReplicationAction.java:734) [elasticsearch-6.2.3.jar:6.2.3]
	at org.elasticsearch.common.util.concurrent.AbstractRunnable.run(AbstractRunnable.java:37) [elasticsearch-6.2.3.jar:6.2.3]
	at org.elasticsearch.action.support.replication.TransportReplicationAction$ReroutePhase$2.onTimeout(TransportReplicationAction.java:898) [elasticsearch-6.2.3.jar:6.2.3]
	at org.elasticsearch.cluster.ClusterStateObserver$ContextPreservingListener.onTimeout(ClusterStateObserver.java:317) [elasticsearch-6.2.3.jar:6.2.3]
	at org.elasticsearch.cluster.ClusterStateObserver$ObserverClusterStateListener.onTimeout(ClusterStateObserver.java:244) [elasticsearch-6.2.3.jar:6.2.3]
	at org.elasticsearch.cluster.service.ClusterApplierService$NotifyTimeout.run(ClusterApplierService.java:581) [elasticsearch-6.2.3.jar:6.2.3]
	at org.elasticsearch.common.util.concurrent.ThreadContext$ContextPreservingRunnable.run(ThreadContext.java:573) [elasticsearch-6.2.3.jar:6.2.3]
	at java.util.concurrent.ThreadPoolExecutor.runWorker(ThreadPoolExecutor.java:1149) [?:1.8.0_161]
	at java.util.concurrent.ThreadPoolExecutor$Worker.run(ThreadPoolExecutor.java:624) [?:1.8.0_161]
	at java.lang.Thread.run(Thread.java:748) [?:1.8.0_161]
[2018-04-07T01:24:39,725][WARN ][r.suppressed             ] path: /nxlog-2018.03.31.12.08/in, params: {index=nxlog-2018.03.31.12.08, type=in}
org.elasticsearch.action.UnavailableShardsException: [nxlog-2018.03.31.12.08][0] primary shard is not active Timeout: [1m], request: [BulkShardRequest [[nxlog-2018.03.31.12.08][0]] containing [index {[nxlog-2018.03.31.12.08][in][6LFFnWIB6_8debcRy79M], source[{"EventTime":"2018-03-31 12:08:51","Hostname":"john-PC","Keywords":0,"EventType":"INFO","SeverityValue":2,"Severity":"INFO","EventID":7,"SourceName":"Microsoft-Windows-Sysmon","ProviderGuid":"{5770385F-C22A-43E0-BF4C-06F5698FFBD9}","Version":3,"Task":7,"OpcodeValue":0,"RecordNumber":57813362,"ExecutionProcessID":1316,"ExecutionThreadID":1824,"Channel":"Microsoft-Windows-Sysmon/Operational","Domain":"NT AUTHORITY","AccountName":"SYSTEM","UserID":"S-1-5-18","AccountType":"User","Message":"Image loaded:\r\nUtcTime: 2018-03-31 10:08:26.914\r\nProcessGuid: {53F35F28-49F1-5ABF-0000-0010F7740100}\r\nProcessId: 1316\r\nImage: C:\\Windows\\Sysmon.exe\r\nImageLoaded: C:\\Windows\\System32\\pcasvc.dll\r\nFileVersion: 6.1.7600.16385 (win7_rtm.090713-1255)\r\nDescription: Servicio de compatibilidad de programas\r\nProduct: Sistema operativo Microsoft® Windows®\r\nCompany: Microsoft Corporation\r\nHashes: MD5=3AEAA8B561E63452C655DC0584922257,SHA256=04C072969B58657602EB0C21CEDF24FCEE14E61B90A0F758F93925EF2C9FC32D\r\nSigned: true\r\nSignature: Microsoft Windows\r\nSignatureStatus: Valid","Category":"Image loaded (rule: ImageLoad)","Opcode":"Información","UtcTime":"2018-03-31 10:08:26","ProcessGuid":"{53F35F28-49F1-5ABF-0000-0010F7740100}","ProcessId":"1316","Image":"C:\\Windows\\Sysmon.exe","ImageLoaded":"C:\\Windows\\System32\\pcasvc.dll","FileVersion":"6.1.7600.16385 (win7_rtm.090713-1255)","Description":"Servicio de compatibilidad de programas","Product":"Sistema operativo Microsoft® Windows®","Company":"Microsoft Corporation","Hashes":"MD5=3AEAA8B561E63452C655DC0584922257,SHA256=04C072969B58657602EB0C21CEDF24FCEE14E61B90A0F758F93925EF2C9FC32D","Signed":"true","Signature":"Microsoft Windows","SignatureStatus":"Valid","SourceModuleName":"in","SourceModuleType":"im_msvistalog"}]}]]
	at org.elasticsearch.action.support.replication.TransportReplicationAction$ReroutePhase.retryBecauseUnavailable(TransportReplicationAction.java:944) [elasticsearch-6.2.3.jar:6.2.3]
	at org.elasticsearch.action.support.replication.TransportReplicationAction$ReroutePhase.retryIfUnavailable(TransportReplicationAction.java:781) [elasticsearch-6.2.3.jar:6.2.3]
	at org.elasticsearch.action.support.replication.TransportReplicationAction$ReroutePhase.doRun(TransportReplicationAction.java:734) [elasticsearch-6.2.3.jar:6.2.3]
	at org.elasticsearch.common.util.concurrent.AbstractRunnable.run(AbstractRunnable.java:37) [elasticsearch-6.2.3.jar:6.2.3]
	at org.elasticsearch.action.support.replication.TransportReplicationAction$ReroutePhase$2.onTimeout(TransportReplicationAction.java:898) [elasticsearch-6.2.3.jar:6.2.3]
	at org.elasticsearch.cluster.ClusterStateObserver$ContextPreservingListener.onTimeout(ClusterStateObserver.java:317) [elasticsearch-6.2.3.jar:6.2.3]
	at org.elasticsearch.cluster.ClusterStateObserver$ObserverClusterStateListener.onTimeout(ClusterStateObserver.java:244) [elasticsearch-6.2.3.jar:6.2.3]
	at org.elasticsearch.cluster.service.ClusterApplierService$NotifyTimeout.run(ClusterApplierService.java:581) [elasticsearch-6.2.3.jar:6.2.3]
	at org.elasticsearch.common.util.concurrent.ThreadContext$ContextPreservingRunnable.run(ThreadContext.java:573) [elasticsearch-6.2.3.jar:6.2.3]
	at java.util.concurrent.ThreadPoolExecutor.runWorker(ThreadPoolExecutor.java:1149) [?:1.8.0_161]
	at java.util.concurrent.ThreadPoolExecutor$Worker.run(ThreadPoolExecutor.java:624) [?:1.8.0_161]
	at java.lang.Thread.run(Thread.java:748) [?:1.8.0_161]
[2018-04-07T01:24:49,750][WARN ][r.suppressed             ] path: /nxlog-2018.03.31.12.08/in, params: {index=nxlog-2018.03.31.12.08, type=in}
org.elasticsearch.action.UnavailableShardsException: [nxlog-2018.03.31.12.08][0] primary shard is not active Timeout: [1m], request: [BulkShardRequest [[nxlog-2018.03.31.12.08][0]] containing [index {[nxlog-2018.03.31.12.08][in][6bFFnWIB6_8debcR8r91], source[{"EventTime":"2018-03-31 12:08:51","Hostname":"john-PC","Keywords":0,"EventType":"INFO","SeverityValue":2,"Severity":"INFO","EventID":7,"SourceName":"Microsoft-Windows-Sysmon","ProviderGuid":"{5770385F-C22A-43E0-BF4C-06F5698FFBD9}","Version":3,"Task":7,"OpcodeValue":0,"RecordNumber":57813362,"ExecutionProcessID":1316,"ExecutionThreadID":1824,"Channel":"Microsoft-Windows-Sysmon/Operational","Domain":"NT AUTHORITY","AccountName":"SYSTEM","UserID":"S-1-5-18","AccountType":"User","Message":"Image loaded:\r\nUtcTime: 2018-03-31 10:08:26.914\r\nProcessGuid: {53F35F28-49F1-5ABF-0000-0010F7740100}\r\nProcessId: 1316\r\nImage: C:\\Windows\\Sysmon.exe\r\nImageLoaded: C:\\Windows\\System32\\pcasvc.dll\r\nFileVersion: 6.1.7600.16385 (win7_rtm.090713-1255)\r\nDescription: Servicio de compatibilidad de programas\r\nProduct: Sistema operativo Microsoft® Windows®\r\nCompany: Microsoft Corporation\r\nHashes: MD5=3AEAA8B561E63452C655DC0584922257,SHA256=04C072969B58657602EB0C21CEDF24FCEE14E61B90A0F758F93925EF2C9FC32D\r\nSigned: true\r\nSignature: Microsoft Windows\r\nSignatureStatus: Valid","Category":"Image loaded (rule: ImageLoad)","Opcode":"Información","UtcTime":"2018-03-31 10:08:26","ProcessGuid":"{53F35F28-49F1-5ABF-0000-0010F7740100}","ProcessId":"1316","Image":"C:\\Windows\\Sysmon.exe","ImageLoaded":"C:\\Windows\\System32\\pcasvc.dll","FileVersion":"6.1.7600.16385 (win7_rtm.090713-1255)","Description":"Servicio de compatibilidad de programas","Product":"Sistema operativo Microsoft® Windows®","Company":"Microsoft Corporation","Hashes":"MD5=3AEAA8B561E63452C655DC0584922257,SHA256=04C072969B58657602EB0C21CEDF24FCEE14E61B90A0F758F93925EF2C9FC32D","Signed":"true","Signature":"Microsoft Windows","SignatureStatus":"Valid","SourceModuleName":"in","SourceModuleType":"im_msvistalog"}]}]]
	at org.elasticsearch.action.support.replication.TransportReplicationAction$ReroutePhase.retryBecauseUnavailable(TransportReplicationAction.java:944) [elasticsearch-6.2.3.jar:6.2.3]
	at org.elasticsearch.action.support.replication.TransportReplicationAction$ReroutePhase.retryIfUnavailable(TransportReplicationAction.java:781) [elasticsearch-6.2.3.jar:6.2.3]
	at org.elasticsearch.action.support.replication.TransportReplicationAction$ReroutePhase.doRun(TransportReplicationAction.java:734) [elasticsearch-6.2.3.jar:6.2.3]
	at org.elasticsearch.common.util.concurrent.AbstractRunnable.run(AbstractRunnable.java:37) [elasticsearch-6.2.3.jar:6.2.3]
	at org.elasticsearch.action.support.replication.TransportReplicationAction$ReroutePhase$2.onTimeout(TransportReplicationAction.java:898) [elasticsearch-6.2.3.jar:6.2.3]
	at org.elasticsearch.cluster.ClusterStateObserver$ContextPreservingListener.onTimeout(ClusterStateObserver.java:317) [elasticsearch-6.2.3.jar:6.2.3]
	at org.elasticsearch.cluster.ClusterStateObserver$ObserverClusterStateListener.onTimeout(ClusterStateObserver.java:244) [elasticsearch-6.2.3.jar:6.2.3]
	at org.elasticsearch.cluster.service.ClusterApplierService$NotifyTimeout.run(ClusterApplierService.java:581) [elasticsearch-6.2.3.jar:6.2.3]
	at org.elasticsearch.common.util.concurrent.ThreadContext$ContextPreservingRunnable.run(ThreadContext.java:573) [elasticsearch-6.2.3.jar:6.2.3]
	at java.util.concurrent.ThreadPoolExecutor.runWorker(ThreadPoolExecutor.java:1149) [?:1.8.0_161]
	at java.util.concurrent.ThreadPoolExecutor$Worker.run(ThreadPoolExecutor.java:624) [?:1.8.0_161]
	at java.lang.Thread.run(Thread.java:748) [?:1.8.0_161]
[2018-04-07T01:24:59,771][WARN ][r.suppressed             ] path: /nxlog-2018.03.31.12.08/in, params: {index=nxlog-2018.03.31.12.08, type=in}
org.elasticsearch.action.UnavailableShardsException: [nxlog-2018.03.31.12.08][0] primary shard is not active Timeout: [1m], request: [BulkShardRequest [[nxlog-2018.03.31.12.08][0]] containing [index {[nxlog-2018.03.31.12.08][in][6rFGnWIB6_8debcRGb-a], source[{"EventTime":"2018-03-31 12:08:51","Hostname":"john-PC","Keywords":0,"EventType":"INFO","SeverityValue":2,"Severity":"INFO","EventID":7,"SourceName":"Microsoft-Windows-Sysmon","ProviderGuid":"{5770385F-C22A-43E0-BF4C-06F5698FFBD9}","Version":3,"Task":7,"OpcodeValue":0,"RecordNumber":57813362,"ExecutionProcessID":1316,"ExecutionThreadID":1824,"Channel":"Microsoft-Windows-Sysmon/Operational","Domain":"NT AUTHORITY","AccountName":"SYSTEM","UserID":"S-1-5-18","AccountType":"User","Message":"Image loaded:\r\nUtcTime: 2018-03-31 10:08:26.914\r\nProcessGuid: {53F35F28-49F1-5ABF-0000-0010F7740100}\r\nProcessId: 1316\r\nImage: C:\\Windows\\Sysmon.exe\r\nImageLoaded: C:\\Windows\\System32\\pcasvc.dll\r\nFileVersion: 6.1.7600.16385 (win7_rtm.090713-1255)\r\nDescription: Servicio de compatibilidad de programas\r\nProduct: Sistema operativo Microsoft® Windows®\r\nCompany: Microsoft Corporation\r\nHashes: MD5=3AEAA8B561E63452C655DC0584922257,SHA256=04C072969B58657602EB0C21CEDF24FCEE14E61B90A0F758F93925EF2C9FC32D\r\nSigned: true\r\nSignature: Microsoft Windows\r\nSignatureStatus: Valid","Category":"Image loaded (rule: ImageLoad)","Opcode":"Información","UtcTime":"2018-03-31 10:08:26","ProcessGuid":"{53F35F28-49F1-5ABF-0000-0010F7740100}","ProcessId":"1316","Image":"C:\\Windows\\Sysmon.exe","ImageLoaded":"C:\\Windows\\System32\\pcasvc.dll","FileVersion":"6.1.7600.16385 (win7_rtm.090713-1255)","Description":"Servicio de compatibilidad de programas","Product":"Sistema operativo Microsoft® Windows®","Company":"Microsoft Corporation","Hashes":"MD5=3AEAA8B561E63452C655DC0584922257,SHA256=04C072969B58657602EB0C21CEDF24FCEE14E61B90A0F758F93925EF2C9FC32D","Signed":"true","Signature":"Microsoft Windows","SignatureStatus":"Valid","SourceModuleName":"in","SourceModuleType":"im_msvistalog"}]}]]
	at org.elasticsearch.action.support.replication.TransportReplicationAction$ReroutePhase.retryBecauseUnavailable(TransportReplicationAction.java:944) [elasticsearch-6.2.3.jar:6.2.3]
	at org.elasticsearch.action.support.replication.TransportReplicationAction$ReroutePhase.retryIfUnavailable(TransportReplicationAction.java:781) [elasticsearch-6.2.3.jar:6.2.3]
	at org.elasticsearch.action.support.replication.TransportReplicationAction$ReroutePhase.doRun(TransportReplicationAction.java:734) [elasticsearch-6.2.3.jar:6.2.3]
	at org.elasticsearch.common.util.concurrent.AbstractRunnable.run(AbstractRunnable.java:37) [elasticsearch-6.2.3.jar:6.2.3]
	at org.elasticsearch.action.support.replication.TransportReplicationAction$ReroutePhase$2.onTimeout(TransportReplicationAction.java:898) [elasticsearch-6.2.3.jar:6.2.3]
	at org.elasticsearch.cluster.ClusterStateObserver$ContextPreservingListener.onTimeout(ClusterStateObserver.java:317) [elasticsearch-6.2.3.jar:6.2.3]
	at org.elasticsearch.cluster.ClusterStateObserver$ObserverClusterStateListener.onTimeout(ClusterStateObserver.java:244) [elasticsearch-6.2.3.jar:6.2.3]
	at org.elasticsearch.cluster.service.ClusterApplierService$NotifyTimeout.run(ClusterApplierService.java:581) [elasticsearch-6.2.3.jar:6.2.3]
	at org.elasticsearch.common.util.concurrent.ThreadContext$ContextPreservingRunnable.run(ThreadContext.java:573) [elasticsearch-6.2.3.jar:6.2.3]
	at java.util.concurrent.ThreadPoolExecutor.runWorker(ThreadPoolExecutor.java:1149) [?:1.8.0_161]
	at java.util.concurrent.ThreadPoolExecutor$Worker.run(ThreadPoolExecutor.java:624) [?:1.8.0_161]
	at java.lang.Thread.run(Thread.java:748) [?:1.8.0_161]
[2018-04-07T01:25:09,796][WARN ][r.suppressed             ] path: /nxlog-2018.03.31.12.08/in, params: {index=nxlog-2018.03.31.12.08, type=in}
org.elasticsearch.action.UnavailableShardsException: [nxlog-2018.03.31.12.08][0] primary shard is not active Timeout: [1m], request: [BulkShardRequest [[nxlog-2018.03.31.12.08][0]] containing [index {[nxlog-2018.03.31.12.08][in][67FGnWIB6_8debcRQL_D], source[{"EventTime":"2018-03-31 12:08:51","Hostname":"john-PC","Keywords":0,"EventType":"INFO","SeverityValue":2,"Severity":"INFO","EventID":7,"SourceName":"Microsoft-Windows-Sysmon","ProviderGuid":"{5770385F-C22A-43E0-BF4C-06F5698FFBD9}","Version":3,"Task":7,"OpcodeValue":0,"RecordNumber":57813362,"ExecutionProcessID":1316,"ExecutionThreadID":1824,"Channel":"Microsoft-Windows-Sysmon/Operational","Domain":"NT AUTHORITY","AccountName":"SYSTEM","UserID":"S-1-5-18","AccountType":"User","Message":"Image loaded:\r\nUtcTime: 2018-03-31 10:08:26.914\r\nProcessGuid: {53F35F28-49F1-5ABF-0000-0010F7740100}\r\nProcessId: 1316\r\nImage: C:\\Windows\\Sysmon.exe\r\nImageLoaded: C:\\Windows\\System32\\pcasvc.dll\r\nFileVersion: 6.1.7600.16385 (win7_rtm.090713-1255)\r\nDescription: Servicio de compatibilidad de programas\r\nProduct: Sistema operativo Microsoft® Windows®\r\nCompany: Microsoft Corporation\r\nHashes: MD5=3AEAA8B561E63452C655DC0584922257,SHA256=04C072969B58657602EB0C21CEDF24FCEE14E61B90A0F758F93925EF2C9FC32D\r\nSigned: true\r\nSignature: Microsoft Windows\r\nSignatureStatus: Valid","Category":"Image loaded (rule: ImageLoad)","Opcode":"Información","UtcTime":"2018-03-31 10:08:26","ProcessGuid":"{53F35F28-49F1-5ABF-0000-0010F7740100}","ProcessId":"1316","Image":"C:\\Windows\\Sysmon.exe","ImageLoaded":"C:\\Windows\\System32\\pcasvc.dll","FileVersion":"6.1.7600.16385 (win7_rtm.090713-1255)","Description":"Servicio de compatibilidad de programas","Product":"Sistema operativo Microsoft® Windows®","Company":"Microsoft Corporation","Hashes":"MD5=3AEAA8B561E63452C655DC0584922257,SHA256=04C072969B58657602EB0C21CEDF24FCEE14E61B90A0F758F93925EF2C9FC32D","Signed":"true","Signature":"Microsoft Windows","SignatureStatus":"Valid","SourceModuleName":"in","SourceModuleType":"im_msvistalog"}]}]]
	at org.elasticsearch.action.support.replication.TransportReplicationAction$ReroutePhase.retryBecauseUnavailable(TransportReplicationAction.java:944) [elasticsearch-6.2.3.jar:6.2.3]
	at org.elasticsearch.action.support.replication.TransportReplicationAction$ReroutePhase.retryIfUnavailable(TransportReplicationAction.java:781) [elasticsearch-6.2.3.jar:6.2.3]
	at org.elasticsearch.action.support.replication.TransportReplicationAction$ReroutePhase.doRun(TransportReplicationAction.java:734) [elasticsearch-6.2.3.jar:6.2.3]
	at org.elasticsearch.common.util.concurrent.AbstractRunnable.run(AbstractRunnable.java:37) [elasticsearch-6.2.3.jar:6.2.3]
	at org.elasticsearch.action.support.replication.TransportReplicationAction$ReroutePhase$2.onTimeout(TransportReplicationAction.java:898) [elasticsearch-6.2.3.jar:6.2.3]
	at org.elasticsearch.cluster.ClusterStateObserver$ContextPreservingListener.onTimeout(ClusterStateObserver.java:317) [elasticsearch-6.2.3.jar:6.2.3]
	at org.elasticsearch.cluster.ClusterStateObserver$ObserverClusterStateListener.onTimeout(ClusterStateObserver.java:244) [elasticsearch-6.2.3.jar:6.2.3]
	at org.elasticsearch.cluster.service.ClusterApplierService$NotifyTimeout.run(ClusterApplierService.java:581) [elasticsearch-6.2.3.jar:6.2.3]
	at org.elasticsearch.common.util.concurrent.ThreadContext$ContextPreservingRunnable.run(ThreadContext.java:573) [elasticsearch-6.2.3.jar:6.2.3]
	at java.util.concurrent.ThreadPoolExecutor.runWorker(ThreadPoolExecutor.java:1149) [?:1.8.0_161]
	at java.util.concurrent.ThreadPoolExecutor$Worker.run(ThreadPoolExecutor.java:624) [?:1.8.0_161]
	at java.lang.Thread.run(Thread.java:748) [?:1.8.0_161]
