[2018-04-07T00:56:53,298][WARN ][r.suppressed             ] path: /nxlog-2018.03.31.12.08/in, params: {index=nxlog-2018.03.31.12.08, type=in}
org.elasticsearch.action.UnavailableShardsException: [nxlog-2018.03.31.12.08][0] primary shard is not active Timeout: [1m], request: [BulkShardRequest [[nxlog-2018.03.31.12.08][0]] containing [index {[nxlog-2018.03.31.12.08][in][pggsnWIBI0u9HdUrXZbR], source[{"EventTime":"2018-03-31 12:08:51","Hostname":"john-PC","Keywords":-9223372036854775808,"EventType":"INFO","SeverityValue":2,"Severity":"INFO","EventID":7,"SourceName":"Microsoft-Windows-Sysmon","ProviderGuid":"{5770385F-C22A-43E0-BF4C-06F5698FFBD9}","Version":3,"Task":7,"OpcodeValue":0,"RecordNumber":57813362,"ExecutionProcessID":1316,"ExecutionThreadID":1824,"Channel":"Microsoft-Windows-Sysmon/Operational","Domain":"NT AUTHORITY","AccountName":"SYSTEM","UserID":"S-1-5-18","AccountType":"User","Message":"Image loaded:\r\nUtcTime: 2018-03-31 10:08:26.914\r\nProcessGuid: {53F35F28-49F1-5ABF-0000-0010F7740100}\r\nProcessId: 1316\r\nImage: C:\\Windows\\Sysmon.exe\r\nImageLoaded: C:\\Windows\\System32\\pcasvc.dll\r\nFileVersion: 6.1.7600.16385 (win7_rtm.090713-1255)\r\nDescription: Servicio de compatibilidad de programas\r\nProduct: Sistema operativo Microsoft® Windows®\r\nCompany: Microsoft Corporation\r\nHashes: MD5=3AEAA8B561E63452C655DC0584922257,SHA256=04C072969B58657602EB0C21CEDF24FCEE14E61B90A0F758F93925EF2C9FC32D\r\nSigned: true\r\nSignature: Microsoft Windows\r\nSignatureStatus: Valid","Category":"Image loaded (rule: ImageLoad)","Opcode":"Información","UtcTime":"2018-03-31 10:08:26.914","ProcessGuid":"{53F35F28-49F1-5ABF-0000-0010F7740100}","ProcessId":"1316","Image":"C:\\Windows\\Sysmon.exe","ImageLoaded":"C:\\Windows\\System32\\pcasvc.dll","FileVersion":"6.1.7600.16385 (win7_rtm.090713-1255)","Description":"Servicio de compatibilidad de programas","Product":"Sistema operativo Microsoft® Windows®","Company":"Microsoft Corporation","Hashes":"MD5=3AEAA8B561E63452C655DC0584922257,SHA256=04C072969B58657602EB0C21CEDF24FCEE14E61B90A0F758F93925EF2C9FC32D","Signed":"true","Signature":"Microsoft Windows","SignatureStatus":"Valid","SourceModuleName":"in","SourceModuleType":"im_msvistalog"}]}]]
	at org.elasticsearch.action.support.replication.TransportReplicationAction$ReroutePhase.retryBecauseUnavailable(TransportReplicationAction.java:944) [elasticsearch-6.2.3.jar:6.2.3]
	at org.elasticsearch.action.support.replication.TransportReplicationAction$ReroutePhase.retryIfUnavailable(TransportReplicationAction.java:781) [elasticsearch-6.2.3.jar:6.2.3]
	at org.elasticsearch.action.support.replication.TransportReplicationAction$ReroutePhase.doRun(TransportReplicationAction.java:734) [elasticsearch-6.2.3.jar:6.2.3]
	at org.elasticsearch.common.util.concurrent.AbstractRunnable.run(AbstractRunnable.java:37) [elasticsearch-6.2.3.jar:6.2.3]
	at org.elasticsearch.action.support.replication.TransportReplicationAction$ReroutePhase$2.onTimeout(TransportReplicationAction.java:898) [elasticsearch-6.2.3.jar:6.2.3]
	at org.elasticsearch.cluster.ClusterStateObserver$ContextPreservingListener.onTimeout(ClusterStateObserver.java:317) [elasticsearch-6.2.3.jar:6.2.3]
	at org.elasticsearch.cluster.ClusterStateObserver$ObserverClusterStateListener.onTimeout(ClusterStateObserver.java:244) [elasticsearch-6.2.3.jar:6.2.3]
	at org.elasticsearch.cluster.service.ClusterApplierService$NotifyTimeout.run(ClusterApplierService.java:581) [elasticsearch-6.2.3.jar:6.2.3]
	at org.elasticsearch.common.util.concurrent.ThreadContext$ContextPreservingRunnable.run(ThreadContext.java:573) [elasticsearch-6.2.3.jar:6.2.3]
	at java.util.concurrent.ThreadPoolExecutor.runWorker(ThreadPoolExecutor.java:1149) [?:1.8.0_161]
	at java.util.concurrent.ThreadPoolExecutor$Worker.run(ThreadPoolExecutor.java:624) [?:1.8.0_161]
	at java.lang.Thread.run(Thread.java:748) [?:1.8.0_161]
[2018-04-07T00:57:03,321][WARN ][r.suppressed             ] path: /nxlog-2018.03.31.12.08/in, params: {index=nxlog-2018.03.31.12.08, type=in}
org.elasticsearch.action.UnavailableShardsException: [nxlog-2018.03.31.12.08][0] primary shard is not active Timeout: [1m], request: [BulkShardRequest [[nxlog-2018.03.31.12.08][0]] containing [index {[nxlog-2018.03.31.12.08][in][pwgsnWIBI0u9HdUrhJb4], source[{"EventTime":"2018-03-31 12:08:51","Hostname":"john-PC","Keywords":-9223372036854775808,"EventType":"INFO","SeverityValue":2,"Severity":"INFO","EventID":7,"SourceName":"Microsoft-Windows-Sysmon","ProviderGuid":"{5770385F-C22A-43E0-BF4C-06F5698FFBD9}","Version":3,"Task":7,"OpcodeValue":0,"RecordNumber":57813362,"ExecutionProcessID":1316,"ExecutionThreadID":1824,"Channel":"Microsoft-Windows-Sysmon/Operational","Domain":"NT AUTHORITY","AccountName":"SYSTEM","UserID":"S-1-5-18","AccountType":"User","Message":"Image loaded:\r\nUtcTime: 2018-03-31 10:08:26.914\r\nProcessGuid: {53F35F28-49F1-5ABF-0000-0010F7740100}\r\nProcessId: 1316\r\nImage: C:\\Windows\\Sysmon.exe\r\nImageLoaded: C:\\Windows\\System32\\pcasvc.dll\r\nFileVersion: 6.1.7600.16385 (win7_rtm.090713-1255)\r\nDescription: Servicio de compatibilidad de programas\r\nProduct: Sistema operativo Microsoft® Windows®\r\nCompany: Microsoft Corporation\r\nHashes: MD5=3AEAA8B561E63452C655DC0584922257,SHA256=04C072969B58657602EB0C21CEDF24FCEE14E61B90A0F758F93925EF2C9FC32D\r\nSigned: true\r\nSignature: Microsoft Windows\r\nSignatureStatus: Valid","Category":"Image loaded (rule: ImageLoad)","Opcode":"Información","UtcTime":"2018-03-31 10:08:26.914","ProcessGuid":"{53F35F28-49F1-5ABF-0000-0010F7740100}","ProcessId":"1316","Image":"C:\\Windows\\Sysmon.exe","ImageLoaded":"C:\\Windows\\System32\\pcasvc.dll","FileVersion":"6.1.7600.16385 (win7_rtm.090713-1255)","Description":"Servicio de compatibilidad de programas","Product":"Sistema operativo Microsoft® Windows®","Company":"Microsoft Corporation","Hashes":"MD5=3AEAA8B561E63452C655DC0584922257,SHA256=04C072969B58657602EB0C21CEDF24FCEE14E61B90A0F758F93925EF2C9FC32D","Signed":"true","Signature":"Microsoft Windows","SignatureStatus":"Valid","SourceModuleName":"in","SourceModuleType":"im_msvistalog"}]}]]
	at org.elasticsearch.action.support.replication.TransportReplicationAction$ReroutePhase.retryBecauseUnavailable(TransportReplicationAction.java:944) [elasticsearch-6.2.3.jar:6.2.3]
	at org.elasticsearch.action.support.replication.TransportReplicationAction$ReroutePhase.retryIfUnavailable(TransportReplicationAction.java:781) [elasticsearch-6.2.3.jar:6.2.3]
	at org.elasticsearch.action.support.replication.TransportReplicationAction$ReroutePhase.doRun(TransportReplicationAction.java:734) [elasticsearch-6.2.3.jar:6.2.3]
	at org.elasticsearch.common.util.concurrent.AbstractRunnable.run(AbstractRunnable.java:37) [elasticsearch-6.2.3.jar:6.2.3]
	at org.elasticsearch.action.support.replication.TransportReplicationAction$ReroutePhase$2.onTimeout(TransportReplicationAction.java:898) [elasticsearch-6.2.3.jar:6.2.3]
	at org.elasticsearch.cluster.ClusterStateObserver$ContextPreservingListener.onTimeout(ClusterStateObserver.java:317) [elasticsearch-6.2.3.jar:6.2.3]
	at org.elasticsearch.cluster.ClusterStateObserver$ObserverClusterStateListener.onTimeout(ClusterStateObserver.java:244) [elasticsearch-6.2.3.jar:6.2.3]
	at org.elasticsearch.cluster.service.ClusterApplierService$NotifyTimeout.run(ClusterApplierService.java:581) [elasticsearch-6.2.3.jar:6.2.3]
	at org.elasticsearch.common.util.concurrent.ThreadContext$ContextPreservingRunnable.run(ThreadContext.java:573) [elasticsearch-6.2.3.jar:6.2.3]
	at java.util.concurrent.ThreadPoolExecutor.runWorker(ThreadPoolExecutor.java:1149) [?:1.8.0_161]
	at java.util.concurrent.ThreadPoolExecutor$Worker.run(ThreadPoolExecutor.java:624) [?:1.8.0_161]
	at java.lang.Thread.run(Thread.java:748) [?:1.8.0_161]
[2018-04-07T00:57:13,354][WARN ][r.suppressed             ] path: /nxlog-2018.03.31.12.08/in, params: {index=nxlog-2018.03.31.12.08, type=in}
org.elasticsearch.action.UnavailableShardsException: [nxlog-2018.03.31.12.08][0] primary shard is not active Timeout: [1m], request: [BulkShardRequest [[nxlog-2018.03.31.12.08][0]] containing [index {[nxlog-2018.03.31.12.08][in][qAgsnWIBI0u9HdUrrJYp], source[{"EventTime":"2018-03-31 12:08:51","Hostname":"john-PC","Keywords":-9223372036854775808,"EventType":"INFO","SeverityValue":2,"Severity":"INFO","EventID":7,"SourceName":"Microsoft-Windows-Sysmon","ProviderGuid":"{5770385F-C22A-43E0-BF4C-06F5698FFBD9}","Version":3,"Task":7,"OpcodeValue":0,"RecordNumber":57813362,"ExecutionProcessID":1316,"ExecutionThreadID":1824,"Channel":"Microsoft-Windows-Sysmon/Operational","Domain":"NT AUTHORITY","AccountName":"SYSTEM","UserID":"S-1-5-18","AccountType":"User","Message":"Image loaded:\r\nUtcTime: 2018-03-31 10:08:26.914\r\nProcessGuid: {53F35F28-49F1-5ABF-0000-0010F7740100}\r\nProcessId: 1316\r\nImage: C:\\Windows\\Sysmon.exe\r\nImageLoaded: C:\\Windows\\System32\\pcasvc.dll\r\nFileVersion: 6.1.7600.16385 (win7_rtm.090713-1255)\r\nDescription: Servicio de compatibilidad de programas\r\nProduct: Sistema operativo Microsoft® Windows®\r\nCompany: Microsoft Corporation\r\nHashes: MD5=3AEAA8B561E63452C655DC0584922257,SHA256=04C072969B58657602EB0C21CEDF24FCEE14E61B90A0F758F93925EF2C9FC32D\r\nSigned: true\r\nSignature: Microsoft Windows\r\nSignatureStatus: Valid","Category":"Image loaded (rule: ImageLoad)","Opcode":"Información","UtcTime":"2018-03-31 10:08:26.914","ProcessGuid":"{53F35F28-49F1-5ABF-0000-0010F7740100}","ProcessId":"1316","Image":"C:\\Windows\\Sysmon.exe","ImageLoaded":"C:\\Windows\\System32\\pcasvc.dll","FileVersion":"6.1.7600.16385 (win7_rtm.090713-1255)","Description":"Servicio de compatibilidad de programas","Product":"Sistema operativo Microsoft® Windows®","Company":"Microsoft Corporation","Hashes":"MD5=3AEAA8B561E63452C655DC0584922257,SHA256=04C072969B58657602EB0C21CEDF24FCEE14E61B90A0F758F93925EF2C9FC32D","Signed":"true","Signature":"Microsoft Windows","SignatureStatus":"Valid","SourceModuleName":"in","SourceModuleType":"im_msvistalog"}]}]]
	at org.elasticsearch.action.support.replication.TransportReplicationAction$ReroutePhase.retryBecauseUnavailable(TransportReplicationAction.java:944) [elasticsearch-6.2.3.jar:6.2.3]
	at org.elasticsearch.action.support.replication.TransportReplicationAction$ReroutePhase.retryIfUnavailable(TransportReplicationAction.java:781) [elasticsearch-6.2.3.jar:6.2.3]
	at org.elasticsearch.action.support.replication.TransportReplicationAction$ReroutePhase.doRun(TransportReplicationAction.java:734) [elasticsearch-6.2.3.jar:6.2.3]
	at org.elasticsearch.common.util.concurrent.AbstractRunnable.run(AbstractRunnable.java:37) [elasticsearch-6.2.3.jar:6.2.3]
	at org.elasticsearch.action.support.replication.TransportReplicationAction$ReroutePhase$2.onTimeout(TransportReplicationAction.java:898) [elasticsearch-6.2.3.jar:6.2.3]
	at org.elasticsearch.cluster.ClusterStateObserver$ContextPreservingListener.onTimeout(ClusterStateObserver.java:317) [elasticsearch-6.2.3.jar:6.2.3]
	at org.elasticsearch.cluster.ClusterStateObserver$ObserverClusterStateListener.onTimeout(ClusterStateObserver.java:244) [elasticsearch-6.2.3.jar:6.2.3]
	at org.elasticsearch.cluster.service.ClusterApplierService$NotifyTimeout.run(ClusterApplierService.java:581) [elasticsearch-6.2.3.jar:6.2.3]
	at org.elasticsearch.common.util.concurrent.ThreadContext$ContextPreservingRunnable.run(ThreadContext.java:573) [elasticsearch-6.2.3.jar:6.2.3]
	at java.util.concurrent.ThreadPoolExecutor.runWorker(ThreadPoolExecutor.java:1149) [?:1.8.0_161]
	at java.util.concurrent.ThreadPoolExecutor$Worker.run(ThreadPoolExecutor.java:624) [?:1.8.0_161]
	at java.lang.Thread.run(Thread.java:748) [?:1.8.0_161]
[2018-04-07T00:57:23,379][WARN ][r.suppressed             ] path: /nxlog-2018.03.31.12.08/in, params: {index=nxlog-2018.03.31.12.08, type=in}
org.elasticsearch.action.UnavailableShardsException: [nxlog-2018.03.31.12.08][0] primary shard is not active Timeout: [1m], request: [BulkShardRequest [[nxlog-2018.03.31.12.08][0]] containing [index {[nxlog-2018.03.31.12.08][in][qQgsnWIBI0u9HdUr05ZS], source[{"EventTime":"2018-03-31 12:08:51","Hostname":"john-PC","Keywords":-9223372036854775808,"EventType":"INFO","SeverityValue":2,"Severity":"INFO","EventID":7,"SourceName":"Microsoft-Windows-Sysmon","ProviderGuid":"{5770385F-C22A-43E0-BF4C-06F5698FFBD9}","Version":3,"Task":7,"OpcodeValue":0,"RecordNumber":57813362,"ExecutionProcessID":1316,"ExecutionThreadID":1824,"Channel":"Microsoft-Windows-Sysmon/Operational","Domain":"NT AUTHORITY","AccountName":"SYSTEM","UserID":"S-1-5-18","AccountType":"User","Message":"Image loaded:\r\nUtcTime: 2018-03-31 10:08:26.914\r\nProcessGuid: {53F35F28-49F1-5ABF-0000-0010F7740100}\r\nProcessId: 1316\r\nImage: C:\\Windows\\Sysmon.exe\r\nImageLoaded: C:\\Windows\\System32\\pcasvc.dll\r\nFileVersion: 6.1.7600.16385 (win7_rtm.090713-1255)\r\nDescription: Servicio de compatibilidad de programas\r\nProduct: Sistema operativo Microsoft® Windows®\r\nCompany: Microsoft Corporation\r\nHashes: MD5=3AEAA8B561E63452C655DC0584922257,SHA256=04C072969B58657602EB0C21CEDF24FCEE14E61B90A0F758F93925EF2C9FC32D\r\nSigned: true\r\nSignature: Microsoft Windows\r\nSignatureStatus: Valid","Category":"Image loaded (rule: ImageLoad)","Opcode":"Información","UtcTime":"2018-03-31 10:08:26.914","ProcessGuid":"{53F35F28-49F1-5ABF-0000-0010F7740100}","ProcessId":"1316","Image":"C:\\Windows\\Sysmon.exe","ImageLoaded":"C:\\Windows\\System32\\pcasvc.dll","FileVersion":"6.1.7600.16385 (win7_rtm.090713-1255)","Description":"Servicio de compatibilidad de programas","Product":"Sistema operativo Microsoft® Windows®","Company":"Microsoft Corporation","Hashes":"MD5=3AEAA8B561E63452C655DC0584922257,SHA256=04C072969B58657602EB0C21CEDF24FCEE14E61B90A0F758F93925EF2C9FC32D","Signed":"true","Signature":"Microsoft Windows","SignatureStatus":"Valid","SourceModuleName":"in","SourceModuleType":"im_msvistalog"}]}]]
	at org.elasticsearch.action.support.replication.TransportReplicationAction$ReroutePhase.retryBecauseUnavailable(TransportReplicationAction.java:944) [elasticsearch-6.2.3.jar:6.2.3]
	at org.elasticsearch.action.support.replication.TransportReplicationAction$ReroutePhase.retryIfUnavailable(TransportReplicationAction.java:781) [elasticsearch-6.2.3.jar:6.2.3]
	at org.elasticsearch.action.support.replication.TransportReplicationAction$ReroutePhase.doRun(TransportReplicationAction.java:734) [elasticsearch-6.2.3.jar:6.2.3]
	at org.elasticsearch.common.util.concurrent.AbstractRunnable.run(AbstractRunnable.java:37) [elasticsearch-6.2.3.jar:6.2.3]
	at org.elasticsearch.action.support.replication.TransportReplicationAction$ReroutePhase$2.onTimeout(TransportReplicationAction.java:898) [elasticsearch-6.2.3.jar:6.2.3]
	at org.elasticsearch.cluster.ClusterStateObserver$ContextPreservingListener.onTimeout(ClusterStateObserver.java:317) [elasticsearch-6.2.3.jar:6.2.3]
	at org.elasticsearch.cluster.ClusterStateObserver$ObserverClusterStateListener.onTimeout(ClusterStateObserver.java:244) [elasticsearch-6.2.3.jar:6.2.3]
	at org.elasticsearch.cluster.service.ClusterApplierService$NotifyTimeout.run(ClusterApplierService.java:581) [elasticsearch-6.2.3.jar:6.2.3]
	at org.elasticsearch.common.util.concurrent.ThreadContext$ContextPreservingRunnable.run(ThreadContext.java:573) [elasticsearch-6.2.3.jar:6.2.3]
	at java.util.concurrent.ThreadPoolExecutor.runWorker(ThreadPoolExecutor.java:1149) [?:1.8.0_161]
	at java.util.concurrent.ThreadPoolExecutor$Worker.run(ThreadPoolExecutor.java:624) [?:1.8.0_161]
	at java.lang.Thread.run(Thread.java:748) [?:1.8.0_161]
[2018-04-07T00:57:33,397][WARN ][r.suppressed             ] path: /nxlog-2018.03.31.12.08/in, params: {index=nxlog-2018.03.31.12.08, type=in}
org.elasticsearch.action.UnavailableShardsException: [nxlog-2018.03.31.12.08][0] primary shard is not active Timeout: [1m], request: [BulkShardRequest [[nxlog-2018.03.31.12.08][0]] containing [index {[nxlog-2018.03.31.12.08][in][qggsnWIBI0u9HdUr-pZz], source[{"EventTime":"2018-03-31 12:08:51","Hostname":"john-PC","Keywords":-9223372036854775808,"EventType":"INFO","SeverityValue":2,"Severity":"INFO","EventID":7,"SourceName":"Microsoft-Windows-Sysmon","ProviderGuid":"{5770385F-C22A-43E0-BF4C-06F5698FFBD9}","Version":3,"Task":7,"OpcodeValue":0,"RecordNumber":57813362,"ExecutionProcessID":1316,"ExecutionThreadID":1824,"Channel":"Microsoft-Windows-Sysmon/Operational","Domain":"NT AUTHORITY","AccountName":"SYSTEM","UserID":"S-1-5-18","AccountType":"User","Message":"Image loaded:\r\nUtcTime: 2018-03-31 10:08:26.914\r\nProcessGuid: {53F35F28-49F1-5ABF-0000-0010F7740100}\r\nProcessId: 1316\r\nImage: C:\\Windows\\Sysmon.exe\r\nImageLoaded: C:\\Windows\\System32\\pcasvc.dll\r\nFileVersion: 6.1.7600.16385 (win7_rtm.090713-1255)\r\nDescription: Servicio de compatibilidad de programas\r\nProduct: Sistema operativo Microsoft® Windows®\r\nCompany: Microsoft Corporation\r\nHashes: MD5=3AEAA8B561E63452C655DC0584922257,SHA256=04C072969B58657602EB0C21CEDF24FCEE14E61B90A0F758F93925EF2C9FC32D\r\nSigned: true\r\nSignature: Microsoft Windows\r\nSignatureStatus: Valid","Category":"Image loaded (rule: ImageLoad)","Opcode":"Información","UtcTime":"2018-03-31 10:08:26.914","ProcessGuid":"{53F35F28-49F1-5ABF-0000-0010F7740100}","ProcessId":"1316","Image":"C:\\Windows\\Sysmon.exe","ImageLoaded":"C:\\Windows\\System32\\pcasvc.dll","FileVersion":"6.1.7600.16385 (win7_rtm.090713-1255)","Description":"Servicio de compatibilidad de programas","Product":"Sistema operativo Microsoft® Windows®","Company":"Microsoft Corporation","Hashes":"MD5=3AEAA8B561E63452C655DC0584922257,SHA256=04C072969B58657602EB0C21CEDF24FCEE14E61B90A0F758F93925EF2C9FC32D","Signed":"true","Signature":"Microsoft Windows","SignatureStatus":"Valid","SourceModuleName":"in","SourceModuleType":"im_msvistalog"}]}]]
	at org.elasticsearch.action.support.replication.TransportReplicationAction$ReroutePhase.retryBecauseUnavailable(TransportReplicationAction.java:944) [elasticsearch-6.2.3.jar:6.2.3]
	at org.elasticsearch.action.support.replication.TransportReplicationAction$ReroutePhase.retryIfUnavailable(TransportReplicationAction.java:781) [elasticsearch-6.2.3.jar:6.2.3]
	at org.elasticsearch.action.support.replication.TransportReplicationAction$ReroutePhase.doRun(TransportReplicationAction.java:734) [elasticsearch-6.2.3.jar:6.2.3]
	at org.elasticsearch.common.util.concurrent.AbstractRunnable.run(AbstractRunnable.java:37) [elasticsearch-6.2.3.jar:6.2.3]
	at org.elasticsearch.action.support.replication.TransportReplicationAction$ReroutePhase$2.onTimeout(TransportReplicationAction.java:898) [elasticsearch-6.2.3.jar:6.2.3]
	at org.elasticsearch.cluster.ClusterStateObserver$ContextPreservingListener.onTimeout(ClusterStateObserver.java:317) [elasticsearch-6.2.3.jar:6.2.3]
	at org.elasticsearch.cluster.ClusterStateObserver$ObserverClusterStateListener.onTimeout(ClusterStateObserver.java:244) [elasticsearch-6.2.3.jar:6.2.3]
	at org.elasticsearch.cluster.service.ClusterApplierService$NotifyTimeout.run(ClusterApplierService.java:581) [elasticsearch-6.2.3.jar:6.2.3]
	at org.elasticsearch.common.util.concurrent.ThreadContext$ContextPreservingRunnable.run(ThreadContext.java:573) [elasticsearch-6.2.3.jar:6.2.3]
	at java.util.concurrent.ThreadPoolExecutor.runWorker(ThreadPoolExecutor.java:1149) [?:1.8.0_161]
	at java.util.concurrent.ThreadPoolExecutor$Worker.run(ThreadPoolExecutor.java:624) [?:1.8.0_161]
	at java.lang.Thread.run(Thread.java:748) [?:1.8.0_161]
[2018-04-07T00:57:43,424][WARN ][r.suppressed             ] path: /nxlog-2018.03.31.12.08/in, params: {index=nxlog-2018.03.31.12.08, type=in}
org.elasticsearch.action.UnavailableShardsException: [nxlog-2018.03.31.12.08][0] primary shard is not active Timeout: [1m], request: [BulkShardRequest [[nxlog-2018.03.31.12.08][0]] containing [index {[nxlog-2018.03.31.12.08][in][qwgtnWIBI0u9HdUrIZae], source[{"EventTime":"2018-03-31 12:08:51","Hostname":"john-PC","Keywords":-9223372036854775808,"EventType":"INFO","SeverityValue":2,"Severity":"INFO","EventID":7,"SourceName":"Microsoft-Windows-Sysmon","ProviderGuid":"{5770385F-C22A-43E0-BF4C-06F5698FFBD9}","Version":3,"Task":7,"OpcodeValue":0,"RecordNumber":57813362,"ExecutionProcessID":1316,"ExecutionThreadID":1824,"Channel":"Microsoft-Windows-Sysmon/Operational","Domain":"NT AUTHORITY","AccountName":"SYSTEM","UserID":"S-1-5-18","AccountType":"User","Message":"Image loaded:\r\nUtcTime: 2018-03-31 10:08:26.914\r\nProcessGuid: {53F35F28-49F1-5ABF-0000-0010F7740100}\r\nProcessId: 1316\r\nImage: C:\\Windows\\Sysmon.exe\r\nImageLoaded: C:\\Windows\\System32\\pcasvc.dll\r\nFileVersion: 6.1.7600.16385 (win7_rtm.090713-1255)\r\nDescription: Servicio de compatibilidad de programas\r\nProduct: Sistema operativo Microsoft® Windows®\r\nCompany: Microsoft Corporation\r\nHashes: MD5=3AEAA8B561E63452C655DC0584922257,SHA256=04C072969B58657602EB0C21CEDF24FCEE14E61B90A0F758F93925EF2C9FC32D\r\nSigned: true\r\nSignature: Microsoft Windows\r\nSignatureStatus: Valid","Category":"Image loaded (rule: ImageLoad)","Opcode":"Información","UtcTime":"2018-03-31 10:08:26.914","ProcessGuid":"{53F35F28-49F1-5ABF-0000-0010F7740100}","ProcessId":"1316","Image":"C:\\Windows\\Sysmon.exe","ImageLoaded":"C:\\Windows\\System32\\pcasvc.dll","FileVersion":"6.1.7600.16385 (win7_rtm.090713-1255)","Description":"Servicio de compatibilidad de programas","Product":"Sistema operativo Microsoft® Windows®","Company":"Microsoft Corporation","Hashes":"MD5=3AEAA8B561E63452C655DC0584922257,SHA256=04C072969B58657602EB0C21CEDF24FCEE14E61B90A0F758F93925EF2C9FC32D","Signed":"true","Signature":"Microsoft Windows","SignatureStatus":"Valid","SourceModuleName":"in","SourceModuleType":"im_msvistalog"}]}]]
	at org.elasticsearch.action.support.replication.TransportReplicationAction$ReroutePhase.retryBecauseUnavailable(TransportReplicationAction.java:944) [elasticsearch-6.2.3.jar:6.2.3]
	at org.elasticsearch.action.support.replication.TransportReplicationAction$ReroutePhase.retryIfUnavailable(TransportReplicationAction.java:781) [elasticsearch-6.2.3.jar:6.2.3]
	at org.elasticsearch.action.support.replication.TransportReplicationAction$ReroutePhase.doRun(TransportReplicationAction.java:734) [elasticsearch-6.2.3.jar:6.2.3]
	at org.elasticsearch.common.util.concurrent.AbstractRunnable.run(AbstractRunnable.java:37) [elasticsearch-6.2.3.jar:6.2.3]
	at org.elasticsearch.action.support.replication.TransportReplicationAction$ReroutePhase$2.onTimeout(TransportReplicationAction.java:898) [elasticsearch-6.2.3.jar:6.2.3]
	at org.elasticsearch.cluster.ClusterStateObserver$ContextPreservingListener.onTimeout(ClusterStateObserver.java:317) [elasticsearch-6.2.3.jar:6.2.3]
	at org.elasticsearch.cluster.ClusterStateObserver$ObserverClusterStateListener.onTimeout(ClusterStateObserver.java:244) [elasticsearch-6.2.3.jar:6.2.3]
	at org.elasticsearch.cluster.service.ClusterApplierService$NotifyTimeout.run(ClusterApplierService.java:581) [elasticsearch-6.2.3.jar:6.2.3]
	at org.elasticsearch.common.util.concurrent.ThreadContext$ContextPreservingRunnable.run(ThreadContext.java:573) [elasticsearch-6.2.3.jar:6.2.3]
	at java.util.concurrent.ThreadPoolExecutor.runWorker(ThreadPoolExecutor.java:1149) [?:1.8.0_161]
	at java.util.concurrent.ThreadPoolExecutor$Worker.run(ThreadPoolExecutor.java:624) [?:1.8.0_161]
	at java.lang.Thread.run(Thread.java:748) [?:1.8.0_161]
[2018-04-07T00:57:53,479][WARN ][r.suppressed             ] path: /nxlog-2018.03.31.12.08/in, params: {index=nxlog-2018.03.31.12.08, type=in}
org.elasticsearch.action.UnavailableShardsException: [nxlog-2018.03.31.12.08][0] primary shard is not active Timeout: [1m], request: [BulkShardRequest [[nxlog-2018.03.31.12.08][0]] containing [index {[nxlog-2018.03.31.12.08][in][rAgtnWIBI0u9HdUrSJbm], source[{"EventTime":"2018-03-31 12:08:51","Hostname":"john-PC","Keywords":-9223372036854775808,"EventType":"INFO","SeverityValue":2,"Severity":"INFO","EventID":7,"SourceName":"Microsoft-Windows-Sysmon","ProviderGuid":"{5770385F-C22A-43E0-BF4C-06F5698FFBD9}","Version":3,"Task":7,"OpcodeValue":0,"RecordNumber":57813362,"ExecutionProcessID":1316,"ExecutionThreadID":1824,"Channel":"Microsoft-Windows-Sysmon/Operational","Domain":"NT AUTHORITY","AccountName":"SYSTEM","UserID":"S-1-5-18","AccountType":"User","Message":"Image loaded:\r\nUtcTime: 2018-03-31 10:08:26.914\r\nProcessGuid: {53F35F28-49F1-5ABF-0000-0010F7740100}\r\nProcessId: 1316\r\nImage: C:\\Windows\\Sysmon.exe\r\nImageLoaded: C:\\Windows\\System32\\pcasvc.dll\r\nFileVersion: 6.1.7600.16385 (win7_rtm.090713-1255)\r\nDescription: Servicio de compatibilidad de programas\r\nProduct: Sistema operativo Microsoft® Windows®\r\nCompany: Microsoft Corporation\r\nHashes: MD5=3AEAA8B561E63452C655DC0584922257,SHA256=04C072969B58657602EB0C21CEDF24FCEE14E61B90A0F758F93925EF2C9FC32D\r\nSigned: true\r\nSignature: Microsoft Windows\r\nSignatureStatus: Valid","Category":"Image loaded (rule: ImageLoad)","Opcode":"Información","UtcTime":"2018-03-31 10:08:26.914","ProcessGuid":"{53F35F28-49F1-5ABF-0000-0010F7740100}","ProcessId":"1316","Image":"C:\\Windows\\Sysmon.exe","ImageLoaded":"C:\\Windows\\System32\\pcasvc.dll","FileVersion":"6.1.7600.16385 (win7_rtm.090713-1255)","Description":"Servicio de compatibilidad de programas","Product":"Sistema operativo Microsoft® Windows®","Company":"Microsoft Corporation","Hashes":"MD5=3AEAA8B561E63452C655DC0584922257,SHA256=04C072969B58657602EB0C21CEDF24FCEE14E61B90A0F758F93925EF2C9FC32D","Signed":"true","Signature":"Microsoft Windows","SignatureStatus":"Valid","SourceModuleName":"in","SourceModuleType":"im_msvistalog"}]}]]
	at org.elasticsearch.action.support.replication.TransportReplicationAction$ReroutePhase.retryBecauseUnavailable(TransportReplicationAction.java:944) [elasticsearch-6.2.3.jar:6.2.3]
	at org.elasticsearch.action.support.replication.TransportReplicationAction$ReroutePhase.retryIfUnavailable(TransportReplicationAction.java:781) [elasticsearch-6.2.3.jar:6.2.3]
	at org.elasticsearch.action.support.replication.TransportReplicationAction$ReroutePhase.doRun(TransportReplicationAction.java:734) [elasticsearch-6.2.3.jar:6.2.3]
	at org.elasticsearch.common.util.concurrent.AbstractRunnable.run(AbstractRunnable.java:37) [elasticsearch-6.2.3.jar:6.2.3]
	at org.elasticsearch.action.support.replication.TransportReplicationAction$ReroutePhase$2.onTimeout(TransportReplicationAction.java:898) [elasticsearch-6.2.3.jar:6.2.3]
	at org.elasticsearch.cluster.ClusterStateObserver$ContextPreservingListener.onTimeout(ClusterStateObserver.java:317) [elasticsearch-6.2.3.jar:6.2.3]
	at org.elasticsearch.cluster.ClusterStateObserver$ObserverClusterStateListener.onTimeout(ClusterStateObserver.java:244) [elasticsearch-6.2.3.jar:6.2.3]
	at org.elasticsearch.cluster.service.ClusterApplierService$NotifyTimeout.run(ClusterApplierService.java:581) [elasticsearch-6.2.3.jar:6.2.3]
	at org.elasticsearch.common.util.concurrent.ThreadContext$ContextPreservingRunnable.run(ThreadContext.java:573) [elasticsearch-6.2.3.jar:6.2.3]
	at java.util.concurrent.ThreadPoolExecutor.runWorker(ThreadPoolExecutor.java:1149) [?:1.8.0_161]
	at java.util.concurrent.ThreadPoolExecutor$Worker.run(ThreadPoolExecutor.java:624) [?:1.8.0_161]
	at java.lang.Thread.run(Thread.java:748) [?:1.8.0_161]
[2018-04-07T00:58:03,533][WARN ][r.suppressed             ] path: /nxlog-2018.03.31.12.08/in, params: {index=nxlog-2018.03.31.12.08, type=in}
org.elasticsearch.action.UnavailableShardsException: [nxlog-2018.03.31.12.08][0] primary shard is not active Timeout: [1m], request: [BulkShardRequest [[nxlog-2018.03.31.12.08][0]] containing [index {[nxlog-2018.03.31.12.08][in][rQgtnWIBI0u9HdUrcJYr], source[{"EventTime":"2018-03-31 12:08:51","Hostname":"john-PC","Keywords":-9223372036854775808,"EventType":"INFO","SeverityValue":2,"Severity":"INFO","EventID":7,"SourceName":"Microsoft-Windows-Sysmon","ProviderGuid":"{5770385F-C22A-43E0-BF4C-06F5698FFBD9}","Version":3,"Task":7,"OpcodeValue":0,"RecordNumber":57813362,"ExecutionProcessID":1316,"ExecutionThreadID":1824,"Channel":"Microsoft-Windows-Sysmon/Operational","Domain":"NT AUTHORITY","AccountName":"SYSTEM","UserID":"S-1-5-18","AccountType":"User","Message":"Image loaded:\r\nUtcTime: 2018-03-31 10:08:26.914\r\nProcessGuid: {53F35F28-49F1-5ABF-0000-0010F7740100}\r\nProcessId: 1316\r\nImage: C:\\Windows\\Sysmon.exe\r\nImageLoaded: C:\\Windows\\System32\\pcasvc.dll\r\nFileVersion: 6.1.7600.16385 (win7_rtm.090713-1255)\r\nDescription: Servicio de compatibilidad de programas\r\nProduct: Sistema operativo Microsoft® Windows®\r\nCompany: Microsoft Corporation\r\nHashes: MD5=3AEAA8B561E63452C655DC0584922257,SHA256=04C072969B58657602EB0C21CEDF24FCEE14E61B90A0F758F93925EF2C9FC32D\r\nSigned: true\r\nSignature: Microsoft Windows\r\nSignatureStatus: Valid","Category":"Image loaded (rule: ImageLoad)","Opcode":"Información","UtcTime":"2018-03-31 10:08:26.914","ProcessGuid":"{53F35F28-49F1-5ABF-0000-0010F7740100}","ProcessId":"1316","Image":"C:\\Windows\\Sysmon.exe","ImageLoaded":"C:\\Windows\\System32\\pcasvc.dll","FileVersion":"6.1.7600.16385 (win7_rtm.090713-1255)","Description":"Servicio de compatibilidad de programas","Product":"Sistema operativo Microsoft® Windows®","Company":"Microsoft Corporation","Hashes":"MD5=3AEAA8B561E63452C655DC0584922257,SHA256=04C072969B58657602EB0C21CEDF24FCEE14E61B90A0F758F93925EF2C9FC32D","Signed":"true","Signature":"Microsoft Windows","SignatureStatus":"Valid","SourceModuleName":"in","SourceModuleType":"im_msvistalog"}]}]]
	at org.elasticsearch.action.support.replication.TransportReplicationAction$ReroutePhase.retryBecauseUnavailable(TransportReplicationAction.java:944) [elasticsearch-6.2.3.jar:6.2.3]
	at org.elasticsearch.action.support.replication.TransportReplicationAction$ReroutePhase.retryIfUnavailable(TransportReplicationAction.java:781) [elasticsearch-6.2.3.jar:6.2.3]
	at org.elasticsearch.action.support.replication.TransportReplicationAction$ReroutePhase.doRun(TransportReplicationAction.java:734) [elasticsearch-6.2.3.jar:6.2.3]
	at org.elasticsearch.common.util.concurrent.AbstractRunnable.run(AbstractRunnable.java:37) [elasticsearch-6.2.3.jar:6.2.3]
	at org.elasticsearch.action.support.replication.TransportReplicationAction$ReroutePhase$2.onTimeout(TransportReplicationAction.java:898) [elasticsearch-6.2.3.jar:6.2.3]
	at org.elasticsearch.cluster.ClusterStateObserver$ContextPreservingListener.onTimeout(ClusterStateObserver.java:317) [elasticsearch-6.2.3.jar:6.2.3]
	at org.elasticsearch.cluster.ClusterStateObserver$ObserverClusterStateListener.onTimeout(ClusterStateObserver.java:244) [elasticsearch-6.2.3.jar:6.2.3]
	at org.elasticsearch.cluster.service.ClusterApplierService$NotifyTimeout.run(ClusterApplierService.java:581) [elasticsearch-6.2.3.jar:6.2.3]
	at org.elasticsearch.common.util.concurrent.ThreadContext$ContextPreservingRunnable.run(ThreadContext.java:573) [elasticsearch-6.2.3.jar:6.2.3]
	at java.util.concurrent.ThreadPoolExecutor.runWorker(ThreadPoolExecutor.java:1149) [?:1.8.0_161]
	at java.util.concurrent.ThreadPoolExecutor$Worker.run(ThreadPoolExecutor.java:624) [?:1.8.0_161]
	at java.lang.Thread.run(Thread.java:748) [?:1.8.0_161]
[2018-04-07T00:58:13,566][WARN ][r.suppressed             ] path: /nxlog-2018.03.31.12.08/in, params: {index=nxlog-2018.03.31.12.08, type=in}
org.elasticsearch.action.UnavailableShardsException: [nxlog-2018.03.31.12.08][0] primary shard is not active Timeout: [1m], request: [BulkShardRequest [[nxlog-2018.03.31.12.08][0]] containing [index {[nxlog-2018.03.31.12.08][in][rggtnWIBI0u9HdUrl5Zd], source[{"EventTime":"2018-03-31 12:08:51","Hostname":"john-PC","Keywords":-9223372036854775808,"EventType":"INFO","SeverityValue":2,"Severity":"INFO","EventID":7,"SourceName":"Microsoft-Windows-Sysmon","ProviderGuid":"{5770385F-C22A-43E0-BF4C-06F5698FFBD9}","Version":3,"Task":7,"OpcodeValue":0,"RecordNumber":57813362,"ExecutionProcessID":1316,"ExecutionThreadID":1824,"Channel":"Microsoft-Windows-Sysmon/Operational","Domain":"NT AUTHORITY","AccountName":"SYSTEM","UserID":"S-1-5-18","AccountType":"User","Message":"Image loaded:\r\nUtcTime: 2018-03-31 10:08:26.914\r\nProcessGuid: {53F35F28-49F1-5ABF-0000-0010F7740100}\r\nProcessId: 1316\r\nImage: C:\\Windows\\Sysmon.exe\r\nImageLoaded: C:\\Windows\\System32\\pcasvc.dll\r\nFileVersion: 6.1.7600.16385 (win7_rtm.090713-1255)\r\nDescription: Servicio de compatibilidad de programas\r\nProduct: Sistema operativo Microsoft® Windows®\r\nCompany: Microsoft Corporation\r\nHashes: MD5=3AEAA8B561E63452C655DC0584922257,SHA256=04C072969B58657602EB0C21CEDF24FCEE14E61B90A0F758F93925EF2C9FC32D\r\nSigned: true\r\nSignature: Microsoft Windows\r\nSignatureStatus: Valid","Category":"Image loaded (rule: ImageLoad)","Opcode":"Información","UtcTime":"2018-03-31 10:08:26.914","ProcessGuid":"{53F35F28-49F1-5ABF-0000-0010F7740100}","ProcessId":"1316","Image":"C:\\Windows\\Sysmon.exe","ImageLoaded":"C:\\Windows\\System32\\pcasvc.dll","FileVersion":"6.1.7600.16385 (win7_rtm.090713-1255)","Description":"Servicio de compatibilidad de programas","Product":"Sistema operativo Microsoft® Windows®","Company":"Microsoft Corporation","Hashes":"MD5=3AEAA8B561E63452C655DC0584922257,SHA256=04C072969B58657602EB0C21CEDF24FCEE14E61B90A0F758F93925EF2C9FC32D","Signed":"true","Signature":"Microsoft Windows","SignatureStatus":"Valid","SourceModuleName":"in","SourceModuleType":"im_msvistalog"}]}]]
	at org.elasticsearch.action.support.replication.TransportReplicationAction$ReroutePhase.retryBecauseUnavailable(TransportReplicationAction.java:944) [elasticsearch-6.2.3.jar:6.2.3]
	at org.elasticsearch.action.support.replication.TransportReplicationAction$ReroutePhase.retryIfUnavailable(TransportReplicationAction.java:781) [elasticsearch-6.2.3.jar:6.2.3]
	at org.elasticsearch.action.support.replication.TransportReplicationAction$ReroutePhase.doRun(TransportReplicationAction.java:734) [elasticsearch-6.2.3.jar:6.2.3]
	at org.elasticsearch.common.util.concurrent.AbstractRunnable.run(AbstractRunnable.java:37) [elasticsearch-6.2.3.jar:6.2.3]
	at org.elasticsearch.action.support.replication.TransportReplicationAction$ReroutePhase$2.onTimeout(TransportReplicationAction.java:898) [elasticsearch-6.2.3.jar:6.2.3]
	at org.elasticsearch.cluster.ClusterStateObserver$ContextPreservingListener.onTimeout(ClusterStateObserver.java:317) [elasticsearch-6.2.3.jar:6.2.3]
	at org.elasticsearch.cluster.ClusterStateObserver$ObserverClusterStateListener.onTimeout(ClusterStateObserver.java:244) [elasticsearch-6.2.3.jar:6.2.3]
	at org.elasticsearch.cluster.service.ClusterApplierService$NotifyTimeout.run(ClusterApplierService.java:581) [elasticsearch-6.2.3.jar:6.2.3]
	at org.elasticsearch.common.util.concurrent.ThreadContext$ContextPreservingRunnable.run(ThreadContext.java:573) [elasticsearch-6.2.3.jar:6.2.3]
	at java.util.concurrent.ThreadPoolExecutor.runWorker(ThreadPoolExecutor.java:1149) [?:1.8.0_161]
	at java.util.concurrent.ThreadPoolExecutor$Worker.run(ThreadPoolExecutor.java:624) [?:1.8.0_161]
	at java.lang.Thread.run(Thread.java:748) [?:1.8.0_161]
[2018-04-07T00:58:23,588][WARN ][r.suppressed             ] path: /nxlog-2018.03.31.12.08/in, params: {index=nxlog-2018.03.31.12.08, type=in}
org.elasticsearch.action.UnavailableShardsException: [nxlog-2018.03.31.12.08][0] primary shard is not active Timeout: [1m], request: [BulkShardRequest [[nxlog-2018.03.31.12.08][0]] containing [index {[nxlog-2018.03.31.12.08][in][rwgtnWIBI0u9HdUrvpaC], source[{"EventTime":"2018-03-31 12:08:51","Hostname":"john-PC","Keywords":-9223372036854775808,"EventType":"INFO","SeverityValue":2,"Severity":"INFO","EventID":7,"SourceName":"Microsoft-Windows-Sysmon","ProviderGuid":"{5770385F-C22A-43E0-BF4C-06F5698FFBD9}","Version":3,"Task":7,"OpcodeValue":0,"RecordNumber":57813362,"ExecutionProcessID":1316,"ExecutionThreadID":1824,"Channel":"Microsoft-Windows-Sysmon/Operational","Domain":"NT AUTHORITY","AccountName":"SYSTEM","UserID":"S-1-5-18","AccountType":"User","Message":"Image loaded:\r\nUtcTime: 2018-03-31 10:08:26.914\r\nProcessGuid: {53F35F28-49F1-5ABF-0000-0010F7740100}\r\nProcessId: 1316\r\nImage: C:\\Windows\\Sysmon.exe\r\nImageLoaded: C:\\Windows\\System32\\pcasvc.dll\r\nFileVersion: 6.1.7600.16385 (win7_rtm.090713-1255)\r\nDescription: Servicio de compatibilidad de programas\r\nProduct: Sistema operativo Microsoft® Windows®\r\nCompany: Microsoft Corporation\r\nHashes: MD5=3AEAA8B561E63452C655DC0584922257,SHA256=04C072969B58657602EB0C21CEDF24FCEE14E61B90A0F758F93925EF2C9FC32D\r\nSigned: true\r\nSignature: Microsoft Windows\r\nSignatureStatus: Valid","Category":"Image loaded (rule: ImageLoad)","Opcode":"Información","UtcTime":"2018-03-31 10:08:26.914","ProcessGuid":"{53F35F28-49F1-5ABF-0000-0010F7740100}","ProcessId":"1316","Image":"C:\\Windows\\Sysmon.exe","ImageLoaded":"C:\\Windows\\System32\\pcasvc.dll","FileVersion":"6.1.7600.16385 (win7_rtm.090713-1255)","Description":"Servicio de compatibilidad de programas","Product":"Sistema operativo Microsoft® Windows®","Company":"Microsoft Corporation","Hashes":"MD5=3AEAA8B561E63452C655DC0584922257,SHA256=04C072969B58657602EB0C21CEDF24FCEE14E61B90A0F758F93925EF2C9FC32D","Signed":"true","Signature":"Microsoft Windows","SignatureStatus":"Valid","SourceModuleName":"in","SourceModuleType":"im_msvistalog"}]}]]
	at org.elasticsearch.action.support.replication.TransportReplicationAction$ReroutePhase.retryBecauseUnavailable(TransportReplicationAction.java:944) [elasticsearch-6.2.3.jar:6.2.3]
	at org.elasticsearch.action.support.replication.TransportReplicationAction$ReroutePhase.retryIfUnavailable(TransportReplicationAction.java:781) [elasticsearch-6.2.3.jar:6.2.3]
	at org.elasticsearch.action.support.replication.TransportReplicationAction$ReroutePhase.doRun(TransportReplicationAction.java:734) [elasticsearch-6.2.3.jar:6.2.3]
	at org.elasticsearch.common.util.concurrent.AbstractRunnable.run(AbstractRunnable.java:37) [elasticsearch-6.2.3.jar:6.2.3]
	at org.elasticsearch.action.support.replication.TransportReplicationAction$ReroutePhase$2.onTimeout(TransportReplicationAction.java:898) [elasticsearch-6.2.3.jar:6.2.3]
	at org.elasticsearch.cluster.ClusterStateObserver$ContextPreservingListener.onTimeout(ClusterStateObserver.java:317) [elasticsearch-6.2.3.jar:6.2.3]
	at org.elasticsearch.cluster.ClusterStateObserver$ObserverClusterStateListener.onTimeout(ClusterStateObserver.java:244) [elasticsearch-6.2.3.jar:6.2.3]
	at org.elasticsearch.cluster.service.ClusterApplierService$NotifyTimeout.run(ClusterApplierService.java:581) [elasticsearch-6.2.3.jar:6.2.3]
	at org.elasticsearch.common.util.concurrent.ThreadContext$ContextPreservingRunnable.run(ThreadContext.java:573) [elasticsearch-6.2.3.jar:6.2.3]
	at java.util.concurrent.ThreadPoolExecutor.runWorker(ThreadPoolExecutor.java:1149) [?:1.8.0_161]
	at java.util.concurrent.ThreadPoolExecutor$Worker.run(ThreadPoolExecutor.java:624) [?:1.8.0_161]
	at java.lang.Thread.run(Thread.java:748) [?:1.8.0_161]
[2018-04-07T00:58:33,615][WARN ][r.suppressed             ] path: /nxlog-2018.03.31.12.08/in, params: {index=nxlog-2018.03.31.12.08, type=in}
org.elasticsearch.action.UnavailableShardsException: [nxlog-2018.03.31.12.08][0] primary shard is not active Timeout: [1m], request: [BulkShardRequest [[nxlog-2018.03.31.12.08][0]] containing [index {[nxlog-2018.03.31.12.08][in][sAgtnWIBI0u9HdUr5Zau], source[{"EventTime":"2018-03-31 12:08:51","Hostname":"john-PC","Keywords":-9223372036854775808,"EventType":"INFO","SeverityValue":2,"Severity":"INFO","EventID":7,"SourceName":"Microsoft-Windows-Sysmon","ProviderGuid":"{5770385F-C22A-43E0-BF4C-06F5698FFBD9}","Version":3,"Task":7,"OpcodeValue":0,"RecordNumber":57813362,"ExecutionProcessID":1316,"ExecutionThreadID":1824,"Channel":"Microsoft-Windows-Sysmon/Operational","Domain":"NT AUTHORITY","AccountName":"SYSTEM","UserID":"S-1-5-18","AccountType":"User","Message":"Image loaded:\r\nUtcTime: 2018-03-31 10:08:26.914\r\nProcessGuid: {53F35F28-49F1-5ABF-0000-0010F7740100}\r\nProcessId: 1316\r\nImage: C:\\Windows\\Sysmon.exe\r\nImageLoaded: C:\\Windows\\System32\\pcasvc.dll\r\nFileVersion: 6.1.7600.16385 (win7_rtm.090713-1255)\r\nDescription: Servicio de compatibilidad de programas\r\nProduct: Sistema operativo Microsoft® Windows®\r\nCompany: Microsoft Corporation\r\nHashes: MD5=3AEAA8B561E63452C655DC0584922257,SHA256=04C072969B58657602EB0C21CEDF24FCEE14E61B90A0F758F93925EF2C9FC32D\r\nSigned: true\r\nSignature: Microsoft Windows\r\nSignatureStatus: Valid","Category":"Image loaded (rule: ImageLoad)","Opcode":"Información","UtcTime":"2018-03-31 10:08:26.914","ProcessGuid":"{53F35F28-49F1-5ABF-0000-0010F7740100}","ProcessId":"1316","Image":"C:\\Windows\\Sysmon.exe","ImageLoaded":"C:\\Windows\\System32\\pcasvc.dll","FileVersion":"6.1.7600.16385 (win7_rtm.090713-1255)","Description":"Servicio de compatibilidad de programas","Product":"Sistema operativo Microsoft® Windows®","Company":"Microsoft Corporation","Hashes":"MD5=3AEAA8B561E63452C655DC0584922257,SHA256=04C072969B58657602EB0C21CEDF24FCEE14E61B90A0F758F93925EF2C9FC32D","Signed":"true","Signature":"Microsoft Windows","SignatureStatus":"Valid","SourceModuleName":"in","SourceModuleType":"im_msvistalog"}]}]]
	at org.elasticsearch.action.support.replication.TransportReplicationAction$ReroutePhase.retryBecauseUnavailable(TransportReplicationAction.java:944) [elasticsearch-6.2.3.jar:6.2.3]
	at org.elasticsearch.action.support.replication.TransportReplicationAction$ReroutePhase.retryIfUnavailable(TransportReplicationAction.java:781) [elasticsearch-6.2.3.jar:6.2.3]
	at org.elasticsearch.action.support.replication.TransportReplicationAction$ReroutePhase.doRun(TransportReplicationAction.java:734) [elasticsearch-6.2.3.jar:6.2.3]
	at org.elasticsearch.common.util.concurrent.AbstractRunnable.run(AbstractRunnable.java:37) [elasticsearch-6.2.3.jar:6.2.3]
	at org.elasticsearch.action.support.replication.TransportReplicationAction$ReroutePhase$2.onTimeout(TransportReplicationAction.java:898) [elasticsearch-6.2.3.jar:6.2.3]
	at org.elasticsearch.cluster.ClusterStateObserver$ContextPreservingListener.onTimeout(ClusterStateObserver.java:317) [elasticsearch-6.2.3.jar:6.2.3]
	at org.elasticsearch.cluster.ClusterStateObserver$ObserverClusterStateListener.onTimeout(ClusterStateObserver.java:244) [elasticsearch-6.2.3.jar:6.2.3]
	at org.elasticsearch.cluster.service.ClusterApplierService$NotifyTimeout.run(ClusterApplierService.java:581) [elasticsearch-6.2.3.jar:6.2.3]
	at org.elasticsearch.common.util.concurrent.ThreadContext$ContextPreservingRunnable.run(ThreadContext.java:573) [elasticsearch-6.2.3.jar:6.2.3]
	at java.util.concurrent.ThreadPoolExecutor.runWorker(ThreadPoolExecutor.java:1149) [?:1.8.0_161]
	at java.util.concurrent.ThreadPoolExecutor$Worker.run(ThreadPoolExecutor.java:624) [?:1.8.0_161]
	at java.lang.Thread.run(Thread.java:748) [?:1.8.0_161]
[2018-04-07T00:58:43,641][WARN ][r.suppressed             ] path: /nxlog-2018.03.31.12.08/in, params: {index=nxlog-2018.03.31.12.08, type=in}
org.elasticsearch.action.UnavailableShardsException: [nxlog-2018.03.31.12.08][0] primary shard is not active Timeout: [1m], request: [BulkShardRequest [[nxlog-2018.03.31.12.08][0]] containing [index {[nxlog-2018.03.31.12.08][in][sQgunWIBI0u9HdUrDJbY], source[{"EventTime":"2018-03-31 12:08:51","Hostname":"john-PC","Keywords":-9223372036854775808,"EventType":"INFO","SeverityValue":2,"Severity":"INFO","EventID":7,"SourceName":"Microsoft-Windows-Sysmon","ProviderGuid":"{5770385F-C22A-43E0-BF4C-06F5698FFBD9}","Version":3,"Task":7,"OpcodeValue":0,"RecordNumber":57813362,"ExecutionProcessID":1316,"ExecutionThreadID":1824,"Channel":"Microsoft-Windows-Sysmon/Operational","Domain":"NT AUTHORITY","AccountName":"SYSTEM","UserID":"S-1-5-18","AccountType":"User","Message":"Image loaded:\r\nUtcTime: 2018-03-31 10:08:26.914\r\nProcessGuid: {53F35F28-49F1-5ABF-0000-0010F7740100}\r\nProcessId: 1316\r\nImage: C:\\Windows\\Sysmon.exe\r\nImageLoaded: C:\\Windows\\System32\\pcasvc.dll\r\nFileVersion: 6.1.7600.16385 (win7_rtm.090713-1255)\r\nDescription: Servicio de compatibilidad de programas\r\nProduct: Sistema operativo Microsoft® Windows®\r\nCompany: Microsoft Corporation\r\nHashes: MD5=3AEAA8B561E63452C655DC0584922257,SHA256=04C072969B58657602EB0C21CEDF24FCEE14E61B90A0F758F93925EF2C9FC32D\r\nSigned: true\r\nSignature: Microsoft Windows\r\nSignatureStatus: Valid","Category":"Image loaded (rule: ImageLoad)","Opcode":"Información","UtcTime":"2018-03-31 10:08:26.914","ProcessGuid":"{53F35F28-49F1-5ABF-0000-0010F7740100}","ProcessId":"1316","Image":"C:\\Windows\\Sysmon.exe","ImageLoaded":"C:\\Windows\\System32\\pcasvc.dll","FileVersion":"6.1.7600.16385 (win7_rtm.090713-1255)","Description":"Servicio de compatibilidad de programas","Product":"Sistema operativo Microsoft® Windows®","Company":"Microsoft Corporation","Hashes":"MD5=3AEAA8B561E63452C655DC0584922257,SHA256=04C072969B58657602EB0C21CEDF24FCEE14E61B90A0F758F93925EF2C9FC32D","Signed":"true","Signature":"Microsoft Windows","SignatureStatus":"Valid","SourceModuleName":"in","SourceModuleType":"im_msvistalog"}]}]]
	at org.elasticsearch.action.support.replication.TransportReplicationAction$ReroutePhase.retryBecauseUnavailable(TransportReplicationAction.java:944) [elasticsearch-6.2.3.jar:6.2.3]
	at org.elasticsearch.action.support.replication.TransportReplicationAction$ReroutePhase.retryIfUnavailable(TransportReplicationAction.java:781) [elasticsearch-6.2.3.jar:6.2.3]
	at org.elasticsearch.action.support.replication.TransportReplicationAction$ReroutePhase.doRun(TransportReplicationAction.java:734) [elasticsearch-6.2.3.jar:6.2.3]
	at org.elasticsearch.common.util.concurrent.AbstractRunnable.run(AbstractRunnable.java:37) [elasticsearch-6.2.3.jar:6.2.3]
	at org.elasticsearch.action.support.replication.TransportReplicationAction$ReroutePhase$2.onTimeout(TransportReplicationAction.java:898) [elasticsearch-6.2.3.jar:6.2.3]
	at org.elasticsearch.cluster.ClusterStateObserver$ContextPreservingListener.onTimeout(ClusterStateObserver.java:317) [elasticsearch-6.2.3.jar:6.2.3]
	at org.elasticsearch.cluster.ClusterStateObserver$ObserverClusterStateListener.onTimeout(ClusterStateObserver.java:244) [elasticsearch-6.2.3.jar:6.2.3]
	at org.elasticsearch.cluster.service.ClusterApplierService$NotifyTimeout.run(ClusterApplierService.java:581) [elasticsearch-6.2.3.jar:6.2.3]
	at org.elasticsearch.common.util.concurrent.ThreadContext$ContextPreservingRunnable.run(ThreadContext.java:573) [elasticsearch-6.2.3.jar:6.2.3]
	at java.util.concurrent.ThreadPoolExecutor.runWorker(ThreadPoolExecutor.java:1149) [?:1.8.0_161]
	at java.util.concurrent.ThreadPoolExecutor$Worker.run(ThreadPoolExecutor.java:624) [?:1.8.0_161]
	at java.lang.Thread.run(Thread.java:748) [?:1.8.0_161]
