[2018-04-07T01:02:45,726][WARN ][r.suppressed             ] path: /nxlog-2018.03.31.12.08/in, params: {index=nxlog-2018.03.31.12.08, type=in}
org.elasticsearch.action.UnavailableShardsException: [nxlog-2018.03.31.12.08][0] primary shard is not active Timeout: [1m], request: [BulkShardRequest [[nxlog-2018.03.31.12.08][0]] containing [index {[nxlog-2018.03.31.12.08][in][yggxnWIBI0u9HdUrvpZ9], source[{"EventTime":"2018-03-31 12:08:51","Hostname":"john-PC","Keywords":0,"EventType":"INFO","SeverityValue":2,"Severity":"INFO","EventID":7,"SourceName":"Microsoft-Windows-Sysmon","ProviderGuid":"{5770385F-C22A-43E0-BF4C-06F5698FFBD9}","Version":3,"Task":7,"OpcodeValue":0,"RecordNumber":57813362,"ExecutionProcessID":1316,"ExecutionThreadID":1824,"Channel":"Microsoft-Windows-Sysmon/Operational","Domain":"NT AUTHORITY","AccountName":"SYSTEM","UserID":"S-1-5-18","AccountType":"User","Message":"Image loaded:\r\nUtcTime: 2018-03-31 10:08:26.914\r\nProcessGuid: {53F35F28-49F1-5ABF-0000-0010F7740100}\r\nProcessId: 1316\r\nImage: C:\\Windows\\Sysmon.exe\r\nImageLoaded: C:\\Windows\\System32\\pcasvc.dll\r\nFileVersion: 6.1.7600.16385 (win7_rtm.090713-1255)\r\nDescription: Servicio de compatibilidad de programas\r\nProduct: Sistema operativo Microsoft® Windows®\r\nCompany: Microsoft Corporation\r\nHashes: MD5=3AEAA8B561E63452C655DC0584922257,SHA256=04C072969B58657602EB0C21CEDF24FCEE14E61B90A0F758F93925EF2C9FC32D\r\nSigned: true\r\nSignature: Microsoft Windows\r\nSignatureStatus: Valid","Category":"Image loaded (rule: ImageLoad)","Opcode":"Información","UtcTime":"2018-03-31 10:08:26","ProcessGuid":"{53F35F28-49F1-5ABF-0000-0010F7740100}","ProcessId":"1316","Image":"C:\\Windows\\Sysmon.exe","ImageLoaded":"C:\\Windows\\System32\\pcasvc.dll","FileVersion":"6.1.7600.16385 (win7_rtm.090713-1255)","Description":"Servicio de compatibilidad de programas","Product":"Sistema operativo Microsoft® Windows®","Company":"Microsoft Corporation","Hashes":"MD5=3AEAA8B561E63452C655DC0584922257,SHA256=04C072969B58657602EB0C21CEDF24FCEE14E61B90A0F758F93925EF2C9FC32D","Signed":"true","Signature":"Microsoft Windows","SignatureStatus":"Valid","SourceModuleName":"in","SourceModuleType":"im_msvistalog"}]}]]
	at org.elasticsearch.action.support.replication.TransportReplicationAction$ReroutePhase.retryBecauseUnavailable(TransportReplicationAction.java:944) [elasticsearch-6.2.3.jar:6.2.3]
	at org.elasticsearch.action.support.replication.TransportReplicationAction$ReroutePhase.retryIfUnavailable(TransportReplicationAction.java:781) [elasticsearch-6.2.3.jar:6.2.3]
	at org.elasticsearch.action.support.replication.TransportReplicationAction$ReroutePhase.doRun(TransportReplicationAction.java:734) [elasticsearch-6.2.3.jar:6.2.3]
	at org.elasticsearch.common.util.concurrent.AbstractRunnable.run(AbstractRunnable.java:37) [elasticsearch-6.2.3.jar:6.2.3]
	at org.elasticsearch.action.support.replication.TransportReplicationAction$ReroutePhase$2.onTimeout(TransportReplicationAction.java:898) [elasticsearch-6.2.3.jar:6.2.3]
	at org.elasticsearch.cluster.ClusterStateObserver$ContextPreservingListener.onTimeout(ClusterStateObserver.java:317) [elasticsearch-6.2.3.jar:6.2.3]
	at org.elasticsearch.cluster.ClusterStateObserver$ObserverClusterStateListener.onTimeout(ClusterStateObserver.java:244) [elasticsearch-6.2.3.jar:6.2.3]
	at org.elasticsearch.cluster.service.ClusterApplierService$NotifyTimeout.run(ClusterApplierService.java:581) [elasticsearch-6.2.3.jar:6.2.3]
	at org.elasticsearch.common.util.concurrent.ThreadContext$ContextPreservingRunnable.run(ThreadContext.java:573) [elasticsearch-6.2.3.jar:6.2.3]
	at java.util.concurrent.ThreadPoolExecutor.runWorker(ThreadPoolExecutor.java:1149) [?:1.8.0_161]
	at java.util.concurrent.ThreadPoolExecutor$Worker.run(ThreadPoolExecutor.java:624) [?:1.8.0_161]
	at java.lang.Thread.run(Thread.java:748) [?:1.8.0_161]
[2018-04-07T01:02:55,770][WARN ][r.suppressed             ] path: /nxlog-2018.03.31.12.08/in, params: {index=nxlog-2018.03.31.12.08, type=in}
org.elasticsearch.action.UnavailableShardsException: [nxlog-2018.03.31.12.08][0] primary shard is not active Timeout: [1m], request: [BulkShardRequest [[nxlog-2018.03.31.12.08][0]] containing [index {[nxlog-2018.03.31.12.08][in][ywgxnWIBI0u9HdUr5Za5], source[{"EventTime":"2018-03-31 12:08:51","Hostname":"john-PC","Keywords":0,"EventType":"INFO","SeverityValue":2,"Severity":"INFO","EventID":7,"SourceName":"Microsoft-Windows-Sysmon","ProviderGuid":"{5770385F-C22A-43E0-BF4C-06F5698FFBD9}","Version":3,"Task":7,"OpcodeValue":0,"RecordNumber":57813362,"ExecutionProcessID":1316,"ExecutionThreadID":1824,"Channel":"Microsoft-Windows-Sysmon/Operational","Domain":"NT AUTHORITY","AccountName":"SYSTEM","UserID":"S-1-5-18","AccountType":"User","Message":"Image loaded:\r\nUtcTime: 2018-03-31 10:08:26.914\r\nProcessGuid: {53F35F28-49F1-5ABF-0000-0010F7740100}\r\nProcessId: 1316\r\nImage: C:\\Windows\\Sysmon.exe\r\nImageLoaded: C:\\Windows\\System32\\pcasvc.dll\r\nFileVersion: 6.1.7600.16385 (win7_rtm.090713-1255)\r\nDescription: Servicio de compatibilidad de programas\r\nProduct: Sistema operativo Microsoft® Windows®\r\nCompany: Microsoft Corporation\r\nHashes: MD5=3AEAA8B561E63452C655DC0584922257,SHA256=04C072969B58657602EB0C21CEDF24FCEE14E61B90A0F758F93925EF2C9FC32D\r\nSigned: true\r\nSignature: Microsoft Windows\r\nSignatureStatus: Valid","Category":"Image loaded (rule: ImageLoad)","Opcode":"Información","UtcTime":"2018-03-31 10:08:26","ProcessGuid":"{53F35F28-49F1-5ABF-0000-0010F7740100}","ProcessId":"1316","Image":"C:\\Windows\\Sysmon.exe","ImageLoaded":"C:\\Windows\\System32\\pcasvc.dll","FileVersion":"6.1.7600.16385 (win7_rtm.090713-1255)","Description":"Servicio de compatibilidad de programas","Product":"Sistema operativo Microsoft® Windows®","Company":"Microsoft Corporation","Hashes":"MD5=3AEAA8B561E63452C655DC0584922257,SHA256=04C072969B58657602EB0C21CEDF24FCEE14E61B90A0F758F93925EF2C9FC32D","Signed":"true","Signature":"Microsoft Windows","SignatureStatus":"Valid","SourceModuleName":"in","SourceModuleType":"im_msvistalog"}]}]]
	at org.elasticsearch.action.support.replication.TransportReplicationAction$ReroutePhase.retryBecauseUnavailable(TransportReplicationAction.java:944) [elasticsearch-6.2.3.jar:6.2.3]
	at org.elasticsearch.action.support.replication.TransportReplicationAction$ReroutePhase.retryIfUnavailable(TransportReplicationAction.java:781) [elasticsearch-6.2.3.jar:6.2.3]
	at org.elasticsearch.action.support.replication.TransportReplicationAction$ReroutePhase.doRun(TransportReplicationAction.java:734) [elasticsearch-6.2.3.jar:6.2.3]
	at org.elasticsearch.common.util.concurrent.AbstractRunnable.run(AbstractRunnable.java:37) [elasticsearch-6.2.3.jar:6.2.3]
	at org.elasticsearch.action.support.replication.TransportReplicationAction$ReroutePhase$2.onTimeout(TransportReplicationAction.java:898) [elasticsearch-6.2.3.jar:6.2.3]
	at org.elasticsearch.cluster.ClusterStateObserver$ContextPreservingListener.onTimeout(ClusterStateObserver.java:317) [elasticsearch-6.2.3.jar:6.2.3]
	at org.elasticsearch.cluster.ClusterStateObserver$ObserverClusterStateListener.onTimeout(ClusterStateObserver.java:244) [elasticsearch-6.2.3.jar:6.2.3]
	at org.elasticsearch.cluster.service.ClusterApplierService$NotifyTimeout.run(ClusterApplierService.java:581) [elasticsearch-6.2.3.jar:6.2.3]
	at org.elasticsearch.common.util.concurrent.ThreadContext$ContextPreservingRunnable.run(ThreadContext.java:573) [elasticsearch-6.2.3.jar:6.2.3]
	at java.util.concurrent.ThreadPoolExecutor.runWorker(ThreadPoolExecutor.java:1149) [?:1.8.0_161]
	at java.util.concurrent.ThreadPoolExecutor$Worker.run(ThreadPoolExecutor.java:624) [?:1.8.0_161]
	at java.lang.Thread.run(Thread.java:748) [?:1.8.0_161]
[2018-04-07T01:03:05,813][WARN ][r.suppressed             ] path: /nxlog-2018.03.31.12.08/in, params: {index=nxlog-2018.03.31.12.08, type=in}
org.elasticsearch.action.UnavailableShardsException: [nxlog-2018.03.31.12.08][0] primary shard is not active Timeout: [1m], request: [BulkShardRequest [[nxlog-2018.03.31.12.08][0]] containing [index {[nxlog-2018.03.31.12.08][in][zAgynWIBI0u9HdUrDJbz], source[{"EventTime":"2018-03-31 12:08:51","Hostname":"john-PC","Keywords":0,"EventType":"INFO","SeverityValue":2,"Severity":"INFO","EventID":7,"SourceName":"Microsoft-Windows-Sysmon","ProviderGuid":"{5770385F-C22A-43E0-BF4C-06F5698FFBD9}","Version":3,"Task":7,"OpcodeValue":0,"RecordNumber":57813362,"ExecutionProcessID":1316,"ExecutionThreadID":1824,"Channel":"Microsoft-Windows-Sysmon/Operational","Domain":"NT AUTHORITY","AccountName":"SYSTEM","UserID":"S-1-5-18","AccountType":"User","Message":"Image loaded:\r\nUtcTime: 2018-03-31 10:08:26.914\r\nProcessGuid: {53F35F28-49F1-5ABF-0000-0010F7740100}\r\nProcessId: 1316\r\nImage: C:\\Windows\\Sysmon.exe\r\nImageLoaded: C:\\Windows\\System32\\pcasvc.dll\r\nFileVersion: 6.1.7600.16385 (win7_rtm.090713-1255)\r\nDescription: Servicio de compatibilidad de programas\r\nProduct: Sistema operativo Microsoft® Windows®\r\nCompany: Microsoft Corporation\r\nHashes: MD5=3AEAA8B561E63452C655DC0584922257,SHA256=04C072969B58657602EB0C21CEDF24FCEE14E61B90A0F758F93925EF2C9FC32D\r\nSigned: true\r\nSignature: Microsoft Windows\r\nSignatureStatus: Valid","Category":"Image loaded (rule: ImageLoad)","Opcode":"Información","UtcTime":"2018-03-31 10:08:26","ProcessGuid":"{53F35F28-49F1-5ABF-0000-0010F7740100}","ProcessId":"1316","Image":"C:\\Windows\\Sysmon.exe","ImageLoaded":"C:\\Windows\\System32\\pcasvc.dll","FileVersion":"6.1.7600.16385 (win7_rtm.090713-1255)","Description":"Servicio de compatibilidad de programas","Product":"Sistema operativo Microsoft® Windows®","Company":"Microsoft Corporation","Hashes":"MD5=3AEAA8B561E63452C655DC0584922257,SHA256=04C072969B58657602EB0C21CEDF24FCEE14E61B90A0F758F93925EF2C9FC32D","Signed":"true","Signature":"Microsoft Windows","SignatureStatus":"Valid","SourceModuleName":"in","SourceModuleType":"im_msvistalog"}]}]]
	at org.elasticsearch.action.support.replication.TransportReplicationAction$ReroutePhase.retryBecauseUnavailable(TransportReplicationAction.java:944) [elasticsearch-6.2.3.jar:6.2.3]
	at org.elasticsearch.action.support.replication.TransportReplicationAction$ReroutePhase.retryIfUnavailable(TransportReplicationAction.java:781) [elasticsearch-6.2.3.jar:6.2.3]
	at org.elasticsearch.action.support.replication.TransportReplicationAction$ReroutePhase.doRun(TransportReplicationAction.java:734) [elasticsearch-6.2.3.jar:6.2.3]
	at org.elasticsearch.common.util.concurrent.AbstractRunnable.run(AbstractRunnable.java:37) [elasticsearch-6.2.3.jar:6.2.3]
	at org.elasticsearch.action.support.replication.TransportReplicationAction$ReroutePhase$2.onTimeout(TransportReplicationAction.java:898) [elasticsearch-6.2.3.jar:6.2.3]
	at org.elasticsearch.cluster.ClusterStateObserver$ContextPreservingListener.onTimeout(ClusterStateObserver.java:317) [elasticsearch-6.2.3.jar:6.2.3]
	at org.elasticsearch.cluster.ClusterStateObserver$ObserverClusterStateListener.onTimeout(ClusterStateObserver.java:244) [elasticsearch-6.2.3.jar:6.2.3]
	at org.elasticsearch.cluster.service.ClusterApplierService$NotifyTimeout.run(ClusterApplierService.java:581) [elasticsearch-6.2.3.jar:6.2.3]
	at org.elasticsearch.common.util.concurrent.ThreadContext$ContextPreservingRunnable.run(ThreadContext.java:573) [elasticsearch-6.2.3.jar:6.2.3]
	at java.util.concurrent.ThreadPoolExecutor.runWorker(ThreadPoolExecutor.java:1149) [?:1.8.0_161]
	at java.util.concurrent.ThreadPoolExecutor$Worker.run(ThreadPoolExecutor.java:624) [?:1.8.0_161]
	at java.lang.Thread.run(Thread.java:748) [?:1.8.0_161]
[2018-04-07T01:03:15,848][WARN ][r.suppressed             ] path: /nxlog-2018.03.31.12.08/in, params: {index=nxlog-2018.03.31.12.08, type=in}
org.elasticsearch.action.UnavailableShardsException: [nxlog-2018.03.31.12.08][0] primary shard is not active Timeout: [1m], request: [BulkShardRequest [[nxlog-2018.03.31.12.08][0]] containing [index {[nxlog-2018.03.31.12.08][in][zQgynWIBI0u9HdUrNJYn], source[{"EventTime":"2018-03-31 12:08:51","Hostname":"john-PC","Keywords":0,"EventType":"INFO","SeverityValue":2,"Severity":"INFO","EventID":7,"SourceName":"Microsoft-Windows-Sysmon","ProviderGuid":"{5770385F-C22A-43E0-BF4C-06F5698FFBD9}","Version":3,"Task":7,"OpcodeValue":0,"RecordNumber":57813362,"ExecutionProcessID":1316,"ExecutionThreadID":1824,"Channel":"Microsoft-Windows-Sysmon/Operational","Domain":"NT AUTHORITY","AccountName":"SYSTEM","UserID":"S-1-5-18","AccountType":"User","Message":"Image loaded:\r\nUtcTime: 2018-03-31 10:08:26.914\r\nProcessGuid: {53F35F28-49F1-5ABF-0000-0010F7740100}\r\nProcessId: 1316\r\nImage: C:\\Windows\\Sysmon.exe\r\nImageLoaded: C:\\Windows\\System32\\pcasvc.dll\r\nFileVersion: 6.1.7600.16385 (win7_rtm.090713-1255)\r\nDescription: Servicio de compatibilidad de programas\r\nProduct: Sistema operativo Microsoft® Windows®\r\nCompany: Microsoft Corporation\r\nHashes: MD5=3AEAA8B561E63452C655DC0584922257,SHA256=04C072969B58657602EB0C21CEDF24FCEE14E61B90A0F758F93925EF2C9FC32D\r\nSigned: true\r\nSignature: Microsoft Windows\r\nSignatureStatus: Valid","Category":"Image loaded (rule: ImageLoad)","Opcode":"Información","UtcTime":"2018-03-31 10:08:26","ProcessGuid":"{53F35F28-49F1-5ABF-0000-0010F7740100}","ProcessId":"1316","Image":"C:\\Windows\\Sysmon.exe","ImageLoaded":"C:\\Windows\\System32\\pcasvc.dll","FileVersion":"6.1.7600.16385 (win7_rtm.090713-1255)","Description":"Servicio de compatibilidad de programas","Product":"Sistema operativo Microsoft® Windows®","Company":"Microsoft Corporation","Hashes":"MD5=3AEAA8B561E63452C655DC0584922257,SHA256=04C072969B58657602EB0C21CEDF24FCEE14E61B90A0F758F93925EF2C9FC32D","Signed":"true","Signature":"Microsoft Windows","SignatureStatus":"Valid","SourceModuleName":"in","SourceModuleType":"im_msvistalog"}]}]]
	at org.elasticsearch.action.support.replication.TransportReplicationAction$ReroutePhase.retryBecauseUnavailable(TransportReplicationAction.java:944) [elasticsearch-6.2.3.jar:6.2.3]
	at org.elasticsearch.action.support.replication.TransportReplicationAction$ReroutePhase.retryIfUnavailable(TransportReplicationAction.java:781) [elasticsearch-6.2.3.jar:6.2.3]
	at org.elasticsearch.action.support.replication.TransportReplicationAction$ReroutePhase.doRun(TransportReplicationAction.java:734) [elasticsearch-6.2.3.jar:6.2.3]
	at org.elasticsearch.common.util.concurrent.AbstractRunnable.run(AbstractRunnable.java:37) [elasticsearch-6.2.3.jar:6.2.3]
	at org.elasticsearch.action.support.replication.TransportReplicationAction$ReroutePhase$2.onTimeout(TransportReplicationAction.java:898) [elasticsearch-6.2.3.jar:6.2.3]
	at org.elasticsearch.cluster.ClusterStateObserver$ContextPreservingListener.onTimeout(ClusterStateObserver.java:317) [elasticsearch-6.2.3.jar:6.2.3]
	at org.elasticsearch.cluster.ClusterStateObserver$ObserverClusterStateListener.onTimeout(ClusterStateObserver.java:244) [elasticsearch-6.2.3.jar:6.2.3]
	at org.elasticsearch.cluster.service.ClusterApplierService$NotifyTimeout.run(ClusterApplierService.java:581) [elasticsearch-6.2.3.jar:6.2.3]
	at org.elasticsearch.common.util.concurrent.ThreadContext$ContextPreservingRunnable.run(ThreadContext.java:573) [elasticsearch-6.2.3.jar:6.2.3]
	at java.util.concurrent.ThreadPoolExecutor.runWorker(ThreadPoolExecutor.java:1149) [?:1.8.0_161]
	at java.util.concurrent.ThreadPoolExecutor$Worker.run(ThreadPoolExecutor.java:624) [?:1.8.0_161]
	at java.lang.Thread.run(Thread.java:748) [?:1.8.0_161]
[2018-04-07T01:03:25,900][WARN ][r.suppressed             ] path: /nxlog-2018.03.31.12.08/in, params: {index=nxlog-2018.03.31.12.08, type=in}
org.elasticsearch.action.UnavailableShardsException: [nxlog-2018.03.31.12.08][0] primary shard is not active Timeout: [1m], request: [BulkShardRequest [[nxlog-2018.03.31.12.08][0]] containing [index {[nxlog-2018.03.31.12.08][in][zggynWIBI0u9HdUrW5Zr], source[{"EventTime":"2018-03-31 12:08:51","Hostname":"john-PC","Keywords":0,"EventType":"INFO","SeverityValue":2,"Severity":"INFO","EventID":7,"SourceName":"Microsoft-Windows-Sysmon","ProviderGuid":"{5770385F-C22A-43E0-BF4C-06F5698FFBD9}","Version":3,"Task":7,"OpcodeValue":0,"RecordNumber":57813362,"ExecutionProcessID":1316,"ExecutionThreadID":1824,"Channel":"Microsoft-Windows-Sysmon/Operational","Domain":"NT AUTHORITY","AccountName":"SYSTEM","UserID":"S-1-5-18","AccountType":"User","Message":"Image loaded:\r\nUtcTime: 2018-03-31 10:08:26.914\r\nProcessGuid: {53F35F28-49F1-5ABF-0000-0010F7740100}\r\nProcessId: 1316\r\nImage: C:\\Windows\\Sysmon.exe\r\nImageLoaded: C:\\Windows\\System32\\pcasvc.dll\r\nFileVersion: 6.1.7600.16385 (win7_rtm.090713-1255)\r\nDescription: Servicio de compatibilidad de programas\r\nProduct: Sistema operativo Microsoft® Windows®\r\nCompany: Microsoft Corporation\r\nHashes: MD5=3AEAA8B561E63452C655DC0584922257,SHA256=04C072969B58657602EB0C21CEDF24FCEE14E61B90A0F758F93925EF2C9FC32D\r\nSigned: true\r\nSignature: Microsoft Windows\r\nSignatureStatus: Valid","Category":"Image loaded (rule: ImageLoad)","Opcode":"Información","UtcTime":"2018-03-31 10:08:26","ProcessGuid":"{53F35F28-49F1-5ABF-0000-0010F7740100}","ProcessId":"1316","Image":"C:\\Windows\\Sysmon.exe","ImageLoaded":"C:\\Windows\\System32\\pcasvc.dll","FileVersion":"6.1.7600.16385 (win7_rtm.090713-1255)","Description":"Servicio de compatibilidad de programas","Product":"Sistema operativo Microsoft® Windows®","Company":"Microsoft Corporation","Hashes":"MD5=3AEAA8B561E63452C655DC0584922257,SHA256=04C072969B58657602EB0C21CEDF24FCEE14E61B90A0F758F93925EF2C9FC32D","Signed":"true","Signature":"Microsoft Windows","SignatureStatus":"Valid","SourceModuleName":"in","SourceModuleType":"im_msvistalog"}]}]]
	at org.elasticsearch.action.support.replication.TransportReplicationAction$ReroutePhase.retryBecauseUnavailable(TransportReplicationAction.java:944) [elasticsearch-6.2.3.jar:6.2.3]
	at org.elasticsearch.action.support.replication.TransportReplicationAction$ReroutePhase.retryIfUnavailable(TransportReplicationAction.java:781) [elasticsearch-6.2.3.jar:6.2.3]
	at org.elasticsearch.action.support.replication.TransportReplicationAction$ReroutePhase.doRun(TransportReplicationAction.java:734) [elasticsearch-6.2.3.jar:6.2.3]
	at org.elasticsearch.common.util.concurrent.AbstractRunnable.run(AbstractRunnable.java:37) [elasticsearch-6.2.3.jar:6.2.3]
	at org.elasticsearch.action.support.replication.TransportReplicationAction$ReroutePhase$2.onTimeout(TransportReplicationAction.java:898) [elasticsearch-6.2.3.jar:6.2.3]
	at org.elasticsearch.cluster.ClusterStateObserver$ContextPreservingListener.onTimeout(ClusterStateObserver.java:317) [elasticsearch-6.2.3.jar:6.2.3]
	at org.elasticsearch.cluster.ClusterStateObserver$ObserverClusterStateListener.onTimeout(ClusterStateObserver.java:244) [elasticsearch-6.2.3.jar:6.2.3]
	at org.elasticsearch.cluster.service.ClusterApplierService$NotifyTimeout.run(ClusterApplierService.java:581) [elasticsearch-6.2.3.jar:6.2.3]
	at org.elasticsearch.common.util.concurrent.ThreadContext$ContextPreservingRunnable.run(ThreadContext.java:573) [elasticsearch-6.2.3.jar:6.2.3]
	at java.util.concurrent.ThreadPoolExecutor.runWorker(ThreadPoolExecutor.java:1149) [?:1.8.0_161]
	at java.util.concurrent.ThreadPoolExecutor$Worker.run(ThreadPoolExecutor.java:624) [?:1.8.0_161]
	at java.lang.Thread.run(Thread.java:748) [?:1.8.0_161]
[2018-04-07T01:03:35,932][WARN ][r.suppressed             ] path: /nxlog-2018.03.31.12.08/in, params: {index=nxlog-2018.03.31.12.08, type=in}
org.elasticsearch.action.UnavailableShardsException: [nxlog-2018.03.31.12.08][0] primary shard is not active Timeout: [1m], request: [BulkShardRequest [[nxlog-2018.03.31.12.08][0]] containing [index {[nxlog-2018.03.31.12.08][in][zwgynWIBI0u9HdUrgpaa], source[{"EventTime":"2018-03-31 12:08:51","Hostname":"john-PC","Keywords":0,"EventType":"INFO","SeverityValue":2,"Severity":"INFO","EventID":7,"SourceName":"Microsoft-Windows-Sysmon","ProviderGuid":"{5770385F-C22A-43E0-BF4C-06F5698FFBD9}","Version":3,"Task":7,"OpcodeValue":0,"RecordNumber":57813362,"ExecutionProcessID":1316,"ExecutionThreadID":1824,"Channel":"Microsoft-Windows-Sysmon/Operational","Domain":"NT AUTHORITY","AccountName":"SYSTEM","UserID":"S-1-5-18","AccountType":"User","Message":"Image loaded:\r\nUtcTime: 2018-03-31 10:08:26.914\r\nProcessGuid: {53F35F28-49F1-5ABF-0000-0010F7740100}\r\nProcessId: 1316\r\nImage: C:\\Windows\\Sysmon.exe\r\nImageLoaded: C:\\Windows\\System32\\pcasvc.dll\r\nFileVersion: 6.1.7600.16385 (win7_rtm.090713-1255)\r\nDescription: Servicio de compatibilidad de programas\r\nProduct: Sistema operativo Microsoft® Windows®\r\nCompany: Microsoft Corporation\r\nHashes: MD5=3AEAA8B561E63452C655DC0584922257,SHA256=04C072969B58657602EB0C21CEDF24FCEE14E61B90A0F758F93925EF2C9FC32D\r\nSigned: true\r\nSignature: Microsoft Windows\r\nSignatureStatus: Valid","Category":"Image loaded (rule: ImageLoad)","Opcode":"Información","UtcTime":"2018-03-31 10:08:26","ProcessGuid":"{53F35F28-49F1-5ABF-0000-0010F7740100}","ProcessId":"1316","Image":"C:\\Windows\\Sysmon.exe","ImageLoaded":"C:\\Windows\\System32\\pcasvc.dll","FileVersion":"6.1.7600.16385 (win7_rtm.090713-1255)","Description":"Servicio de compatibilidad de programas","Product":"Sistema operativo Microsoft® Windows®","Company":"Microsoft Corporation","Hashes":"MD5=3AEAA8B561E63452C655DC0584922257,SHA256=04C072969B58657602EB0C21CEDF24FCEE14E61B90A0F758F93925EF2C9FC32D","Signed":"true","Signature":"Microsoft Windows","SignatureStatus":"Valid","SourceModuleName":"in","SourceModuleType":"im_msvistalog"}]}]]
	at org.elasticsearch.action.support.replication.TransportReplicationAction$ReroutePhase.retryBecauseUnavailable(TransportReplicationAction.java:944) [elasticsearch-6.2.3.jar:6.2.3]
	at org.elasticsearch.action.support.replication.TransportReplicationAction$ReroutePhase.retryIfUnavailable(TransportReplicationAction.java:781) [elasticsearch-6.2.3.jar:6.2.3]
	at org.elasticsearch.action.support.replication.TransportReplicationAction$ReroutePhase.doRun(TransportReplicationAction.java:734) [elasticsearch-6.2.3.jar:6.2.3]
	at org.elasticsearch.common.util.concurrent.AbstractRunnable.run(AbstractRunnable.java:37) [elasticsearch-6.2.3.jar:6.2.3]
	at org.elasticsearch.action.support.replication.TransportReplicationAction$ReroutePhase$2.onTimeout(TransportReplicationAction.java:898) [elasticsearch-6.2.3.jar:6.2.3]
	at org.elasticsearch.cluster.ClusterStateObserver$ContextPreservingListener.onTimeout(ClusterStateObserver.java:317) [elasticsearch-6.2.3.jar:6.2.3]
	at org.elasticsearch.cluster.ClusterStateObserver$ObserverClusterStateListener.onTimeout(ClusterStateObserver.java:244) [elasticsearch-6.2.3.jar:6.2.3]
	at org.elasticsearch.cluster.service.ClusterApplierService$NotifyTimeout.run(ClusterApplierService.java:581) [elasticsearch-6.2.3.jar:6.2.3]
	at org.elasticsearch.common.util.concurrent.ThreadContext$ContextPreservingRunnable.run(ThreadContext.java:573) [elasticsearch-6.2.3.jar:6.2.3]
	at java.util.concurrent.ThreadPoolExecutor.runWorker(ThreadPoolExecutor.java:1149) [?:1.8.0_161]
	at java.util.concurrent.ThreadPoolExecutor$Worker.run(ThreadPoolExecutor.java:624) [?:1.8.0_161]
	at java.lang.Thread.run(Thread.java:748) [?:1.8.0_161]
[2018-04-07T01:03:45,956][WARN ][r.suppressed             ] path: /nxlog-2018.03.31.12.08/in, params: {index=nxlog-2018.03.31.12.08, type=in}
org.elasticsearch.action.UnavailableShardsException: [nxlog-2018.03.31.12.08][0] primary shard is not active Timeout: [1m], request: [BulkShardRequest [[nxlog-2018.03.31.12.08][0]] containing [index {[nxlog-2018.03.31.12.08][in][0AgynWIBI0u9HdUrqZbD], source[{"EventTime":"2018-03-31 12:08:51","Hostname":"john-PC","Keywords":0,"EventType":"INFO","SeverityValue":2,"Severity":"INFO","EventID":7,"SourceName":"Microsoft-Windows-Sysmon","ProviderGuid":"{5770385F-C22A-43E0-BF4C-06F5698FFBD9}","Version":3,"Task":7,"OpcodeValue":0,"RecordNumber":57813362,"ExecutionProcessID":1316,"ExecutionThreadID":1824,"Channel":"Microsoft-Windows-Sysmon/Operational","Domain":"NT AUTHORITY","AccountName":"SYSTEM","UserID":"S-1-5-18","AccountType":"User","Message":"Image loaded:\r\nUtcTime: 2018-03-31 10:08:26.914\r\nProcessGuid: {53F35F28-49F1-5ABF-0000-0010F7740100}\r\nProcessId: 1316\r\nImage: C:\\Windows\\Sysmon.exe\r\nImageLoaded: C:\\Windows\\System32\\pcasvc.dll\r\nFileVersion: 6.1.7600.16385 (win7_rtm.090713-1255)\r\nDescription: Servicio de compatibilidad de programas\r\nProduct: Sistema operativo Microsoft® Windows®\r\nCompany: Microsoft Corporation\r\nHashes: MD5=3AEAA8B561E63452C655DC0584922257,SHA256=04C072969B58657602EB0C21CEDF24FCEE14E61B90A0F758F93925EF2C9FC32D\r\nSigned: true\r\nSignature: Microsoft Windows\r\nSignatureStatus: Valid","Category":"Image loaded (rule: ImageLoad)","Opcode":"Información","UtcTime":"2018-03-31 10:08:26","ProcessGuid":"{53F35F28-49F1-5ABF-0000-0010F7740100}","ProcessId":"1316","Image":"C:\\Windows\\Sysmon.exe","ImageLoaded":"C:\\Windows\\System32\\pcasvc.dll","FileVersion":"6.1.7600.16385 (win7_rtm.090713-1255)","Description":"Servicio de compatibilidad de programas","Product":"Sistema operativo Microsoft® Windows®","Company":"Microsoft Corporation","Hashes":"MD5=3AEAA8B561E63452C655DC0584922257,SHA256=04C072969B58657602EB0C21CEDF24FCEE14E61B90A0F758F93925EF2C9FC32D","Signed":"true","Signature":"Microsoft Windows","SignatureStatus":"Valid","SourceModuleName":"in","SourceModuleType":"im_msvistalog"}]}]]
	at org.elasticsearch.action.support.replication.TransportReplicationAction$ReroutePhase.retryBecauseUnavailable(TransportReplicationAction.java:944) [elasticsearch-6.2.3.jar:6.2.3]
	at org.elasticsearch.action.support.replication.TransportReplicationAction$ReroutePhase.retryIfUnavailable(TransportReplicationAction.java:781) [elasticsearch-6.2.3.jar:6.2.3]
	at org.elasticsearch.action.support.replication.TransportReplicationAction$ReroutePhase.doRun(TransportReplicationAction.java:734) [elasticsearch-6.2.3.jar:6.2.3]
	at org.elasticsearch.common.util.concurrent.AbstractRunnable.run(AbstractRunnable.java:37) [elasticsearch-6.2.3.jar:6.2.3]
	at org.elasticsearch.action.support.replication.TransportReplicationAction$ReroutePhase$2.onTimeout(TransportReplicationAction.java:898) [elasticsearch-6.2.3.jar:6.2.3]
	at org.elasticsearch.cluster.ClusterStateObserver$ContextPreservingListener.onTimeout(ClusterStateObserver.java:317) [elasticsearch-6.2.3.jar:6.2.3]
	at org.elasticsearch.cluster.ClusterStateObserver$ObserverClusterStateListener.onTimeout(ClusterStateObserver.java:244) [elasticsearch-6.2.3.jar:6.2.3]
	at org.elasticsearch.cluster.service.ClusterApplierService$NotifyTimeout.run(ClusterApplierService.java:581) [elasticsearch-6.2.3.jar:6.2.3]
	at org.elasticsearch.common.util.concurrent.ThreadContext$ContextPreservingRunnable.run(ThreadContext.java:573) [elasticsearch-6.2.3.jar:6.2.3]
	at java.util.concurrent.ThreadPoolExecutor.runWorker(ThreadPoolExecutor.java:1149) [?:1.8.0_161]
	at java.util.concurrent.ThreadPoolExecutor$Worker.run(ThreadPoolExecutor.java:624) [?:1.8.0_161]
	at java.lang.Thread.run(Thread.java:748) [?:1.8.0_161]
[2018-04-07T01:03:55,978][WARN ][r.suppressed             ] path: /nxlog-2018.03.31.12.08/in, params: {index=nxlog-2018.03.31.12.08, type=in}
org.elasticsearch.action.UnavailableShardsException: [nxlog-2018.03.31.12.08][0] primary shard is not active Timeout: [1m], request: [BulkShardRequest [[nxlog-2018.03.31.12.08][0]] containing [index {[nxlog-2018.03.31.12.08][in][0QgynWIBI0u9HdUr0Jbp], source[{"EventTime":"2018-03-31 12:08:51","Hostname":"john-PC","Keywords":0,"EventType":"INFO","SeverityValue":2,"Severity":"INFO","EventID":7,"SourceName":"Microsoft-Windows-Sysmon","ProviderGuid":"{5770385F-C22A-43E0-BF4C-06F5698FFBD9}","Version":3,"Task":7,"OpcodeValue":0,"RecordNumber":57813362,"ExecutionProcessID":1316,"ExecutionThreadID":1824,"Channel":"Microsoft-Windows-Sysmon/Operational","Domain":"NT AUTHORITY","AccountName":"SYSTEM","UserID":"S-1-5-18","AccountType":"User","Message":"Image loaded:\r\nUtcTime: 2018-03-31 10:08:26.914\r\nProcessGuid: {53F35F28-49F1-5ABF-0000-0010F7740100}\r\nProcessId: 1316\r\nImage: C:\\Windows\\Sysmon.exe\r\nImageLoaded: C:\\Windows\\System32\\pcasvc.dll\r\nFileVersion: 6.1.7600.16385 (win7_rtm.090713-1255)\r\nDescription: Servicio de compatibilidad de programas\r\nProduct: Sistema operativo Microsoft® Windows®\r\nCompany: Microsoft Corporation\r\nHashes: MD5=3AEAA8B561E63452C655DC0584922257,SHA256=04C072969B58657602EB0C21CEDF24FCEE14E61B90A0F758F93925EF2C9FC32D\r\nSigned: true\r\nSignature: Microsoft Windows\r\nSignatureStatus: Valid","Category":"Image loaded (rule: ImageLoad)","Opcode":"Información","UtcTime":"2018-03-31 10:08:26","ProcessGuid":"{53F35F28-49F1-5ABF-0000-0010F7740100}","ProcessId":"1316","Image":"C:\\Windows\\Sysmon.exe","ImageLoaded":"C:\\Windows\\System32\\pcasvc.dll","FileVersion":"6.1.7600.16385 (win7_rtm.090713-1255)","Description":"Servicio de compatibilidad de programas","Product":"Sistema operativo Microsoft® Windows®","Company":"Microsoft Corporation","Hashes":"MD5=3AEAA8B561E63452C655DC0584922257,SHA256=04C072969B58657602EB0C21CEDF24FCEE14E61B90A0F758F93925EF2C9FC32D","Signed":"true","Signature":"Microsoft Windows","SignatureStatus":"Valid","SourceModuleName":"in","SourceModuleType":"im_msvistalog"}]}]]
	at org.elasticsearch.action.support.replication.TransportReplicationAction$ReroutePhase.retryBecauseUnavailable(TransportReplicationAction.java:944) [elasticsearch-6.2.3.jar:6.2.3]
	at org.elasticsearch.action.support.replication.TransportReplicationAction$ReroutePhase.retryIfUnavailable(TransportReplicationAction.java:781) [elasticsearch-6.2.3.jar:6.2.3]
	at org.elasticsearch.action.support.replication.TransportReplicationAction$ReroutePhase.doRun(TransportReplicationAction.java:734) [elasticsearch-6.2.3.jar:6.2.3]
	at org.elasticsearch.common.util.concurrent.AbstractRunnable.run(AbstractRunnable.java:37) [elasticsearch-6.2.3.jar:6.2.3]
	at org.elasticsearch.action.support.replication.TransportReplicationAction$ReroutePhase$2.onTimeout(TransportReplicationAction.java:898) [elasticsearch-6.2.3.jar:6.2.3]
	at org.elasticsearch.cluster.ClusterStateObserver$ContextPreservingListener.onTimeout(ClusterStateObserver.java:317) [elasticsearch-6.2.3.jar:6.2.3]
	at org.elasticsearch.cluster.ClusterStateObserver$ObserverClusterStateListener.onTimeout(ClusterStateObserver.java:244) [elasticsearch-6.2.3.jar:6.2.3]
	at org.elasticsearch.cluster.service.ClusterApplierService$NotifyTimeout.run(ClusterApplierService.java:581) [elasticsearch-6.2.3.jar:6.2.3]
	at org.elasticsearch.common.util.concurrent.ThreadContext$ContextPreservingRunnable.run(ThreadContext.java:573) [elasticsearch-6.2.3.jar:6.2.3]
	at java.util.concurrent.ThreadPoolExecutor.runWorker(ThreadPoolExecutor.java:1149) [?:1.8.0_161]
	at java.util.concurrent.ThreadPoolExecutor$Worker.run(ThreadPoolExecutor.java:624) [?:1.8.0_161]
	at java.lang.Thread.run(Thread.java:748) [?:1.8.0_161]
[2018-04-07T01:04:06,063][WARN ][r.suppressed             ] path: /nxlog-2018.03.31.12.08/in, params: {index=nxlog-2018.03.31.12.08, type=in}
org.elasticsearch.action.UnavailableShardsException: [nxlog-2018.03.31.12.08][0] primary shard is not active Timeout: [1m], request: [BulkShardRequest [[nxlog-2018.03.31.12.08][0]] containing [index {[nxlog-2018.03.31.12.08][in][0ggynWIBI0u9HdUr-JZO], source[{"EventTime":"2018-03-31 12:08:51","Hostname":"john-PC","Keywords":0,"EventType":"INFO","SeverityValue":2,"Severity":"INFO","EventID":7,"SourceName":"Microsoft-Windows-Sysmon","ProviderGuid":"{5770385F-C22A-43E0-BF4C-06F5698FFBD9}","Version":3,"Task":7,"OpcodeValue":0,"RecordNumber":57813362,"ExecutionProcessID":1316,"ExecutionThreadID":1824,"Channel":"Microsoft-Windows-Sysmon/Operational","Domain":"NT AUTHORITY","AccountName":"SYSTEM","UserID":"S-1-5-18","AccountType":"User","Message":"Image loaded:\r\nUtcTime: 2018-03-31 10:08:26.914\r\nProcessGuid: {53F35F28-49F1-5ABF-0000-0010F7740100}\r\nProcessId: 1316\r\nImage: C:\\Windows\\Sysmon.exe\r\nImageLoaded: C:\\Windows\\System32\\pcasvc.dll\r\nFileVersion: 6.1.7600.16385 (win7_rtm.090713-1255)\r\nDescription: Servicio de compatibilidad de programas\r\nProduct: Sistema operativo Microsoft® Windows®\r\nCompany: Microsoft Corporation\r\nHashes: MD5=3AEAA8B561E63452C655DC0584922257,SHA256=04C072969B58657602EB0C21CEDF24FCEE14E61B90A0F758F93925EF2C9FC32D\r\nSigned: true\r\nSignature: Microsoft Windows\r\nSignatureStatus: Valid","Category":"Image loaded (rule: ImageLoad)","Opcode":"Información","UtcTime":"2018-03-31 10:08:26","ProcessGuid":"{53F35F28-49F1-5ABF-0000-0010F7740100}","ProcessId":"1316","Image":"C:\\Windows\\Sysmon.exe","ImageLoaded":"C:\\Windows\\System32\\pcasvc.dll","FileVersion":"6.1.7600.16385 (win7_rtm.090713-1255)","Description":"Servicio de compatibilidad de programas","Product":"Sistema operativo Microsoft® Windows®","Company":"Microsoft Corporation","Hashes":"MD5=3AEAA8B561E63452C655DC0584922257,SHA256=04C072969B58657602EB0C21CEDF24FCEE14E61B90A0F758F93925EF2C9FC32D","Signed":"true","Signature":"Microsoft Windows","SignatureStatus":"Valid","SourceModuleName":"in","SourceModuleType":"im_msvistalog"}]}]]
	at org.elasticsearch.action.support.replication.TransportReplicationAction$ReroutePhase.retryBecauseUnavailable(TransportReplicationAction.java:944) [elasticsearch-6.2.3.jar:6.2.3]
	at org.elasticsearch.action.support.replication.TransportReplicationAction$ReroutePhase.retryIfUnavailable(TransportReplicationAction.java:781) [elasticsearch-6.2.3.jar:6.2.3]
	at org.elasticsearch.action.support.replication.TransportReplicationAction$ReroutePhase.doRun(TransportReplicationAction.java:734) [elasticsearch-6.2.3.jar:6.2.3]
	at org.elasticsearch.common.util.concurrent.AbstractRunnable.run(AbstractRunnable.java:37) [elasticsearch-6.2.3.jar:6.2.3]
	at org.elasticsearch.action.support.replication.TransportReplicationAction$ReroutePhase$2.onTimeout(TransportReplicationAction.java:898) [elasticsearch-6.2.3.jar:6.2.3]
	at org.elasticsearch.cluster.ClusterStateObserver$ContextPreservingListener.onTimeout(ClusterStateObserver.java:317) [elasticsearch-6.2.3.jar:6.2.3]
	at org.elasticsearch.cluster.ClusterStateObserver$ObserverClusterStateListener.onTimeout(ClusterStateObserver.java:244) [elasticsearch-6.2.3.jar:6.2.3]
	at org.elasticsearch.cluster.service.ClusterApplierService$NotifyTimeout.run(ClusterApplierService.java:581) [elasticsearch-6.2.3.jar:6.2.3]
	at org.elasticsearch.common.util.concurrent.ThreadContext$ContextPreservingRunnable.run(ThreadContext.java:573) [elasticsearch-6.2.3.jar:6.2.3]
	at java.util.concurrent.ThreadPoolExecutor.runWorker(ThreadPoolExecutor.java:1149) [?:1.8.0_161]
	at java.util.concurrent.ThreadPoolExecutor$Worker.run(ThreadPoolExecutor.java:624) [?:1.8.0_161]
	at java.lang.Thread.run(Thread.java:748) [?:1.8.0_161]
[2018-04-07T01:04:16,135][WARN ][r.suppressed             ] path: /nxlog-2018.03.31.12.08/in, params: {index=nxlog-2018.03.31.12.08, type=in}
org.elasticsearch.action.UnavailableShardsException: [nxlog-2018.03.31.12.08][0] primary shard is not active Timeout: [1m], request: [BulkShardRequest [[nxlog-2018.03.31.12.08][0]] containing [index {[nxlog-2018.03.31.12.08][in][0wgznWIBI0u9HdUrH5am], source[{"EventTime":"2018-03-31 12:08:51","Hostname":"john-PC","Keywords":0,"EventType":"INFO","SeverityValue":2,"Severity":"INFO","EventID":7,"SourceName":"Microsoft-Windows-Sysmon","ProviderGuid":"{5770385F-C22A-43E0-BF4C-06F5698FFBD9}","Version":3,"Task":7,"OpcodeValue":0,"RecordNumber":57813362,"ExecutionProcessID":1316,"ExecutionThreadID":1824,"Channel":"Microsoft-Windows-Sysmon/Operational","Domain":"NT AUTHORITY","AccountName":"SYSTEM","UserID":"S-1-5-18","AccountType":"User","Message":"Image loaded:\r\nUtcTime: 2018-03-31 10:08:26.914\r\nProcessGuid: {53F35F28-49F1-5ABF-0000-0010F7740100}\r\nProcessId: 1316\r\nImage: C:\\Windows\\Sysmon.exe\r\nImageLoaded: C:\\Windows\\System32\\pcasvc.dll\r\nFileVersion: 6.1.7600.16385 (win7_rtm.090713-1255)\r\nDescription: Servicio de compatibilidad de programas\r\nProduct: Sistema operativo Microsoft® Windows®\r\nCompany: Microsoft Corporation\r\nHashes: MD5=3AEAA8B561E63452C655DC0584922257,SHA256=04C072969B58657602EB0C21CEDF24FCEE14E61B90A0F758F93925EF2C9FC32D\r\nSigned: true\r\nSignature: Microsoft Windows\r\nSignatureStatus: Valid","Category":"Image loaded (rule: ImageLoad)","Opcode":"Información","UtcTime":"2018-03-31 10:08:26","ProcessGuid":"{53F35F28-49F1-5ABF-0000-0010F7740100}","ProcessId":"1316","Image":"C:\\Windows\\Sysmon.exe","ImageLoaded":"C:\\Windows\\System32\\pcasvc.dll","FileVersion":"6.1.7600.16385 (win7_rtm.090713-1255)","Description":"Servicio de compatibilidad de programas","Product":"Sistema operativo Microsoft® Windows®","Company":"Microsoft Corporation","Hashes":"MD5=3AEAA8B561E63452C655DC0584922257,SHA256=04C072969B58657602EB0C21CEDF24FCEE14E61B90A0F758F93925EF2C9FC32D","Signed":"true","Signature":"Microsoft Windows","SignatureStatus":"Valid","SourceModuleName":"in","SourceModuleType":"im_msvistalog"}]}]]
	at org.elasticsearch.action.support.replication.TransportReplicationAction$ReroutePhase.retryBecauseUnavailable(TransportReplicationAction.java:944) [elasticsearch-6.2.3.jar:6.2.3]
	at org.elasticsearch.action.support.replication.TransportReplicationAction$ReroutePhase.retryIfUnavailable(TransportReplicationAction.java:781) [elasticsearch-6.2.3.jar:6.2.3]
	at org.elasticsearch.action.support.replication.TransportReplicationAction$ReroutePhase.doRun(TransportReplicationAction.java:734) [elasticsearch-6.2.3.jar:6.2.3]
	at org.elasticsearch.common.util.concurrent.AbstractRunnable.run(AbstractRunnable.java:37) [elasticsearch-6.2.3.jar:6.2.3]
	at org.elasticsearch.action.support.replication.TransportReplicationAction$ReroutePhase$2.onTimeout(TransportReplicationAction.java:898) [elasticsearch-6.2.3.jar:6.2.3]
	at org.elasticsearch.cluster.ClusterStateObserver$ContextPreservingListener.onTimeout(ClusterStateObserver.java:317) [elasticsearch-6.2.3.jar:6.2.3]
	at org.elasticsearch.cluster.ClusterStateObserver$ObserverClusterStateListener.onTimeout(ClusterStateObserver.java:244) [elasticsearch-6.2.3.jar:6.2.3]
	at org.elasticsearch.cluster.service.ClusterApplierService$NotifyTimeout.run(ClusterApplierService.java:581) [elasticsearch-6.2.3.jar:6.2.3]
	at org.elasticsearch.common.util.concurrent.ThreadContext$ContextPreservingRunnable.run(ThreadContext.java:573) [elasticsearch-6.2.3.jar:6.2.3]
	at java.util.concurrent.ThreadPoolExecutor.runWorker(ThreadPoolExecutor.java:1149) [?:1.8.0_161]
	at java.util.concurrent.ThreadPoolExecutor$Worker.run(ThreadPoolExecutor.java:624) [?:1.8.0_161]
	at java.lang.Thread.run(Thread.java:748) [?:1.8.0_161]
[2018-04-07T01:04:26,199][WARN ][r.suppressed             ] path: /nxlog-2018.03.31.12.08/in, params: {index=nxlog-2018.03.31.12.08, type=in}
org.elasticsearch.action.UnavailableShardsException: [nxlog-2018.03.31.12.08][0] primary shard is not active Timeout: [1m], request: [BulkShardRequest [[nxlog-2018.03.31.12.08][0]] containing [index {[nxlog-2018.03.31.12.08][in][1AgznWIBI0u9HdUrRpb2], source[{"EventTime":"2018-03-31 12:08:51","Hostname":"john-PC","Keywords":0,"EventType":"INFO","SeverityValue":2,"Severity":"INFO","EventID":7,"SourceName":"Microsoft-Windows-Sysmon","ProviderGuid":"{5770385F-C22A-43E0-BF4C-06F5698FFBD9}","Version":3,"Task":7,"OpcodeValue":0,"RecordNumber":57813362,"ExecutionProcessID":1316,"ExecutionThreadID":1824,"Channel":"Microsoft-Windows-Sysmon/Operational","Domain":"NT AUTHORITY","AccountName":"SYSTEM","UserID":"S-1-5-18","AccountType":"User","Message":"Image loaded:\r\nUtcTime: 2018-03-31 10:08:26.914\r\nProcessGuid: {53F35F28-49F1-5ABF-0000-0010F7740100}\r\nProcessId: 1316\r\nImage: C:\\Windows\\Sysmon.exe\r\nImageLoaded: C:\\Windows\\System32\\pcasvc.dll\r\nFileVersion: 6.1.7600.16385 (win7_rtm.090713-1255)\r\nDescription: Servicio de compatibilidad de programas\r\nProduct: Sistema operativo Microsoft® Windows®\r\nCompany: Microsoft Corporation\r\nHashes: MD5=3AEAA8B561E63452C655DC0584922257,SHA256=04C072969B58657602EB0C21CEDF24FCEE14E61B90A0F758F93925EF2C9FC32D\r\nSigned: true\r\nSignature: Microsoft Windows\r\nSignatureStatus: Valid","Category":"Image loaded (rule: ImageLoad)","Opcode":"Información","UtcTime":"2018-03-31 10:08:26","ProcessGuid":"{53F35F28-49F1-5ABF-0000-0010F7740100}","ProcessId":"1316","Image":"C:\\Windows\\Sysmon.exe","ImageLoaded":"C:\\Windows\\System32\\pcasvc.dll","FileVersion":"6.1.7600.16385 (win7_rtm.090713-1255)","Description":"Servicio de compatibilidad de programas","Product":"Sistema operativo Microsoft® Windows®","Company":"Microsoft Corporation","Hashes":"MD5=3AEAA8B561E63452C655DC0584922257,SHA256=04C072969B58657602EB0C21CEDF24FCEE14E61B90A0F758F93925EF2C9FC32D","Signed":"true","Signature":"Microsoft Windows","SignatureStatus":"Valid","SourceModuleName":"in","SourceModuleType":"im_msvistalog"}]}]]
	at org.elasticsearch.action.support.replication.TransportReplicationAction$ReroutePhase.retryBecauseUnavailable(TransportReplicationAction.java:944) [elasticsearch-6.2.3.jar:6.2.3]
	at org.elasticsearch.action.support.replication.TransportReplicationAction$ReroutePhase.retryIfUnavailable(TransportReplicationAction.java:781) [elasticsearch-6.2.3.jar:6.2.3]
	at org.elasticsearch.action.support.replication.TransportReplicationAction$ReroutePhase.doRun(TransportReplicationAction.java:734) [elasticsearch-6.2.3.jar:6.2.3]
	at org.elasticsearch.common.util.concurrent.AbstractRunnable.run(AbstractRunnable.java:37) [elasticsearch-6.2.3.jar:6.2.3]
	at org.elasticsearch.action.support.replication.TransportReplicationAction$ReroutePhase$2.onTimeout(TransportReplicationAction.java:898) [elasticsearch-6.2.3.jar:6.2.3]
	at org.elasticsearch.cluster.ClusterStateObserver$ContextPreservingListener.onTimeout(ClusterStateObserver.java:317) [elasticsearch-6.2.3.jar:6.2.3]
	at org.elasticsearch.cluster.ClusterStateObserver$ObserverClusterStateListener.onTimeout(ClusterStateObserver.java:244) [elasticsearch-6.2.3.jar:6.2.3]
	at org.elasticsearch.cluster.service.ClusterApplierService$NotifyTimeout.run(ClusterApplierService.java:581) [elasticsearch-6.2.3.jar:6.2.3]
	at org.elasticsearch.common.util.concurrent.ThreadContext$ContextPreservingRunnable.run(ThreadContext.java:573) [elasticsearch-6.2.3.jar:6.2.3]
	at java.util.concurrent.ThreadPoolExecutor.runWorker(ThreadPoolExecutor.java:1149) [?:1.8.0_161]
	at java.util.concurrent.ThreadPoolExecutor$Worker.run(ThreadPoolExecutor.java:624) [?:1.8.0_161]
	at java.lang.Thread.run(Thread.java:748) [?:1.8.0_161]
[2018-04-07T01:04:36,235][WARN ][r.suppressed             ] path: /nxlog-2018.03.31.12.08/in, params: {index=nxlog-2018.03.31.12.08, type=in}
org.elasticsearch.action.UnavailableShardsException: [nxlog-2018.03.31.12.08][0] primary shard is not active Timeout: [1m], request: [BulkShardRequest [[nxlog-2018.03.31.12.08][0]] containing [index {[nxlog-2018.03.31.12.08][in][1QgznWIBI0u9HdUrbpYq], source[{"EventTime":"2018-03-31 12:08:51","Hostname":"john-PC","Keywords":0,"EventType":"INFO","SeverityValue":2,"Severity":"INFO","EventID":7,"SourceName":"Microsoft-Windows-Sysmon","ProviderGuid":"{5770385F-C22A-43E0-BF4C-06F5698FFBD9}","Version":3,"Task":7,"OpcodeValue":0,"RecordNumber":57813362,"ExecutionProcessID":1316,"ExecutionThreadID":1824,"Channel":"Microsoft-Windows-Sysmon/Operational","Domain":"NT AUTHORITY","AccountName":"SYSTEM","UserID":"S-1-5-18","AccountType":"User","Message":"Image loaded:\r\nUtcTime: 2018-03-31 10:08:26.914\r\nProcessGuid: {53F35F28-49F1-5ABF-0000-0010F7740100}\r\nProcessId: 1316\r\nImage: C:\\Windows\\Sysmon.exe\r\nImageLoaded: C:\\Windows\\System32\\pcasvc.dll\r\nFileVersion: 6.1.7600.16385 (win7_rtm.090713-1255)\r\nDescription: Servicio de compatibilidad de programas\r\nProduct: Sistema operativo Microsoft® Windows®\r\nCompany: Microsoft Corporation\r\nHashes: MD5=3AEAA8B561E63452C655DC0584922257,SHA256=04C072969B58657602EB0C21CEDF24FCEE14E61B90A0F758F93925EF2C9FC32D\r\nSigned: true\r\nSignature: Microsoft Windows\r\nSignatureStatus: Valid","Category":"Image loaded (rule: ImageLoad)","Opcode":"Información","UtcTime":"2018-03-31 10:08:26","ProcessGuid":"{53F35F28-49F1-5ABF-0000-0010F7740100}","ProcessId":"1316","Image":"C:\\Windows\\Sysmon.exe","ImageLoaded":"C:\\Windows\\System32\\pcasvc.dll","FileVersion":"6.1.7600.16385 (win7_rtm.090713-1255)","Description":"Servicio de compatibilidad de programas","Product":"Sistema operativo Microsoft® Windows®","Company":"Microsoft Corporation","Hashes":"MD5=3AEAA8B561E63452C655DC0584922257,SHA256=04C072969B58657602EB0C21CEDF24FCEE14E61B90A0F758F93925EF2C9FC32D","Signed":"true","Signature":"Microsoft Windows","SignatureStatus":"Valid","SourceModuleName":"in","SourceModuleType":"im_msvistalog"}]}]]
	at org.elasticsearch.action.support.replication.TransportReplicationAction$ReroutePhase.retryBecauseUnavailable(TransportReplicationAction.java:944) [elasticsearch-6.2.3.jar:6.2.3]
	at org.elasticsearch.action.support.replication.TransportReplicationAction$ReroutePhase.retryIfUnavailable(TransportReplicationAction.java:781) [elasticsearch-6.2.3.jar:6.2.3]
	at org.elasticsearch.action.support.replication.TransportReplicationAction$ReroutePhase.doRun(TransportReplicationAction.java:734) [elasticsearch-6.2.3.jar:6.2.3]
	at org.elasticsearch.common.util.concurrent.AbstractRunnable.run(AbstractRunnable.java:37) [elasticsearch-6.2.3.jar:6.2.3]
	at org.elasticsearch.action.support.replication.TransportReplicationAction$ReroutePhase$2.onTimeout(TransportReplicationAction.java:898) [elasticsearch-6.2.3.jar:6.2.3]
	at org.elasticsearch.cluster.ClusterStateObserver$ContextPreservingListener.onTimeout(ClusterStateObserver.java:317) [elasticsearch-6.2.3.jar:6.2.3]
	at org.elasticsearch.cluster.ClusterStateObserver$ObserverClusterStateListener.onTimeout(ClusterStateObserver.java:244) [elasticsearch-6.2.3.jar:6.2.3]
	at org.elasticsearch.cluster.service.ClusterApplierService$NotifyTimeout.run(ClusterApplierService.java:581) [elasticsearch-6.2.3.jar:6.2.3]
	at org.elasticsearch.common.util.concurrent.ThreadContext$ContextPreservingRunnable.run(ThreadContext.java:573) [elasticsearch-6.2.3.jar:6.2.3]
	at java.util.concurrent.ThreadPoolExecutor.runWorker(ThreadPoolExecutor.java:1149) [?:1.8.0_161]
	at java.util.concurrent.ThreadPoolExecutor$Worker.run(ThreadPoolExecutor.java:624) [?:1.8.0_161]
	at java.lang.Thread.run(Thread.java:748) [?:1.8.0_161]
