[2018-04-07T00:25:36,227][WARN ][r.suppressed             ] path: /nxlog-2018.03.31.14.11/in, params: {index=nxlog-2018.03.31.14.11, type=in}
org.elasticsearch.action.UnavailableShardsException: [nxlog-2018.03.31.14.11][0] primary shard is not active Timeout: [1m], request: [BulkShardRequest [[nxlog-2018.03.31.14.11][0]] containing [index {[nxlog-2018.03.31.14.11][in][yE4PnWIBZOTYwWd_uRqC], source[{"EventTime":"2018-03-31 14:11:25","Hostname":"john-PC","Keywords":-9223372036854775808,"EventType":"INFO","SeverityValue":2,"Severity":"INFO","EventID":3,"SourceName":"Microsoft-Windows-Sysmon","ProviderGuid":"{5770385F-C22A-43E0-BF4C-06F5698FFBD9}","Version":5,"Task":3,"OpcodeValue":0,"RecordNumber":60865500,"ExecutionProcessID":1660,"ExecutionThreadID":1864,"Channel":"Microsoft-Windows-Sysmon/Operational","Domain":"NT AUTHORITY","AccountName":"SYSTEM","UserID":"S-1-5-18","AccountType":"User","Message":"Network connection detected:\r\nUtcTime: 2018-03-31 12:11:31.442\r\nProcessGuid: {53F35F28-68A0-5ABF-0000-0010D47E1610}\r\nProcessId: 2488\r\nImage: C:\\Users\\john\\Downloads\\GoogleChromePortable\\App\\Chrome-bin\\chrome.exe\r\nUser: john-PC\\john\r\nProtocol: udp\r\nInitiated: true\r\nSourceIsIpv6: false\r\nSourceIp: 192.168.56.102\r\nSourceHostname: john-PC\r\nSourcePort: 55384\r\nSourcePortName: \r\nDestinationIsIpv6: false\r\nDestinationIp: 216.58.210.142\r\nDestinationHostname: mad06s09-in-f142.1e100.net\r\nDestinationPort: 443\r\nDestinationPortName: https","Category":"Network connection detected (rule: NetworkConnect)","Opcode":"InformaciĂłn","UtcTime":"2018-03-31 12:11:31.442","ProcessGuid":"{53F35F28-68A0-5ABF-0000-0010D47E1610}","ProcessId":"2488","Image":"C:\\Users\\john\\Downloads\\GoogleChromePortable\\App\\Chrome-bin\\chrome.exe","User":"john-PC\\john","Protocol":"udp","Initiated":"true","SourceIsIpv6":"false","SourceIp":"192.168.56.102","SourceHostname":"john-PC","SourcePort":"55384","DestinationIsIpv6":"false","DestinationIp":"216.58.210.142","DestinationHostname":"mad06s09-in-f142.1e100.net","DestinationPort":"443","DestinationPortName":"https","SourceModuleName":"in","SourceModuleType":"im_msvistalog"}]}]]
	at org.elasticsearch.action.support.replication.TransportReplicationAction$ReroutePhase.retryBecauseUnavailable(TransportReplicationAction.java:944) [elasticsearch-6.2.3.jar:6.2.3]
	at org.elasticsearch.action.support.replication.TransportReplicationAction$ReroutePhase.retryIfUnavailable(TransportReplicationAction.java:781) [elasticsearch-6.2.3.jar:6.2.3]
	at org.elasticsearch.action.support.replication.TransportReplicationAction$ReroutePhase.doRun(TransportReplicationAction.java:734) [elasticsearch-6.2.3.jar:6.2.3]
	at org.elasticsearch.common.util.concurrent.AbstractRunnable.run(AbstractRunnable.java:37) [elasticsearch-6.2.3.jar:6.2.3]
	at org.elasticsearch.action.support.replication.TransportReplicationAction$ReroutePhase$2.onTimeout(TransportReplicationAction.java:898) [elasticsearch-6.2.3.jar:6.2.3]
	at org.elasticsearch.cluster.ClusterStateObserver$ContextPreservingListener.onTimeout(ClusterStateObserver.java:317) [elasticsearch-6.2.3.jar:6.2.3]
	at org.elasticsearch.cluster.ClusterStateObserver$ObserverClusterStateListener.onTimeout(ClusterStateObserver.java:244) [elasticsearch-6.2.3.jar:6.2.3]
	at org.elasticsearch.cluster.service.ClusterApplierService$NotifyTimeout.run(ClusterApplierService.java:581) [elasticsearch-6.2.3.jar:6.2.3]
	at org.elasticsearch.common.util.concurrent.ThreadContext$ContextPreservingRunnable.run(ThreadContext.java:573) [elasticsearch-6.2.3.jar:6.2.3]
	at java.util.concurrent.ThreadPoolExecutor.runWorker(ThreadPoolExecutor.java:1149) [?:1.8.0_161]
	at java.util.concurrent.ThreadPoolExecutor$Worker.run(ThreadPoolExecutor.java:624) [?:1.8.0_161]
	at java.lang.Thread.run(Thread.java:748) [?:1.8.0_161]
[2018-04-07T00:25:46,243][WARN ][r.suppressed             ] path: /nxlog-2018.03.31.14.11/in, params: {index=nxlog-2018.03.31.14.11, type=in}
org.elasticsearch.action.UnavailableShardsException: [nxlog-2018.03.31.14.11][0] primary shard is not active Timeout: [1m], request: [BulkShardRequest [[nxlog-2018.03.31.14.11][0]] containing [index {[nxlog-2018.03.31.14.11][in][yU4PnWIBZOTYwWd_4Bqi], source[{"EventTime":"2018-03-31 14:11:25","Hostname":"john-PC","Keywords":-9223372036854775808,"EventType":"INFO","SeverityValue":2,"Severity":"INFO","EventID":3,"SourceName":"Microsoft-Windows-Sysmon","ProviderGuid":"{5770385F-C22A-43E0-BF4C-06F5698FFBD9}","Version":5,"Task":3,"OpcodeValue":0,"RecordNumber":60865500,"ExecutionProcessID":1660,"ExecutionThreadID":1864,"Channel":"Microsoft-Windows-Sysmon/Operational","Domain":"NT AUTHORITY","AccountName":"SYSTEM","UserID":"S-1-5-18","AccountType":"User","Message":"Network connection detected:\r\nUtcTime: 2018-03-31 12:11:31.442\r\nProcessGuid: {53F35F28-68A0-5ABF-0000-0010D47E1610}\r\nProcessId: 2488\r\nImage: C:\\Users\\john\\Downloads\\GoogleChromePortable\\App\\Chrome-bin\\chrome.exe\r\nUser: john-PC\\john\r\nProtocol: udp\r\nInitiated: true\r\nSourceIsIpv6: false\r\nSourceIp: 192.168.56.102\r\nSourceHostname: john-PC\r\nSourcePort: 55384\r\nSourcePortName: \r\nDestinationIsIpv6: false\r\nDestinationIp: 216.58.210.142\r\nDestinationHostname: mad06s09-in-f142.1e100.net\r\nDestinationPort: 443\r\nDestinationPortName: https","Category":"Network connection detected (rule: NetworkConnect)","Opcode":"InformaciĂłn","UtcTime":"2018-03-31 12:11:31.442","ProcessGuid":"{53F35F28-68A0-5ABF-0000-0010D47E1610}","ProcessId":"2488","Image":"C:\\Users\\john\\Downloads\\GoogleChromePortable\\App\\Chrome-bin\\chrome.exe","User":"john-PC\\john","Protocol":"udp","Initiated":"true","SourceIsIpv6":"false","SourceIp":"192.168.56.102","SourceHostname":"john-PC","SourcePort":"55384","DestinationIsIpv6":"false","DestinationIp":"216.58.210.142","DestinationHostname":"mad06s09-in-f142.1e100.net","DestinationPort":"443","DestinationPortName":"https","SourceModuleName":"in","SourceModuleType":"im_msvistalog"}]}]]
	at org.elasticsearch.action.support.replication.TransportReplicationAction$ReroutePhase.retryBecauseUnavailable(TransportReplicationAction.java:944) [elasticsearch-6.2.3.jar:6.2.3]
	at org.elasticsearch.action.support.replication.TransportReplicationAction$ReroutePhase.retryIfUnavailable(TransportReplicationAction.java:781) [elasticsearch-6.2.3.jar:6.2.3]
	at org.elasticsearch.action.support.replication.TransportReplicationAction$ReroutePhase.doRun(TransportReplicationAction.java:734) [elasticsearch-6.2.3.jar:6.2.3]
	at org.elasticsearch.common.util.concurrent.AbstractRunnable.run(AbstractRunnable.java:37) [elasticsearch-6.2.3.jar:6.2.3]
	at org.elasticsearch.action.support.replication.TransportReplicationAction$ReroutePhase$2.onTimeout(TransportReplicationAction.java:898) [elasticsearch-6.2.3.jar:6.2.3]
	at org.elasticsearch.cluster.ClusterStateObserver$ContextPreservingListener.onTimeout(ClusterStateObserver.java:317) [elasticsearch-6.2.3.jar:6.2.3]
	at org.elasticsearch.cluster.ClusterStateObserver$ObserverClusterStateListener.onTimeout(ClusterStateObserver.java:244) [elasticsearch-6.2.3.jar:6.2.3]
	at org.elasticsearch.cluster.service.ClusterApplierService$NotifyTimeout.run(ClusterApplierService.java:581) [elasticsearch-6.2.3.jar:6.2.3]
	at org.elasticsearch.common.util.concurrent.ThreadContext$ContextPreservingRunnable.run(ThreadContext.java:573) [elasticsearch-6.2.3.jar:6.2.3]
	at java.util.concurrent.ThreadPoolExecutor.runWorker(ThreadPoolExecutor.java:1149) [?:1.8.0_161]
	at java.util.concurrent.ThreadPoolExecutor$Worker.run(ThreadPoolExecutor.java:624) [?:1.8.0_161]
	at java.lang.Thread.run(Thread.java:748) [?:1.8.0_161]
[2018-04-07T00:25:56,264][WARN ][r.suppressed             ] path: /nxlog-2018.03.31.14.11/in, params: {index=nxlog-2018.03.31.14.11, type=in}
org.elasticsearch.action.UnavailableShardsException: [nxlog-2018.03.31.14.11][0] primary shard is not active Timeout: [1m], request: [BulkShardRequest [[nxlog-2018.03.31.14.11][0]] containing [index {[nxlog-2018.03.31.14.11][in][yk4QnWIBZOTYwWd_BxrH], source[{"EventTime":"2018-03-31 14:11:25","Hostname":"john-PC","Keywords":-9223372036854775808,"EventType":"INFO","SeverityValue":2,"Severity":"INFO","EventID":3,"SourceName":"Microsoft-Windows-Sysmon","ProviderGuid":"{5770385F-C22A-43E0-BF4C-06F5698FFBD9}","Version":5,"Task":3,"OpcodeValue":0,"RecordNumber":60865500,"ExecutionProcessID":1660,"ExecutionThreadID":1864,"Channel":"Microsoft-Windows-Sysmon/Operational","Domain":"NT AUTHORITY","AccountName":"SYSTEM","UserID":"S-1-5-18","AccountType":"User","Message":"Network connection detected:\r\nUtcTime: 2018-03-31 12:11:31.442\r\nProcessGuid: {53F35F28-68A0-5ABF-0000-0010D47E1610}\r\nProcessId: 2488\r\nImage: C:\\Users\\john\\Downloads\\GoogleChromePortable\\App\\Chrome-bin\\chrome.exe\r\nUser: john-PC\\john\r\nProtocol: udp\r\nInitiated: true\r\nSourceIsIpv6: false\r\nSourceIp: 192.168.56.102\r\nSourceHostname: john-PC\r\nSourcePort: 55384\r\nSourcePortName: \r\nDestinationIsIpv6: false\r\nDestinationIp: 216.58.210.142\r\nDestinationHostname: mad06s09-in-f142.1e100.net\r\nDestinationPort: 443\r\nDestinationPortName: https","Category":"Network connection detected (rule: NetworkConnect)","Opcode":"InformaciĂłn","UtcTime":"2018-03-31 12:11:31.442","ProcessGuid":"{53F35F28-68A0-5ABF-0000-0010D47E1610}","ProcessId":"2488","Image":"C:\\Users\\john\\Downloads\\GoogleChromePortable\\App\\Chrome-bin\\chrome.exe","User":"john-PC\\john","Protocol":"udp","Initiated":"true","SourceIsIpv6":"false","SourceIp":"192.168.56.102","SourceHostname":"john-PC","SourcePort":"55384","DestinationIsIpv6":"false","DestinationIp":"216.58.210.142","DestinationHostname":"mad06s09-in-f142.1e100.net","DestinationPort":"443","DestinationPortName":"https","SourceModuleName":"in","SourceModuleType":"im_msvistalog"}]}]]
	at org.elasticsearch.action.support.replication.TransportReplicationAction$ReroutePhase.retryBecauseUnavailable(TransportReplicationAction.java:944) [elasticsearch-6.2.3.jar:6.2.3]
	at org.elasticsearch.action.support.replication.TransportReplicationAction$ReroutePhase.retryIfUnavailable(TransportReplicationAction.java:781) [elasticsearch-6.2.3.jar:6.2.3]
	at org.elasticsearch.action.support.replication.TransportReplicationAction$ReroutePhase.doRun(TransportReplicationAction.java:734) [elasticsearch-6.2.3.jar:6.2.3]
	at org.elasticsearch.common.util.concurrent.AbstractRunnable.run(AbstractRunnable.java:37) [elasticsearch-6.2.3.jar:6.2.3]
	at org.elasticsearch.action.support.replication.TransportReplicationAction$ReroutePhase$2.onTimeout(TransportReplicationAction.java:898) [elasticsearch-6.2.3.jar:6.2.3]
	at org.elasticsearch.cluster.ClusterStateObserver$ContextPreservingListener.onTimeout(ClusterStateObserver.java:317) [elasticsearch-6.2.3.jar:6.2.3]
	at org.elasticsearch.cluster.ClusterStateObserver$ObserverClusterStateListener.onTimeout(ClusterStateObserver.java:244) [elasticsearch-6.2.3.jar:6.2.3]
	at org.elasticsearch.cluster.service.ClusterApplierService$NotifyTimeout.run(ClusterApplierService.java:581) [elasticsearch-6.2.3.jar:6.2.3]
	at org.elasticsearch.common.util.concurrent.ThreadContext$ContextPreservingRunnable.run(ThreadContext.java:573) [elasticsearch-6.2.3.jar:6.2.3]
	at java.util.concurrent.ThreadPoolExecutor.runWorker(ThreadPoolExecutor.java:1149) [?:1.8.0_161]
	at java.util.concurrent.ThreadPoolExecutor$Worker.run(ThreadPoolExecutor.java:624) [?:1.8.0_161]
	at java.lang.Thread.run(Thread.java:748) [?:1.8.0_161]
[2018-04-07T00:26:06,294][WARN ][r.suppressed             ] path: /nxlog-2018.03.31.14.11/in, params: {index=nxlog-2018.03.31.14.11, type=in}
org.elasticsearch.action.UnavailableShardsException: [nxlog-2018.03.31.14.11][0] primary shard is not active Timeout: [1m], request: [BulkShardRequest [[nxlog-2018.03.31.14.11][0]] containing [index {[nxlog-2018.03.31.14.11][in][y04QnWIBZOTYwWd_Lhr1], source[{"EventTime":"2018-03-31 14:11:25","Hostname":"john-PC","Keywords":-9223372036854775808,"EventType":"INFO","SeverityValue":2,"Severity":"INFO","EventID":3,"SourceName":"Microsoft-Windows-Sysmon","ProviderGuid":"{5770385F-C22A-43E0-BF4C-06F5698FFBD9}","Version":5,"Task":3,"OpcodeValue":0,"RecordNumber":60865500,"ExecutionProcessID":1660,"ExecutionThreadID":1864,"Channel":"Microsoft-Windows-Sysmon/Operational","Domain":"NT AUTHORITY","AccountName":"SYSTEM","UserID":"S-1-5-18","AccountType":"User","Message":"Network connection detected:\r\nUtcTime: 2018-03-31 12:11:31.442\r\nProcessGuid: {53F35F28-68A0-5ABF-0000-0010D47E1610}\r\nProcessId: 2488\r\nImage: C:\\Users\\john\\Downloads\\GoogleChromePortable\\App\\Chrome-bin\\chrome.exe\r\nUser: john-PC\\john\r\nProtocol: udp\r\nInitiated: true\r\nSourceIsIpv6: false\r\nSourceIp: 192.168.56.102\r\nSourceHostname: john-PC\r\nSourcePort: 55384\r\nSourcePortName: \r\nDestinationIsIpv6: false\r\nDestinationIp: 216.58.210.142\r\nDestinationHostname: mad06s09-in-f142.1e100.net\r\nDestinationPort: 443\r\nDestinationPortName: https","Category":"Network connection detected (rule: NetworkConnect)","Opcode":"InformaciĂłn","UtcTime":"2018-03-31 12:11:31.442","ProcessGuid":"{53F35F28-68A0-5ABF-0000-0010D47E1610}","ProcessId":"2488","Image":"C:\\Users\\john\\Downloads\\GoogleChromePortable\\App\\Chrome-bin\\chrome.exe","User":"john-PC\\john","Protocol":"udp","Initiated":"true","SourceIsIpv6":"false","SourceIp":"192.168.56.102","SourceHostname":"john-PC","SourcePort":"55384","DestinationIsIpv6":"false","DestinationIp":"216.58.210.142","DestinationHostname":"mad06s09-in-f142.1e100.net","DestinationPort":"443","DestinationPortName":"https","SourceModuleName":"in","SourceModuleType":"im_msvistalog"}]}]]
	at org.elasticsearch.action.support.replication.TransportReplicationAction$ReroutePhase.retryBecauseUnavailable(TransportReplicationAction.java:944) [elasticsearch-6.2.3.jar:6.2.3]
	at org.elasticsearch.action.support.replication.TransportReplicationAction$ReroutePhase.retryIfUnavailable(TransportReplicationAction.java:781) [elasticsearch-6.2.3.jar:6.2.3]
	at org.elasticsearch.action.support.replication.TransportReplicationAction$ReroutePhase.doRun(TransportReplicationAction.java:734) [elasticsearch-6.2.3.jar:6.2.3]
	at org.elasticsearch.common.util.concurrent.AbstractRunnable.run(AbstractRunnable.java:37) [elasticsearch-6.2.3.jar:6.2.3]
	at org.elasticsearch.action.support.replication.TransportReplicationAction$ReroutePhase$2.onTimeout(TransportReplicationAction.java:898) [elasticsearch-6.2.3.jar:6.2.3]
	at org.elasticsearch.cluster.ClusterStateObserver$ContextPreservingListener.onTimeout(ClusterStateObserver.java:317) [elasticsearch-6.2.3.jar:6.2.3]
	at org.elasticsearch.cluster.ClusterStateObserver$ObserverClusterStateListener.onTimeout(ClusterStateObserver.java:244) [elasticsearch-6.2.3.jar:6.2.3]
	at org.elasticsearch.cluster.service.ClusterApplierService$NotifyTimeout.run(ClusterApplierService.java:581) [elasticsearch-6.2.3.jar:6.2.3]
	at org.elasticsearch.common.util.concurrent.ThreadContext$ContextPreservingRunnable.run(ThreadContext.java:573) [elasticsearch-6.2.3.jar:6.2.3]
	at java.util.concurrent.ThreadPoolExecutor.runWorker(ThreadPoolExecutor.java:1149) [?:1.8.0_161]
	at java.util.concurrent.ThreadPoolExecutor$Worker.run(ThreadPoolExecutor.java:624) [?:1.8.0_161]
	at java.lang.Thread.run(Thread.java:748) [?:1.8.0_161]
[2018-04-07T00:26:16,351][WARN ][r.suppressed             ] path: /nxlog-2018.03.31.14.11/in, params: {index=nxlog-2018.03.31.14.11, type=in}
org.elasticsearch.action.UnavailableShardsException: [nxlog-2018.03.31.14.11][0] primary shard is not active Timeout: [1m], request: [BulkShardRequest [[nxlog-2018.03.31.14.11][0]] containing [index {[nxlog-2018.03.31.14.11][in][zE4QnWIBZOTYwWd_Vho-], source[{"EventTime":"2018-03-31 14:11:25","Hostname":"john-PC","Keywords":-9223372036854775808,"EventType":"INFO","SeverityValue":2,"Severity":"INFO","EventID":3,"SourceName":"Microsoft-Windows-Sysmon","ProviderGuid":"{5770385F-C22A-43E0-BF4C-06F5698FFBD9}","Version":5,"Task":3,"OpcodeValue":0,"RecordNumber":60865500,"ExecutionProcessID":1660,"ExecutionThreadID":1864,"Channel":"Microsoft-Windows-Sysmon/Operational","Domain":"NT AUTHORITY","AccountName":"SYSTEM","UserID":"S-1-5-18","AccountType":"User","Message":"Network connection detected:\r\nUtcTime: 2018-03-31 12:11:31.442\r\nProcessGuid: {53F35F28-68A0-5ABF-0000-0010D47E1610}\r\nProcessId: 2488\r\nImage: C:\\Users\\john\\Downloads\\GoogleChromePortable\\App\\Chrome-bin\\chrome.exe\r\nUser: john-PC\\john\r\nProtocol: udp\r\nInitiated: true\r\nSourceIsIpv6: false\r\nSourceIp: 192.168.56.102\r\nSourceHostname: john-PC\r\nSourcePort: 55384\r\nSourcePortName: \r\nDestinationIsIpv6: false\r\nDestinationIp: 216.58.210.142\r\nDestinationHostname: mad06s09-in-f142.1e100.net\r\nDestinationPort: 443\r\nDestinationPortName: https","Category":"Network connection detected (rule: NetworkConnect)","Opcode":"InformaciĂłn","UtcTime":"2018-03-31 12:11:31.442","ProcessGuid":"{53F35F28-68A0-5ABF-0000-0010D47E1610}","ProcessId":"2488","Image":"C:\\Users\\john\\Downloads\\GoogleChromePortable\\App\\Chrome-bin\\chrome.exe","User":"john-PC\\john","Protocol":"udp","Initiated":"true","SourceIsIpv6":"false","SourceIp":"192.168.56.102","SourceHostname":"john-PC","SourcePort":"55384","DestinationIsIpv6":"false","DestinationIp":"216.58.210.142","DestinationHostname":"mad06s09-in-f142.1e100.net","DestinationPort":"443","DestinationPortName":"https","SourceModuleName":"in","SourceModuleType":"im_msvistalog"}]}]]
	at org.elasticsearch.action.support.replication.TransportReplicationAction$ReroutePhase.retryBecauseUnavailable(TransportReplicationAction.java:944) [elasticsearch-6.2.3.jar:6.2.3]
	at org.elasticsearch.action.support.replication.TransportReplicationAction$ReroutePhase.retryIfUnavailable(TransportReplicationAction.java:781) [elasticsearch-6.2.3.jar:6.2.3]
	at org.elasticsearch.action.support.replication.TransportReplicationAction$ReroutePhase.doRun(TransportReplicationAction.java:734) [elasticsearch-6.2.3.jar:6.2.3]
	at org.elasticsearch.common.util.concurrent.AbstractRunnable.run(AbstractRunnable.java:37) [elasticsearch-6.2.3.jar:6.2.3]
	at org.elasticsearch.action.support.replication.TransportReplicationAction$ReroutePhase$2.onTimeout(TransportReplicationAction.java:898) [elasticsearch-6.2.3.jar:6.2.3]
	at org.elasticsearch.cluster.ClusterStateObserver$ContextPreservingListener.onTimeout(ClusterStateObserver.java:317) [elasticsearch-6.2.3.jar:6.2.3]
	at org.elasticsearch.cluster.ClusterStateObserver$ObserverClusterStateListener.onTimeout(ClusterStateObserver.java:244) [elasticsearch-6.2.3.jar:6.2.3]
	at org.elasticsearch.cluster.service.ClusterApplierService$NotifyTimeout.run(ClusterApplierService.java:581) [elasticsearch-6.2.3.jar:6.2.3]
	at org.elasticsearch.common.util.concurrent.ThreadContext$ContextPreservingRunnable.run(ThreadContext.java:573) [elasticsearch-6.2.3.jar:6.2.3]
	at java.util.concurrent.ThreadPoolExecutor.runWorker(ThreadPoolExecutor.java:1149) [?:1.8.0_161]
	at java.util.concurrent.ThreadPoolExecutor$Worker.run(ThreadPoolExecutor.java:624) [?:1.8.0_161]
	at java.lang.Thread.run(Thread.java:748) [?:1.8.0_161]
[2018-04-07T00:26:26,373][WARN ][r.suppressed             ] path: /nxlog-2018.03.31.14.11/in, params: {index=nxlog-2018.03.31.14.11, type=in}
org.elasticsearch.action.UnavailableShardsException: [nxlog-2018.03.31.14.11][0] primary shard is not active Timeout: [1m], request: [BulkShardRequest [[nxlog-2018.03.31.14.11][0]] containing [index {[nxlog-2018.03.31.14.11][in][zU4QnWIBZOTYwWd_fRpk], source[{"EventTime":"2018-03-31 14:11:25","Hostname":"john-PC","Keywords":-9223372036854775808,"EventType":"INFO","SeverityValue":2,"Severity":"INFO","EventID":3,"SourceName":"Microsoft-Windows-Sysmon","ProviderGuid":"{5770385F-C22A-43E0-BF4C-06F5698FFBD9}","Version":5,"Task":3,"OpcodeValue":0,"RecordNumber":60865500,"ExecutionProcessID":1660,"ExecutionThreadID":1864,"Channel":"Microsoft-Windows-Sysmon/Operational","Domain":"NT AUTHORITY","AccountName":"SYSTEM","UserID":"S-1-5-18","AccountType":"User","Message":"Network connection detected:\r\nUtcTime: 2018-03-31 12:11:31.442\r\nProcessGuid: {53F35F28-68A0-5ABF-0000-0010D47E1610}\r\nProcessId: 2488\r\nImage: C:\\Users\\john\\Downloads\\GoogleChromePortable\\App\\Chrome-bin\\chrome.exe\r\nUser: john-PC\\john\r\nProtocol: udp\r\nInitiated: true\r\nSourceIsIpv6: false\r\nSourceIp: 192.168.56.102\r\nSourceHostname: john-PC\r\nSourcePort: 55384\r\nSourcePortName: \r\nDestinationIsIpv6: false\r\nDestinationIp: 216.58.210.142\r\nDestinationHostname: mad06s09-in-f142.1e100.net\r\nDestinationPort: 443\r\nDestinationPortName: https","Category":"Network connection detected (rule: NetworkConnect)","Opcode":"InformaciĂłn","UtcTime":"2018-03-31 12:11:31.442","ProcessGuid":"{53F35F28-68A0-5ABF-0000-0010D47E1610}","ProcessId":"2488","Image":"C:\\Users\\john\\Downloads\\GoogleChromePortable\\App\\Chrome-bin\\chrome.exe","User":"john-PC\\john","Protocol":"udp","Initiated":"true","SourceIsIpv6":"false","SourceIp":"192.168.56.102","SourceHostname":"john-PC","SourcePort":"55384","DestinationIsIpv6":"false","DestinationIp":"216.58.210.142","DestinationHostname":"mad06s09-in-f142.1e100.net","DestinationPort":"443","DestinationPortName":"https","SourceModuleName":"in","SourceModuleType":"im_msvistalog"}]}]]
	at org.elasticsearch.action.support.replication.TransportReplicationAction$ReroutePhase.retryBecauseUnavailable(TransportReplicationAction.java:944) [elasticsearch-6.2.3.jar:6.2.3]
	at org.elasticsearch.action.support.replication.TransportReplicationAction$ReroutePhase.retryIfUnavailable(TransportReplicationAction.java:781) [elasticsearch-6.2.3.jar:6.2.3]
	at org.elasticsearch.action.support.replication.TransportReplicationAction$ReroutePhase.doRun(TransportReplicationAction.java:734) [elasticsearch-6.2.3.jar:6.2.3]
	at org.elasticsearch.common.util.concurrent.AbstractRunnable.run(AbstractRunnable.java:37) [elasticsearch-6.2.3.jar:6.2.3]
	at org.elasticsearch.action.support.replication.TransportReplicationAction$ReroutePhase$2.onTimeout(TransportReplicationAction.java:898) [elasticsearch-6.2.3.jar:6.2.3]
	at org.elasticsearch.cluster.ClusterStateObserver$ContextPreservingListener.onTimeout(ClusterStateObserver.java:317) [elasticsearch-6.2.3.jar:6.2.3]
	at org.elasticsearch.cluster.ClusterStateObserver$ObserverClusterStateListener.onTimeout(ClusterStateObserver.java:244) [elasticsearch-6.2.3.jar:6.2.3]
	at org.elasticsearch.cluster.service.ClusterApplierService$NotifyTimeout.run(ClusterApplierService.java:581) [elasticsearch-6.2.3.jar:6.2.3]
	at org.elasticsearch.common.util.concurrent.ThreadContext$ContextPreservingRunnable.run(ThreadContext.java:573) [elasticsearch-6.2.3.jar:6.2.3]
	at java.util.concurrent.ThreadPoolExecutor.runWorker(ThreadPoolExecutor.java:1149) [?:1.8.0_161]
	at java.util.concurrent.ThreadPoolExecutor$Worker.run(ThreadPoolExecutor.java:624) [?:1.8.0_161]
	at java.lang.Thread.run(Thread.java:748) [?:1.8.0_161]
[2018-04-07T00:26:36,390][WARN ][r.suppressed             ] path: /nxlog-2018.03.31.14.11/in, params: {index=nxlog-2018.03.31.14.11, type=in}
org.elasticsearch.action.UnavailableShardsException: [nxlog-2018.03.31.14.11][0] primary shard is not active Timeout: [1m], request: [BulkShardRequest [[nxlog-2018.03.31.14.11][0]] containing [index {[nxlog-2018.03.31.14.11][in][zk4QnWIBZOTYwWd_pBqF], source[{"EventTime":"2018-03-31 14:11:25","Hostname":"john-PC","Keywords":-9223372036854775808,"EventType":"INFO","SeverityValue":2,"Severity":"INFO","EventID":3,"SourceName":"Microsoft-Windows-Sysmon","ProviderGuid":"{5770385F-C22A-43E0-BF4C-06F5698FFBD9}","Version":5,"Task":3,"OpcodeValue":0,"RecordNumber":60865500,"ExecutionProcessID":1660,"ExecutionThreadID":1864,"Channel":"Microsoft-Windows-Sysmon/Operational","Domain":"NT AUTHORITY","AccountName":"SYSTEM","UserID":"S-1-5-18","AccountType":"User","Message":"Network connection detected:\r\nUtcTime: 2018-03-31 12:11:31.442\r\nProcessGuid: {53F35F28-68A0-5ABF-0000-0010D47E1610}\r\nProcessId: 2488\r\nImage: C:\\Users\\john\\Downloads\\GoogleChromePortable\\App\\Chrome-bin\\chrome.exe\r\nUser: john-PC\\john\r\nProtocol: udp\r\nInitiated: true\r\nSourceIsIpv6: false\r\nSourceIp: 192.168.56.102\r\nSourceHostname: john-PC\r\nSourcePort: 55384\r\nSourcePortName: \r\nDestinationIsIpv6: false\r\nDestinationIp: 216.58.210.142\r\nDestinationHostname: mad06s09-in-f142.1e100.net\r\nDestinationPort: 443\r\nDestinationPortName: https","Category":"Network connection detected (rule: NetworkConnect)","Opcode":"InformaciĂłn","UtcTime":"2018-03-31 12:11:31.442","ProcessGuid":"{53F35F28-68A0-5ABF-0000-0010D47E1610}","ProcessId":"2488","Image":"C:\\Users\\john\\Downloads\\GoogleChromePortable\\App\\Chrome-bin\\chrome.exe","User":"john-PC\\john","Protocol":"udp","Initiated":"true","SourceIsIpv6":"false","SourceIp":"192.168.56.102","SourceHostname":"john-PC","SourcePort":"55384","DestinationIsIpv6":"false","DestinationIp":"216.58.210.142","DestinationHostname":"mad06s09-in-f142.1e100.net","DestinationPort":"443","DestinationPortName":"https","SourceModuleName":"in","SourceModuleType":"im_msvistalog"}]}]]
	at org.elasticsearch.action.support.replication.TransportReplicationAction$ReroutePhase.retryBecauseUnavailable(TransportReplicationAction.java:944) [elasticsearch-6.2.3.jar:6.2.3]
	at org.elasticsearch.action.support.replication.TransportReplicationAction$ReroutePhase.retryIfUnavailable(TransportReplicationAction.java:781) [elasticsearch-6.2.3.jar:6.2.3]
	at org.elasticsearch.action.support.replication.TransportReplicationAction$ReroutePhase.doRun(TransportReplicationAction.java:734) [elasticsearch-6.2.3.jar:6.2.3]
	at org.elasticsearch.common.util.concurrent.AbstractRunnable.run(AbstractRunnable.java:37) [elasticsearch-6.2.3.jar:6.2.3]
	at org.elasticsearch.action.support.replication.TransportReplicationAction$ReroutePhase$2.onTimeout(TransportReplicationAction.java:898) [elasticsearch-6.2.3.jar:6.2.3]
	at org.elasticsearch.cluster.ClusterStateObserver$ContextPreservingListener.onTimeout(ClusterStateObserver.java:317) [elasticsearch-6.2.3.jar:6.2.3]
	at org.elasticsearch.cluster.ClusterStateObserver$ObserverClusterStateListener.onTimeout(ClusterStateObserver.java:244) [elasticsearch-6.2.3.jar:6.2.3]
	at org.elasticsearch.cluster.service.ClusterApplierService$NotifyTimeout.run(ClusterApplierService.java:581) [elasticsearch-6.2.3.jar:6.2.3]
	at org.elasticsearch.common.util.concurrent.ThreadContext$ContextPreservingRunnable.run(ThreadContext.java:573) [elasticsearch-6.2.3.jar:6.2.3]
	at java.util.concurrent.ThreadPoolExecutor.runWorker(ThreadPoolExecutor.java:1149) [?:1.8.0_161]
	at java.util.concurrent.ThreadPoolExecutor$Worker.run(ThreadPoolExecutor.java:624) [?:1.8.0_161]
	at java.lang.Thread.run(Thread.java:748) [?:1.8.0_161]
[2018-04-07T00:26:46,406][WARN ][r.suppressed             ] path: /nxlog-2018.03.31.14.11/in, params: {index=nxlog-2018.03.31.14.11, type=in}
org.elasticsearch.action.UnavailableShardsException: [nxlog-2018.03.31.14.11][0] primary shard is not active Timeout: [1m], request: [BulkShardRequest [[nxlog-2018.03.31.14.11][0]] containing [index {[nxlog-2018.03.31.14.11][in][z04QnWIBZOTYwWd_yxql], source[{"EventTime":"2018-03-31 14:11:25","Hostname":"john-PC","Keywords":-9223372036854775808,"EventType":"INFO","SeverityValue":2,"Severity":"INFO","EventID":3,"SourceName":"Microsoft-Windows-Sysmon","ProviderGuid":"{5770385F-C22A-43E0-BF4C-06F5698FFBD9}","Version":5,"Task":3,"OpcodeValue":0,"RecordNumber":60865500,"ExecutionProcessID":1660,"ExecutionThreadID":1864,"Channel":"Microsoft-Windows-Sysmon/Operational","Domain":"NT AUTHORITY","AccountName":"SYSTEM","UserID":"S-1-5-18","AccountType":"User","Message":"Network connection detected:\r\nUtcTime: 2018-03-31 12:11:31.442\r\nProcessGuid: {53F35F28-68A0-5ABF-0000-0010D47E1610}\r\nProcessId: 2488\r\nImage: C:\\Users\\john\\Downloads\\GoogleChromePortable\\App\\Chrome-bin\\chrome.exe\r\nUser: john-PC\\john\r\nProtocol: udp\r\nInitiated: true\r\nSourceIsIpv6: false\r\nSourceIp: 192.168.56.102\r\nSourceHostname: john-PC\r\nSourcePort: 55384\r\nSourcePortName: \r\nDestinationIsIpv6: false\r\nDestinationIp: 216.58.210.142\r\nDestinationHostname: mad06s09-in-f142.1e100.net\r\nDestinationPort: 443\r\nDestinationPortName: https","Category":"Network connection detected (rule: NetworkConnect)","Opcode":"InformaciĂłn","UtcTime":"2018-03-31 12:11:31.442","ProcessGuid":"{53F35F28-68A0-5ABF-0000-0010D47E1610}","ProcessId":"2488","Image":"C:\\Users\\john\\Downloads\\GoogleChromePortable\\App\\Chrome-bin\\chrome.exe","User":"john-PC\\john","Protocol":"udp","Initiated":"true","SourceIsIpv6":"false","SourceIp":"192.168.56.102","SourceHostname":"john-PC","SourcePort":"55384","DestinationIsIpv6":"false","DestinationIp":"216.58.210.142","DestinationHostname":"mad06s09-in-f142.1e100.net","DestinationPort":"443","DestinationPortName":"https","SourceModuleName":"in","SourceModuleType":"im_msvistalog"}]}]]
	at org.elasticsearch.action.support.replication.TransportReplicationAction$ReroutePhase.retryBecauseUnavailable(TransportReplicationAction.java:944) [elasticsearch-6.2.3.jar:6.2.3]
	at org.elasticsearch.action.support.replication.TransportReplicationAction$ReroutePhase.retryIfUnavailable(TransportReplicationAction.java:781) [elasticsearch-6.2.3.jar:6.2.3]
	at org.elasticsearch.action.support.replication.TransportReplicationAction$ReroutePhase.doRun(TransportReplicationAction.java:734) [elasticsearch-6.2.3.jar:6.2.3]
	at org.elasticsearch.common.util.concurrent.AbstractRunnable.run(AbstractRunnable.java:37) [elasticsearch-6.2.3.jar:6.2.3]
	at org.elasticsearch.action.support.replication.TransportReplicationAction$ReroutePhase$2.onTimeout(TransportReplicationAction.java:898) [elasticsearch-6.2.3.jar:6.2.3]
	at org.elasticsearch.cluster.ClusterStateObserver$ContextPreservingListener.onTimeout(ClusterStateObserver.java:317) [elasticsearch-6.2.3.jar:6.2.3]
	at org.elasticsearch.cluster.ClusterStateObserver$ObserverClusterStateListener.onTimeout(ClusterStateObserver.java:244) [elasticsearch-6.2.3.jar:6.2.3]
	at org.elasticsearch.cluster.service.ClusterApplierService$NotifyTimeout.run(ClusterApplierService.java:581) [elasticsearch-6.2.3.jar:6.2.3]
	at org.elasticsearch.common.util.concurrent.ThreadContext$ContextPreservingRunnable.run(ThreadContext.java:573) [elasticsearch-6.2.3.jar:6.2.3]
	at java.util.concurrent.ThreadPoolExecutor.runWorker(ThreadPoolExecutor.java:1149) [?:1.8.0_161]
	at java.util.concurrent.ThreadPoolExecutor$Worker.run(ThreadPoolExecutor.java:624) [?:1.8.0_161]
	at java.lang.Thread.run(Thread.java:748) [?:1.8.0_161]
[2018-04-07T00:26:56,426][WARN ][r.suppressed             ] path: /nxlog-2018.03.31.14.11/in, params: {index=nxlog-2018.03.31.14.11, type=in}
org.elasticsearch.action.UnavailableShardsException: [nxlog-2018.03.31.14.11][0] primary shard is not active Timeout: [1m], request: [BulkShardRequest [[nxlog-2018.03.31.14.11][0]] containing [index {[nxlog-2018.03.31.14.11][in][0E4QnWIBZOTYwWd_8hrJ], source[{"EventTime":"2018-03-31 14:11:25","Hostname":"john-PC","Keywords":-9223372036854775808,"EventType":"INFO","SeverityValue":2,"Severity":"INFO","EventID":3,"SourceName":"Microsoft-Windows-Sysmon","ProviderGuid":"{5770385F-C22A-43E0-BF4C-06F5698FFBD9}","Version":5,"Task":3,"OpcodeValue":0,"RecordNumber":60865500,"ExecutionProcessID":1660,"ExecutionThreadID":1864,"Channel":"Microsoft-Windows-Sysmon/Operational","Domain":"NT AUTHORITY","AccountName":"SYSTEM","UserID":"S-1-5-18","AccountType":"User","Message":"Network connection detected:\r\nUtcTime: 2018-03-31 12:11:31.442\r\nProcessGuid: {53F35F28-68A0-5ABF-0000-0010D47E1610}\r\nProcessId: 2488\r\nImage: C:\\Users\\john\\Downloads\\GoogleChromePortable\\App\\Chrome-bin\\chrome.exe\r\nUser: john-PC\\john\r\nProtocol: udp\r\nInitiated: true\r\nSourceIsIpv6: false\r\nSourceIp: 192.168.56.102\r\nSourceHostname: john-PC\r\nSourcePort: 55384\r\nSourcePortName: \r\nDestinationIsIpv6: false\r\nDestinationIp: 216.58.210.142\r\nDestinationHostname: mad06s09-in-f142.1e100.net\r\nDestinationPort: 443\r\nDestinationPortName: https","Category":"Network connection detected (rule: NetworkConnect)","Opcode":"InformaciĂłn","UtcTime":"2018-03-31 12:11:31.442","ProcessGuid":"{53F35F28-68A0-5ABF-0000-0010D47E1610}","ProcessId":"2488","Image":"C:\\Users\\john\\Downloads\\GoogleChromePortable\\App\\Chrome-bin\\chrome.exe","User":"john-PC\\john","Protocol":"udp","Initiated":"true","SourceIsIpv6":"false","SourceIp":"192.168.56.102","SourceHostname":"john-PC","SourcePort":"55384","DestinationIsIpv6":"false","DestinationIp":"216.58.210.142","DestinationHostname":"mad06s09-in-f142.1e100.net","DestinationPort":"443","DestinationPortName":"https","SourceModuleName":"in","SourceModuleType":"im_msvistalog"}]}]]
	at org.elasticsearch.action.support.replication.TransportReplicationAction$ReroutePhase.retryBecauseUnavailable(TransportReplicationAction.java:944) [elasticsearch-6.2.3.jar:6.2.3]
	at org.elasticsearch.action.support.replication.TransportReplicationAction$ReroutePhase.retryIfUnavailable(TransportReplicationAction.java:781) [elasticsearch-6.2.3.jar:6.2.3]
	at org.elasticsearch.action.support.replication.TransportReplicationAction$ReroutePhase.doRun(TransportReplicationAction.java:734) [elasticsearch-6.2.3.jar:6.2.3]
	at org.elasticsearch.common.util.concurrent.AbstractRunnable.run(AbstractRunnable.java:37) [elasticsearch-6.2.3.jar:6.2.3]
	at org.elasticsearch.action.support.replication.TransportReplicationAction$ReroutePhase$2.onTimeout(TransportReplicationAction.java:898) [elasticsearch-6.2.3.jar:6.2.3]
	at org.elasticsearch.cluster.ClusterStateObserver$ContextPreservingListener.onTimeout(ClusterStateObserver.java:317) [elasticsearch-6.2.3.jar:6.2.3]
	at org.elasticsearch.cluster.ClusterStateObserver$ObserverClusterStateListener.onTimeout(ClusterStateObserver.java:244) [elasticsearch-6.2.3.jar:6.2.3]
	at org.elasticsearch.cluster.service.ClusterApplierService$NotifyTimeout.run(ClusterApplierService.java:581) [elasticsearch-6.2.3.jar:6.2.3]
	at org.elasticsearch.common.util.concurrent.ThreadContext$ContextPreservingRunnable.run(ThreadContext.java:573) [elasticsearch-6.2.3.jar:6.2.3]
	at java.util.concurrent.ThreadPoolExecutor.runWorker(ThreadPoolExecutor.java:1149) [?:1.8.0_161]
	at java.util.concurrent.ThreadPoolExecutor$Worker.run(ThreadPoolExecutor.java:624) [?:1.8.0_161]
	at java.lang.Thread.run(Thread.java:748) [?:1.8.0_161]
[2018-04-07T00:27:06,449][WARN ][r.suppressed             ] path: /nxlog-2018.03.31.14.11/in, params: {index=nxlog-2018.03.31.14.11, type=in}
org.elasticsearch.action.UnavailableShardsException: [nxlog-2018.03.31.14.11][0] primary shard is not active Timeout: [1m], request: [BulkShardRequest [[nxlog-2018.03.31.14.11][0]] containing [index {[nxlog-2018.03.31.14.11][in][0U4RnWIBZOTYwWd_GRrw], source[{"EventTime":"2018-03-31 14:11:25","Hostname":"john-PC","Keywords":-9223372036854775808,"EventType":"INFO","SeverityValue":2,"Severity":"INFO","EventID":3,"SourceName":"Microsoft-Windows-Sysmon","ProviderGuid":"{5770385F-C22A-43E0-BF4C-06F5698FFBD9}","Version":5,"Task":3,"OpcodeValue":0,"RecordNumber":60865500,"ExecutionProcessID":1660,"ExecutionThreadID":1864,"Channel":"Microsoft-Windows-Sysmon/Operational","Domain":"NT AUTHORITY","AccountName":"SYSTEM","UserID":"S-1-5-18","AccountType":"User","Message":"Network connection detected:\r\nUtcTime: 2018-03-31 12:11:31.442\r\nProcessGuid: {53F35F28-68A0-5ABF-0000-0010D47E1610}\r\nProcessId: 2488\r\nImage: C:\\Users\\john\\Downloads\\GoogleChromePortable\\App\\Chrome-bin\\chrome.exe\r\nUser: john-PC\\john\r\nProtocol: udp\r\nInitiated: true\r\nSourceIsIpv6: false\r\nSourceIp: 192.168.56.102\r\nSourceHostname: john-PC\r\nSourcePort: 55384\r\nSourcePortName: \r\nDestinationIsIpv6: false\r\nDestinationIp: 216.58.210.142\r\nDestinationHostname: mad06s09-in-f142.1e100.net\r\nDestinationPort: 443\r\nDestinationPortName: https","Category":"Network connection detected (rule: NetworkConnect)","Opcode":"InformaciĂłn","UtcTime":"2018-03-31 12:11:31.442","ProcessGuid":"{53F35F28-68A0-5ABF-0000-0010D47E1610}","ProcessId":"2488","Image":"C:\\Users\\john\\Downloads\\GoogleChromePortable\\App\\Chrome-bin\\chrome.exe","User":"john-PC\\john","Protocol":"udp","Initiated":"true","SourceIsIpv6":"false","SourceIp":"192.168.56.102","SourceHostname":"john-PC","SourcePort":"55384","DestinationIsIpv6":"false","DestinationIp":"216.58.210.142","DestinationHostname":"mad06s09-in-f142.1e100.net","DestinationPort":"443","DestinationPortName":"https","SourceModuleName":"in","SourceModuleType":"im_msvistalog"}]}]]
	at org.elasticsearch.action.support.replication.TransportReplicationAction$ReroutePhase.retryBecauseUnavailable(TransportReplicationAction.java:944) [elasticsearch-6.2.3.jar:6.2.3]
	at org.elasticsearch.action.support.replication.TransportReplicationAction$ReroutePhase.retryIfUnavailable(TransportReplicationAction.java:781) [elasticsearch-6.2.3.jar:6.2.3]
	at org.elasticsearch.action.support.replication.TransportReplicationAction$ReroutePhase.doRun(TransportReplicationAction.java:734) [elasticsearch-6.2.3.jar:6.2.3]
	at org.elasticsearch.common.util.concurrent.AbstractRunnable.run(AbstractRunnable.java:37) [elasticsearch-6.2.3.jar:6.2.3]
	at org.elasticsearch.action.support.replication.TransportReplicationAction$ReroutePhase$2.onTimeout(TransportReplicationAction.java:898) [elasticsearch-6.2.3.jar:6.2.3]
	at org.elasticsearch.cluster.ClusterStateObserver$ContextPreservingListener.onTimeout(ClusterStateObserver.java:317) [elasticsearch-6.2.3.jar:6.2.3]
	at org.elasticsearch.cluster.ClusterStateObserver$ObserverClusterStateListener.onTimeout(ClusterStateObserver.java:244) [elasticsearch-6.2.3.jar:6.2.3]
	at org.elasticsearch.cluster.service.ClusterApplierService$NotifyTimeout.run(ClusterApplierService.java:581) [elasticsearch-6.2.3.jar:6.2.3]
	at org.elasticsearch.common.util.concurrent.ThreadContext$ContextPreservingRunnable.run(ThreadContext.java:573) [elasticsearch-6.2.3.jar:6.2.3]
	at java.util.concurrent.ThreadPoolExecutor.runWorker(ThreadPoolExecutor.java:1149) [?:1.8.0_161]
	at java.util.concurrent.ThreadPoolExecutor$Worker.run(ThreadPoolExecutor.java:624) [?:1.8.0_161]
	at java.lang.Thread.run(Thread.java:748) [?:1.8.0_161]
[2018-04-07T00:27:16,472][WARN ][r.suppressed             ] path: /nxlog-2018.03.31.14.11/in, params: {index=nxlog-2018.03.31.14.11, type=in}
org.elasticsearch.action.UnavailableShardsException: [nxlog-2018.03.31.14.11][0] primary shard is not active Timeout: [1m], request: [BulkShardRequest [[nxlog-2018.03.31.14.11][0]] containing [index {[nxlog-2018.03.31.14.11][in][0k4RnWIBZOTYwWd_QRoW], source[{"EventTime":"2018-03-31 14:11:25","Hostname":"john-PC","Keywords":-9223372036854775808,"EventType":"INFO","SeverityValue":2,"Severity":"INFO","EventID":3,"SourceName":"Microsoft-Windows-Sysmon","ProviderGuid":"{5770385F-C22A-43E0-BF4C-06F5698FFBD9}","Version":5,"Task":3,"OpcodeValue":0,"RecordNumber":60865500,"ExecutionProcessID":1660,"ExecutionThreadID":1864,"Channel":"Microsoft-Windows-Sysmon/Operational","Domain":"NT AUTHORITY","AccountName":"SYSTEM","UserID":"S-1-5-18","AccountType":"User","Message":"Network connection detected:\r\nUtcTime: 2018-03-31 12:11:31.442\r\nProcessGuid: {53F35F28-68A0-5ABF-0000-0010D47E1610}\r\nProcessId: 2488\r\nImage: C:\\Users\\john\\Downloads\\GoogleChromePortable\\App\\Chrome-bin\\chrome.exe\r\nUser: john-PC\\john\r\nProtocol: udp\r\nInitiated: true\r\nSourceIsIpv6: false\r\nSourceIp: 192.168.56.102\r\nSourceHostname: john-PC\r\nSourcePort: 55384\r\nSourcePortName: \r\nDestinationIsIpv6: false\r\nDestinationIp: 216.58.210.142\r\nDestinationHostname: mad06s09-in-f142.1e100.net\r\nDestinationPort: 443\r\nDestinationPortName: https","Category":"Network connection detected (rule: NetworkConnect)","Opcode":"InformaciĂłn","UtcTime":"2018-03-31 12:11:31.442","ProcessGuid":"{53F35F28-68A0-5ABF-0000-0010D47E1610}","ProcessId":"2488","Image":"C:\\Users\\john\\Downloads\\GoogleChromePortable\\App\\Chrome-bin\\chrome.exe","User":"john-PC\\john","Protocol":"udp","Initiated":"true","SourceIsIpv6":"false","SourceIp":"192.168.56.102","SourceHostname":"john-PC","SourcePort":"55384","DestinationIsIpv6":"false","DestinationIp":"216.58.210.142","DestinationHostname":"mad06s09-in-f142.1e100.net","DestinationPort":"443","DestinationPortName":"https","SourceModuleName":"in","SourceModuleType":"im_msvistalog"}]}]]
	at org.elasticsearch.action.support.replication.TransportReplicationAction$ReroutePhase.retryBecauseUnavailable(TransportReplicationAction.java:944) [elasticsearch-6.2.3.jar:6.2.3]
	at org.elasticsearch.action.support.replication.TransportReplicationAction$ReroutePhase.retryIfUnavailable(TransportReplicationAction.java:781) [elasticsearch-6.2.3.jar:6.2.3]
	at org.elasticsearch.action.support.replication.TransportReplicationAction$ReroutePhase.doRun(TransportReplicationAction.java:734) [elasticsearch-6.2.3.jar:6.2.3]
	at org.elasticsearch.common.util.concurrent.AbstractRunnable.run(AbstractRunnable.java:37) [elasticsearch-6.2.3.jar:6.2.3]
	at org.elasticsearch.action.support.replication.TransportReplicationAction$ReroutePhase$2.onTimeout(TransportReplicationAction.java:898) [elasticsearch-6.2.3.jar:6.2.3]
	at org.elasticsearch.cluster.ClusterStateObserver$ContextPreservingListener.onTimeout(ClusterStateObserver.java:317) [elasticsearch-6.2.3.jar:6.2.3]
	at org.elasticsearch.cluster.ClusterStateObserver$ObserverClusterStateListener.onTimeout(ClusterStateObserver.java:244) [elasticsearch-6.2.3.jar:6.2.3]
	at org.elasticsearch.cluster.service.ClusterApplierService$NotifyTimeout.run(ClusterApplierService.java:581) [elasticsearch-6.2.3.jar:6.2.3]
	at org.elasticsearch.common.util.concurrent.ThreadContext$ContextPreservingRunnable.run(ThreadContext.java:573) [elasticsearch-6.2.3.jar:6.2.3]
	at java.util.concurrent.ThreadPoolExecutor.runWorker(ThreadPoolExecutor.java:1149) [?:1.8.0_161]
	at java.util.concurrent.ThreadPoolExecutor$Worker.run(ThreadPoolExecutor.java:624) [?:1.8.0_161]
	at java.lang.Thread.run(Thread.java:748) [?:1.8.0_161]
[2018-04-07T00:27:26,489][WARN ][r.suppressed             ] path: /nxlog-2018.03.31.14.11/in, params: {index=nxlog-2018.03.31.14.11, type=in}
org.elasticsearch.action.UnavailableShardsException: [nxlog-2018.03.31.14.11][0] primary shard is not active Timeout: [1m], request: [BulkShardRequest [[nxlog-2018.03.31.14.11][0]] containing [index {[nxlog-2018.03.31.14.11][in][004RnWIBZOTYwWd_aBo4], source[{"EventTime":"2018-03-31 14:11:25","Hostname":"john-PC","Keywords":-9223372036854775808,"EventType":"INFO","SeverityValue":2,"Severity":"INFO","EventID":3,"SourceName":"Microsoft-Windows-Sysmon","ProviderGuid":"{5770385F-C22A-43E0-BF4C-06F5698FFBD9}","Version":5,"Task":3,"OpcodeValue":0,"RecordNumber":60865500,"ExecutionProcessID":1660,"ExecutionThreadID":1864,"Channel":"Microsoft-Windows-Sysmon/Operational","Domain":"NT AUTHORITY","AccountName":"SYSTEM","UserID":"S-1-5-18","AccountType":"User","Message":"Network connection detected:\r\nUtcTime: 2018-03-31 12:11:31.442\r\nProcessGuid: {53F35F28-68A0-5ABF-0000-0010D47E1610}\r\nProcessId: 2488\r\nImage: C:\\Users\\john\\Downloads\\GoogleChromePortable\\App\\Chrome-bin\\chrome.exe\r\nUser: john-PC\\john\r\nProtocol: udp\r\nInitiated: true\r\nSourceIsIpv6: false\r\nSourceIp: 192.168.56.102\r\nSourceHostname: john-PC\r\nSourcePort: 55384\r\nSourcePortName: \r\nDestinationIsIpv6: false\r\nDestinationIp: 216.58.210.142\r\nDestinationHostname: mad06s09-in-f142.1e100.net\r\nDestinationPort: 443\r\nDestinationPortName: https","Category":"Network connection detected (rule: NetworkConnect)","Opcode":"InformaciĂłn","UtcTime":"2018-03-31 12:11:31.442","ProcessGuid":"{53F35F28-68A0-5ABF-0000-0010D47E1610}","ProcessId":"2488","Image":"C:\\Users\\john\\Downloads\\GoogleChromePortable\\App\\Chrome-bin\\chrome.exe","User":"john-PC\\john","Protocol":"udp","Initiated":"true","SourceIsIpv6":"false","SourceIp":"192.168.56.102","SourceHostname":"john-PC","SourcePort":"55384","DestinationIsIpv6":"false","DestinationIp":"216.58.210.142","DestinationHostname":"mad06s09-in-f142.1e100.net","DestinationPort":"443","DestinationPortName":"https","SourceModuleName":"in","SourceModuleType":"im_msvistalog"}]}]]
	at org.elasticsearch.action.support.replication.TransportReplicationAction$ReroutePhase.retryBecauseUnavailable(TransportReplicationAction.java:944) [elasticsearch-6.2.3.jar:6.2.3]
	at org.elasticsearch.action.support.replication.TransportReplicationAction$ReroutePhase.retryIfUnavailable(TransportReplicationAction.java:781) [elasticsearch-6.2.3.jar:6.2.3]
	at org.elasticsearch.action.support.replication.TransportReplicationAction$ReroutePhase.doRun(TransportReplicationAction.java:734) [elasticsearch-6.2.3.jar:6.2.3]
	at org.elasticsearch.common.util.concurrent.AbstractRunnable.run(AbstractRunnable.java:37) [elasticsearch-6.2.3.jar:6.2.3]
	at org.elasticsearch.action.support.replication.TransportReplicationAction$ReroutePhase$2.onTimeout(TransportReplicationAction.java:898) [elasticsearch-6.2.3.jar:6.2.3]
	at org.elasticsearch.cluster.ClusterStateObserver$ContextPreservingListener.onTimeout(ClusterStateObserver.java:317) [elasticsearch-6.2.3.jar:6.2.3]
	at org.elasticsearch.cluster.ClusterStateObserver$ObserverClusterStateListener.onTimeout(ClusterStateObserver.java:244) [elasticsearch-6.2.3.jar:6.2.3]
	at org.elasticsearch.cluster.service.ClusterApplierService$NotifyTimeout.run(ClusterApplierService.java:581) [elasticsearch-6.2.3.jar:6.2.3]
	at org.elasticsearch.common.util.concurrent.ThreadContext$ContextPreservingRunnable.run(ThreadContext.java:573) [elasticsearch-6.2.3.jar:6.2.3]
	at java.util.concurrent.ThreadPoolExecutor.runWorker(ThreadPoolExecutor.java:1149) [?:1.8.0_161]
	at java.util.concurrent.ThreadPoolExecutor$Worker.run(ThreadPoolExecutor.java:624) [?:1.8.0_161]
	at java.lang.Thread.run(Thread.java:748) [?:1.8.0_161]
[2018-04-07T00:27:36,511][WARN ][r.suppressed             ] path: /nxlog-2018.03.31.14.11/in, params: {index=nxlog-2018.03.31.14.11, type=in}
org.elasticsearch.action.UnavailableShardsException: [nxlog-2018.03.31.14.11][0] primary shard is not active Timeout: [1m], request: [BulkShardRequest [[nxlog-2018.03.31.14.11][0]] containing [index {[nxlog-2018.03.31.14.11][in][1E4RnWIBZOTYwWd_jxpe], source[{"EventTime":"2018-03-31 14:11:25","Hostname":"john-PC","Keywords":-9223372036854775808,"EventType":"INFO","SeverityValue":2,"Severity":"INFO","EventID":3,"SourceName":"Microsoft-Windows-Sysmon","ProviderGuid":"{5770385F-C22A-43E0-BF4C-06F5698FFBD9}","Version":5,"Task":3,"OpcodeValue":0,"RecordNumber":60865500,"ExecutionProcessID":1660,"ExecutionThreadID":1864,"Channel":"Microsoft-Windows-Sysmon/Operational","Domain":"NT AUTHORITY","AccountName":"SYSTEM","UserID":"S-1-5-18","AccountType":"User","Message":"Network connection detected:\r\nUtcTime: 2018-03-31 12:11:31.442\r\nProcessGuid: {53F35F28-68A0-5ABF-0000-0010D47E1610}\r\nProcessId: 2488\r\nImage: C:\\Users\\john\\Downloads\\GoogleChromePortable\\App\\Chrome-bin\\chrome.exe\r\nUser: john-PC\\john\r\nProtocol: udp\r\nInitiated: true\r\nSourceIsIpv6: false\r\nSourceIp: 192.168.56.102\r\nSourceHostname: john-PC\r\nSourcePort: 55384\r\nSourcePortName: \r\nDestinationIsIpv6: false\r\nDestinationIp: 216.58.210.142\r\nDestinationHostname: mad06s09-in-f142.1e100.net\r\nDestinationPort: 443\r\nDestinationPortName: https","Category":"Network connection detected (rule: NetworkConnect)","Opcode":"InformaciĂłn","UtcTime":"2018-03-31 12:11:31.442","ProcessGuid":"{53F35F28-68A0-5ABF-0000-0010D47E1610}","ProcessId":"2488","Image":"C:\\Users\\john\\Downloads\\GoogleChromePortable\\App\\Chrome-bin\\chrome.exe","User":"john-PC\\john","Protocol":"udp","Initiated":"true","SourceIsIpv6":"false","SourceIp":"192.168.56.102","SourceHostname":"john-PC","SourcePort":"55384","DestinationIsIpv6":"false","DestinationIp":"216.58.210.142","DestinationHostname":"mad06s09-in-f142.1e100.net","DestinationPort":"443","DestinationPortName":"https","SourceModuleName":"in","SourceModuleType":"im_msvistalog"}]}]]
	at org.elasticsearch.action.support.replication.TransportReplicationAction$ReroutePhase.retryBecauseUnavailable(TransportReplicationAction.java:944) [elasticsearch-6.2.3.jar:6.2.3]
	at org.elasticsearch.action.support.replication.TransportReplicationAction$ReroutePhase.retryIfUnavailable(TransportReplicationAction.java:781) [elasticsearch-6.2.3.jar:6.2.3]
	at org.elasticsearch.action.support.replication.TransportReplicationAction$ReroutePhase.doRun(TransportReplicationAction.java:734) [elasticsearch-6.2.3.jar:6.2.3]
	at org.elasticsearch.common.util.concurrent.AbstractRunnable.run(AbstractRunnable.java:37) [elasticsearch-6.2.3.jar:6.2.3]
	at org.elasticsearch.action.support.replication.TransportReplicationAction$ReroutePhase$2.onTimeout(TransportReplicationAction.java:898) [elasticsearch-6.2.3.jar:6.2.3]
	at org.elasticsearch.cluster.ClusterStateObserver$ContextPreservingListener.onTimeout(ClusterStateObserver.java:317) [elasticsearch-6.2.3.jar:6.2.3]
	at org.elasticsearch.cluster.ClusterStateObserver$ObserverClusterStateListener.onTimeout(ClusterStateObserver.java:244) [elasticsearch-6.2.3.jar:6.2.3]
	at org.elasticsearch.cluster.service.ClusterApplierService$NotifyTimeout.run(ClusterApplierService.java:581) [elasticsearch-6.2.3.jar:6.2.3]
	at org.elasticsearch.common.util.concurrent.ThreadContext$ContextPreservingRunnable.run(ThreadContext.java:573) [elasticsearch-6.2.3.jar:6.2.3]
	at java.util.concurrent.ThreadPoolExecutor.runWorker(ThreadPoolExecutor.java:1149) [?:1.8.0_161]
	at java.util.concurrent.ThreadPoolExecutor$Worker.run(ThreadPoolExecutor.java:624) [?:1.8.0_161]
	at java.lang.Thread.run(Thread.java:748) [?:1.8.0_161]
