[2018-04-07T01:04:46,268][WARN ][r.suppressed             ] path: /nxlog-2018.03.31.12.08/in, params: {index=nxlog-2018.03.31.12.08, type=in}
org.elasticsearch.action.UnavailableShardsException: [nxlog-2018.03.31.12.08][0] primary shard is not active Timeout: [1m], request: [BulkShardRequest [[nxlog-2018.03.31.12.08][0]] containing [index {[nxlog-2018.03.31.12.08][in][1ggznWIBI0u9HdUrlZZb], source[{"EventTime":"2018-03-31 12:08:51","Hostname":"john-PC","Keywords":0,"EventType":"INFO","SeverityValue":2,"Severity":"INFO","EventID":7,"SourceName":"Microsoft-Windows-Sysmon","ProviderGuid":"{5770385F-C22A-43E0-BF4C-06F5698FFBD9}","Version":3,"Task":7,"OpcodeValue":0,"RecordNumber":57813362,"ExecutionProcessID":1316,"ExecutionThreadID":1824,"Channel":"Microsoft-Windows-Sysmon/Operational","Domain":"NT AUTHORITY","AccountName":"SYSTEM","UserID":"S-1-5-18","AccountType":"User","Message":"Image loaded:\r\nUtcTime: 2018-03-31 10:08:26.914\r\nProcessGuid: {53F35F28-49F1-5ABF-0000-0010F7740100}\r\nProcessId: 1316\r\nImage: C:\\Windows\\Sysmon.exe\r\nImageLoaded: C:\\Windows\\System32\\pcasvc.dll\r\nFileVersion: 6.1.7600.16385 (win7_rtm.090713-1255)\r\nDescription: Servicio de compatibilidad de programas\r\nProduct: Sistema operativo Microsoft® Windows®\r\nCompany: Microsoft Corporation\r\nHashes: MD5=3AEAA8B561E63452C655DC0584922257,SHA256=04C072969B58657602EB0C21CEDF24FCEE14E61B90A0F758F93925EF2C9FC32D\r\nSigned: true\r\nSignature: Microsoft Windows\r\nSignatureStatus: Valid","Category":"Image loaded (rule: ImageLoad)","Opcode":"Información","UtcTime":"2018-03-31 10:08:26","ProcessGuid":"{53F35F28-49F1-5ABF-0000-0010F7740100}","ProcessId":"1316","Image":"C:\\Windows\\Sysmon.exe","ImageLoaded":"C:\\Windows\\System32\\pcasvc.dll","FileVersion":"6.1.7600.16385 (win7_rtm.090713-1255)","Description":"Servicio de compatibilidad de programas","Product":"Sistema operativo Microsoft® Windows®","Company":"Microsoft Corporation","Hashes":"MD5=3AEAA8B561E63452C655DC0584922257,SHA256=04C072969B58657602EB0C21CEDF24FCEE14E61B90A0F758F93925EF2C9FC32D","Signed":"true","Signature":"Microsoft Windows","SignatureStatus":"Valid","SourceModuleName":"in","SourceModuleType":"im_msvistalog"}]}]]
	at org.elasticsearch.action.support.replication.TransportReplicationAction$ReroutePhase.retryBecauseUnavailable(TransportReplicationAction.java:944) [elasticsearch-6.2.3.jar:6.2.3]
	at org.elasticsearch.action.support.replication.TransportReplicationAction$ReroutePhase.retryIfUnavailable(TransportReplicationAction.java:781) [elasticsearch-6.2.3.jar:6.2.3]
	at org.elasticsearch.action.support.replication.TransportReplicationAction$ReroutePhase.doRun(TransportReplicationAction.java:734) [elasticsearch-6.2.3.jar:6.2.3]
	at org.elasticsearch.common.util.concurrent.AbstractRunnable.run(AbstractRunnable.java:37) [elasticsearch-6.2.3.jar:6.2.3]
	at org.elasticsearch.action.support.replication.TransportReplicationAction$ReroutePhase$2.onTimeout(TransportReplicationAction.java:898) [elasticsearch-6.2.3.jar:6.2.3]
	at org.elasticsearch.cluster.ClusterStateObserver$ContextPreservingListener.onTimeout(ClusterStateObserver.java:317) [elasticsearch-6.2.3.jar:6.2.3]
	at org.elasticsearch.cluster.ClusterStateObserver$ObserverClusterStateListener.onTimeout(ClusterStateObserver.java:244) [elasticsearch-6.2.3.jar:6.2.3]
	at org.elasticsearch.cluster.service.ClusterApplierService$NotifyTimeout.run(ClusterApplierService.java:581) [elasticsearch-6.2.3.jar:6.2.3]
	at org.elasticsearch.common.util.concurrent.ThreadContext$ContextPreservingRunnable.run(ThreadContext.java:573) [elasticsearch-6.2.3.jar:6.2.3]
	at java.util.concurrent.ThreadPoolExecutor.runWorker(ThreadPoolExecutor.java:1149) [?:1.8.0_161]
	at java.util.concurrent.ThreadPoolExecutor$Worker.run(ThreadPoolExecutor.java:624) [?:1.8.0_161]
	at java.lang.Thread.run(Thread.java:748) [?:1.8.0_161]
[2018-04-07T01:04:56,320][WARN ][r.suppressed             ] path: /nxlog-2018.03.31.12.08/in, params: {index=nxlog-2018.03.31.12.08, type=in}
org.elasticsearch.action.UnavailableShardsException: [nxlog-2018.03.31.12.08][0] primary shard is not active Timeout: [1m], request: [BulkShardRequest [[nxlog-2018.03.31.12.08][0]] containing [index {[nxlog-2018.03.31.12.08][in][1wgznWIBI0u9HdUrvJaf], source[{"EventTime":"2018-03-31 12:08:51","Hostname":"john-PC","Keywords":0,"EventType":"INFO","SeverityValue":2,"Severity":"INFO","EventID":7,"SourceName":"Microsoft-Windows-Sysmon","ProviderGuid":"{5770385F-C22A-43E0-BF4C-06F5698FFBD9}","Version":3,"Task":7,"OpcodeValue":0,"RecordNumber":57813362,"ExecutionProcessID":1316,"ExecutionThreadID":1824,"Channel":"Microsoft-Windows-Sysmon/Operational","Domain":"NT AUTHORITY","AccountName":"SYSTEM","UserID":"S-1-5-18","AccountType":"User","Message":"Image loaded:\r\nUtcTime: 2018-03-31 10:08:26.914\r\nProcessGuid: {53F35F28-49F1-5ABF-0000-0010F7740100}\r\nProcessId: 1316\r\nImage: C:\\Windows\\Sysmon.exe\r\nImageLoaded: C:\\Windows\\System32\\pcasvc.dll\r\nFileVersion: 6.1.7600.16385 (win7_rtm.090713-1255)\r\nDescription: Servicio de compatibilidad de programas\r\nProduct: Sistema operativo Microsoft® Windows®\r\nCompany: Microsoft Corporation\r\nHashes: MD5=3AEAA8B561E63452C655DC0584922257,SHA256=04C072969B58657602EB0C21CEDF24FCEE14E61B90A0F758F93925EF2C9FC32D\r\nSigned: true\r\nSignature: Microsoft Windows\r\nSignatureStatus: Valid","Category":"Image loaded (rule: ImageLoad)","Opcode":"Información","UtcTime":"2018-03-31 10:08:26","ProcessGuid":"{53F35F28-49F1-5ABF-0000-0010F7740100}","ProcessId":"1316","Image":"C:\\Windows\\Sysmon.exe","ImageLoaded":"C:\\Windows\\System32\\pcasvc.dll","FileVersion":"6.1.7600.16385 (win7_rtm.090713-1255)","Description":"Servicio de compatibilidad de programas","Product":"Sistema operativo Microsoft® Windows®","Company":"Microsoft Corporation","Hashes":"MD5=3AEAA8B561E63452C655DC0584922257,SHA256=04C072969B58657602EB0C21CEDF24FCEE14E61B90A0F758F93925EF2C9FC32D","Signed":"true","Signature":"Microsoft Windows","SignatureStatus":"Valid","SourceModuleName":"in","SourceModuleType":"im_msvistalog"}]}]]
	at org.elasticsearch.action.support.replication.TransportReplicationAction$ReroutePhase.retryBecauseUnavailable(TransportReplicationAction.java:944) [elasticsearch-6.2.3.jar:6.2.3]
	at org.elasticsearch.action.support.replication.TransportReplicationAction$ReroutePhase.retryIfUnavailable(TransportReplicationAction.java:781) [elasticsearch-6.2.3.jar:6.2.3]
	at org.elasticsearch.action.support.replication.TransportReplicationAction$ReroutePhase.doRun(TransportReplicationAction.java:734) [elasticsearch-6.2.3.jar:6.2.3]
	at org.elasticsearch.common.util.concurrent.AbstractRunnable.run(AbstractRunnable.java:37) [elasticsearch-6.2.3.jar:6.2.3]
	at org.elasticsearch.action.support.replication.TransportReplicationAction$ReroutePhase$2.onTimeout(TransportReplicationAction.java:898) [elasticsearch-6.2.3.jar:6.2.3]
	at org.elasticsearch.cluster.ClusterStateObserver$ContextPreservingListener.onTimeout(ClusterStateObserver.java:317) [elasticsearch-6.2.3.jar:6.2.3]
	at org.elasticsearch.cluster.ClusterStateObserver$ObserverClusterStateListener.onTimeout(ClusterStateObserver.java:244) [elasticsearch-6.2.3.jar:6.2.3]
	at org.elasticsearch.cluster.service.ClusterApplierService$NotifyTimeout.run(ClusterApplierService.java:581) [elasticsearch-6.2.3.jar:6.2.3]
	at org.elasticsearch.common.util.concurrent.ThreadContext$ContextPreservingRunnable.run(ThreadContext.java:573) [elasticsearch-6.2.3.jar:6.2.3]
	at java.util.concurrent.ThreadPoolExecutor.runWorker(ThreadPoolExecutor.java:1149) [?:1.8.0_161]
	at java.util.concurrent.ThreadPoolExecutor$Worker.run(ThreadPoolExecutor.java:624) [?:1.8.0_161]
	at java.lang.Thread.run(Thread.java:748) [?:1.8.0_161]
[2018-04-07T01:05:06,345][WARN ][r.suppressed             ] path: /nxlog-2018.03.31.12.08/in, params: {index=nxlog-2018.03.31.12.08, type=in}
org.elasticsearch.action.UnavailableShardsException: [nxlog-2018.03.31.12.08][0] primary shard is not active Timeout: [1m], request: [BulkShardRequest [[nxlog-2018.03.31.12.08][0]] containing [index {[nxlog-2018.03.31.12.08][in][2AgznWIBI0u9HdUr45bH], source[{"EventTime":"2018-03-31 12:08:51","Hostname":"john-PC","Keywords":0,"EventType":"INFO","SeverityValue":2,"Severity":"INFO","EventID":7,"SourceName":"Microsoft-Windows-Sysmon","ProviderGuid":"{5770385F-C22A-43E0-BF4C-06F5698FFBD9}","Version":3,"Task":7,"OpcodeValue":0,"RecordNumber":57813362,"ExecutionProcessID":1316,"ExecutionThreadID":1824,"Channel":"Microsoft-Windows-Sysmon/Operational","Domain":"NT AUTHORITY","AccountName":"SYSTEM","UserID":"S-1-5-18","AccountType":"User","Message":"Image loaded:\r\nUtcTime: 2018-03-31 10:08:26.914\r\nProcessGuid: {53F35F28-49F1-5ABF-0000-0010F7740100}\r\nProcessId: 1316\r\nImage: C:\\Windows\\Sysmon.exe\r\nImageLoaded: C:\\Windows\\System32\\pcasvc.dll\r\nFileVersion: 6.1.7600.16385 (win7_rtm.090713-1255)\r\nDescription: Servicio de compatibilidad de programas\r\nProduct: Sistema operativo Microsoft® Windows®\r\nCompany: Microsoft Corporation\r\nHashes: MD5=3AEAA8B561E63452C655DC0584922257,SHA256=04C072969B58657602EB0C21CEDF24FCEE14E61B90A0F758F93925EF2C9FC32D\r\nSigned: true\r\nSignature: Microsoft Windows\r\nSignatureStatus: Valid","Category":"Image loaded (rule: ImageLoad)","Opcode":"Información","UtcTime":"2018-03-31 10:08:26","ProcessGuid":"{53F35F28-49F1-5ABF-0000-0010F7740100}","ProcessId":"1316","Image":"C:\\Windows\\Sysmon.exe","ImageLoaded":"C:\\Windows\\System32\\pcasvc.dll","FileVersion":"6.1.7600.16385 (win7_rtm.090713-1255)","Description":"Servicio de compatibilidad de programas","Product":"Sistema operativo Microsoft® Windows®","Company":"Microsoft Corporation","Hashes":"MD5=3AEAA8B561E63452C655DC0584922257,SHA256=04C072969B58657602EB0C21CEDF24FCEE14E61B90A0F758F93925EF2C9FC32D","Signed":"true","Signature":"Microsoft Windows","SignatureStatus":"Valid","SourceModuleName":"in","SourceModuleType":"im_msvistalog"}]}]]
	at org.elasticsearch.action.support.replication.TransportReplicationAction$ReroutePhase.retryBecauseUnavailable(TransportReplicationAction.java:944) [elasticsearch-6.2.3.jar:6.2.3]
	at org.elasticsearch.action.support.replication.TransportReplicationAction$ReroutePhase.retryIfUnavailable(TransportReplicationAction.java:781) [elasticsearch-6.2.3.jar:6.2.3]
	at org.elasticsearch.action.support.replication.TransportReplicationAction$ReroutePhase.doRun(TransportReplicationAction.java:734) [elasticsearch-6.2.3.jar:6.2.3]
	at org.elasticsearch.common.util.concurrent.AbstractRunnable.run(AbstractRunnable.java:37) [elasticsearch-6.2.3.jar:6.2.3]
	at org.elasticsearch.action.support.replication.TransportReplicationAction$ReroutePhase$2.onTimeout(TransportReplicationAction.java:898) [elasticsearch-6.2.3.jar:6.2.3]
	at org.elasticsearch.cluster.ClusterStateObserver$ContextPreservingListener.onTimeout(ClusterStateObserver.java:317) [elasticsearch-6.2.3.jar:6.2.3]
	at org.elasticsearch.cluster.ClusterStateObserver$ObserverClusterStateListener.onTimeout(ClusterStateObserver.java:244) [elasticsearch-6.2.3.jar:6.2.3]
	at org.elasticsearch.cluster.service.ClusterApplierService$NotifyTimeout.run(ClusterApplierService.java:581) [elasticsearch-6.2.3.jar:6.2.3]
	at org.elasticsearch.common.util.concurrent.ThreadContext$ContextPreservingRunnable.run(ThreadContext.java:573) [elasticsearch-6.2.3.jar:6.2.3]
	at java.util.concurrent.ThreadPoolExecutor.runWorker(ThreadPoolExecutor.java:1149) [?:1.8.0_161]
	at java.util.concurrent.ThreadPoolExecutor$Worker.run(ThreadPoolExecutor.java:624) [?:1.8.0_161]
	at java.lang.Thread.run(Thread.java:748) [?:1.8.0_161]
[2018-04-07T01:05:16,363][WARN ][r.suppressed             ] path: /nxlog-2018.03.31.12.08/in, params: {index=nxlog-2018.03.31.12.08, type=in}
org.elasticsearch.action.UnavailableShardsException: [nxlog-2018.03.31.12.08][0] primary shard is not active Timeout: [1m], request: [BulkShardRequest [[nxlog-2018.03.31.12.08][0]] containing [index {[nxlog-2018.03.31.12.08][in][2Qg0nWIBI0u9HdUrCpbp], source[{"EventTime":"2018-03-31 12:08:51","Hostname":"john-PC","Keywords":0,"EventType":"INFO","SeverityValue":2,"Severity":"INFO","EventID":7,"SourceName":"Microsoft-Windows-Sysmon","ProviderGuid":"{5770385F-C22A-43E0-BF4C-06F5698FFBD9}","Version":3,"Task":7,"OpcodeValue":0,"RecordNumber":57813362,"ExecutionProcessID":1316,"ExecutionThreadID":1824,"Channel":"Microsoft-Windows-Sysmon/Operational","Domain":"NT AUTHORITY","AccountName":"SYSTEM","UserID":"S-1-5-18","AccountType":"User","Message":"Image loaded:\r\nUtcTime: 2018-03-31 10:08:26.914\r\nProcessGuid: {53F35F28-49F1-5ABF-0000-0010F7740100}\r\nProcessId: 1316\r\nImage: C:\\Windows\\Sysmon.exe\r\nImageLoaded: C:\\Windows\\System32\\pcasvc.dll\r\nFileVersion: 6.1.7600.16385 (win7_rtm.090713-1255)\r\nDescription: Servicio de compatibilidad de programas\r\nProduct: Sistema operativo Microsoft® Windows®\r\nCompany: Microsoft Corporation\r\nHashes: MD5=3AEAA8B561E63452C655DC0584922257,SHA256=04C072969B58657602EB0C21CEDF24FCEE14E61B90A0F758F93925EF2C9FC32D\r\nSigned: true\r\nSignature: Microsoft Windows\r\nSignatureStatus: Valid","Category":"Image loaded (rule: ImageLoad)","Opcode":"Información","UtcTime":"2018-03-31 10:08:26","ProcessGuid":"{53F35F28-49F1-5ABF-0000-0010F7740100}","ProcessId":"1316","Image":"C:\\Windows\\Sysmon.exe","ImageLoaded":"C:\\Windows\\System32\\pcasvc.dll","FileVersion":"6.1.7600.16385 (win7_rtm.090713-1255)","Description":"Servicio de compatibilidad de programas","Product":"Sistema operativo Microsoft® Windows®","Company":"Microsoft Corporation","Hashes":"MD5=3AEAA8B561E63452C655DC0584922257,SHA256=04C072969B58657602EB0C21CEDF24FCEE14E61B90A0F758F93925EF2C9FC32D","Signed":"true","Signature":"Microsoft Windows","SignatureStatus":"Valid","SourceModuleName":"in","SourceModuleType":"im_msvistalog"}]}]]
	at org.elasticsearch.action.support.replication.TransportReplicationAction$ReroutePhase.retryBecauseUnavailable(TransportReplicationAction.java:944) [elasticsearch-6.2.3.jar:6.2.3]
	at org.elasticsearch.action.support.replication.TransportReplicationAction$ReroutePhase.retryIfUnavailable(TransportReplicationAction.java:781) [elasticsearch-6.2.3.jar:6.2.3]
	at org.elasticsearch.action.support.replication.TransportReplicationAction$ReroutePhase.doRun(TransportReplicationAction.java:734) [elasticsearch-6.2.3.jar:6.2.3]
	at org.elasticsearch.common.util.concurrent.AbstractRunnable.run(AbstractRunnable.java:37) [elasticsearch-6.2.3.jar:6.2.3]
	at org.elasticsearch.action.support.replication.TransportReplicationAction$ReroutePhase$2.onTimeout(TransportReplicationAction.java:898) [elasticsearch-6.2.3.jar:6.2.3]
	at org.elasticsearch.cluster.ClusterStateObserver$ContextPreservingListener.onTimeout(ClusterStateObserver.java:317) [elasticsearch-6.2.3.jar:6.2.3]
	at org.elasticsearch.cluster.ClusterStateObserver$ObserverClusterStateListener.onTimeout(ClusterStateObserver.java:244) [elasticsearch-6.2.3.jar:6.2.3]
	at org.elasticsearch.cluster.service.ClusterApplierService$NotifyTimeout.run(ClusterApplierService.java:581) [elasticsearch-6.2.3.jar:6.2.3]
	at org.elasticsearch.common.util.concurrent.ThreadContext$ContextPreservingRunnable.run(ThreadContext.java:573) [elasticsearch-6.2.3.jar:6.2.3]
	at java.util.concurrent.ThreadPoolExecutor.runWorker(ThreadPoolExecutor.java:1149) [?:1.8.0_161]
	at java.util.concurrent.ThreadPoolExecutor$Worker.run(ThreadPoolExecutor.java:624) [?:1.8.0_161]
	at java.lang.Thread.run(Thread.java:748) [?:1.8.0_161]
[2018-04-07T01:05:26,390][WARN ][r.suppressed             ] path: /nxlog-2018.03.31.12.08/in, params: {index=nxlog-2018.03.31.12.08, type=in}
org.elasticsearch.action.UnavailableShardsException: [nxlog-2018.03.31.12.08][0] primary shard is not active Timeout: [1m], request: [BulkShardRequest [[nxlog-2018.03.31.12.08][0]] containing [index {[nxlog-2018.03.31.12.08][in][2gg0nWIBI0u9HdUrMpYU], source[{"EventTime":"2018-03-31 12:08:51","Hostname":"john-PC","Keywords":0,"EventType":"INFO","SeverityValue":2,"Severity":"INFO","EventID":7,"SourceName":"Microsoft-Windows-Sysmon","ProviderGuid":"{5770385F-C22A-43E0-BF4C-06F5698FFBD9}","Version":3,"Task":7,"OpcodeValue":0,"RecordNumber":57813362,"ExecutionProcessID":1316,"ExecutionThreadID":1824,"Channel":"Microsoft-Windows-Sysmon/Operational","Domain":"NT AUTHORITY","AccountName":"SYSTEM","UserID":"S-1-5-18","AccountType":"User","Message":"Image loaded:\r\nUtcTime: 2018-03-31 10:08:26.914\r\nProcessGuid: {53F35F28-49F1-5ABF-0000-0010F7740100}\r\nProcessId: 1316\r\nImage: C:\\Windows\\Sysmon.exe\r\nImageLoaded: C:\\Windows\\System32\\pcasvc.dll\r\nFileVersion: 6.1.7600.16385 (win7_rtm.090713-1255)\r\nDescription: Servicio de compatibilidad de programas\r\nProduct: Sistema operativo Microsoft® Windows®\r\nCompany: Microsoft Corporation\r\nHashes: MD5=3AEAA8B561E63452C655DC0584922257,SHA256=04C072969B58657602EB0C21CEDF24FCEE14E61B90A0F758F93925EF2C9FC32D\r\nSigned: true\r\nSignature: Microsoft Windows\r\nSignatureStatus: Valid","Category":"Image loaded (rule: ImageLoad)","Opcode":"Información","UtcTime":"2018-03-31 10:08:26","ProcessGuid":"{53F35F28-49F1-5ABF-0000-0010F7740100}","ProcessId":"1316","Image":"C:\\Windows\\Sysmon.exe","ImageLoaded":"C:\\Windows\\System32\\pcasvc.dll","FileVersion":"6.1.7600.16385 (win7_rtm.090713-1255)","Description":"Servicio de compatibilidad de programas","Product":"Sistema operativo Microsoft® Windows®","Company":"Microsoft Corporation","Hashes":"MD5=3AEAA8B561E63452C655DC0584922257,SHA256=04C072969B58657602EB0C21CEDF24FCEE14E61B90A0F758F93925EF2C9FC32D","Signed":"true","Signature":"Microsoft Windows","SignatureStatus":"Valid","SourceModuleName":"in","SourceModuleType":"im_msvistalog"}]}]]
	at org.elasticsearch.action.support.replication.TransportReplicationAction$ReroutePhase.retryBecauseUnavailable(TransportReplicationAction.java:944) [elasticsearch-6.2.3.jar:6.2.3]
	at org.elasticsearch.action.support.replication.TransportReplicationAction$ReroutePhase.retryIfUnavailable(TransportReplicationAction.java:781) [elasticsearch-6.2.3.jar:6.2.3]
	at org.elasticsearch.action.support.replication.TransportReplicationAction$ReroutePhase.doRun(TransportReplicationAction.java:734) [elasticsearch-6.2.3.jar:6.2.3]
	at org.elasticsearch.common.util.concurrent.AbstractRunnable.run(AbstractRunnable.java:37) [elasticsearch-6.2.3.jar:6.2.3]
	at org.elasticsearch.action.support.replication.TransportReplicationAction$ReroutePhase$2.onTimeout(TransportReplicationAction.java:898) [elasticsearch-6.2.3.jar:6.2.3]
	at org.elasticsearch.cluster.ClusterStateObserver$ContextPreservingListener.onTimeout(ClusterStateObserver.java:317) [elasticsearch-6.2.3.jar:6.2.3]
	at org.elasticsearch.cluster.ClusterStateObserver$ObserverClusterStateListener.onTimeout(ClusterStateObserver.java:244) [elasticsearch-6.2.3.jar:6.2.3]
	at org.elasticsearch.cluster.service.ClusterApplierService$NotifyTimeout.run(ClusterApplierService.java:581) [elasticsearch-6.2.3.jar:6.2.3]
	at org.elasticsearch.common.util.concurrent.ThreadContext$ContextPreservingRunnable.run(ThreadContext.java:573) [elasticsearch-6.2.3.jar:6.2.3]
	at java.util.concurrent.ThreadPoolExecutor.runWorker(ThreadPoolExecutor.java:1149) [?:1.8.0_161]
	at java.util.concurrent.ThreadPoolExecutor$Worker.run(ThreadPoolExecutor.java:624) [?:1.8.0_161]
	at java.lang.Thread.run(Thread.java:748) [?:1.8.0_161]
[2018-04-07T01:05:36,413][WARN ][r.suppressed             ] path: /nxlog-2018.03.31.12.08/in, params: {index=nxlog-2018.03.31.12.08, type=in}
org.elasticsearch.action.UnavailableShardsException: [nxlog-2018.03.31.12.08][0] primary shard is not active Timeout: [1m], request: [BulkShardRequest [[nxlog-2018.03.31.12.08][0]] containing [index {[nxlog-2018.03.31.12.08][in][2wg0nWIBI0u9HdUrWZY8], source[{"EventTime":"2018-03-31 12:08:51","Hostname":"john-PC","Keywords":0,"EventType":"INFO","SeverityValue":2,"Severity":"INFO","EventID":7,"SourceName":"Microsoft-Windows-Sysmon","ProviderGuid":"{5770385F-C22A-43E0-BF4C-06F5698FFBD9}","Version":3,"Task":7,"OpcodeValue":0,"RecordNumber":57813362,"ExecutionProcessID":1316,"ExecutionThreadID":1824,"Channel":"Microsoft-Windows-Sysmon/Operational","Domain":"NT AUTHORITY","AccountName":"SYSTEM","UserID":"S-1-5-18","AccountType":"User","Message":"Image loaded:\r\nUtcTime: 2018-03-31 10:08:26.914\r\nProcessGuid: {53F35F28-49F1-5ABF-0000-0010F7740100}\r\nProcessId: 1316\r\nImage: C:\\Windows\\Sysmon.exe\r\nImageLoaded: C:\\Windows\\System32\\pcasvc.dll\r\nFileVersion: 6.1.7600.16385 (win7_rtm.090713-1255)\r\nDescription: Servicio de compatibilidad de programas\r\nProduct: Sistema operativo Microsoft® Windows®\r\nCompany: Microsoft Corporation\r\nHashes: MD5=3AEAA8B561E63452C655DC0584922257,SHA256=04C072969B58657602EB0C21CEDF24FCEE14E61B90A0F758F93925EF2C9FC32D\r\nSigned: true\r\nSignature: Microsoft Windows\r\nSignatureStatus: Valid","Category":"Image loaded (rule: ImageLoad)","Opcode":"Información","UtcTime":"2018-03-31 10:08:26","ProcessGuid":"{53F35F28-49F1-5ABF-0000-0010F7740100}","ProcessId":"1316","Image":"C:\\Windows\\Sysmon.exe","ImageLoaded":"C:\\Windows\\System32\\pcasvc.dll","FileVersion":"6.1.7600.16385 (win7_rtm.090713-1255)","Description":"Servicio de compatibilidad de programas","Product":"Sistema operativo Microsoft® Windows®","Company":"Microsoft Corporation","Hashes":"MD5=3AEAA8B561E63452C655DC0584922257,SHA256=04C072969B58657602EB0C21CEDF24FCEE14E61B90A0F758F93925EF2C9FC32D","Signed":"true","Signature":"Microsoft Windows","SignatureStatus":"Valid","SourceModuleName":"in","SourceModuleType":"im_msvistalog"}]}]]
	at org.elasticsearch.action.support.replication.TransportReplicationAction$ReroutePhase.retryBecauseUnavailable(TransportReplicationAction.java:944) [elasticsearch-6.2.3.jar:6.2.3]
	at org.elasticsearch.action.support.replication.TransportReplicationAction$ReroutePhase.retryIfUnavailable(TransportReplicationAction.java:781) [elasticsearch-6.2.3.jar:6.2.3]
	at org.elasticsearch.action.support.replication.TransportReplicationAction$ReroutePhase.doRun(TransportReplicationAction.java:734) [elasticsearch-6.2.3.jar:6.2.3]
	at org.elasticsearch.common.util.concurrent.AbstractRunnable.run(AbstractRunnable.java:37) [elasticsearch-6.2.3.jar:6.2.3]
	at org.elasticsearch.action.support.replication.TransportReplicationAction$ReroutePhase$2.onTimeout(TransportReplicationAction.java:898) [elasticsearch-6.2.3.jar:6.2.3]
	at org.elasticsearch.cluster.ClusterStateObserver$ContextPreservingListener.onTimeout(ClusterStateObserver.java:317) [elasticsearch-6.2.3.jar:6.2.3]
	at org.elasticsearch.cluster.ClusterStateObserver$ObserverClusterStateListener.onTimeout(ClusterStateObserver.java:244) [elasticsearch-6.2.3.jar:6.2.3]
	at org.elasticsearch.cluster.service.ClusterApplierService$NotifyTimeout.run(ClusterApplierService.java:581) [elasticsearch-6.2.3.jar:6.2.3]
	at org.elasticsearch.common.util.concurrent.ThreadContext$ContextPreservingRunnable.run(ThreadContext.java:573) [elasticsearch-6.2.3.jar:6.2.3]
	at java.util.concurrent.ThreadPoolExecutor.runWorker(ThreadPoolExecutor.java:1149) [?:1.8.0_161]
	at java.util.concurrent.ThreadPoolExecutor$Worker.run(ThreadPoolExecutor.java:624) [?:1.8.0_161]
	at java.lang.Thread.run(Thread.java:748) [?:1.8.0_161]
[2018-04-07T01:05:46,431][WARN ][r.suppressed             ] path: /nxlog-2018.03.31.12.08/in, params: {index=nxlog-2018.03.31.12.08, type=in}
org.elasticsearch.action.UnavailableShardsException: [nxlog-2018.03.31.12.08][0] primary shard is not active Timeout: [1m], request: [BulkShardRequest [[nxlog-2018.03.31.12.08][0]] containing [index {[nxlog-2018.03.31.12.08][in][3Ag0nWIBI0u9HdUrgJZe], source[{"EventTime":"2018-03-31 12:08:51","Hostname":"john-PC","Keywords":0,"EventType":"INFO","SeverityValue":2,"Severity":"INFO","EventID":7,"SourceName":"Microsoft-Windows-Sysmon","ProviderGuid":"{5770385F-C22A-43E0-BF4C-06F5698FFBD9}","Version":3,"Task":7,"OpcodeValue":0,"RecordNumber":57813362,"ExecutionProcessID":1316,"ExecutionThreadID":1824,"Channel":"Microsoft-Windows-Sysmon/Operational","Domain":"NT AUTHORITY","AccountName":"SYSTEM","UserID":"S-1-5-18","AccountType":"User","Message":"Image loaded:\r\nUtcTime: 2018-03-31 10:08:26.914\r\nProcessGuid: {53F35F28-49F1-5ABF-0000-0010F7740100}\r\nProcessId: 1316\r\nImage: C:\\Windows\\Sysmon.exe\r\nImageLoaded: C:\\Windows\\System32\\pcasvc.dll\r\nFileVersion: 6.1.7600.16385 (win7_rtm.090713-1255)\r\nDescription: Servicio de compatibilidad de programas\r\nProduct: Sistema operativo Microsoft® Windows®\r\nCompany: Microsoft Corporation\r\nHashes: MD5=3AEAA8B561E63452C655DC0584922257,SHA256=04C072969B58657602EB0C21CEDF24FCEE14E61B90A0F758F93925EF2C9FC32D\r\nSigned: true\r\nSignature: Microsoft Windows\r\nSignatureStatus: Valid","Category":"Image loaded (rule: ImageLoad)","Opcode":"Información","UtcTime":"2018-03-31 10:08:26","ProcessGuid":"{53F35F28-49F1-5ABF-0000-0010F7740100}","ProcessId":"1316","Image":"C:\\Windows\\Sysmon.exe","ImageLoaded":"C:\\Windows\\System32\\pcasvc.dll","FileVersion":"6.1.7600.16385 (win7_rtm.090713-1255)","Description":"Servicio de compatibilidad de programas","Product":"Sistema operativo Microsoft® Windows®","Company":"Microsoft Corporation","Hashes":"MD5=3AEAA8B561E63452C655DC0584922257,SHA256=04C072969B58657602EB0C21CEDF24FCEE14E61B90A0F758F93925EF2C9FC32D","Signed":"true","Signature":"Microsoft Windows","SignatureStatus":"Valid","SourceModuleName":"in","SourceModuleType":"im_msvistalog"}]}]]
	at org.elasticsearch.action.support.replication.TransportReplicationAction$ReroutePhase.retryBecauseUnavailable(TransportReplicationAction.java:944) [elasticsearch-6.2.3.jar:6.2.3]
	at org.elasticsearch.action.support.replication.TransportReplicationAction$ReroutePhase.retryIfUnavailable(TransportReplicationAction.java:781) [elasticsearch-6.2.3.jar:6.2.3]
	at org.elasticsearch.action.support.replication.TransportReplicationAction$ReroutePhase.doRun(TransportReplicationAction.java:734) [elasticsearch-6.2.3.jar:6.2.3]
	at org.elasticsearch.common.util.concurrent.AbstractRunnable.run(AbstractRunnable.java:37) [elasticsearch-6.2.3.jar:6.2.3]
	at org.elasticsearch.action.support.replication.TransportReplicationAction$ReroutePhase$2.onTimeout(TransportReplicationAction.java:898) [elasticsearch-6.2.3.jar:6.2.3]
	at org.elasticsearch.cluster.ClusterStateObserver$ContextPreservingListener.onTimeout(ClusterStateObserver.java:317) [elasticsearch-6.2.3.jar:6.2.3]
	at org.elasticsearch.cluster.ClusterStateObserver$ObserverClusterStateListener.onTimeout(ClusterStateObserver.java:244) [elasticsearch-6.2.3.jar:6.2.3]
	at org.elasticsearch.cluster.service.ClusterApplierService$NotifyTimeout.run(ClusterApplierService.java:581) [elasticsearch-6.2.3.jar:6.2.3]
	at org.elasticsearch.common.util.concurrent.ThreadContext$ContextPreservingRunnable.run(ThreadContext.java:573) [elasticsearch-6.2.3.jar:6.2.3]
	at java.util.concurrent.ThreadPoolExecutor.runWorker(ThreadPoolExecutor.java:1149) [?:1.8.0_161]
	at java.util.concurrent.ThreadPoolExecutor$Worker.run(ThreadPoolExecutor.java:624) [?:1.8.0_161]
	at java.lang.Thread.run(Thread.java:748) [?:1.8.0_161]
[2018-04-07T01:05:56,456][WARN ][r.suppressed             ] path: /nxlog-2018.03.31.12.08/in, params: {index=nxlog-2018.03.31.12.08, type=in}
org.elasticsearch.action.UnavailableShardsException: [nxlog-2018.03.31.12.08][0] primary shard is not active Timeout: [1m], request: [BulkShardRequest [[nxlog-2018.03.31.12.08][0]] containing [index {[nxlog-2018.03.31.12.08][in][3Qg0nWIBI0u9HdUrp5aH], source[{"EventTime":"2018-03-31 12:08:51","Hostname":"john-PC","Keywords":0,"EventType":"INFO","SeverityValue":2,"Severity":"INFO","EventID":7,"SourceName":"Microsoft-Windows-Sysmon","ProviderGuid":"{5770385F-C22A-43E0-BF4C-06F5698FFBD9}","Version":3,"Task":7,"OpcodeValue":0,"RecordNumber":57813362,"ExecutionProcessID":1316,"ExecutionThreadID":1824,"Channel":"Microsoft-Windows-Sysmon/Operational","Domain":"NT AUTHORITY","AccountName":"SYSTEM","UserID":"S-1-5-18","AccountType":"User","Message":"Image loaded:\r\nUtcTime: 2018-03-31 10:08:26.914\r\nProcessGuid: {53F35F28-49F1-5ABF-0000-0010F7740100}\r\nProcessId: 1316\r\nImage: C:\\Windows\\Sysmon.exe\r\nImageLoaded: C:\\Windows\\System32\\pcasvc.dll\r\nFileVersion: 6.1.7600.16385 (win7_rtm.090713-1255)\r\nDescription: Servicio de compatibilidad de programas\r\nProduct: Sistema operativo Microsoft® Windows®\r\nCompany: Microsoft Corporation\r\nHashes: MD5=3AEAA8B561E63452C655DC0584922257,SHA256=04C072969B58657602EB0C21CEDF24FCEE14E61B90A0F758F93925EF2C9FC32D\r\nSigned: true\r\nSignature: Microsoft Windows\r\nSignatureStatus: Valid","Category":"Image loaded (rule: ImageLoad)","Opcode":"Información","UtcTime":"2018-03-31 10:08:26","ProcessGuid":"{53F35F28-49F1-5ABF-0000-0010F7740100}","ProcessId":"1316","Image":"C:\\Windows\\Sysmon.exe","ImageLoaded":"C:\\Windows\\System32\\pcasvc.dll","FileVersion":"6.1.7600.16385 (win7_rtm.090713-1255)","Description":"Servicio de compatibilidad de programas","Product":"Sistema operativo Microsoft® Windows®","Company":"Microsoft Corporation","Hashes":"MD5=3AEAA8B561E63452C655DC0584922257,SHA256=04C072969B58657602EB0C21CEDF24FCEE14E61B90A0F758F93925EF2C9FC32D","Signed":"true","Signature":"Microsoft Windows","SignatureStatus":"Valid","SourceModuleName":"in","SourceModuleType":"im_msvistalog"}]}]]
	at org.elasticsearch.action.support.replication.TransportReplicationAction$ReroutePhase.retryBecauseUnavailable(TransportReplicationAction.java:944) [elasticsearch-6.2.3.jar:6.2.3]
	at org.elasticsearch.action.support.replication.TransportReplicationAction$ReroutePhase.retryIfUnavailable(TransportReplicationAction.java:781) [elasticsearch-6.2.3.jar:6.2.3]
	at org.elasticsearch.action.support.replication.TransportReplicationAction$ReroutePhase.doRun(TransportReplicationAction.java:734) [elasticsearch-6.2.3.jar:6.2.3]
	at org.elasticsearch.common.util.concurrent.AbstractRunnable.run(AbstractRunnable.java:37) [elasticsearch-6.2.3.jar:6.2.3]
	at org.elasticsearch.action.support.replication.TransportReplicationAction$ReroutePhase$2.onTimeout(TransportReplicationAction.java:898) [elasticsearch-6.2.3.jar:6.2.3]
	at org.elasticsearch.cluster.ClusterStateObserver$ContextPreservingListener.onTimeout(ClusterStateObserver.java:317) [elasticsearch-6.2.3.jar:6.2.3]
	at org.elasticsearch.cluster.ClusterStateObserver$ObserverClusterStateListener.onTimeout(ClusterStateObserver.java:244) [elasticsearch-6.2.3.jar:6.2.3]
	at org.elasticsearch.cluster.service.ClusterApplierService$NotifyTimeout.run(ClusterApplierService.java:581) [elasticsearch-6.2.3.jar:6.2.3]
	at org.elasticsearch.common.util.concurrent.ThreadContext$ContextPreservingRunnable.run(ThreadContext.java:573) [elasticsearch-6.2.3.jar:6.2.3]
	at java.util.concurrent.ThreadPoolExecutor.runWorker(ThreadPoolExecutor.java:1149) [?:1.8.0_161]
	at java.util.concurrent.ThreadPoolExecutor$Worker.run(ThreadPoolExecutor.java:624) [?:1.8.0_161]
	at java.lang.Thread.run(Thread.java:748) [?:1.8.0_161]
[2018-04-07T01:06:06,489][WARN ][r.suppressed             ] path: /nxlog-2018.03.31.12.08/in, params: {index=nxlog-2018.03.31.12.08, type=in}
org.elasticsearch.action.UnavailableShardsException: [nxlog-2018.03.31.12.08][0] primary shard is not active Timeout: [1m], request: [BulkShardRequest [[nxlog-2018.03.31.12.08][0]] containing [index {[nxlog-2018.03.31.12.08][in][3gg0nWIBI0u9HdUrzpa4], source[{"EventTime":"2018-03-31 12:08:51","Hostname":"john-PC","Keywords":0,"EventType":"INFO","SeverityValue":2,"Severity":"INFO","EventID":7,"SourceName":"Microsoft-Windows-Sysmon","ProviderGuid":"{5770385F-C22A-43E0-BF4C-06F5698FFBD9}","Version":3,"Task":7,"OpcodeValue":0,"RecordNumber":57813362,"ExecutionProcessID":1316,"ExecutionThreadID":1824,"Channel":"Microsoft-Windows-Sysmon/Operational","Domain":"NT AUTHORITY","AccountName":"SYSTEM","UserID":"S-1-5-18","AccountType":"User","Message":"Image loaded:\r\nUtcTime: 2018-03-31 10:08:26.914\r\nProcessGuid: {53F35F28-49F1-5ABF-0000-0010F7740100}\r\nProcessId: 1316\r\nImage: C:\\Windows\\Sysmon.exe\r\nImageLoaded: C:\\Windows\\System32\\pcasvc.dll\r\nFileVersion: 6.1.7600.16385 (win7_rtm.090713-1255)\r\nDescription: Servicio de compatibilidad de programas\r\nProduct: Sistema operativo Microsoft® Windows®\r\nCompany: Microsoft Corporation\r\nHashes: MD5=3AEAA8B561E63452C655DC0584922257,SHA256=04C072969B58657602EB0C21CEDF24FCEE14E61B90A0F758F93925EF2C9FC32D\r\nSigned: true\r\nSignature: Microsoft Windows\r\nSignatureStatus: Valid","Category":"Image loaded (rule: ImageLoad)","Opcode":"Información","UtcTime":"2018-03-31 10:08:26","ProcessGuid":"{53F35F28-49F1-5ABF-0000-0010F7740100}","ProcessId":"1316","Image":"C:\\Windows\\Sysmon.exe","ImageLoaded":"C:\\Windows\\System32\\pcasvc.dll","FileVersion":"6.1.7600.16385 (win7_rtm.090713-1255)","Description":"Servicio de compatibilidad de programas","Product":"Sistema operativo Microsoft® Windows®","Company":"Microsoft Corporation","Hashes":"MD5=3AEAA8B561E63452C655DC0584922257,SHA256=04C072969B58657602EB0C21CEDF24FCEE14E61B90A0F758F93925EF2C9FC32D","Signed":"true","Signature":"Microsoft Windows","SignatureStatus":"Valid","SourceModuleName":"in","SourceModuleType":"im_msvistalog"}]}]]
	at org.elasticsearch.action.support.replication.TransportReplicationAction$ReroutePhase.retryBecauseUnavailable(TransportReplicationAction.java:944) [elasticsearch-6.2.3.jar:6.2.3]
	at org.elasticsearch.action.support.replication.TransportReplicationAction$ReroutePhase.retryIfUnavailable(TransportReplicationAction.java:781) [elasticsearch-6.2.3.jar:6.2.3]
	at org.elasticsearch.action.support.replication.TransportReplicationAction$ReroutePhase.doRun(TransportReplicationAction.java:734) [elasticsearch-6.2.3.jar:6.2.3]
	at org.elasticsearch.common.util.concurrent.AbstractRunnable.run(AbstractRunnable.java:37) [elasticsearch-6.2.3.jar:6.2.3]
	at org.elasticsearch.action.support.replication.TransportReplicationAction$ReroutePhase$2.onTimeout(TransportReplicationAction.java:898) [elasticsearch-6.2.3.jar:6.2.3]
	at org.elasticsearch.cluster.ClusterStateObserver$ContextPreservingListener.onTimeout(ClusterStateObserver.java:317) [elasticsearch-6.2.3.jar:6.2.3]
	at org.elasticsearch.cluster.ClusterStateObserver$ObserverClusterStateListener.onTimeout(ClusterStateObserver.java:244) [elasticsearch-6.2.3.jar:6.2.3]
	at org.elasticsearch.cluster.service.ClusterApplierService$NotifyTimeout.run(ClusterApplierService.java:581) [elasticsearch-6.2.3.jar:6.2.3]
	at org.elasticsearch.common.util.concurrent.ThreadContext$ContextPreservingRunnable.run(ThreadContext.java:573) [elasticsearch-6.2.3.jar:6.2.3]
	at java.util.concurrent.ThreadPoolExecutor.runWorker(ThreadPoolExecutor.java:1149) [?:1.8.0_161]
	at java.util.concurrent.ThreadPoolExecutor$Worker.run(ThreadPoolExecutor.java:624) [?:1.8.0_161]
	at java.lang.Thread.run(Thread.java:748) [?:1.8.0_161]
[2018-04-07T01:06:16,501][WARN ][r.suppressed             ] path: /nxlog-2018.03.31.12.08/in, params: {index=nxlog-2018.03.31.12.08, type=in}
org.elasticsearch.action.UnavailableShardsException: [nxlog-2018.03.31.12.08][0] primary shard is not active Timeout: [1m], request: [BulkShardRequest [[nxlog-2018.03.31.12.08][0]] containing [index {[nxlog-2018.03.31.12.08][in][3wg0nWIBI0u9HdUr9ZbU], source[{"EventTime":"2018-03-31 12:08:51","Hostname":"john-PC","Keywords":0,"EventType":"INFO","SeverityValue":2,"Severity":"INFO","EventID":7,"SourceName":"Microsoft-Windows-Sysmon","ProviderGuid":"{5770385F-C22A-43E0-BF4C-06F5698FFBD9}","Version":3,"Task":7,"OpcodeValue":0,"RecordNumber":57813362,"ExecutionProcessID":1316,"ExecutionThreadID":1824,"Channel":"Microsoft-Windows-Sysmon/Operational","Domain":"NT AUTHORITY","AccountName":"SYSTEM","UserID":"S-1-5-18","AccountType":"User","Message":"Image loaded:\r\nUtcTime: 2018-03-31 10:08:26.914\r\nProcessGuid: {53F35F28-49F1-5ABF-0000-0010F7740100}\r\nProcessId: 1316\r\nImage: C:\\Windows\\Sysmon.exe\r\nImageLoaded: C:\\Windows\\System32\\pcasvc.dll\r\nFileVersion: 6.1.7600.16385 (win7_rtm.090713-1255)\r\nDescription: Servicio de compatibilidad de programas\r\nProduct: Sistema operativo Microsoft® Windows®\r\nCompany: Microsoft Corporation\r\nHashes: MD5=3AEAA8B561E63452C655DC0584922257,SHA256=04C072969B58657602EB0C21CEDF24FCEE14E61B90A0F758F93925EF2C9FC32D\r\nSigned: true\r\nSignature: Microsoft Windows\r\nSignatureStatus: Valid","Category":"Image loaded (rule: ImageLoad)","Opcode":"Información","UtcTime":"2018-03-31 10:08:26","ProcessGuid":"{53F35F28-49F1-5ABF-0000-0010F7740100}","ProcessId":"1316","Image":"C:\\Windows\\Sysmon.exe","ImageLoaded":"C:\\Windows\\System32\\pcasvc.dll","FileVersion":"6.1.7600.16385 (win7_rtm.090713-1255)","Description":"Servicio de compatibilidad de programas","Product":"Sistema operativo Microsoft® Windows®","Company":"Microsoft Corporation","Hashes":"MD5=3AEAA8B561E63452C655DC0584922257,SHA256=04C072969B58657602EB0C21CEDF24FCEE14E61B90A0F758F93925EF2C9FC32D","Signed":"true","Signature":"Microsoft Windows","SignatureStatus":"Valid","SourceModuleName":"in","SourceModuleType":"im_msvistalog"}]}]]
	at org.elasticsearch.action.support.replication.TransportReplicationAction$ReroutePhase.retryBecauseUnavailable(TransportReplicationAction.java:944) [elasticsearch-6.2.3.jar:6.2.3]
	at org.elasticsearch.action.support.replication.TransportReplicationAction$ReroutePhase.retryIfUnavailable(TransportReplicationAction.java:781) [elasticsearch-6.2.3.jar:6.2.3]
	at org.elasticsearch.action.support.replication.TransportReplicationAction$ReroutePhase.doRun(TransportReplicationAction.java:734) [elasticsearch-6.2.3.jar:6.2.3]
	at org.elasticsearch.common.util.concurrent.AbstractRunnable.run(AbstractRunnable.java:37) [elasticsearch-6.2.3.jar:6.2.3]
	at org.elasticsearch.action.support.replication.TransportReplicationAction$ReroutePhase$2.onTimeout(TransportReplicationAction.java:898) [elasticsearch-6.2.3.jar:6.2.3]
	at org.elasticsearch.cluster.ClusterStateObserver$ContextPreservingListener.onTimeout(ClusterStateObserver.java:317) [elasticsearch-6.2.3.jar:6.2.3]
	at org.elasticsearch.cluster.ClusterStateObserver$ObserverClusterStateListener.onTimeout(ClusterStateObserver.java:244) [elasticsearch-6.2.3.jar:6.2.3]
	at org.elasticsearch.cluster.service.ClusterApplierService$NotifyTimeout.run(ClusterApplierService.java:581) [elasticsearch-6.2.3.jar:6.2.3]
	at org.elasticsearch.common.util.concurrent.ThreadContext$ContextPreservingRunnable.run(ThreadContext.java:573) [elasticsearch-6.2.3.jar:6.2.3]
	at java.util.concurrent.ThreadPoolExecutor.runWorker(ThreadPoolExecutor.java:1149) [?:1.8.0_161]
	at java.util.concurrent.ThreadPoolExecutor$Worker.run(ThreadPoolExecutor.java:624) [?:1.8.0_161]
	at java.lang.Thread.run(Thread.java:748) [?:1.8.0_161]
[2018-04-07T01:06:26,517][WARN ][r.suppressed             ] path: /nxlog-2018.03.31.12.08/in, params: {index=nxlog-2018.03.31.12.08, type=in}
org.elasticsearch.action.UnavailableShardsException: [nxlog-2018.03.31.12.08][0] primary shard is not active Timeout: [1m], request: [BulkShardRequest [[nxlog-2018.03.31.12.08][0]] containing [index {[nxlog-2018.03.31.12.08][in][4Ag1nWIBI0u9HdUrHJb0], source[{"EventTime":"2018-03-31 12:08:51","Hostname":"john-PC","Keywords":0,"EventType":"INFO","SeverityValue":2,"Severity":"INFO","EventID":7,"SourceName":"Microsoft-Windows-Sysmon","ProviderGuid":"{5770385F-C22A-43E0-BF4C-06F5698FFBD9}","Version":3,"Task":7,"OpcodeValue":0,"RecordNumber":57813362,"ExecutionProcessID":1316,"ExecutionThreadID":1824,"Channel":"Microsoft-Windows-Sysmon/Operational","Domain":"NT AUTHORITY","AccountName":"SYSTEM","UserID":"S-1-5-18","AccountType":"User","Message":"Image loaded:\r\nUtcTime: 2018-03-31 10:08:26.914\r\nProcessGuid: {53F35F28-49F1-5ABF-0000-0010F7740100}\r\nProcessId: 1316\r\nImage: C:\\Windows\\Sysmon.exe\r\nImageLoaded: C:\\Windows\\System32\\pcasvc.dll\r\nFileVersion: 6.1.7600.16385 (win7_rtm.090713-1255)\r\nDescription: Servicio de compatibilidad de programas\r\nProduct: Sistema operativo Microsoft® Windows®\r\nCompany: Microsoft Corporation\r\nHashes: MD5=3AEAA8B561E63452C655DC0584922257,SHA256=04C072969B58657602EB0C21CEDF24FCEE14E61B90A0F758F93925EF2C9FC32D\r\nSigned: true\r\nSignature: Microsoft Windows\r\nSignatureStatus: Valid","Category":"Image loaded (rule: ImageLoad)","Opcode":"Información","UtcTime":"2018-03-31 10:08:26","ProcessGuid":"{53F35F28-49F1-5ABF-0000-0010F7740100}","ProcessId":"1316","Image":"C:\\Windows\\Sysmon.exe","ImageLoaded":"C:\\Windows\\System32\\pcasvc.dll","FileVersion":"6.1.7600.16385 (win7_rtm.090713-1255)","Description":"Servicio de compatibilidad de programas","Product":"Sistema operativo Microsoft® Windows®","Company":"Microsoft Corporation","Hashes":"MD5=3AEAA8B561E63452C655DC0584922257,SHA256=04C072969B58657602EB0C21CEDF24FCEE14E61B90A0F758F93925EF2C9FC32D","Signed":"true","Signature":"Microsoft Windows","SignatureStatus":"Valid","SourceModuleName":"in","SourceModuleType":"im_msvistalog"}]}]]
	at org.elasticsearch.action.support.replication.TransportReplicationAction$ReroutePhase.retryBecauseUnavailable(TransportReplicationAction.java:944) [elasticsearch-6.2.3.jar:6.2.3]
	at org.elasticsearch.action.support.replication.TransportReplicationAction$ReroutePhase.retryIfUnavailable(TransportReplicationAction.java:781) [elasticsearch-6.2.3.jar:6.2.3]
	at org.elasticsearch.action.support.replication.TransportReplicationAction$ReroutePhase.doRun(TransportReplicationAction.java:734) [elasticsearch-6.2.3.jar:6.2.3]
	at org.elasticsearch.common.util.concurrent.AbstractRunnable.run(AbstractRunnable.java:37) [elasticsearch-6.2.3.jar:6.2.3]
	at org.elasticsearch.action.support.replication.TransportReplicationAction$ReroutePhase$2.onTimeout(TransportReplicationAction.java:898) [elasticsearch-6.2.3.jar:6.2.3]
	at org.elasticsearch.cluster.ClusterStateObserver$ContextPreservingListener.onTimeout(ClusterStateObserver.java:317) [elasticsearch-6.2.3.jar:6.2.3]
	at org.elasticsearch.cluster.ClusterStateObserver$ObserverClusterStateListener.onTimeout(ClusterStateObserver.java:244) [elasticsearch-6.2.3.jar:6.2.3]
	at org.elasticsearch.cluster.service.ClusterApplierService$NotifyTimeout.run(ClusterApplierService.java:581) [elasticsearch-6.2.3.jar:6.2.3]
	at org.elasticsearch.common.util.concurrent.ThreadContext$ContextPreservingRunnable.run(ThreadContext.java:573) [elasticsearch-6.2.3.jar:6.2.3]
	at java.util.concurrent.ThreadPoolExecutor.runWorker(ThreadPoolExecutor.java:1149) [?:1.8.0_161]
	at java.util.concurrent.ThreadPoolExecutor$Worker.run(ThreadPoolExecutor.java:624) [?:1.8.0_161]
	at java.lang.Thread.run(Thread.java:748) [?:1.8.0_161]
[2018-04-07T01:06:55,939][INFO ][o.e.n.Node               ] [ux-F9st] stopping ...
[2018-04-07T01:06:55,969][INFO ][o.e.n.Node               ] [ux-F9st] stopped
[2018-04-07T01:06:55,969][INFO ][o.e.n.Node               ] [ux-F9st] closing ...
[2018-04-07T01:06:55,982][INFO ][o.e.n.Node               ] [ux-F9st] closed
[2018-04-07T01:06:58,684][INFO ][o.e.n.Node               ] [] initializing ...
[2018-04-07T01:06:58,818][INFO ][o.e.e.NodeEnvironment    ] [ux-F9st] using [1] data paths, mounts [[/ (/dev/sda8)]], net usable_space [11.7gb], net total_space [30.6gb], types [ext4]
[2018-04-07T01:06:58,818][INFO ][o.e.e.NodeEnvironment    ] [ux-F9st] heap size [989.8mb], compressed ordinary object pointers [true]
[2018-04-07T01:06:58,834][INFO ][o.e.n.Node               ] node name [ux-F9st] derived from node ID [ux-F9stqTQi69sCKpspAig]; set [node.name] to override
[2018-04-07T01:06:58,835][INFO ][o.e.n.Node               ] version[6.2.3], pid[3301], build[c59ff00/2018-03-13T10:06:29.741383Z], OS[Linux/4.13.0-36-generic/amd64], JVM[Oracle Corporation/Java HotSpot(TM) 64-Bit Server VM/1.8.0_161/25.161-b12]
[2018-04-07T01:06:58,835][INFO ][o.e.n.Node               ] JVM arguments [-Xms1g, -Xmx1g, -XX:+UseConcMarkSweepGC, -XX:CMSInitiatingOccupancyFraction=75, -XX:+UseCMSInitiatingOccupancyOnly, -XX:+AlwaysPreTouch, -Xss1m, -Djava.awt.headless=true, -Dfile.encoding=UTF-8, -Djna.nosys=true, -XX:-OmitStackTraceInFastThrow, -Dio.netty.noUnsafe=true, -Dio.netty.noKeySetOptimization=true, -Dio.netty.recycler.maxCapacityPerThread=0, -Dlog4j.shutdownHookEnabled=false, -Dlog4j2.disable.jmx=true, -Djava.io.tmpdir=/tmp/elasticsearch.vUMO7i5m, -XX:+HeapDumpOnOutOfMemoryError, -XX:+PrintGCDetails, -XX:+PrintGCDateStamps, -XX:+PrintTenuringDistribution, -XX:+PrintGCApplicationStoppedTime, -Xloggc:logs/gc.log, -XX:+UseGCLogFileRotation, -XX:NumberOfGCLogFiles=32, -XX:GCLogFileSize=64m, -Des.path.home=/home/cuckoo/elasticsearch, -Des.path.conf=/home/cuckoo/elasticsearch/config]
[2018-04-07T01:06:59,431][INFO ][o.e.p.PluginsService     ] [ux-F9st] loaded module [aggs-matrix-stats]
[2018-04-07T01:06:59,431][INFO ][o.e.p.PluginsService     ] [ux-F9st] loaded module [analysis-common]
[2018-04-07T01:06:59,431][INFO ][o.e.p.PluginsService     ] [ux-F9st] loaded module [ingest-common]
[2018-04-07T01:06:59,432][INFO ][o.e.p.PluginsService     ] [ux-F9st] loaded module [lang-expression]
[2018-04-07T01:06:59,432][INFO ][o.e.p.PluginsService     ] [ux-F9st] loaded module [lang-mustache]
[2018-04-07T01:06:59,432][INFO ][o.e.p.PluginsService     ] [ux-F9st] loaded module [lang-painless]
[2018-04-07T01:06:59,432][INFO ][o.e.p.PluginsService     ] [ux-F9st] loaded module [mapper-extras]
[2018-04-07T01:06:59,432][INFO ][o.e.p.PluginsService     ] [ux-F9st] loaded module [parent-join]
[2018-04-07T01:06:59,432][INFO ][o.e.p.PluginsService     ] [ux-F9st] loaded module [percolator]
[2018-04-07T01:06:59,432][INFO ][o.e.p.PluginsService     ] [ux-F9st] loaded module [rank-eval]
[2018-04-07T01:06:59,433][INFO ][o.e.p.PluginsService     ] [ux-F9st] loaded module [reindex]
[2018-04-07T01:06:59,433][INFO ][o.e.p.PluginsService     ] [ux-F9st] loaded module [repository-url]
[2018-04-07T01:06:59,433][INFO ][o.e.p.PluginsService     ] [ux-F9st] loaded module [transport-netty4]
[2018-04-07T01:06:59,433][INFO ][o.e.p.PluginsService     ] [ux-F9st] loaded module [tribe]
[2018-04-07T01:06:59,434][INFO ][o.e.p.PluginsService     ] [ux-F9st] no plugins loaded
[2018-04-07T01:07:01,814][INFO ][o.e.d.DiscoveryModule    ] [ux-F9st] using discovery type [zen]
[2018-04-07T01:07:02,367][INFO ][o.e.n.Node               ] initialized
[2018-04-07T01:07:02,368][INFO ][o.e.n.Node               ] [ux-F9st] starting ...
[2018-04-07T01:07:02,492][INFO ][o.e.t.TransportService   ] [ux-F9st] publish_address {192.168.56.1:9300}, bound_addresses {192.168.56.1:9300}
[2018-04-07T01:07:02,512][INFO ][o.e.b.BootstrapChecks    ] [ux-F9st] bound or publishing to a non-loopback address, enforcing bootstrap checks
[2018-04-07T01:07:05,568][INFO ][o.e.c.s.MasterService    ] [ux-F9st] zen-disco-elected-as-master ([0] nodes joined), reason: new_master {ux-F9st}